<?xml version="1.0" encoding="UTF-8" standalone="yes"?>
<testsuites name="SMARTINDONASIA_API_SmokeTest" time="9" tests="5" failures="0" errors="0">
    <testsuite name="SMARTINDONASIA_API_SmokeTest" tests="5" failures="0" errors="0" time="9" timestamp="2019-09-23 20:48:17" hostname="Rajesh.Veeranna - VSPLBLRLT0060.visionetsystems.com" id="Test Suites/SMARTINDONASIA_API_SmokeTest">
        <properties>
            <property name="deviceName" value=""/>
            <property name="devicePlatform" value=""/>
            <property name="logFolder" value="C:\\Users\\rajesh.veeranna\\Katalon Studio\\SmartIndonasia\\Reports\\20190923_204814\\SMARTINDONASIA_API_SmokeTest\\20190923_204814"/>
            <property name="logFiles" value="C:\\Users\\rajesh.veeranna\\Katalon Studio\\SmartIndonasia\\Reports\\20190923_204814\\SMARTINDONASIA_API_SmokeTest\\20190923_204814\\execution0.log"/>
            <property name="attachments" value=""/>
            <property name="hostName" value="Rajesh.Veeranna - VSPLBLRLT0060.visionetsystems.com"/>
            <property name="hostAddress" value="10.130.3.183"/>
            <property name="os" value="Windows 7 64bit"/>
            <property name="katalonVersion" value="6.3.3.11"/>
        </properties>
        <testcase name="Test Cases/a.ValidateMobileNumber_Test" classname="Test Cases/a.ValidateMobileNumber_Test" status="PASSED">
            <system-out>2019-09-23 20:48:17 - [TEST_CASE][PASSED] - Test Cases/a.ValidateMobileNumber_Test: Test Cases/a.ValidateMobileNumber_Test&#xD;
&#xD;
2019-09-23 20:48:17 - [TEST_STEP][PASSED] - sendRequest(findTestObject("aValidate Mobile Number", ["protocal":Endpoint])): Send request successfully&#xD;
&#xD;
2019-09-23 20:48:21 - [MESSAGE][INFO] - HAR: C:\Users\rajesh.veeranna\Katalon Studio\SmartIndonasia\Reports\20190923_204814\SMARTINDONASIA_API_SmokeTest\20190923_204814\requests\main\0.har&#xD;
&#xD;
2019-09-23 20:48:21 - [MESSAGE][PASSED] - Send request successfully&#xD;
&#xD;
2019-09-23 20:48:21 - [TEST_STEP][PASSED] - response = sendRequestAndVerify(findTestObject("aValidate Mobile Number", ["protocal":Endpoint])): Send request and verify the response successfully&#xD;
&#xD;
2019-09-23 20:48:21 - [MESSAGE][INFO] - HAR: C:\Users\rajesh.veeranna\Katalon Studio\SmartIndonasia\Reports\20190923_204814\SMARTINDONASIA_API_SmokeTest\20190923_204814\requests\main\1.har&#xD;
&#xD;
2019-09-23 20:48:21 - [TEST_CASE][PASSED] - Start Test Case : Verification: Verification accomplished successfully&#xD;
&#xD;
2019-09-23 20:48:21 - [TEST_STEP][PASSED] - request = getInstance().getCurrentRequest(): null&#xD;
&#xD;
2019-09-23 20:48:22 - [TEST_STEP][PASSED] - response = getInstance().getCurrentResponse(): null&#xD;
&#xD;
2019-09-23 20:48:22 - [TEST_STEP][PASSED] - verifyResponseStatusCode(response, 200): Verify response status code successfully&#xD;
&#xD;
2019-09-23 20:48:22 - [MESSAGE][PASSED] - Verify response status code successfully&#xD;
&#xD;
2019-09-23 20:48:22 - [TEST_STEP][PASSED] - getStatusCode()).isEqualTo(200): null&#xD;
&#xD;
2019-09-23 20:48:22 - [MESSAGE][PASSED] - Verify response successfully&#xD;
&#xD;
2019-09-23 20:48:22 - [MESSAGE][PASSED] - Send request and verify the response successfully&#xD;
&#xD;
2019-09-23 20:48:22 - [TEST_STEP][PASSED] - slurper = new groovy.json.JsonSlurper(): null&#xD;
&#xD;
2019-09-23 20:48:22 - [TEST_STEP][PASSED] - result = slurper.parseText(response.getResponseText()): null&#xD;
&#xD;
2019-09-23 20:48:22 - [TEST_STEP][PASSED] - println("***************************************"): null&#xD;
&#xD;
2019-09-23 20:48:22 - [TEST_STEP][PASSED] - println("THIS IS THE RESPONSE FROM VALIDATEMOBILENUMBER TEST CASE = " + result): null&#xD;
&#xD;
2019-09-23 20:48:22 - [TEST_STEP][PASSED] - println("***************************************"): null&#xD;
&#xD;
2019-09-23 20:48:22 - [TEST_STEP][PASSED] - value = uniqueTokenCode: null&#xD;
&#xD;
2019-09-23 20:48:22 - [TEST_STEP][PASSED] - println(value): null&#xD;
&#xD;
2019-09-23 20:48:22 - [TEST_STEP][PASSED] - uniquetoken = value: null&#xD;
&#xD;
2019-09-23 20:48:22 - [TEST_STEP][PASSED] - println("***************************************"): null&#xD;
&#xD;
2019-09-23 20:48:22 - [TEST_STEP][PASSED] - println("UNIQ TOKEN ID IS GENARATED  = " + uniquetoken): null&#xD;
&#xD;
2019-09-23 20:48:22 - [TEST_STEP][PASSED] - println("***************************************"): null</system-out>
            <system-err></system-err>
        </testcase>
        <testcase name="Test Cases/aValidate_OTPTest" classname="Test Cases/aValidate_OTPTest" status="PASSED">
            <system-out>2019-09-23 20:48:22 - [TEST_CASE][PASSED] - Test Cases/aValidate_OTPTest: Test Cases/aValidate_OTPTest&#xD;
&#xD;
2019-09-23 20:48:22 - [TEST_STEP][PASSED] - sendRequest(findTestObject("aValidate OTP", ["uniqueToken":uniquetoken, "userId":userid])): Send request successfully&#xD;
&#xD;
2019-09-23 20:48:23 - [MESSAGE][INFO] - HAR: C:\Users\rajesh.veeranna\Katalon Studio\SmartIndonasia\Reports\20190923_204814\SMARTINDONASIA_API_SmokeTest\20190923_204814\requests\main\2.har&#xD;
&#xD;
2019-09-23 20:48:23 - [MESSAGE][PASSED] - Send request successfully&#xD;
&#xD;
2019-09-23 20:48:23 - [TEST_STEP][PASSED] - response1 = sendRequest(findTestObject("aValidate Mobile Number")): Send request successfully&#xD;
&#xD;
2019-09-23 20:48:23 - [MESSAGE][INFO] - HAR: C:\Users\rajesh.veeranna\Katalon Studio\SmartIndonasia\Reports\20190923_204814\SMARTINDONASIA_API_SmokeTest\20190923_204814\requests\main\3.har&#xD;
&#xD;
2019-09-23 20:48:23 - [MESSAGE][PASSED] - Send request successfully&#xD;
&#xD;
2019-09-23 20:48:23 - [TEST_STEP][PASSED] - slurper1 = new groovy.json.JsonSlurper(): null&#xD;
&#xD;
2019-09-23 20:48:23 - [TEST_STEP][PASSED] - result1 = slurper1.parseText(responseBodyContent): null&#xD;
&#xD;
2019-09-23 20:48:23 - [TEST_STEP][PASSED] - println("***************************************"): null&#xD;
&#xD;
2019-09-23 20:48:23 - [TEST_STEP][PASSED] - println("THIS IS THE RESPONSE FROM VALIDATEOTP TEST CASE = " + result1): null&#xD;
&#xD;
2019-09-23 20:48:23 - [TEST_STEP][PASSED] - println("***************************************"): null&#xD;
&#xD;
2019-09-23 20:48:23 - [TEST_STEP][PASSED] - value1 = userId: null&#xD;
&#xD;
2019-09-23 20:48:23 - [TEST_STEP][PASSED] - userid = value1: null&#xD;
&#xD;
2019-09-23 20:48:23 - [TEST_STEP][PASSED] - println("***************************************"): null&#xD;
&#xD;
2019-09-23 20:48:23 - [TEST_STEP][PASSED] - println("THE USER ID IS GENARATED  = " + userid): null&#xD;
&#xD;
2019-09-23 20:48:23 - [TEST_STEP][PASSED] - println("***************************************"): null</system-out>
            <system-err></system-err>
        </testcase>
        <testcase name="Test Cases/xDasboard_Test" classname="Test Cases/xDasboard_Test" status="PASSED">
            <system-out>2019-09-23 20:48:23 - [TEST_CASE][PASSED] - Test Cases/xDasboard_Test: Test Cases/xDasboard_Test&#xD;
&#xD;
2019-09-23 20:48:23 - [TEST_STEP][PASSED] - now = new java.util.Date(): null&#xD;
&#xD;
2019-09-23 20:48:23 - [TEST_STEP][PASSED] - fromDatE = now.format("dd-MM-YYYY HH:mm:ss +5:30"): null&#xD;
&#xD;
2019-09-23 20:48:23 - [TEST_STEP][PASSED] - println(fromDatE): null&#xD;
&#xD;
2019-09-23 20:48:23 - [TEST_STEP][PASSED] - toDatE = now.format("dd-MM-YYYY HH:mm:ss +5:30"): null&#xD;
&#xD;
2019-09-23 20:48:23 - [TEST_STEP][PASSED] - println(toDatE): null&#xD;
&#xD;
2019-09-23 20:48:23 - [TEST_STEP][PASSED] - sendRequest(findTestObject("xDashboard", ["uniqueToken":uniquetoken, "userId":userid, "fromDatE":fromDatE, "toDatE":toDatE])): Send request successfully&#xD;
&#xD;
2019-09-23 20:48:24 - [MESSAGE][INFO] - HAR: C:\Users\rajesh.veeranna\Katalon Studio\SmartIndonasia\Reports\20190923_204814\SMARTINDONASIA_API_SmokeTest\20190923_204814\requests\main\4.har&#xD;
&#xD;
2019-09-23 20:48:24 - [MESSAGE][PASSED] - Send request successfully&#xD;
&#xD;
2019-09-23 20:48:24 - [TEST_STEP][PASSED] - responsex = sendRequestAndVerify(findTestObject("xDashboard", ["uniqueToken":uniquetoken, "userId":userid, "fromDatE":fromDatE, "toDatE":toDatE])): Send request and verify the response successfully&#xD;
&#xD;
2019-09-23 20:48:24 - [MESSAGE][INFO] - HAR: C:\Users\rajesh.veeranna\Katalon Studio\SmartIndonasia\Reports\20190923_204814\SMARTINDONASIA_API_SmokeTest\20190923_204814\requests\main\5.har&#xD;
&#xD;
2019-09-23 20:48:24 - [TEST_CASE][PASSED] - Start Test Case : Verification: Verification accomplished successfully&#xD;
&#xD;
2019-09-23 20:48:24 - [TEST_STEP][PASSED] - request = getInstance().getCurrentRequest(): null&#xD;
&#xD;
2019-09-23 20:48:24 - [TEST_STEP][PASSED] - response = getInstance().getCurrentResponse(): null&#xD;
&#xD;
2019-09-23 20:48:24 - [TEST_STEP][PASSED] - verifyResponseStatusCode(response, 200): Verify response status code successfully&#xD;
&#xD;
2019-09-23 20:48:24 - [MESSAGE][PASSED] - Verify response status code successfully&#xD;
&#xD;
2019-09-23 20:48:24 - [TEST_STEP][PASSED] - getStatusCode()).isEqualTo(200): null&#xD;
&#xD;
2019-09-23 20:48:24 - [MESSAGE][PASSED] - Verify response successfully&#xD;
&#xD;
2019-09-23 20:48:24 - [MESSAGE][PASSED] - Send request and verify the response successfully&#xD;
&#xD;
2019-09-23 20:48:24 - [TEST_STEP][PASSED] - slurperx = new groovy.json.JsonSlurper(): null&#xD;
&#xD;
2019-09-23 20:48:24 - [TEST_STEP][PASSED] - resultx = slurperx.parseText(responsex.getResponseText()): null&#xD;
&#xD;
2019-09-23 20:48:24 - [TEST_STEP][PASSED] - println("***************************************"): null&#xD;
&#xD;
2019-09-23 20:48:24 - [TEST_STEP][PASSED] - println("THIS IS THE RESPONSE FROM DASBOARD TEST CASE = " + resultx): null&#xD;
&#xD;
2019-09-23 20:48:24 - [TEST_STEP][PASSED] - println("***************************************"): null</system-out>
            <system-err></system-err>
        </testcase>
        <testcase name="Test Cases/zActivityCategory_Test" classname="Test Cases/zActivityCategory_Test" status="PASSED">
            <system-out>2019-09-23 20:48:24 - [TEST_CASE][PASSED] - Test Cases/zActivityCategory_Test: Test Cases/zActivityCategory_Test&#xD;
&#xD;
2019-09-23 20:48:25 - [TEST_STEP][PASSED] - sendRequest(findTestObject("zActivity Category", ["versiontableID":versiontableID, "userId":userid, "uniqueToken":uniquetoken])): Send request successfully&#xD;
&#xD;
2019-09-23 20:48:25 - [MESSAGE][INFO] - HAR: C:\Users\rajesh.veeranna\Katalon Studio\SmartIndonasia\Reports\20190923_204814\SMARTINDONASIA_API_SmokeTest\20190923_204814\requests\main\6.har&#xD;
&#xD;
2019-09-23 20:48:25 - [MESSAGE][PASSED] - Send request successfully&#xD;
&#xD;
2019-09-23 20:48:25 - [TEST_STEP][PASSED] - responsez1 = sendRequestAndVerify(findTestObject("zActivity Category", ["versiontableID":versiontableID, "userId":userid, "uniqueToken":uniquetoken])): Send request and verify the response successfully&#xD;
&#xD;
2019-09-23 20:48:25 - [MESSAGE][INFO] - HAR: C:\Users\rajesh.veeranna\Katalon Studio\SmartIndonasia\Reports\20190923_204814\SMARTINDONASIA_API_SmokeTest\20190923_204814\requests\main\7.har&#xD;
&#xD;
2019-09-23 20:48:25 - [TEST_CASE][PASSED] - Start Test Case : Verification: Verification accomplished successfully&#xD;
&#xD;
2019-09-23 20:48:25 - [TEST_STEP][PASSED] - request = getInstance().getCurrentRequest(): null&#xD;
&#xD;
2019-09-23 20:48:25 - [TEST_STEP][PASSED] - response = getInstance().getCurrentResponse(): null&#xD;
&#xD;
2019-09-23 20:48:25 - [TEST_STEP][PASSED] - verifyResponseStatusCode(response, 200): Verify response status code successfully&#xD;
&#xD;
2019-09-23 20:48:25 - [MESSAGE][PASSED] - Verify response status code successfully&#xD;
&#xD;
2019-09-23 20:48:25 - [TEST_STEP][PASSED] - getStatusCode()).isEqualTo(200): null&#xD;
&#xD;
2019-09-23 20:48:25 - [MESSAGE][PASSED] - Verify response successfully&#xD;
&#xD;
2019-09-23 20:48:25 - [MESSAGE][PASSED] - Send request and verify the response successfully&#xD;
&#xD;
2019-09-23 20:48:25 - [TEST_STEP][PASSED] - slurperz1 = new groovy.json.JsonSlurper(): null&#xD;
&#xD;
2019-09-23 20:48:25 - [TEST_STEP][PASSED] - resultz1 = slurperz1.parseText(responsez1.getResponseText()): null&#xD;
&#xD;
2019-09-23 20:48:25 - [TEST_STEP][PASSED] - println("***************************************"): null&#xD;
&#xD;
2019-09-23 20:48:25 - [TEST_STEP][PASSED] - println("THIS IS THE RESPONSE FROM ACTIVITY CATEGORY TEST CASE = " + resultz1): null&#xD;
&#xD;
2019-09-23 20:48:25 - [TEST_STEP][PASSED] - println("***************************************"): null</system-out>
            <system-err></system-err>
        </testcase>
        <testcase name="Test Cases/z1SupervisiorTeamStatus_Test" classname="Test Cases/z1SupervisiorTeamStatus_Test" status="PASSED">
            <system-out>2019-09-23 20:48:25 - [TEST_CASE][PASSED] - Test Cases/z1SupervisiorTeamStatus_Test: Test Cases/z1SupervisiorTeamStatus_Test&#xD;
&#xD;
2019-09-23 20:48:26 - [TEST_STEP][PASSED] - now = new java.util.Date(): null&#xD;
&#xD;
2019-09-23 20:48:26 - [TEST_STEP][PASSED] - fromDatE = now.format("dd-MM-YYYY HH:mm:ss +5:30"): null&#xD;
&#xD;
2019-09-23 20:48:26 - [TEST_STEP][PASSED] - println(fromDatE): null&#xD;
&#xD;
2019-09-23 20:48:26 - [TEST_STEP][PASSED] - toDatE = now.format("dd-MM-YYYY HH:mm:ss +5:30"): null&#xD;
&#xD;
2019-09-23 20:48:26 - [TEST_STEP][PASSED] - println(toDatE): null&#xD;
&#xD;
2019-09-23 20:48:26 - [TEST_STEP][PASSED] - sendRequest(findTestObject("z1supervisior-team-status", ["uniqueToken":uniquetoken, "userId":userid, "fromDatE":fromDatE, "toDatE":toDatE])): Send request successfully&#xD;
&#xD;
2019-09-23 20:48:26 - [MESSAGE][INFO] - HAR: C:\Users\rajesh.veeranna\Katalon Studio\SmartIndonasia\Reports\20190923_204814\SMARTINDONASIA_API_SmokeTest\20190923_204814\requests\main\8.har&#xD;
&#xD;
2019-09-23 20:48:26 - [MESSAGE][PASSED] - Send request successfully&#xD;
&#xD;
2019-09-23 20:48:26 - [TEST_STEP][PASSED] - responsez1 = sendRequest(findTestObject("z1supervisior-team-status", ["uniqueToken":uniquetoken, "userId":userid, "fromDatE":fromDatE, "toDatE":toDatE])): Send request successfully&#xD;
&#xD;
2019-09-23 20:48:26 - [MESSAGE][INFO] - HAR: C:\Users\rajesh.veeranna\Katalon Studio\SmartIndonasia\Reports\20190923_204814\SMARTINDONASIA_API_SmokeTest\20190923_204814\requests\main\9.har&#xD;
&#xD;
2019-09-23 20:48:26 - [MESSAGE][PASSED] - Send request successfully&#xD;
&#xD;
2019-09-23 20:48:26 - [TEST_STEP][PASSED] - slurperz1 = new groovy.json.JsonSlurper(): null&#xD;
&#xD;
2019-09-23 20:48:26 - [TEST_STEP][PASSED] - resultz1 = slurperz1.parseText(responsez1.getResponseText()): null&#xD;
&#xD;
2019-09-23 20:48:26 - [TEST_STEP][PASSED] - println("***************************************"): null&#xD;
&#xD;
2019-09-23 20:48:26 - [TEST_STEP][PASSED] - println("THIS IS THE RESPONSE FROM SUPERVISIOR TEAM STATUS TEST CASE = " + resultz1): null&#xD;
&#xD;
2019-09-23 20:48:26 - [TEST_STEP][PASSED] - println("***************************************"): null</system-out>
            <system-err></system-err>
        </testcase>
        <system-out>2019-09-23 20:48:17 - [TEST_SUITE][INCOMPLETE] - SMARTINDONASIA_API_SmokeTest: null</system-out>
        <system-err>2019-09-23 20:48:17 - [TEST_SUITE][INCOMPLETE] - SMARTINDONASIA_API_SmokeTest: null</system-err>
    </testsuite>
</testsuites>
