<?xml version="1.0" encoding="UTF-8" standalone="yes"?>
<testsuites name="SMARTINDONASIA_API_SmokeTest" time="8" tests="4" failures="0" errors="1">
    <testsuite name="SMARTINDONASIA_API_SmokeTest" tests="4" failures="0" errors="1" time="8" timestamp="2019-09-09 21:11:40" hostname="Rajesh.Veeranna - VSPLBLRLT0060.visionetsystems.com" id="Test Suites/SMARTINDONASIA_API_SmokeTest">
        <properties>
            <property name="deviceName" value=""/>
            <property name="devicePlatform" value=""/>
            <property name="logFolder" value="C:\\Users\\rajesh.veeranna\\Katalon Studio\\SmartIndonasia\\Reports\\20190909_211137\\SMARTINDONASIA_API_SmokeTest\\20190909_211137"/>
            <property name="logFiles" value="C:\\Users\\rajesh.veeranna\\Katalon Studio\\SmartIndonasia\\Reports\\20190909_211137\\SMARTINDONASIA_API_SmokeTest\\20190909_211137\\execution0.log"/>
            <property name="attachments" value=""/>
            <property name="hostName" value="Rajesh.Veeranna - VSPLBLRLT0060.visionetsystems.com"/>
            <property name="hostAddress" value="10.130.3.183"/>
            <property name="os" value="Windows 7 64bit"/>
            <property name="katalonVersion" value="6.3.3.11"/>
        </properties>
        <testcase name="Test Cases/a.ValidateMobileNumberTest" classname="Test Cases/a.ValidateMobileNumberTest" status="PASSED">
            <system-out>2019-09-09 21:11:40 - [TEST_CASE][PASSED] - Test Cases/a.ValidateMobileNumberTest: Test Cases/a.ValidateMobileNumberTest&#xD;
&#xD;
2019-09-09 21:11:41 - [TEST_STEP][PASSED] - response = sendRequestAndVerify(findTestObject("avalidate_mobile_number")): Send request and verify the response successfully&#xD;
&#xD;
2019-09-09 21:11:42 - [MESSAGE][INFO] - HAR: C:\Users\rajesh.veeranna\Katalon Studio\SmartIndonasia\Reports\20190909_211137\SMARTINDONASIA_API_SmokeTest\20190909_211137\requests\main\0.har&#xD;
&#xD;
2019-09-09 21:11:43 - [TEST_CASE][PASSED] - Start Test Case : Verification: Verification accomplished successfully&#xD;
&#xD;
2019-09-09 21:11:43 - [TEST_STEP][PASSED] - request = getInstance().getCurrentRequest(): null&#xD;
&#xD;
2019-09-09 21:11:43 - [TEST_STEP][PASSED] - response = getInstance().getCurrentResponse(): null&#xD;
&#xD;
2019-09-09 21:11:43 - [TEST_STEP][PASSED] - verifyResponseStatusCode(response, 200): Verify response status code successfully&#xD;
&#xD;
2019-09-09 21:11:43 - [MESSAGE][PASSED] - Verify response status code successfully&#xD;
&#xD;
2019-09-09 21:11:43 - [TEST_STEP][PASSED] - getStatusCode()).isEqualTo(200): null&#xD;
&#xD;
2019-09-09 21:11:44 - [MESSAGE][PASSED] - Verify response successfully&#xD;
&#xD;
2019-09-09 21:11:44 - [MESSAGE][PASSED] - Send request and verify the response successfully&#xD;
&#xD;
2019-09-09 21:11:44 - [TEST_STEP][PASSED] - slurper = new groovy.json.JsonSlurper(): null&#xD;
&#xD;
2019-09-09 21:11:44 - [TEST_STEP][PASSED] - result = slurper.parseText(response.getResponseText()): null&#xD;
&#xD;
2019-09-09 21:11:44 - [TEST_STEP][PASSED] - println("***************************************"): null&#xD;
&#xD;
2019-09-09 21:11:44 - [TEST_STEP][PASSED] - println("THIS IS THE RESPONSE FROM VALIDATEMOBILENUMBER TEST CASE = " + result): null&#xD;
&#xD;
2019-09-09 21:11:44 - [TEST_STEP][PASSED] - println("***************************************"): null&#xD;
&#xD;
2019-09-09 21:11:44 - [TEST_STEP][PASSED] - value = uniqueTokenCode: null&#xD;
&#xD;
2019-09-09 21:11:44 - [TEST_STEP][PASSED] - println(value): null&#xD;
&#xD;
2019-09-09 21:11:44 - [TEST_STEP][PASSED] - uniquetoken = value: null&#xD;
&#xD;
2019-09-09 21:11:44 - [TEST_STEP][PASSED] - println("***************************************"): null&#xD;
&#xD;
2019-09-09 21:11:44 - [TEST_STEP][PASSED] - println("UNIQ TOKEN ID IS GENARATED  = " + uniquetoken): null&#xD;
&#xD;
2019-09-09 21:11:44 - [TEST_STEP][PASSED] - println("***************************************"): null</system-out>
            <system-err></system-err>
        </testcase>
        <testcase name="Test Cases/aValidate_OTPTest" classname="Test Cases/aValidate_OTPTest" status="PASSED">
            <system-out>2019-09-09 21:11:44 - [TEST_CASE][PASSED] - Test Cases/aValidate_OTPTest: Test Cases/aValidate_OTPTest&#xD;
&#xD;
2019-09-09 21:11:44 - [TEST_STEP][PASSED] - sendRequestAndVerify(findTestObject("avalidate_OTP", ["uniqueToken":uniquetoken, "userId":userid])): Send request and verify the response successfully&#xD;
&#xD;
2019-09-09 21:11:44 - [MESSAGE][INFO] - HAR: C:\Users\rajesh.veeranna\Katalon Studio\SmartIndonasia\Reports\20190909_211137\SMARTINDONASIA_API_SmokeTest\20190909_211137\requests\main\1.har&#xD;
&#xD;
2019-09-09 21:11:44 - [TEST_CASE][PASSED] - Start Test Case : Verification: Verification accomplished successfully&#xD;
&#xD;
2019-09-09 21:11:44 - [TEST_STEP][PASSED] - request = getInstance().getCurrentRequest(): null&#xD;
&#xD;
2019-09-09 21:11:45 - [TEST_STEP][PASSED] - response = getInstance().getCurrentResponse(): null&#xD;
&#xD;
2019-09-09 21:11:45 - [MESSAGE][PASSED] - Verify response successfully&#xD;
&#xD;
2019-09-09 21:11:45 - [MESSAGE][PASSED] - Send request and verify the response successfully&#xD;
&#xD;
2019-09-09 21:11:45 - [TEST_STEP][PASSED] - response1 = sendRequestAndVerify(findTestObject("avalidate_mobile_number")): Send request and verify the response successfully&#xD;
&#xD;
2019-09-09 21:11:45 - [MESSAGE][INFO] - HAR: C:\Users\rajesh.veeranna\Katalon Studio\SmartIndonasia\Reports\20190909_211137\SMARTINDONASIA_API_SmokeTest\20190909_211137\requests\main\2.har&#xD;
&#xD;
2019-09-09 21:11:45 - [TEST_CASE][PASSED] - Start Test Case : Verification: Verification accomplished successfully&#xD;
&#xD;
2019-09-09 21:11:45 - [TEST_STEP][PASSED] - request = getInstance().getCurrentRequest(): null&#xD;
&#xD;
2019-09-09 21:11:45 - [TEST_STEP][PASSED] - response = getInstance().getCurrentResponse(): null&#xD;
&#xD;
2019-09-09 21:11:45 - [TEST_STEP][PASSED] - verifyResponseStatusCode(response, 200): Verify response status code successfully&#xD;
&#xD;
2019-09-09 21:11:45 - [MESSAGE][PASSED] - Verify response status code successfully&#xD;
&#xD;
2019-09-09 21:11:45 - [TEST_STEP][PASSED] - getStatusCode()).isEqualTo(200): null&#xD;
&#xD;
2019-09-09 21:11:45 - [MESSAGE][PASSED] - Verify response successfully&#xD;
&#xD;
2019-09-09 21:11:45 - [MESSAGE][PASSED] - Send request and verify the response successfully&#xD;
&#xD;
2019-09-09 21:11:45 - [TEST_STEP][PASSED] - slurper1 = new groovy.json.JsonSlurper(): null&#xD;
&#xD;
2019-09-09 21:11:45 - [TEST_STEP][PASSED] - result1 = slurper1.parseText(response1.getResponseText()): null&#xD;
&#xD;
2019-09-09 21:11:45 - [TEST_STEP][PASSED] - println("***************************************"): null&#xD;
&#xD;
2019-09-09 21:11:45 - [TEST_STEP][PASSED] - println("THIS IS THE RESPONSE FROM VALIDATEOTP TEST CASE = " + result1): null&#xD;
&#xD;
2019-09-09 21:11:45 - [TEST_STEP][PASSED] - println("***************************************"): null&#xD;
&#xD;
2019-09-09 21:11:45 - [TEST_STEP][PASSED] - value1 = userId: null&#xD;
&#xD;
2019-09-09 21:11:45 - [TEST_STEP][PASSED] - userid = value1: null&#xD;
&#xD;
2019-09-09 21:11:45 - [TEST_STEP][PASSED] - println("***************************************"): null&#xD;
&#xD;
2019-09-09 21:11:45 - [TEST_STEP][PASSED] - println("THE USER ID IS GENARATED  = " + userid): null&#xD;
&#xD;
2019-09-09 21:11:45 - [TEST_STEP][PASSED] - println("***************************************"): null</system-out>
            <system-err></system-err>
        </testcase>
        <testcase name="Test Cases/bInsertUser_CheckIn" classname="Test Cases/bInsertUser_CheckIn" status="PASSED">
            <system-out>2019-09-09 21:11:45 - [TEST_CASE][PASSED] - Test Cases/bInsertUser_CheckIn: Test Cases/bInsertUser_CheckIn&#xD;
&#xD;
2019-09-09 21:11:46 - [TEST_STEP][PASSED] - chkInID = toString().toUpperCase(): null&#xD;
&#xD;
2019-09-09 21:11:46 - [TEST_STEP][PASSED] - println(chkInID): null&#xD;
&#xD;
2019-09-09 21:11:46 - [TEST_STEP][PASSED] - now = new java.util.Date(): null&#xD;
&#xD;
2019-09-09 21:11:46 - [TEST_STEP][PASSED] - chkInTime = now.format("dd-MM-YYYY HH:mm:ss +5:30"): null&#xD;
&#xD;
2019-09-09 21:11:46 - [TEST_STEP][PASSED] - println(chkInTime): null&#xD;
&#xD;
2019-09-09 21:11:46 - [TEST_STEP][PASSED] - resp3 = sendRequest(findTestObject("bInsertUserCheckIn", ["uniqueToken":uniquetoken, "userId":userid, "checkInTime":chkInTime, "checkInID":chkInID, "checkinLocality":checkinLocality])): Send request successfully&#xD;
&#xD;
2019-09-09 21:11:46 - [MESSAGE][INFO] - HAR: C:\Users\rajesh.veeranna\Katalon Studio\SmartIndonasia\Reports\20190909_211137\SMARTINDONASIA_API_SmokeTest\20190909_211137\requests\main\3.har&#xD;
&#xD;
2019-09-09 21:11:46 - [MESSAGE][PASSED] - Send request successfully&#xD;
&#xD;
2019-09-09 21:11:46 - [TEST_STEP][PASSED] - slurper3 = new groovy.json.JsonSlurper(): null&#xD;
&#xD;
2019-09-09 21:11:46 - [TEST_STEP][PASSED] - result3 = slurper3.parseText(resp3.getResponseText()): null&#xD;
&#xD;
2019-09-09 21:11:46 - [TEST_STEP][PASSED] - println("***************************************
"): null&#xD;
&#xD;
2019-09-09 21:11:46 - [TEST_STEP][PASSED] - println("THIS IS THE RESPONSE FROM USER_CHECKIN TEST CASE = " + result3): null&#xD;
&#xD;
2019-09-09 21:11:46 - [TEST_STEP][PASSED] - println("***************************************
"): null&#xD;
&#xD;
2019-09-09 21:11:46 - [TEST_STEP][PASSED] - toString().split(chkInID, 0): null&#xD;
&#xD;
2019-09-09 21:11:46 - [TEST_STEP][PASSED] - value3 = toString().substring(11, 47): null&#xD;
&#xD;
2019-09-09 21:11:46 - [TEST_STEP][PASSED] - println(value3): null&#xD;
&#xD;
2019-09-09 21:11:46 - [TEST_STEP][PASSED] - println("THE CHECKIN  iD IS   = " + value3): null&#xD;
&#xD;
2019-09-09 21:11:46 - [TEST_STEP][PASSED] - f = new java.io.File(D:\Checkin_ID.txt): null&#xD;
&#xD;
2019-09-09 21:11:46 - [TEST_STEP][PASSED] - f.write(value3): null</system-out>
            <system-err></system-err>
        </testcase>
        <testcase name="Test Cases/bUpdateUser_CheckIn" classname="Test Cases/bUpdateUser_CheckIn" status="ERROR">
            <error type="ERROR" message="Test Cases/bUpdateUser_CheckIn FAILED.&#xA;Reason:&#xA;java.lang.IllegalArgumentException: Text must not be null or empty&#xD;&#xA;&#x9;at bUpdateUser_CheckIn.run(bUpdateUser_CheckIn:33)&#xD;&#xA;&#x9;at com.kms.katalon.core.main.ScriptEngine.run(ScriptEngine.java:194)&#xD;&#xA;&#x9;at com.kms.katalon.core.main.ScriptEngine.runScriptAsRawText(ScriptEngine.java:119)&#xD;&#xA;&#x9;at com.kms.katalon.core.main.TestCaseExecutor.runScript(TestCaseExecutor.java:337)&#xD;&#xA;&#x9;at com.kms.katalon.core.main.TestCaseExecutor.doExecute(TestCaseExecutor.java:328)&#xD;&#xA;&#x9;at com.kms.katalon.core.main.TestCaseExecutor.processExecutionPhase(TestCaseExecutor.java:307)&#xD;&#xA;&#x9;at com.kms.katalon.core.main.TestCaseExecutor.accessMainPhase(TestCaseExecutor.java:299)&#xD;&#xA;&#x9;at com.kms.katalon.core.main.TestCaseExecutor.execute(TestCaseExecutor.java:233)&#xD;&#xA;&#x9;at com.kms.katalon.core.main.TestSuiteExecutor.accessTestCaseMainPhase(TestSuiteExecutor.java:169)&#xD;&#xA;&#x9;at com.kms.katalon.core.main.TestSuiteExecutor.accessTestSuiteMainPhase(TestSuiteExecutor.java:142)&#xD;&#xA;&#x9;at com.kms.katalon.core.main.TestSuiteExecutor.execute(TestSuiteExecutor.java:91)&#xD;&#xA;&#x9;at com.kms.katalon.core.main.TestCaseMain.startTestSuite(TestCaseMain.java:157)&#xD;&#xA;&#x9;at com.kms.katalon.core.main.TestCaseMain$startTestSuite$0.call(Unknown Source)&#xD;&#xA;&#x9;at TempTestSuite1568043697629.run(TempTestSuite1568043697629.groovy:35)&#xD;&#xA;"/>
            <system-out>2019-09-09 21:11:46 - [TEST_CASE][ERROR] - Test Cases/bUpdateUser_CheckIn: Test Cases/bUpdateUser_CheckIn FAILED.
Reason:
java.lang.IllegalArgumentException: Text must not be null or empty&#xD;
	at bUpdateUser_CheckIn.run(bUpdateUser_CheckIn:33)&#xD;
	at com.kms.katalon.core.main.ScriptEngine.run(ScriptEngine.java:194)&#xD;
	at com.kms.katalon.core.main.ScriptEngine.runScriptAsRawText(ScriptEngine.java:119)&#xD;
	at com.kms.katalon.core.main.TestCaseExecutor.runScript(TestCaseExecutor.java:337)&#xD;
	at com.kms.katalon.core.main.TestCaseExecutor.doExecute(TestCaseExecutor.java:328)&#xD;
	at com.kms.katalon.core.main.TestCaseExecutor.processExecutionPhase(TestCaseExecutor.java:307)&#xD;
	at com.kms.katalon.core.main.TestCaseExecutor.accessMainPhase(TestCaseExecutor.java:299)&#xD;
	at com.kms.katalon.core.main.TestCaseExecutor.execute(TestCaseExecutor.java:233)&#xD;
	at com.kms.katalon.core.main.TestSuiteExecutor.accessTestCaseMainPhase(TestSuiteExecutor.java:169)&#xD;
	at com.kms.katalon.core.main.TestSuiteExecutor.accessTestSuiteMainPhase(TestSuiteExecutor.java:142)&#xD;
	at com.kms.katalon.core.main.TestSuiteExecutor.execute(TestSuiteExecutor.java:91)&#xD;
	at com.kms.katalon.core.main.TestCaseMain.startTestSuite(TestCaseMain.java:157)&#xD;
	at com.kms.katalon.core.main.TestCaseMain$startTestSuite$0.call(Unknown Source)&#xD;
	at TempTestSuite1568043697629.run(TempTestSuite1568043697629.groovy:35)&#xD;
&#xD;
&#xD;
2019-09-09 21:11:47 - [TEST_STEP][PASSED] - file1 = new java.io.File(D:\InsertTripDetails_ID.txt): null&#xD;
&#xD;
2019-09-09 21:11:47 - [TEST_STEP][PASSED] - checkinID = file1.readLines(): null&#xD;
&#xD;
2019-09-09 21:11:47 - [TEST_STEP][PASSED] - println("--------------&gt;" + checkinID): null&#xD;
&#xD;
2019-09-09 21:11:47 - [TEST_STEP][PASSED] - now = new java.util.Date(): null&#xD;
&#xD;
2019-09-09 21:11:47 - [TEST_STEP][PASSED] - chkOutTime = now.format("dd-MM-YYYY HH:mm:ss +5:30"): null&#xD;
&#xD;
2019-09-09 21:11:47 - [TEST_STEP][PASSED] - println(chkOutTime): null&#xD;
&#xD;
2019-09-09 21:11:47 - [TEST_STEP][PASSED] - resp4 = sendRequest(findTestObject("bUpdateUserCheckIn", ["uniqueToken":uniquetoken, "userId":userid, "checkinID":checkinID, "checkedOutTime":chkOutTime])): Send request successfully&#xD;
&#xD;
2019-09-09 21:11:47 - [MESSAGE][INFO] - HAR: C:\Users\rajesh.veeranna\Katalon Studio\SmartIndonasia\Reports\20190909_211137\SMARTINDONASIA_API_SmokeTest\20190909_211137\requests\main\4.har&#xD;
&#xD;
2019-09-09 21:11:47 - [MESSAGE][PASSED] - Send request successfully&#xD;
&#xD;
2019-09-09 21:11:47 - [TEST_STEP][PASSED] - slurper4 = new groovy.json.JsonSlurper(): null&#xD;
&#xD;
2019-09-09 21:11:47 - [TEST_STEP][PASSED] - result4 = slurper4.parseText(resp4.getResponseText()): null</system-out>
            <system-err>2019-09-09 21:11:46 - [TEST_CASE][ERROR] - Test Cases/bUpdateUser_CheckIn: Test Cases/bUpdateUser_CheckIn FAILED.
Reason:
java.lang.IllegalArgumentException: Text must not be null or empty&#xD;
	at bUpdateUser_CheckIn.run(bUpdateUser_CheckIn:33)&#xD;
	at com.kms.katalon.core.main.ScriptEngine.run(ScriptEngine.java:194)&#xD;
	at com.kms.katalon.core.main.ScriptEngine.runScriptAsRawText(ScriptEngine.java:119)&#xD;
	at com.kms.katalon.core.main.TestCaseExecutor.runScript(TestCaseExecutor.java:337)&#xD;
	at com.kms.katalon.core.main.TestCaseExecutor.doExecute(TestCaseExecutor.java:328)&#xD;
	at com.kms.katalon.core.main.TestCaseExecutor.processExecutionPhase(TestCaseExecutor.java:307)&#xD;
	at com.kms.katalon.core.main.TestCaseExecutor.accessMainPhase(TestCaseExecutor.java:299)&#xD;
	at com.kms.katalon.core.main.TestCaseExecutor.execute(TestCaseExecutor.java:233)&#xD;
	at com.kms.katalon.core.main.TestSuiteExecutor.accessTestCaseMainPhase(TestSuiteExecutor.java:169)&#xD;
	at com.kms.katalon.core.main.TestSuiteExecutor.accessTestSuiteMainPhase(TestSuiteExecutor.java:142)&#xD;
	at com.kms.katalon.core.main.TestSuiteExecutor.execute(TestSuiteExecutor.java:91)&#xD;
	at com.kms.katalon.core.main.TestCaseMain.startTestSuite(TestCaseMain.java:157)&#xD;
	at com.kms.katalon.core.main.TestCaseMain$startTestSuite$0.call(Unknown Source)&#xD;
	at TempTestSuite1568043697629.run(TempTestSuite1568043697629.groovy:35)</system-err>
        </testcase>
        <testcase name="Test Cases/cInsertTripDetailsTest" classname="Test Cases/cInsertTripDetailsTest" status="PASSED">
            <system-out>2019-09-09 21:11:47 - [TEST_CASE][PASSED] - Test Cases/cInsertTripDetailsTest: Test Cases/cInsertTripDetailsTest&#xD;
&#xD;
2019-09-09 21:11:47 - [TEST_STEP][PASSED] - sendRequestAndVerify(findTestObject("avalidate_OTP", ["uniqueToken":uniquetoken, "userId":userid])): Send request and verify the response successfully&#xD;
&#xD;
2019-09-09 21:11:48 - [MESSAGE][INFO] - HAR: C:\Users\rajesh.veeranna\Katalon Studio\SmartIndonasia\Reports\20190909_211137\SMARTINDONASIA_API_SmokeTest\20190909_211137\requests\main\5.har&#xD;
&#xD;
2019-09-09 21:11:48 - [TEST_CASE][PASSED] - Start Test Case : Verification: Verification accomplished successfully&#xD;
&#xD;
2019-09-09 21:11:48 - [TEST_STEP][PASSED] - request = getInstance().getCurrentRequest(): null&#xD;
&#xD;
2019-09-09 21:11:48 - [TEST_STEP][PASSED] - response = getInstance().getCurrentResponse(): null&#xD;
&#xD;
2019-09-09 21:11:48 - [MESSAGE][PASSED] - Verify response successfully&#xD;
&#xD;
2019-09-09 21:11:48 - [MESSAGE][PASSED] - Send request and verify the response successfully&#xD;
&#xD;
2019-09-09 21:11:48 - [TEST_STEP][PASSED] - triPID = toString().toUpperCase(): null&#xD;
&#xD;
2019-09-09 21:11:48 - [TEST_STEP][PASSED] - println(triPID): null&#xD;
&#xD;
2019-09-09 21:11:48 - [TEST_STEP][PASSED] - now = new java.util.Date(): null&#xD;
&#xD;
2019-09-09 21:11:48 - [TEST_STEP][PASSED] - tiMe = now.format("dd-MM-YYYY HH:mm:ss +5:30"): null&#xD;
&#xD;
2019-09-09 21:11:48 - [TEST_STEP][PASSED] - println(tiMe): null&#xD;
&#xD;
2019-09-09 21:11:48 - [TEST_STEP][PASSED] - resp2 = sendRequest(findTestObject("cinsert_trip_detail", ["uniqueToken":uniquetoken, "userId":userid, "tripid":triPID, "startriptime":tiMe, "startripLocality":startripLocality])): Send request successfully&#xD;
&#xD;
2019-09-09 21:11:48 - [MESSAGE][INFO] - HAR: C:\Users\rajesh.veeranna\Katalon Studio\SmartIndonasia\Reports\20190909_211137\SMARTINDONASIA_API_SmokeTest\20190909_211137\requests\main\6.har&#xD;
&#xD;
2019-09-09 21:11:49 - [MESSAGE][PASSED] - Send request successfully&#xD;
&#xD;
2019-09-09 21:11:49 - [TEST_STEP][PASSED] - slurper2 = new groovy.json.JsonSlurper(): null&#xD;
&#xD;
2019-09-09 21:11:49 - [TEST_STEP][PASSED] - result2 = slurper2.parseText(resp2.getResponseText()): null&#xD;
&#xD;
2019-09-09 21:11:49 - [TEST_STEP][PASSED] - println("***************************************
"): null&#xD;
&#xD;
2019-09-09 21:11:49 - [TEST_STEP][PASSED] - println("THIS IS THE RESPONSE FROM INSERT TRIP DETAILS  TEST CASE = " + result2): null&#xD;
&#xD;
2019-09-09 21:11:49 - [TEST_STEP][PASSED] - println("***************************************
"): null&#xD;
&#xD;
2019-09-09 21:11:49 - [TEST_STEP][PASSED] - toString().split(triPID, 0): null&#xD;
&#xD;
2019-09-09 21:11:49 - [TEST_STEP][PASSED] - value2 = toString().substring(25, 61): null&#xD;
&#xD;
2019-09-09 21:11:49 - [TEST_STEP][PASSED] - println(value2): null&#xD;
&#xD;
2019-09-09 21:11:49 - [TEST_STEP][PASSED] - println("THE TRIP iD IS   = " + value2): null&#xD;
&#xD;
2019-09-09 21:11:49 - [TEST_STEP][PASSED] - f = new java.io.File(D:\InsertTripDetails_ID.txt): null&#xD;
&#xD;
2019-09-09 21:11:49 - [TEST_STEP][PASSED] - f.write(value2): null</system-out>
            <system-err></system-err>
        </testcase>
        <system-out>2019-09-09 21:11:40 - [TEST_SUITE][INCOMPLETE] - SMARTINDONASIA_API_SmokeTest: null</system-out>
        <system-err>2019-09-09 21:11:40 - [TEST_SUITE][INCOMPLETE] - SMARTINDONASIA_API_SmokeTest: null</system-err>
    </testsuite>
</testsuites>
