<?xml version="1.0" encoding="UTF-8" standalone="yes"?>
<testsuites name="SMARTINDONASIA_API_SmokeTest2" time="5" tests="3" failures="0" errors="0">
    <testsuite name="SMARTINDONASIA_API_SmokeTest2" tests="3" failures="0" errors="0" time="5" timestamp="2019-09-25 19:02:30" hostname="Rajesh.Veeranna - VSPLBLRLT0060.visionetsystems.com" id="Test Suites/SMARTINDONASIA_API_SmokeTest2">
        <properties>
            <property name="deviceName" value=""/>
            <property name="devicePlatform" value=""/>
            <property name="logFolder" value="C:\\Users\\rajesh.veeranna\\Katalon Studio\\SmartIndonasia\\Reports\\20190925_190227\\SMARTINDONASIA_API_SmokeTest2\\20190925_190227"/>
            <property name="logFiles" value="C:\\Users\\rajesh.veeranna\\Katalon Studio\\SmartIndonasia\\Reports\\20190925_190227\\SMARTINDONASIA_API_SmokeTest2\\20190925_190227\\execution0.log"/>
            <property name="attachments" value=""/>
            <property name="hostName" value="Rajesh.Veeranna - VSPLBLRLT0060.visionetsystems.com"/>
            <property name="hostAddress" value="10.130.3.183"/>
            <property name="os" value="Windows 7 64bit"/>
            <property name="katalonVersion" value="6.3.3.11"/>
        </properties>
        <testcase name="Test Cases/a.ValidateMobileNumber_Test" classname="Test Cases/a.ValidateMobileNumber_Test" status="PASSED">
            <system-out>2019-09-25 19:02:31 - [TEST_CASE][PASSED] - Test Cases/a.ValidateMobileNumber_Test: Test Cases/a.ValidateMobileNumber_Test&#xD;
&#xD;
2019-09-25 19:02:31 - [TEST_STEP][PASSED] - sendRequest(findTestObject("aValidate Mobile Number", ["protocal":Endpoint])): Send request successfully&#xD;
&#xD;
2019-09-25 19:02:33 - [MESSAGE][INFO] - HAR: C:\Users\rajesh.veeranna\Katalon Studio\SmartIndonasia\Reports\20190925_190227\SMARTINDONASIA_API_SmokeTest2\20190925_190227\requests\main\0.har&#xD;
&#xD;
2019-09-25 19:02:33 - [MESSAGE][PASSED] - Send request successfully&#xD;
&#xD;
2019-09-25 19:02:33 - [TEST_STEP][PASSED] - response = sendRequestAndVerify(findTestObject("aValidate Mobile Number", ["protocal":Endpoint])): Send request and verify the response successfully&#xD;
&#xD;
2019-09-25 19:02:33 - [MESSAGE][INFO] - HAR: C:\Users\rajesh.veeranna\Katalon Studio\SmartIndonasia\Reports\20190925_190227\SMARTINDONASIA_API_SmokeTest2\20190925_190227\requests\main\1.har&#xD;
&#xD;
2019-09-25 19:02:33 - [TEST_CASE][PASSED] - Start Test Case : Verification: Verification accomplished successfully&#xD;
&#xD;
2019-09-25 19:02:34 - [TEST_STEP][PASSED] - request = getInstance().getCurrentRequest(): null&#xD;
&#xD;
2019-09-25 19:02:34 - [TEST_STEP][PASSED] - response = getInstance().getCurrentResponse(): null&#xD;
&#xD;
2019-09-25 19:02:34 - [TEST_STEP][PASSED] - verifyResponseStatusCode(response, 200): Verify response status code successfully&#xD;
&#xD;
2019-09-25 19:02:34 - [MESSAGE][PASSED] - Verify response status code successfully&#xD;
&#xD;
2019-09-25 19:02:34 - [TEST_STEP][PASSED] - getStatusCode()).isEqualTo(200): null&#xD;
&#xD;
2019-09-25 19:02:34 - [MESSAGE][PASSED] - Verify response successfully&#xD;
&#xD;
2019-09-25 19:02:34 - [MESSAGE][PASSED] - Send request and verify the response successfully&#xD;
&#xD;
2019-09-25 19:02:34 - [TEST_STEP][PASSED] - slurper = new groovy.json.JsonSlurper(): null&#xD;
&#xD;
2019-09-25 19:02:34 - [TEST_STEP][PASSED] - result = slurper.parseText(response.getResponseText()): null&#xD;
&#xD;
2019-09-25 19:02:34 - [TEST_STEP][PASSED] - println("***************************************"): null&#xD;
&#xD;
2019-09-25 19:02:34 - [TEST_STEP][PASSED] - println("THIS IS THE RESPONSE FROM VALIDATEMOBILENUMBER TEST CASE = " + result): null&#xD;
&#xD;
2019-09-25 19:02:34 - [TEST_STEP][PASSED] - println("***************************************"): null&#xD;
&#xD;
2019-09-25 19:02:34 - [TEST_STEP][PASSED] - value = uniqueTokenCode: null&#xD;
&#xD;
2019-09-25 19:02:34 - [TEST_STEP][PASSED] - println(value): null&#xD;
&#xD;
2019-09-25 19:02:34 - [TEST_STEP][PASSED] - uniquetoken = value: null&#xD;
&#xD;
2019-09-25 19:02:34 - [TEST_STEP][PASSED] - println("***************************************"): null&#xD;
&#xD;
2019-09-25 19:02:34 - [TEST_STEP][PASSED] - println("UNIQ TOKEN ID IS GENARATED  = " + uniquetoken): null&#xD;
&#xD;
2019-09-25 19:02:34 - [TEST_STEP][PASSED] - println("***************************************"): null</system-out>
            <system-err></system-err>
        </testcase>
        <testcase name="Test Cases/aValidate_OTPTest" classname="Test Cases/aValidate_OTPTest" status="PASSED">
            <system-out>2019-09-25 19:02:34 - [TEST_CASE][PASSED] - Test Cases/aValidate_OTPTest: Test Cases/aValidate_OTPTest&#xD;
&#xD;
2019-09-25 19:02:35 - [TEST_STEP][PASSED] - sendRequest(findTestObject("aValidate OTP", ["uniqueToken":uniquetoken, "userId":userid])): Send request successfully&#xD;
&#xD;
2019-09-25 19:02:35 - [MESSAGE][INFO] - HAR: C:\Users\rajesh.veeranna\Katalon Studio\SmartIndonasia\Reports\20190925_190227\SMARTINDONASIA_API_SmokeTest2\20190925_190227\requests\main\2.har&#xD;
&#xD;
2019-09-25 19:02:35 - [MESSAGE][PASSED] - Send request successfully&#xD;
&#xD;
2019-09-25 19:02:35 - [TEST_STEP][PASSED] - response1 = sendRequest(findTestObject("aValidate Mobile Number")): Send request successfully&#xD;
&#xD;
2019-09-25 19:02:35 - [MESSAGE][INFO] - HAR: C:\Users\rajesh.veeranna\Katalon Studio\SmartIndonasia\Reports\20190925_190227\SMARTINDONASIA_API_SmokeTest2\20190925_190227\requests\main\3.har&#xD;
&#xD;
2019-09-25 19:02:35 - [MESSAGE][PASSED] - Send request successfully&#xD;
&#xD;
2019-09-25 19:02:35 - [TEST_STEP][PASSED] - slurper1 = new groovy.json.JsonSlurper(): null&#xD;
&#xD;
2019-09-25 19:02:35 - [TEST_STEP][PASSED] - result1 = slurper1.parseText(responseBodyContent): null&#xD;
&#xD;
2019-09-25 19:02:35 - [TEST_STEP][PASSED] - println("***************************************"): null&#xD;
&#xD;
2019-09-25 19:02:35 - [TEST_STEP][PASSED] - println("THIS IS THE RESPONSE FROM VALIDATEOTP TEST CASE = " + result1): null&#xD;
&#xD;
2019-09-25 19:02:35 - [TEST_STEP][PASSED] - println("***************************************"): null&#xD;
&#xD;
2019-09-25 19:02:35 - [TEST_STEP][PASSED] - value1 = userId: null&#xD;
&#xD;
2019-09-25 19:02:35 - [TEST_STEP][PASSED] - userid = value1: null&#xD;
&#xD;
2019-09-25 19:02:35 - [TEST_STEP][PASSED] - println("***************************************"): null&#xD;
&#xD;
2019-09-25 19:02:35 - [TEST_STEP][PASSED] - println("THE USER ID IS GENARATED  = " + userid): null&#xD;
&#xD;
2019-09-25 19:02:35 - [TEST_STEP][PASSED] - println("***************************************"): null</system-out>
            <system-err></system-err>
        </testcase>
        <testcase name="Test Cases/z6MobileTracking_Test--ND" classname="Test Cases/z6MobileTracking_Test--ND" status="PASSED">
            <system-out>2019-09-25 19:02:35 - [TEST_CASE][PASSED] - Test Cases/z6MobileTracking_Test--ND: Test Cases/z6MobileTracking_Test--ND&#xD;
&#xD;
2019-09-25 19:02:36 - [TEST_STEP][PASSED] - sendRequest(findTestObject("z1Mobile Tracking---ND", ["uniqueToken":uniquetoken, "userId":userid, "createdDatE":createdDatE[0], "ctiD":ctiD[0], "submittedDatE":submittedDatE[0]])): Send request successfully&#xD;
&#xD;
2019-09-25 19:02:36 - [MESSAGE][INFO] - HAR: C:\Users\rajesh.veeranna\Katalon Studio\SmartIndonasia\Reports\20190925_190227\SMARTINDONASIA_API_SmokeTest2\20190925_190227\requests\main\4.har&#xD;
&#xD;
2019-09-25 19:02:36 - [MESSAGE][PASSED] - Send request successfully&#xD;
&#xD;
2019-09-25 19:02:36 - [TEST_STEP][PASSED] - responsey = sendRequest(findTestObject("z1Mobile Tracking---ND", ["uniqueToken":uniquetoken, "userId":userid, "createdDatE":createdDatE[0], "ctiD":ctiD[0], "submittedDatE":submittedDatE[0]])): Send request successfully&#xD;
&#xD;
2019-09-25 19:02:36 - [MESSAGE][INFO] - HAR: C:\Users\rajesh.veeranna\Katalon Studio\SmartIndonasia\Reports\20190925_190227\SMARTINDONASIA_API_SmokeTest2\20190925_190227\requests\main\5.har&#xD;
&#xD;
2019-09-25 19:02:36 - [MESSAGE][PASSED] - Send request successfully&#xD;
&#xD;
2019-09-25 19:02:36 - [TEST_STEP][PASSED] - slurperz = new groovy.json.JsonSlurper(): null&#xD;
&#xD;
2019-09-25 19:02:36 - [TEST_STEP][PASSED] - resultz = slurperz.parseText(responsey.getResponseText()): null&#xD;
&#xD;
2019-09-25 19:02:36 - [TEST_STEP][PASSED] - println("***************************************"): null&#xD;
&#xD;
2019-09-25 19:02:36 - [TEST_STEP][PASSED] - println("THIS IS THE RESPONSE FROM MOBILE APP VERSION TEST CASE = " + resultz): null&#xD;
&#xD;
2019-09-25 19:02:36 - [TEST_STEP][PASSED] - println("***************************************"): null</system-out>
            <system-err></system-err>
        </testcase>
        <system-out>2019-09-25 19:02:30 - [TEST_SUITE][INCOMPLETE] - SMARTINDONASIA_API_SmokeTest2: null</system-out>
        <system-err>2019-09-25 19:02:30 - [TEST_SUITE][INCOMPLETE] - SMARTINDONASIA_API_SmokeTest2: null</system-err>
    </testsuite>
</testsuites>
