<?xml version="1.0" encoding="UTF-8" standalone="yes"?>
<testsuites name="SMARTINDONASIA_API_SmokeTest" time="29" tests="13" failures="0" errors="0">
    <testsuite name="SMARTINDONASIA_API_SmokeTest" tests="13" failures="0" errors="0" time="29" timestamp="2019-09-12 14:59:48" hostname="Rajesh.Veeranna - VSPLBLRLT0060.visionetsystems.com" id="Test Suites/SMARTINDONASIA_API_SmokeTest">
        <properties>
            <property name="deviceName" value=""/>
            <property name="devicePlatform" value=""/>
            <property name="logFolder" value="C:\\Users\\rajesh.veeranna\\Katalon Studio\\SmartIndonasia\\Reports\\20190912_145850\\SMARTINDONASIA_API_SmokeTest\\20190912_145850"/>
            <property name="logFiles" value="C:\\Users\\rajesh.veeranna\\Katalon Studio\\SmartIndonasia\\Reports\\20190912_145850\\SMARTINDONASIA_API_SmokeTest\\20190912_145850\\execution0.log"/>
            <property name="attachments" value=""/>
            <property name="hostName" value="Rajesh.Veeranna - VSPLBLRLT0060.visionetsystems.com"/>
            <property name="hostAddress" value="10.130.3.183"/>
            <property name="os" value="Windows 7 64bit"/>
            <property name="katalonVersion" value="6.3.3.11"/>
        </properties>
        <testcase name="Test Cases/a.ValidateMobileNumberTest" classname="Test Cases/a.ValidateMobileNumberTest" status="PASSED">
            <system-out>2019-09-12 14:59:49 - [TEST_CASE][PASSED] - Test Cases/a.ValidateMobileNumberTest: Test Cases/a.ValidateMobileNumberTest&#xD;
&#xD;
2019-09-12 14:59:50 - [TEST_STEP][PASSED] - response = sendRequestAndVerify(findTestObject("avalidate_mobile_number")): Send request and verify the response successfully&#xD;
&#xD;
2019-09-12 15:00:00 - [MESSAGE][INFO] - HAR: C:\Users\rajesh.veeranna\Katalon Studio\SmartIndonasia\Reports\20190912_145850\SMARTINDONASIA_API_SmokeTest\20190912_145850\requests\main\0.har&#xD;
&#xD;
2019-09-12 15:00:00 - [TEST_CASE][PASSED] - Start Test Case : Verification: Verification accomplished successfully&#xD;
&#xD;
2019-09-12 15:00:01 - [TEST_STEP][PASSED] - request = getInstance().getCurrentRequest(): null&#xD;
&#xD;
2019-09-12 15:00:01 - [TEST_STEP][PASSED] - response = getInstance().getCurrentResponse(): null&#xD;
&#xD;
2019-09-12 15:00:01 - [TEST_STEP][PASSED] - verifyResponseStatusCode(response, 200): Verify response status code successfully&#xD;
&#xD;
2019-09-12 15:00:01 - [MESSAGE][PASSED] - Verify response status code successfully&#xD;
&#xD;
2019-09-12 15:00:01 - [TEST_STEP][PASSED] - getStatusCode()).isEqualTo(200): null&#xD;
&#xD;
2019-09-12 15:00:03 - [MESSAGE][PASSED] - Verify response successfully&#xD;
&#xD;
2019-09-12 15:00:03 - [MESSAGE][PASSED] - Send request and verify the response successfully&#xD;
&#xD;
2019-09-12 15:00:03 - [TEST_STEP][PASSED] - slurper = new groovy.json.JsonSlurper(): null&#xD;
&#xD;
2019-09-12 15:00:03 - [TEST_STEP][PASSED] - result = slurper.parseText(response.getResponseText()): null&#xD;
&#xD;
2019-09-12 15:00:03 - [TEST_STEP][PASSED] - println("***************************************"): null&#xD;
&#xD;
2019-09-12 15:00:03 - [TEST_STEP][PASSED] - println("THIS IS THE RESPONSE FROM VALIDATEMOBILENUMBER TEST CASE = " + result): null&#xD;
&#xD;
2019-09-12 15:00:03 - [TEST_STEP][PASSED] - println("***************************************"): null&#xD;
&#xD;
2019-09-12 15:00:03 - [TEST_STEP][PASSED] - value = uniqueTokenCode: null&#xD;
&#xD;
2019-09-12 15:00:03 - [TEST_STEP][PASSED] - println(value): null&#xD;
&#xD;
2019-09-12 15:00:03 - [TEST_STEP][PASSED] - uniquetoken = value: null&#xD;
&#xD;
2019-09-12 15:00:03 - [TEST_STEP][PASSED] - println("***************************************"): null&#xD;
&#xD;
2019-09-12 15:00:03 - [TEST_STEP][PASSED] - println("UNIQ TOKEN ID IS GENARATED  = " + uniquetoken): null&#xD;
&#xD;
2019-09-12 15:00:03 - [TEST_STEP][PASSED] - println("***************************************"): null</system-out>
            <system-err></system-err>
        </testcase>
        <testcase name="Test Cases/aValidate_OTPTest" classname="Test Cases/aValidate_OTPTest" status="PASSED">
            <system-out>2019-09-12 15:00:03 - [TEST_CASE][PASSED] - Test Cases/aValidate_OTPTest: Test Cases/aValidate_OTPTest&#xD;
&#xD;
2019-09-12 15:00:03 - [TEST_STEP][PASSED] - sendRequestAndVerify(findTestObject("avalidate_OTP", ["uniqueToken":uniquetoken, "userId":userid])): Send request and verify the response successfully&#xD;
&#xD;
2019-09-12 15:00:04 - [MESSAGE][INFO] - HAR: C:\Users\rajesh.veeranna\Katalon Studio\SmartIndonasia\Reports\20190912_145850\SMARTINDONASIA_API_SmokeTest\20190912_145850\requests\main\1.har&#xD;
&#xD;
2019-09-12 15:00:04 - [TEST_CASE][PASSED] - Start Test Case : Verification: Verification accomplished successfully&#xD;
&#xD;
2019-09-12 15:00:05 - [TEST_STEP][PASSED] - request = getInstance().getCurrentRequest(): null&#xD;
&#xD;
2019-09-12 15:00:05 - [TEST_STEP][PASSED] - response = getInstance().getCurrentResponse(): null&#xD;
&#xD;
2019-09-12 15:00:05 - [MESSAGE][PASSED] - Verify response successfully&#xD;
&#xD;
2019-09-12 15:00:05 - [MESSAGE][PASSED] - Send request and verify the response successfully&#xD;
&#xD;
2019-09-12 15:00:05 - [TEST_STEP][PASSED] - response1 = sendRequestAndVerify(findTestObject("avalidate_mobile_number")): Send request and verify the response successfully&#xD;
&#xD;
2019-09-12 15:00:05 - [MESSAGE][INFO] - HAR: C:\Users\rajesh.veeranna\Katalon Studio\SmartIndonasia\Reports\20190912_145850\SMARTINDONASIA_API_SmokeTest\20190912_145850\requests\main\2.har&#xD;
&#xD;
2019-09-12 15:00:05 - [TEST_CASE][PASSED] - Start Test Case : Verification: Verification accomplished successfully&#xD;
&#xD;
2019-09-12 15:00:05 - [TEST_STEP][PASSED] - request = getInstance().getCurrentRequest(): null&#xD;
&#xD;
2019-09-12 15:00:06 - [TEST_STEP][PASSED] - response = getInstance().getCurrentResponse(): null&#xD;
&#xD;
2019-09-12 15:00:06 - [TEST_STEP][PASSED] - verifyResponseStatusCode(response, 200): Verify response status code successfully&#xD;
&#xD;
2019-09-12 15:00:06 - [MESSAGE][PASSED] - Verify response status code successfully&#xD;
&#xD;
2019-09-12 15:00:06 - [TEST_STEP][PASSED] - getStatusCode()).isEqualTo(200): null&#xD;
&#xD;
2019-09-12 15:00:06 - [MESSAGE][PASSED] - Verify response successfully&#xD;
&#xD;
2019-09-12 15:00:06 - [MESSAGE][PASSED] - Send request and verify the response successfully&#xD;
&#xD;
2019-09-12 15:00:06 - [TEST_STEP][PASSED] - slurper1 = new groovy.json.JsonSlurper(): null&#xD;
&#xD;
2019-09-12 15:00:06 - [TEST_STEP][PASSED] - result1 = slurper1.parseText(response1.getResponseText()): null&#xD;
&#xD;
2019-09-12 15:00:06 - [TEST_STEP][PASSED] - println("***************************************"): null&#xD;
&#xD;
2019-09-12 15:00:06 - [TEST_STEP][PASSED] - println("THIS IS THE RESPONSE FROM VALIDATEOTP TEST CASE = " + result1): null&#xD;
&#xD;
2019-09-12 15:00:06 - [TEST_STEP][PASSED] - println("***************************************"): null&#xD;
&#xD;
2019-09-12 15:00:06 - [TEST_STEP][PASSED] - value1 = userId: null&#xD;
&#xD;
2019-09-12 15:00:06 - [TEST_STEP][PASSED] - userid = value1: null&#xD;
&#xD;
2019-09-12 15:00:06 - [TEST_STEP][PASSED] - println("***************************************"): null&#xD;
&#xD;
2019-09-12 15:00:06 - [TEST_STEP][PASSED] - println("THE USER ID IS GENARATED  = " + userid): null&#xD;
&#xD;
2019-09-12 15:00:06 - [TEST_STEP][PASSED] - println("***************************************"): null</system-out>
            <system-err></system-err>
        </testcase>
        <testcase name="Test Cases/bInsertUser_CheckIn" classname="Test Cases/bInsertUser_CheckIn" status="PASSED">
            <system-out>2019-09-12 15:00:06 - [TEST_CASE][PASSED] - Test Cases/bInsertUser_CheckIn: Test Cases/bInsertUser_CheckIn&#xD;
&#xD;
2019-09-12 15:00:06 - [TEST_STEP][PASSED] - chkInID = toString().toUpperCase(): null&#xD;
&#xD;
2019-09-12 15:00:06 - [TEST_STEP][PASSED] - println(chkInID): null&#xD;
&#xD;
2019-09-12 15:00:06 - [TEST_STEP][PASSED] - now = new java.util.Date(): null&#xD;
&#xD;
2019-09-12 15:00:06 - [TEST_STEP][PASSED] - chkInTime = now.format("dd-MM-YYYY HH:mm:ss +5:30"): null&#xD;
&#xD;
2019-09-12 15:00:06 - [TEST_STEP][PASSED] - println(chkInTime): null&#xD;
&#xD;
2019-09-12 15:00:06 - [TEST_STEP][PASSED] - resp3 = sendRequest(findTestObject("bInsertUserCheckIn", ["uniqueToken":uniquetoken, "userId":userid, "checkInTime":chkInTime, "checkInID":chkInID, "checkinLocality":checkinLocality])): Send request successfully&#xD;
&#xD;
2019-09-12 15:00:07 - [MESSAGE][INFO] - HAR: C:\Users\rajesh.veeranna\Katalon Studio\SmartIndonasia\Reports\20190912_145850\SMARTINDONASIA_API_SmokeTest\20190912_145850\requests\main\3.har&#xD;
&#xD;
2019-09-12 15:00:07 - [MESSAGE][PASSED] - Send request successfully&#xD;
&#xD;
2019-09-12 15:00:07 - [TEST_STEP][PASSED] - slurper3 = new groovy.json.JsonSlurper(): null&#xD;
&#xD;
2019-09-12 15:00:07 - [TEST_STEP][PASSED] - result3 = slurper3.parseText(resp3.getResponseText()): null&#xD;
&#xD;
2019-09-12 15:00:07 - [TEST_STEP][PASSED] - println("***************************************
"): null&#xD;
&#xD;
2019-09-12 15:00:07 - [TEST_STEP][PASSED] - println("THIS IS THE RESPONSE FROM USER_CHECKIN TEST CASE = " + result3): null&#xD;
&#xD;
2019-09-12 15:00:07 - [TEST_STEP][PASSED] - println("***************************************
"): null&#xD;
&#xD;
2019-09-12 15:00:07 - [TEST_STEP][PASSED] - toString().split(chkInID, 0): null&#xD;
&#xD;
2019-09-12 15:00:07 - [TEST_STEP][PASSED] - value3 = toString().substring(11, 47): null&#xD;
&#xD;
2019-09-12 15:00:07 - [TEST_STEP][PASSED] - println(value3): null&#xD;
&#xD;
2019-09-12 15:00:07 - [TEST_STEP][PASSED] - println("THE CHECKIN  iD IS   = " + value3): null&#xD;
&#xD;
2019-09-12 15:00:07 - [TEST_STEP][PASSED] - f = new java.io.File(D:\Checkin_ID.txt): null&#xD;
&#xD;
2019-09-12 15:00:07 - [TEST_STEP][PASSED] - f.write(value3): null</system-out>
            <system-err></system-err>
        </testcase>
        <testcase name="Test Cases/bUpdateUser_CheckIn" classname="Test Cases/bUpdateUser_CheckIn" status="PASSED">
            <system-out>2019-09-12 15:00:07 - [TEST_CASE][PASSED] - Test Cases/bUpdateUser_CheckIn: Test Cases/bUpdateUser_CheckIn&#xD;
&#xD;
2019-09-12 15:00:07 - [TEST_STEP][PASSED] - file3 = new java.io.File(D:\Checkin_ID.txt): null&#xD;
&#xD;
2019-09-12 15:00:07 - [TEST_STEP][PASSED] - checkinID = file3.readLines(): null&#xD;
&#xD;
2019-09-12 15:00:07 - [TEST_STEP][PASSED] - println("--------------&gt;" + checkinID): null&#xD;
&#xD;
2019-09-12 15:00:07 - [TEST_STEP][PASSED] - now1 = new java.util.Date(): null&#xD;
&#xD;
2019-09-12 15:00:07 - [TEST_STEP][PASSED] - chkOutTime = now1.format("dd-MM-YYYY HH:mm:ss +5:30"): null&#xD;
&#xD;
2019-09-12 15:00:07 - [TEST_STEP][PASSED] - println(chkOutTime): null&#xD;
&#xD;
2019-09-12 15:00:07 - [TEST_STEP][PASSED] - resp4 = sendRequest(findTestObject("bUpdateUserCheckIn", ["uniqueToken":uniquetoken, "userId":userid, "checkinID":checkinID, "checkedOutTime":chkOutTime])): Send request successfully&#xD;
&#xD;
2019-09-12 15:00:08 - [MESSAGE][INFO] - HAR: C:\Users\rajesh.veeranna\Katalon Studio\SmartIndonasia\Reports\20190912_145850\SMARTINDONASIA_API_SmokeTest\20190912_145850\requests\main\4.har&#xD;
&#xD;
2019-09-12 15:00:08 - [MESSAGE][PASSED] - Send request successfully</system-out>
            <system-err></system-err>
        </testcase>
        <testcase name="Test Cases/cInsertTripDetailsTest" classname="Test Cases/cInsertTripDetailsTest" status="PASSED">
            <system-out>2019-09-12 15:00:08 - [TEST_CASE][PASSED] - Test Cases/cInsertTripDetailsTest: Test Cases/cInsertTripDetailsTest&#xD;
&#xD;
2019-09-12 15:00:08 - [TEST_STEP][PASSED] - sendRequestAndVerify(findTestObject("avalidate_OTP", ["uniqueToken":uniquetoken, "userId":userid])): Send request and verify the response successfully&#xD;
&#xD;
2019-09-12 15:00:09 - [MESSAGE][INFO] - HAR: C:\Users\rajesh.veeranna\Katalon Studio\SmartIndonasia\Reports\20190912_145850\SMARTINDONASIA_API_SmokeTest\20190912_145850\requests\main\5.har&#xD;
&#xD;
2019-09-12 15:00:09 - [TEST_CASE][PASSED] - Start Test Case : Verification: Verification accomplished successfully&#xD;
&#xD;
2019-09-12 15:00:09 - [TEST_STEP][PASSED] - request = getInstance().getCurrentRequest(): null&#xD;
&#xD;
2019-09-12 15:00:09 - [TEST_STEP][PASSED] - response = getInstance().getCurrentResponse(): null&#xD;
&#xD;
2019-09-12 15:00:09 - [MESSAGE][PASSED] - Verify response successfully&#xD;
&#xD;
2019-09-12 15:00:09 - [MESSAGE][PASSED] - Send request and verify the response successfully&#xD;
&#xD;
2019-09-12 15:00:09 - [TEST_STEP][PASSED] - triPID = toString().toUpperCase(): null&#xD;
&#xD;
2019-09-12 15:00:09 - [TEST_STEP][PASSED] - println(triPID): null&#xD;
&#xD;
2019-09-12 15:00:09 - [TEST_STEP][PASSED] - now = new java.util.Date(): null&#xD;
&#xD;
2019-09-12 15:00:09 - [TEST_STEP][PASSED] - tiMe = now.format("dd-MM-YYYY HH:mm:ss +5:30"): null&#xD;
&#xD;
2019-09-12 15:00:09 - [TEST_STEP][PASSED] - println(tiMe): null&#xD;
&#xD;
2019-09-12 15:00:09 - [TEST_STEP][PASSED] - resp2 = sendRequest(findTestObject("cinsert_trip_detail", ["uniqueToken":uniquetoken, "userId":userid, "tripid":triPID, "startriptime":tiMe, "startripLocality":startripLocality])): Send request successfully&#xD;
&#xD;
2019-09-12 15:00:09 - [MESSAGE][INFO] - HAR: C:\Users\rajesh.veeranna\Katalon Studio\SmartIndonasia\Reports\20190912_145850\SMARTINDONASIA_API_SmokeTest\20190912_145850\requests\main\6.har&#xD;
&#xD;
2019-09-12 15:00:09 - [MESSAGE][PASSED] - Send request successfully&#xD;
&#xD;
2019-09-12 15:00:09 - [TEST_STEP][PASSED] - slurper2 = new groovy.json.JsonSlurper(): null&#xD;
&#xD;
2019-09-12 15:00:09 - [TEST_STEP][PASSED] - result2 = slurper2.parseText(resp2.getResponseText()): null&#xD;
&#xD;
2019-09-12 15:00:09 - [TEST_STEP][PASSED] - println("***************************************
"): null&#xD;
&#xD;
2019-09-12 15:00:09 - [TEST_STEP][PASSED] - println("THIS IS THE RESPONSE FROM INSERT TRIP DETAILS  TEST CASE = " + result2): null&#xD;
&#xD;
2019-09-12 15:00:09 - [TEST_STEP][PASSED] - println("***************************************
"): null&#xD;
&#xD;
2019-09-12 15:00:09 - [TEST_STEP][PASSED] - toString().split(triPID, 0): null&#xD;
&#xD;
2019-09-12 15:00:09 - [TEST_STEP][PASSED] - value2 = toString().substring(25, 61): null&#xD;
&#xD;
2019-09-12 15:00:09 - [TEST_STEP][PASSED] - println(value2): null&#xD;
&#xD;
2019-09-12 15:00:09 - [TEST_STEP][PASSED] - println("THE TRIP iD IS   = " + value2): null&#xD;
&#xD;
2019-09-12 15:00:09 - [TEST_STEP][PASSED] - f = new java.io.File(D:\InsertTripDetails_ID.txt): null&#xD;
&#xD;
2019-09-12 15:00:09 - [TEST_STEP][PASSED] - f.write(value2): null</system-out>
            <system-err></system-err>
        </testcase>
        <testcase name="Test Cases/cUpdateTripDetails" classname="Test Cases/cUpdateTripDetails" status="PASSED">
            <system-out>2019-09-12 15:00:09 - [TEST_CASE][PASSED] - Test Cases/cUpdateTripDetails: Test Cases/cUpdateTripDetails&#xD;
&#xD;
2019-09-12 15:00:10 - [TEST_STEP][PASSED] - file1 = new java.io.File(D:\InsertTripDetails_ID.txt): null&#xD;
&#xD;
2019-09-12 15:00:10 - [TEST_STEP][PASSED] - triPID = file1.readLines(): null&#xD;
&#xD;
2019-09-12 15:00:10 - [TEST_STEP][PASSED] - println("--------------&gt;" + triPID): null&#xD;
&#xD;
2019-09-12 15:00:10 - [TEST_STEP][PASSED] - sendRequest(findTestObject("avalidate_OTP", ["uniqueToken":uniquetoken, "userId":userid])): Send request successfully&#xD;
&#xD;
2019-09-12 15:00:10 - [MESSAGE][INFO] - HAR: C:\Users\rajesh.veeranna\Katalon Studio\SmartIndonasia\Reports\20190912_145850\SMARTINDONASIA_API_SmokeTest\20190912_145850\requests\main\7.har&#xD;
&#xD;
2019-09-12 15:00:10 - [MESSAGE][PASSED] - Send request successfully&#xD;
&#xD;
2019-09-12 15:00:10 - [TEST_STEP][PASSED] - sendRequest(findTestObject("cupdate_trip_detail", ["uptripiD":triPID, "userId":userid])): Send request successfully&#xD;
&#xD;
2019-09-12 15:00:10 - [MESSAGE][INFO] - HAR: C:\Users\rajesh.veeranna\Katalon Studio\SmartIndonasia\Reports\20190912_145850\SMARTINDONASIA_API_SmokeTest\20190912_145850\requests\main\8.har&#xD;
&#xD;
2019-09-12 15:00:10 - [MESSAGE][PASSED] - Send request successfully</system-out>
            <system-err></system-err>
        </testcase>
        <testcase name="Test Cases/d.VersionMaster" classname="Test Cases/d.VersionMaster" status="PASSED">
            <system-out>2019-09-12 15:00:11 - [TEST_CASE][PASSED] - Test Cases/d.VersionMaster: Test Cases/d.VersionMaster&#xD;
&#xD;
2019-09-12 15:00:11 - [TEST_STEP][PASSED] - sendRequestAndVerify(findTestObject("d.version-master", ["uniqueToken":uniquetoken])): Send request and verify the response successfully&#xD;
&#xD;
2019-09-12 15:00:11 - [MESSAGE][INFO] - HAR: C:\Users\rajesh.veeranna\Katalon Studio\SmartIndonasia\Reports\20190912_145850\SMARTINDONASIA_API_SmokeTest\20190912_145850\requests\main\9.har&#xD;
&#xD;
2019-09-12 15:00:11 - [TEST_CASE][PASSED] - Start Test Case : Verification: Verification accomplished successfully&#xD;
&#xD;
2019-09-12 15:00:11 - [TEST_STEP][PASSED] - request = getInstance().getCurrentRequest(): null&#xD;
&#xD;
2019-09-12 15:00:11 - [TEST_STEP][PASSED] - response = getInstance().getCurrentResponse(): null&#xD;
&#xD;
2019-09-12 15:00:11 - [TEST_STEP][PASSED] - verifyElementPropertyValue(response, "[3].versionTableId", "54b4256c-dc5d-410f-b79a-786233d0d5e6"): Verify element property value successfully&#xD;
&#xD;
2019-09-12 15:00:11 - [MESSAGE][PASSED] - Verify element property value successfully&#xD;
&#xD;
2019-09-12 15:00:11 - [TEST_STEP][PASSED] - verifyElementPropertyValue(response, "[3].tableName", "LeaveTypeMaster"): Verify element property value successfully&#xD;
&#xD;
2019-09-12 15:00:11 - [MESSAGE][PASSED] - Verify element property value successfully&#xD;
&#xD;
2019-09-12 15:00:11 - [TEST_STEP][PASSED] - verifyResponseStatusCode(response, 200): Verify response status code successfully&#xD;
&#xD;
2019-09-12 15:00:11 - [MESSAGE][PASSED] - Verify response status code successfully&#xD;
&#xD;
2019-09-12 15:00:11 - [TEST_STEP][PASSED] - getStatusCode()).isEqualTo(200): null&#xD;
&#xD;
2019-09-12 15:00:11 - [MESSAGE][PASSED] - Verify response successfully&#xD;
&#xD;
2019-09-12 15:00:11 - [MESSAGE][PASSED] - Send request and verify the response successfully</system-out>
            <system-err></system-err>
        </testcase>
        <testcase name="Test Cases/dLeave-Type" classname="Test Cases/dLeave-Type" status="PASSED">
            <system-out>2019-09-12 15:00:11 - [TEST_CASE][PASSED] - Test Cases/dLeave-Type: Test Cases/dLeave-Type&#xD;
&#xD;
2019-09-12 15:00:11 - [TEST_STEP][PASSED] - sendRequestAndVerify(findTestObject("eLeave-Type", ["versiontableId":versiontableId, "userId":userid, "uniqueToken":uniquetoken])): Send request and verify the response successfully&#xD;
&#xD;
2019-09-12 15:00:12 - [MESSAGE][INFO] - HAR: C:\Users\rajesh.veeranna\Katalon Studio\SmartIndonasia\Reports\20190912_145850\SMARTINDONASIA_API_SmokeTest\20190912_145850\requests\main\10.har&#xD;
&#xD;
2019-09-12 15:00:12 - [TEST_CASE][PASSED] - Start Test Case : Verification: Verification accomplished successfully&#xD;
&#xD;
2019-09-12 15:00:12 - [TEST_STEP][PASSED] - request = getInstance().getCurrentRequest(): null&#xD;
&#xD;
2019-09-12 15:00:12 - [TEST_STEP][PASSED] - response = getInstance().getCurrentResponse(): null&#xD;
&#xD;
2019-09-12 15:00:12 - [TEST_STEP][PASSED] - verifyElementPropertyValue(response, "leaveInfo[0].leaveTypeId", 1): Verify element property value successfully&#xD;
&#xD;
2019-09-12 15:00:12 - [MESSAGE][PASSED] - Verify element property value successfully&#xD;
&#xD;
2019-09-12 15:00:12 - [TEST_STEP][PASSED] - verifyElementPropertyValue(response, "leaveInfo[0].leaveType", "Annual Leave"): Verify element property value successfully&#xD;
&#xD;
2019-09-12 15:00:12 - [MESSAGE][PASSED] - Verify element property value successfully&#xD;
&#xD;
2019-09-12 15:00:12 - [TEST_STEP][PASSED] - verifyElementPropertyValue(response, "leaveInfo[1].leaveTypeId", 2): Verify element property value successfully&#xD;
&#xD;
2019-09-12 15:00:12 - [MESSAGE][PASSED] - Verify element property value successfully&#xD;
&#xD;
2019-09-12 15:00:12 - [TEST_STEP][PASSED] - verifyElementPropertyValue(response, "leaveInfo[1].leaveType", "Public Holiday"): Verify element property value successfully&#xD;
&#xD;
2019-09-12 15:00:12 - [MESSAGE][PASSED] - Verify element property value successfully&#xD;
&#xD;
2019-09-12 15:00:12 - [TEST_STEP][PASSED] - verifyElementPropertyValue(response, "leaveInfo[2].leaveTypeId", 3): Verify element property value successfully&#xD;
&#xD;
2019-09-12 15:00:12 - [MESSAGE][PASSED] - Verify element property value successfully&#xD;
&#xD;
2019-09-12 15:00:12 - [TEST_STEP][PASSED] - verifyElementPropertyValue(response, "leaveInfo[2].leaveType", "Sick Leave"): Verify element property value successfully&#xD;
&#xD;
2019-09-12 15:00:12 - [MESSAGE][PASSED] - Verify element property value successfully&#xD;
&#xD;
2019-09-12 15:00:12 - [TEST_STEP][PASSED] - verifyResponseStatusCode(response, 200): Verify response status code successfully&#xD;
&#xD;
2019-09-12 15:00:12 - [MESSAGE][PASSED] - Verify response status code successfully&#xD;
&#xD;
2019-09-12 15:00:12 - [TEST_STEP][PASSED] - getStatusCode()).isEqualTo(200): null&#xD;
&#xD;
2019-09-12 15:00:12 - [MESSAGE][PASSED] - Verify response successfully&#xD;
&#xD;
2019-09-12 15:00:12 - [MESSAGE][PASSED] - Send request and verify the response successfully</system-out>
            <system-err></system-err>
        </testcase>
        <testcase name="Test Cases/eLeave Application" classname="Test Cases/eLeave Application" status="PASSED">
            <system-out>2019-09-12 15:00:12 - [TEST_CASE][PASSED] - Test Cases/eLeave Application: Test Cases/eLeave Application&#xD;
&#xD;
2019-09-12 15:00:13 - [TEST_STEP][PASSED] - sendRequestAndVerify(findTestObject("eLeave-Application", ["leavetypeId":leavetypeId, "fromdaTe":fromdaTe, "todaTe":todaTe, "commenTs":commenTs, "userId":userid, "uniqueToken":uniquetoken])): Send request and verify the response successfully&#xD;
&#xD;
2019-09-12 15:00:13 - [MESSAGE][INFO] - HAR: C:\Users\rajesh.veeranna\Katalon Studio\SmartIndonasia\Reports\20190912_145850\SMARTINDONASIA_API_SmokeTest\20190912_145850\requests\main\11.har&#xD;
&#xD;
2019-09-12 15:00:13 - [TEST_CASE][PASSED] - Start Test Case : Verification: Verification accomplished successfully&#xD;
&#xD;
2019-09-12 15:00:13 - [TEST_STEP][PASSED] - request = getInstance().getCurrentRequest(): null&#xD;
&#xD;
2019-09-12 15:00:13 - [TEST_STEP][PASSED] - response = getInstance().getCurrentResponse(): null&#xD;
&#xD;
2019-09-12 15:00:13 - [TEST_STEP][PASSED] - verifyElementPropertyValue(response, "message", "Leave Applied Successfully"): Verify element property value successfully&#xD;
&#xD;
2019-09-12 15:00:13 - [MESSAGE][PASSED] - Verify element property value successfully&#xD;
&#xD;
2019-09-12 15:00:13 - [TEST_STEP][PASSED] - verifyResponseStatusCode(response, 200): Verify response status code successfully&#xD;
&#xD;
2019-09-12 15:00:13 - [MESSAGE][PASSED] - Verify response status code successfully&#xD;
&#xD;
2019-09-12 15:00:13 - [TEST_STEP][PASSED] - getStatusCode()).isEqualTo(200): null&#xD;
&#xD;
2019-09-12 15:00:13 - [MESSAGE][PASSED] - Verify response successfully&#xD;
&#xD;
2019-09-12 15:00:13 - [MESSAGE][PASSED] - Send request and verify the response successfully</system-out>
            <system-err></system-err>
        </testcase>
        <testcase name="Test Cases/eLeaveCancelApplicationTest" classname="Test Cases/eLeaveCancelApplicationTest" status="PASSED">
            <system-out>2019-09-12 15:00:13 - [TEST_CASE][PASSED] - Test Cases/eLeaveCancelApplicationTest: Test Cases/eLeaveCancelApplicationTest&#xD;
&#xD;
2019-09-12 15:00:14 - [TEST_STEP][PASSED] - sendRequestAndVerify(findTestObject("eleave-cancel-application", ["userId":userid, "uniqueToken":uniquetoken, "fromdaTe":fromdaTe, "todaTe":todaTe])): Send request and verify the response successfully&#xD;
&#xD;
2019-09-12 15:00:14 - [MESSAGE][INFO] - HAR: C:\Users\rajesh.veeranna\Katalon Studio\SmartIndonasia\Reports\20190912_145850\SMARTINDONASIA_API_SmokeTest\20190912_145850\requests\main\12.har&#xD;
&#xD;
2019-09-12 15:00:14 - [TEST_CASE][PASSED] - Start Test Case : Verification: Verification accomplished successfully&#xD;
&#xD;
2019-09-12 15:00:14 - [TEST_STEP][PASSED] - request = getInstance().getCurrentRequest(): null&#xD;
&#xD;
2019-09-12 15:00:15 - [TEST_STEP][PASSED] - response = getInstance().getCurrentResponse(): null&#xD;
&#xD;
2019-09-12 15:00:15 - [TEST_STEP][PASSED] - verifyResponseStatusCode(response, 200): Verify response status code successfully&#xD;
&#xD;
2019-09-12 15:00:15 - [MESSAGE][PASSED] - Verify response status code successfully&#xD;
&#xD;
2019-09-12 15:00:15 - [TEST_STEP][PASSED] - getStatusCode()).isEqualTo(200): null&#xD;
&#xD;
2019-09-12 15:00:15 - [TEST_STEP][PASSED] - verifyElementPropertyValue(response, "message", "Leave Cancel Successfully"): Verify element property value successfully&#xD;
&#xD;
2019-09-12 15:00:15 - [MESSAGE][PASSED] - Verify element property value successfully&#xD;
&#xD;
2019-09-12 15:00:15 - [MESSAGE][PASSED] - Verify response successfully&#xD;
&#xD;
2019-09-12 15:00:15 - [MESSAGE][PASSED] - Send request and verify the response successfully</system-out>
            <system-err></system-err>
        </testcase>
        <testcase name="Test Cases/gCropMasterTest" classname="Test Cases/gCropMasterTest" status="PASSED">
            <system-out>2019-09-12 15:00:15 - [TEST_CASE][PASSED] - Test Cases/gCropMasterTest: Test Cases/gCropMasterTest&#xD;
&#xD;
2019-09-12 15:00:15 - [TEST_STEP][PASSED] - sendRequestAndVerify(findTestObject("gCrop-Master", ["versiontableId":versiontableId, "userId":userid, "uniqueToken":uniquetoken])): Send request and verify the response successfully&#xD;
&#xD;
2019-09-12 15:00:15 - [MESSAGE][INFO] - HAR: C:\Users\rajesh.veeranna\Katalon Studio\SmartIndonasia\Reports\20190912_145850\SMARTINDONASIA_API_SmokeTest\20190912_145850\requests\main\13.har&#xD;
&#xD;
2019-09-12 15:00:15 - [TEST_CASE][PASSED] - Start Test Case : Verification: Verification accomplished successfully&#xD;
&#xD;
2019-09-12 15:00:15 - [TEST_STEP][PASSED] - request = getInstance().getCurrentRequest(): null&#xD;
&#xD;
2019-09-12 15:00:15 - [TEST_STEP][PASSED] - response = getInstance().getCurrentResponse(): null&#xD;
&#xD;
2019-09-12 15:00:15 - [TEST_STEP][PASSED] - verifyResponseStatusCode(response, 200): Verify response status code successfully&#xD;
&#xD;
2019-09-12 15:00:15 - [MESSAGE][PASSED] - Verify response status code successfully&#xD;
&#xD;
2019-09-12 15:00:15 - [TEST_STEP][PASSED] - getStatusCode()).isEqualTo(200): null&#xD;
&#xD;
2019-09-12 15:00:15 - [TEST_STEP][PASSED] - verifyElementPropertyValue(response, "cropInfo[0].cropName", "Corn"): Verify element property value successfully&#xD;
&#xD;
2019-09-12 15:00:15 - [MESSAGE][PASSED] - Verify element property value successfully&#xD;
&#xD;
2019-09-12 15:00:15 - [TEST_STEP][PASSED] - verifyElementPropertyValue(response, "cropInfo[0].cropId", "3fae2c89-2173-4bda-a49b-1c27b5fc5e07"): Verify element property value successfully&#xD;
&#xD;
2019-09-12 15:00:15 - [MESSAGE][PASSED] - Verify element property value successfully&#xD;
&#xD;
2019-09-12 15:00:15 - [TEST_STEP][PASSED] - verifyElementPropertyValue(response, "cropInfo[1].cropName", "Vegetables"): Verify element property value successfully&#xD;
&#xD;
2019-09-12 15:00:15 - [MESSAGE][PASSED] - Verify element property value successfully&#xD;
&#xD;
2019-09-12 15:00:15 - [TEST_STEP][PASSED] - verifyElementPropertyValue(response, "cropInfo[1].cropId", "7a9cc341-d6d3-4858-91de-27f0c1969218"): Verify element property value successfully&#xD;
&#xD;
2019-09-12 15:00:16 - [MESSAGE][PASSED] - Verify element property value successfully&#xD;
&#xD;
2019-09-12 15:00:16 - [TEST_STEP][PASSED] - verifyElementPropertyValue(response, "cropInfo[2].cropName", "Plantation"): Verify element property value successfully&#xD;
&#xD;
2019-09-12 15:00:16 - [MESSAGE][PASSED] - Verify element property value successfully&#xD;
&#xD;
2019-09-12 15:00:16 - [TEST_STEP][PASSED] - verifyElementPropertyValue(response, "cropInfo[2].cropId", "b43f3a40-78a4-4f63-b0a3-e0582b21847d"): Verify element property value successfully&#xD;
&#xD;
2019-09-12 15:00:16 - [MESSAGE][PASSED] - Verify element property value successfully&#xD;
&#xD;
2019-09-12 15:00:16 - [TEST_STEP][PASSED] - verifyElementPropertyValue(response, "cropInfo[3].cropName", "Rice"): Verify element property value successfully&#xD;
&#xD;
2019-09-12 15:00:16 - [MESSAGE][PASSED] - Verify element property value successfully&#xD;
&#xD;
2019-09-12 15:00:16 - [TEST_STEP][PASSED] - verifyElementPropertyValue(response, "cropInfo[3].cropId", "a49318df-a1aa-41bf-8114-ff0b702a403c"): Verify element property value successfully&#xD;
&#xD;
2019-09-12 15:00:16 - [MESSAGE][PASSED] - Verify element property value successfully&#xD;
&#xD;
2019-09-12 15:00:16 - [MESSAGE][PASSED] - Verify response successfully&#xD;
&#xD;
2019-09-12 15:00:16 - [MESSAGE][PASSED] - Send request and verify the response successfully</system-out>
            <system-err></system-err>
        </testcase>
        <testcase name="Test Cases/hProductMaster" classname="Test Cases/hProductMaster" status="PASSED">
            <system-out>2019-09-12 15:00:16 - [TEST_CASE][PASSED] - Test Cases/hProductMaster: Test Cases/hProductMaster&#xD;
&#xD;
2019-09-12 15:00:16 - [TEST_STEP][PASSED] - sendRequestAndVerify(findTestObject("iuser-crop-product", ["versiontableId":"", "userId":userid, "uniqueToken":uniquetoken])): Send request and verify the response successfully&#xD;
&#xD;
2019-09-12 15:00:16 - [MESSAGE][INFO] - HAR: C:\Users\rajesh.veeranna\Katalon Studio\SmartIndonasia\Reports\20190912_145850\SMARTINDONASIA_API_SmokeTest\20190912_145850\requests\main\14.har&#xD;
&#xD;
2019-09-12 15:00:16 - [TEST_CASE][PASSED] - Start Test Case : Verification: Verification accomplished successfully&#xD;
&#xD;
2019-09-12 15:00:16 - [TEST_STEP][PASSED] - request = getInstance().getCurrentRequest(): null&#xD;
&#xD;
2019-09-12 15:00:16 - [TEST_STEP][PASSED] - response = getInstance().getCurrentResponse(): null&#xD;
&#xD;
2019-09-12 15:00:16 - [TEST_STEP][PASSED] - verifyElementPropertyValue(response, "cropproductinfo[0].cropId", "3fae2c89-2173-4bda-a49b-1c27b5fc5e07"): Verify element property value successfully&#xD;
&#xD;
2019-09-12 15:00:17 - [MESSAGE][PASSED] - Verify element property value successfully&#xD;
&#xD;
2019-09-12 15:00:17 - [TEST_STEP][PASSED] - verifyElementPropertyValue(response, "cropproductinfo[0].cropName", "Corn"): Verify element property value successfully&#xD;
&#xD;
2019-09-12 15:00:17 - [MESSAGE][PASSED] - Verify element property value successfully&#xD;
&#xD;
2019-09-12 15:00:17 - [TEST_STEP][PASSED] - verifyElementPropertyValue(response, "cropproductinfo[0].products[6].productId", "71471df5-c30b-474a-8479-472d9aabf96e"): Verify element property value successfully&#xD;
&#xD;
2019-09-12 15:00:17 - [MESSAGE][PASSED] - Verify element property value successfully&#xD;
&#xD;
2019-09-12 15:00:17 - [TEST_STEP][PASSED] - verifyElementPropertyValue(response, "cropproductinfo[0].products[6].productName", "P36"): Verify element property value successfully&#xD;
&#xD;
2019-09-12 15:00:17 - [MESSAGE][PASSED] - Verify element property value successfully&#xD;
&#xD;
2019-09-12 15:00:17 - [TEST_STEP][PASSED] - verifyResponseStatusCode(response, 200): Verify response status code successfully&#xD;
&#xD;
2019-09-12 15:00:17 - [MESSAGE][PASSED] - Verify response status code successfully&#xD;
&#xD;
2019-09-12 15:00:17 - [TEST_STEP][PASSED] - getStatusCode()).isEqualTo(200): null&#xD;
&#xD;
2019-09-12 15:00:17 - [MESSAGE][PASSED] - Verify response successfully&#xD;
&#xD;
2019-09-12 15:00:17 - [MESSAGE][PASSED] - Send request and verify the response successfully</system-out>
            <system-err></system-err>
        </testcase>
        <testcase name="Test Cases/iUserCropProduct" classname="Test Cases/iUserCropProduct" status="PASSED">
            <system-out>2019-09-12 15:00:17 - [TEST_CASE][PASSED] - Test Cases/iUserCropProduct: Test Cases/iUserCropProduct&#xD;
&#xD;
2019-09-12 15:00:17 - [TEST_STEP][PASSED] - sendRequestAndVerify(findTestObject("iuser-crop-product", ["versiontableId":"", "userId":userid, "uniqueToken":uniquetoken])): Send request and verify the response successfully&#xD;
&#xD;
2019-09-12 15:00:17 - [MESSAGE][INFO] - HAR: C:\Users\rajesh.veeranna\Katalon Studio\SmartIndonasia\Reports\20190912_145850\SMARTINDONASIA_API_SmokeTest\20190912_145850\requests\main\15.har&#xD;
&#xD;
2019-09-12 15:00:17 - [TEST_CASE][PASSED] - Start Test Case : Verification: Verification accomplished successfully&#xD;
&#xD;
2019-09-12 15:00:17 - [TEST_STEP][PASSED] - request = getInstance().getCurrentRequest(): null&#xD;
&#xD;
2019-09-12 15:00:17 - [TEST_STEP][PASSED] - response = getInstance().getCurrentResponse(): null&#xD;
&#xD;
2019-09-12 15:00:17 - [TEST_STEP][PASSED] - verifyElementPropertyValue(response, "cropproductinfo[0].cropId", "3fae2c89-2173-4bda-a49b-1c27b5fc5e07"): Verify element property value successfully&#xD;
&#xD;
2019-09-12 15:00:17 - [MESSAGE][PASSED] - Verify element property value successfully&#xD;
&#xD;
2019-09-12 15:00:17 - [TEST_STEP][PASSED] - verifyElementPropertyValue(response, "cropproductinfo[0].cropName", "Corn"): Verify element property value successfully&#xD;
&#xD;
2019-09-12 15:00:17 - [MESSAGE][PASSED] - Verify element property value successfully&#xD;
&#xD;
2019-09-12 15:00:17 - [TEST_STEP][PASSED] - verifyElementPropertyValue(response, "cropproductinfo[0].products[6].productId", "71471df5-c30b-474a-8479-472d9aabf96e"): Verify element property value successfully&#xD;
&#xD;
2019-09-12 15:00:18 - [MESSAGE][PASSED] - Verify element property value successfully&#xD;
&#xD;
2019-09-12 15:00:18 - [TEST_STEP][PASSED] - verifyElementPropertyValue(response, "cropproductinfo[0].products[6].productName", "P36"): Verify element property value successfully&#xD;
&#xD;
2019-09-12 15:00:18 - [MESSAGE][PASSED] - Verify element property value successfully&#xD;
&#xD;
2019-09-12 15:00:18 - [TEST_STEP][PASSED] - verifyResponseStatusCode(response, 200): Verify response status code successfully&#xD;
&#xD;
2019-09-12 15:00:18 - [MESSAGE][PASSED] - Verify response status code successfully&#xD;
&#xD;
2019-09-12 15:00:18 - [TEST_STEP][PASSED] - getStatusCode()).isEqualTo(200): null&#xD;
&#xD;
2019-09-12 15:00:18 - [MESSAGE][PASSED] - Verify response successfully&#xD;
&#xD;
2019-09-12 15:00:18 - [MESSAGE][PASSED] - Send request and verify the response successfully</system-out>
            <system-err></system-err>
        </testcase>
        <system-out>2019-09-12 14:59:48 - [TEST_SUITE][INCOMPLETE] - SMARTINDONASIA_API_SmokeTest: null</system-out>
        <system-err>2019-09-12 14:59:48 - [TEST_SUITE][INCOMPLETE] - SMARTINDONASIA_API_SmokeTest: null</system-err>
    </testsuite>
</testsuites>
