<?xml version="1.0" encoding="UTF-8" standalone="yes"?>
<testsuites name="SMARTINDONASIA_API_SmokeTest" time="7" tests="4" failures="0" errors="0">
    <testsuite name="SMARTINDONASIA_API_SmokeTest" tests="4" failures="0" errors="0" time="7" timestamp="2019-09-09 21:37:23" hostname="Rajesh.Veeranna - VSPLBLRLT0060.visionetsystems.com" id="Test Suites/SMARTINDONASIA_API_SmokeTest">
        <properties>
            <property name="deviceName" value=""/>
            <property name="devicePlatform" value=""/>
            <property name="logFolder" value="C:\\Users\\rajesh.veeranna\\Katalon Studio\\SmartIndonasia\\Reports\\20190909_213720\\SMARTINDONASIA_API_SmokeTest\\20190909_213720"/>
            <property name="logFiles" value="C:\\Users\\rajesh.veeranna\\Katalon Studio\\SmartIndonasia\\Reports\\20190909_213720\\SMARTINDONASIA_API_SmokeTest\\20190909_213720\\execution0.log"/>
            <property name="attachments" value=""/>
            <property name="hostName" value="Rajesh.Veeranna - VSPLBLRLT0060.visionetsystems.com"/>
            <property name="hostAddress" value="10.130.3.183"/>
            <property name="os" value="Windows 7 64bit"/>
            <property name="katalonVersion" value="6.3.3.11"/>
        </properties>
        <testcase name="Test Cases/a.ValidateMobileNumberTest" classname="Test Cases/a.ValidateMobileNumberTest" status="PASSED">
            <system-out>2019-09-09 21:37:24 - [TEST_CASE][PASSED] - Test Cases/a.ValidateMobileNumberTest: Test Cases/a.ValidateMobileNumberTest&#xD;
&#xD;
2019-09-09 21:37:24 - [TEST_STEP][PASSED] - response = sendRequestAndVerify(findTestObject("avalidate_mobile_number")): Send request and verify the response successfully&#xD;
&#xD;
2019-09-09 21:37:26 - [MESSAGE][INFO] - HAR: C:\Users\rajesh.veeranna\Katalon Studio\SmartIndonasia\Reports\20190909_213720\SMARTINDONASIA_API_SmokeTest\20190909_213720\requests\main\0.har&#xD;
&#xD;
2019-09-09 21:37:27 - [TEST_CASE][PASSED] - Start Test Case : Verification: Verification accomplished successfully&#xD;
&#xD;
2019-09-09 21:37:27 - [TEST_STEP][PASSED] - request = getInstance().getCurrentRequest(): null&#xD;
&#xD;
2019-09-09 21:37:27 - [TEST_STEP][PASSED] - response = getInstance().getCurrentResponse(): null&#xD;
&#xD;
2019-09-09 21:37:27 - [TEST_STEP][PASSED] - verifyResponseStatusCode(response, 200): Verify response status code successfully&#xD;
&#xD;
2019-09-09 21:37:27 - [MESSAGE][PASSED] - Verify response status code successfully&#xD;
&#xD;
2019-09-09 21:37:27 - [TEST_STEP][PASSED] - getStatusCode()).isEqualTo(200): null&#xD;
&#xD;
2019-09-09 21:37:27 - [MESSAGE][PASSED] - Verify response successfully&#xD;
&#xD;
2019-09-09 21:37:27 - [MESSAGE][PASSED] - Send request and verify the response successfully&#xD;
&#xD;
2019-09-09 21:37:27 - [TEST_STEP][PASSED] - slurper = new groovy.json.JsonSlurper(): null&#xD;
&#xD;
2019-09-09 21:37:27 - [TEST_STEP][PASSED] - result = slurper.parseText(response.getResponseText()): null&#xD;
&#xD;
2019-09-09 21:37:27 - [TEST_STEP][PASSED] - println("***************************************"): null&#xD;
&#xD;
2019-09-09 21:37:27 - [TEST_STEP][PASSED] - println("THIS IS THE RESPONSE FROM VALIDATEMOBILENUMBER TEST CASE = " + result): null&#xD;
&#xD;
2019-09-09 21:37:28 - [TEST_STEP][PASSED] - println("***************************************"): null&#xD;
&#xD;
2019-09-09 21:37:28 - [TEST_STEP][PASSED] - value = uniqueTokenCode: null&#xD;
&#xD;
2019-09-09 21:37:28 - [TEST_STEP][PASSED] - println(value): null&#xD;
&#xD;
2019-09-09 21:37:28 - [TEST_STEP][PASSED] - uniquetoken = value: null&#xD;
&#xD;
2019-09-09 21:37:28 - [TEST_STEP][PASSED] - println("***************************************"): null&#xD;
&#xD;
2019-09-09 21:37:28 - [TEST_STEP][PASSED] - println("UNIQ TOKEN ID IS GENARATED  = " + uniquetoken): null&#xD;
&#xD;
2019-09-09 21:37:28 - [TEST_STEP][PASSED] - println("***************************************"): null</system-out>
            <system-err></system-err>
        </testcase>
        <testcase name="Test Cases/aValidate_OTPTest" classname="Test Cases/aValidate_OTPTest" status="PASSED">
            <system-out>2019-09-09 21:37:28 - [TEST_CASE][PASSED] - Test Cases/aValidate_OTPTest: Test Cases/aValidate_OTPTest&#xD;
&#xD;
2019-09-09 21:37:28 - [TEST_STEP][PASSED] - sendRequestAndVerify(findTestObject("avalidate_OTP", ["uniqueToken":uniquetoken, "userId":userid])): Send request and verify the response successfully&#xD;
&#xD;
2019-09-09 21:37:28 - [MESSAGE][INFO] - HAR: C:\Users\rajesh.veeranna\Katalon Studio\SmartIndonasia\Reports\20190909_213720\SMARTINDONASIA_API_SmokeTest\20190909_213720\requests\main\1.har&#xD;
&#xD;
2019-09-09 21:37:28 - [TEST_CASE][PASSED] - Start Test Case : Verification: Verification accomplished successfully&#xD;
&#xD;
2019-09-09 21:37:28 - [TEST_STEP][PASSED] - request = getInstance().getCurrentRequest(): null&#xD;
&#xD;
2019-09-09 21:37:29 - [TEST_STEP][PASSED] - response = getInstance().getCurrentResponse(): null&#xD;
&#xD;
2019-09-09 21:37:29 - [MESSAGE][PASSED] - Verify response successfully&#xD;
&#xD;
2019-09-09 21:37:29 - [MESSAGE][PASSED] - Send request and verify the response successfully&#xD;
&#xD;
2019-09-09 21:37:29 - [TEST_STEP][PASSED] - response1 = sendRequestAndVerify(findTestObject("avalidate_mobile_number")): Send request and verify the response successfully&#xD;
&#xD;
2019-09-09 21:37:29 - [MESSAGE][INFO] - HAR: C:\Users\rajesh.veeranna\Katalon Studio\SmartIndonasia\Reports\20190909_213720\SMARTINDONASIA_API_SmokeTest\20190909_213720\requests\main\2.har&#xD;
&#xD;
2019-09-09 21:37:29 - [TEST_CASE][PASSED] - Start Test Case : Verification: Verification accomplished successfully&#xD;
&#xD;
2019-09-09 21:37:29 - [TEST_STEP][PASSED] - request = getInstance().getCurrentRequest(): null&#xD;
&#xD;
2019-09-09 21:37:29 - [TEST_STEP][PASSED] - response = getInstance().getCurrentResponse(): null&#xD;
&#xD;
2019-09-09 21:37:29 - [TEST_STEP][PASSED] - verifyResponseStatusCode(response, 200): Verify response status code successfully&#xD;
&#xD;
2019-09-09 21:37:29 - [MESSAGE][PASSED] - Verify response status code successfully&#xD;
&#xD;
2019-09-09 21:37:29 - [TEST_STEP][PASSED] - getStatusCode()).isEqualTo(200): null&#xD;
&#xD;
2019-09-09 21:37:29 - [MESSAGE][PASSED] - Verify response successfully&#xD;
&#xD;
2019-09-09 21:37:29 - [MESSAGE][PASSED] - Send request and verify the response successfully&#xD;
&#xD;
2019-09-09 21:37:29 - [TEST_STEP][PASSED] - slurper1 = new groovy.json.JsonSlurper(): null&#xD;
&#xD;
2019-09-09 21:37:29 - [TEST_STEP][PASSED] - result1 = slurper1.parseText(response1.getResponseText()): null&#xD;
&#xD;
2019-09-09 21:37:29 - [TEST_STEP][PASSED] - println("***************************************"): null&#xD;
&#xD;
2019-09-09 21:37:29 - [TEST_STEP][PASSED] - println("THIS IS THE RESPONSE FROM VALIDATEOTP TEST CASE = " + result1): null&#xD;
&#xD;
2019-09-09 21:37:29 - [TEST_STEP][PASSED] - println("***************************************"): null&#xD;
&#xD;
2019-09-09 21:37:29 - [TEST_STEP][PASSED] - value1 = userId: null&#xD;
&#xD;
2019-09-09 21:37:29 - [TEST_STEP][PASSED] - userid = value1: null&#xD;
&#xD;
2019-09-09 21:37:29 - [TEST_STEP][PASSED] - println("***************************************"): null&#xD;
&#xD;
2019-09-09 21:37:29 - [TEST_STEP][PASSED] - println("THE USER ID IS GENARATED  = " + userid): null&#xD;
&#xD;
2019-09-09 21:37:29 - [TEST_STEP][PASSED] - println("***************************************"): null</system-out>
            <system-err></system-err>
        </testcase>
        <testcase name="Test Cases/bInsertUser_CheckIn" classname="Test Cases/bInsertUser_CheckIn" status="PASSED">
            <system-out>2019-09-09 21:37:29 - [TEST_CASE][PASSED] - Test Cases/bInsertUser_CheckIn: Test Cases/bInsertUser_CheckIn&#xD;
&#xD;
2019-09-09 21:37:30 - [TEST_STEP][PASSED] - chkInID = toString().toUpperCase(): null&#xD;
&#xD;
2019-09-09 21:37:30 - [TEST_STEP][PASSED] - println(chkInID): null&#xD;
&#xD;
2019-09-09 21:37:30 - [TEST_STEP][PASSED] - now = new java.util.Date(): null&#xD;
&#xD;
2019-09-09 21:37:30 - [TEST_STEP][PASSED] - chkInTime = now.format("dd-MM-YYYY HH:mm:ss +5:30"): null&#xD;
&#xD;
2019-09-09 21:37:30 - [TEST_STEP][PASSED] - println(chkInTime): null&#xD;
&#xD;
2019-09-09 21:37:30 - [TEST_STEP][PASSED] - resp3 = sendRequest(findTestObject("bInsertUserCheckIn", ["uniqueToken":uniquetoken, "userId":userid, "checkInTime":chkInTime, "checkInID":chkInID, "checkinLocality":checkinLocality])): Send request successfully&#xD;
&#xD;
2019-09-09 21:37:30 - [MESSAGE][INFO] - HAR: C:\Users\rajesh.veeranna\Katalon Studio\SmartIndonasia\Reports\20190909_213720\SMARTINDONASIA_API_SmokeTest\20190909_213720\requests\main\3.har&#xD;
&#xD;
2019-09-09 21:37:30 - [MESSAGE][PASSED] - Send request successfully&#xD;
&#xD;
2019-09-09 21:37:30 - [TEST_STEP][PASSED] - slurper3 = new groovy.json.JsonSlurper(): null&#xD;
&#xD;
2019-09-09 21:37:30 - [TEST_STEP][PASSED] - result3 = slurper3.parseText(resp3.getResponseText()): null&#xD;
&#xD;
2019-09-09 21:37:30 - [TEST_STEP][PASSED] - println("***************************************
"): null&#xD;
&#xD;
2019-09-09 21:37:30 - [TEST_STEP][PASSED] - println("THIS IS THE RESPONSE FROM USER_CHECKIN TEST CASE = " + result3): null&#xD;
&#xD;
2019-09-09 21:37:30 - [TEST_STEP][PASSED] - println("***************************************
"): null&#xD;
&#xD;
2019-09-09 21:37:30 - [TEST_STEP][PASSED] - toString().split(chkInID, 0): null&#xD;
&#xD;
2019-09-09 21:37:30 - [TEST_STEP][PASSED] - value3 = toString().substring(11, 47): null&#xD;
&#xD;
2019-09-09 21:37:30 - [TEST_STEP][PASSED] - println(value3): null&#xD;
&#xD;
2019-09-09 21:37:30 - [TEST_STEP][PASSED] - println("THE CHECKIN  iD IS   = " + value3): null&#xD;
&#xD;
2019-09-09 21:37:30 - [TEST_STEP][PASSED] - f = new java.io.File(D:\Checkin_ID.txt): null&#xD;
&#xD;
2019-09-09 21:37:30 - [TEST_STEP][PASSED] - f.write(value3): null</system-out>
            <system-err></system-err>
        </testcase>
        <testcase name="Test Cases/bUpdateUser_CheckIn" classname="Test Cases/bUpdateUser_CheckIn" status="PASSED">
            <system-out>2019-09-09 21:37:30 - [TEST_CASE][PASSED] - Test Cases/bUpdateUser_CheckIn: Test Cases/bUpdateUser_CheckIn&#xD;
&#xD;
2019-09-09 21:37:31 - [TEST_STEP][PASSED] - file3 = new java.io.File(D:\InsertTripDetails_ID.txt): null&#xD;
&#xD;
2019-09-09 21:37:31 - [TEST_STEP][PASSED] - checkinID = file3.readLines(): null&#xD;
&#xD;
2019-09-09 21:37:31 - [TEST_STEP][PASSED] - println("--------------&gt;" + checkinID): null&#xD;
&#xD;
2019-09-09 21:37:31 - [TEST_STEP][PASSED] - now1 = new java.util.Date(): null&#xD;
&#xD;
2019-09-09 21:37:31 - [TEST_STEP][PASSED] - chkOutTime = now1.format("dd-MM-YYYY HH:mm:ss +5:30"): null&#xD;
&#xD;
2019-09-09 21:37:31 - [TEST_STEP][PASSED] - println(chkOutTime): null&#xD;
&#xD;
2019-09-09 21:37:31 - [TEST_STEP][PASSED] - resp4 = sendRequest(findTestObject("bUpdateUserCheckIn", ["uniqueToken":uniquetoken, "userId":userid, "checkinID":checkinID, "checkedOutTime":chkOutTime])): Send request successfully&#xD;
&#xD;
2019-09-09 21:37:31 - [MESSAGE][INFO] - HAR: C:\Users\rajesh.veeranna\Katalon Studio\SmartIndonasia\Reports\20190909_213720\SMARTINDONASIA_API_SmokeTest\20190909_213720\requests\main\4.har&#xD;
&#xD;
2019-09-09 21:37:31 - [MESSAGE][PASSED] - Send request successfully</system-out>
            <system-err></system-err>
        </testcase>
        <system-out>2019-09-09 21:37:23 - [TEST_SUITE][INCOMPLETE] - SMARTINDONASIA_API_SmokeTest: null</system-out>
        <system-err>2019-09-09 21:37:23 - [TEST_SUITE][INCOMPLETE] - SMARTINDONASIA_API_SmokeTest: null</system-err>
    </testsuite>
</testsuites>
