<?xml version="1.0" encoding="UTF-8" standalone="yes"?>
<testsuites name="SMARTINDONASIA_API_SmokeTest" time="6" tests="3" failures="0" errors="0">
    <testsuite name="SMARTINDONASIA_API_SmokeTest" tests="3" failures="0" errors="0" time="6" timestamp="2019-09-23 21:03:23" hostname="Rajesh.Veeranna - VSPLBLRLT0060.visionetsystems.com" id="Test Suites/SMARTINDONASIA_API_SmokeTest">
        <properties>
            <property name="deviceName" value=""/>
            <property name="devicePlatform" value=""/>
            <property name="logFolder" value="C:\\Users\\rajesh.veeranna\\Katalon Studio\\SmartIndonasia\\Reports\\20190923_210320\\SMARTINDONASIA_API_SmokeTest\\20190923_210320"/>
            <property name="logFiles" value="C:\\Users\\rajesh.veeranna\\Katalon Studio\\SmartIndonasia\\Reports\\20190923_210320\\SMARTINDONASIA_API_SmokeTest\\20190923_210320\\execution0.log"/>
            <property name="attachments" value=""/>
            <property name="hostName" value="Rajesh.Veeranna - VSPLBLRLT0060.visionetsystems.com"/>
            <property name="hostAddress" value="10.130.3.183"/>
            <property name="os" value="Windows 7 64bit"/>
            <property name="katalonVersion" value="6.3.3.11"/>
        </properties>
        <testcase name="Test Cases/a.ValidateMobileNumber_Test" classname="Test Cases/a.ValidateMobileNumber_Test" status="PASSED">
            <system-out>2019-09-23 21:03:23 - [TEST_CASE][PASSED] - Test Cases/a.ValidateMobileNumber_Test: Test Cases/a.ValidateMobileNumber_Test&#xD;
&#xD;
2019-09-23 21:03:24 - [TEST_STEP][PASSED] - sendRequest(findTestObject("aValidate Mobile Number", ["protocal":Endpoint])): Send request successfully&#xD;
&#xD;
2019-09-23 21:03:25 - [MESSAGE][INFO] - HAR: C:\Users\rajesh.veeranna\Katalon Studio\SmartIndonasia\Reports\20190923_210320\SMARTINDONASIA_API_SmokeTest\20190923_210320\requests\main\0.har&#xD;
&#xD;
2019-09-23 21:03:26 - [MESSAGE][PASSED] - Send request successfully&#xD;
&#xD;
2019-09-23 21:03:26 - [TEST_STEP][PASSED] - response = sendRequestAndVerify(findTestObject("aValidate Mobile Number", ["protocal":Endpoint])): Send request and verify the response successfully&#xD;
&#xD;
2019-09-23 21:03:26 - [MESSAGE][INFO] - HAR: C:\Users\rajesh.veeranna\Katalon Studio\SmartIndonasia\Reports\20190923_210320\SMARTINDONASIA_API_SmokeTest\20190923_210320\requests\main\1.har&#xD;
&#xD;
2019-09-23 21:03:26 - [TEST_CASE][PASSED] - Start Test Case : Verification: Verification accomplished successfully&#xD;
&#xD;
2019-09-23 21:03:26 - [TEST_STEP][PASSED] - request = getInstance().getCurrentRequest(): null&#xD;
&#xD;
2019-09-23 21:03:26 - [TEST_STEP][PASSED] - response = getInstance().getCurrentResponse(): null&#xD;
&#xD;
2019-09-23 21:03:26 - [TEST_STEP][PASSED] - verifyResponseStatusCode(response, 200): Verify response status code successfully&#xD;
&#xD;
2019-09-23 21:03:27 - [MESSAGE][PASSED] - Verify response status code successfully&#xD;
&#xD;
2019-09-23 21:03:27 - [TEST_STEP][PASSED] - getStatusCode()).isEqualTo(200): null&#xD;
&#xD;
2019-09-23 21:03:27 - [MESSAGE][PASSED] - Verify response successfully&#xD;
&#xD;
2019-09-23 21:03:27 - [MESSAGE][PASSED] - Send request and verify the response successfully&#xD;
&#xD;
2019-09-23 21:03:27 - [TEST_STEP][PASSED] - slurper = new groovy.json.JsonSlurper(): null&#xD;
&#xD;
2019-09-23 21:03:27 - [TEST_STEP][PASSED] - result = slurper.parseText(response.getResponseText()): null&#xD;
&#xD;
2019-09-23 21:03:27 - [TEST_STEP][PASSED] - println("***************************************"): null&#xD;
&#xD;
2019-09-23 21:03:27 - [TEST_STEP][PASSED] - println("THIS IS THE RESPONSE FROM VALIDATEMOBILENUMBER TEST CASE = " + result): null&#xD;
&#xD;
2019-09-23 21:03:27 - [TEST_STEP][PASSED] - println("***************************************"): null&#xD;
&#xD;
2019-09-23 21:03:27 - [TEST_STEP][PASSED] - value = uniqueTokenCode: null&#xD;
&#xD;
2019-09-23 21:03:27 - [TEST_STEP][PASSED] - println(value): null&#xD;
&#xD;
2019-09-23 21:03:27 - [TEST_STEP][PASSED] - uniquetoken = value: null&#xD;
&#xD;
2019-09-23 21:03:27 - [TEST_STEP][PASSED] - println("***************************************"): null&#xD;
&#xD;
2019-09-23 21:03:27 - [TEST_STEP][PASSED] - println("UNIQ TOKEN ID IS GENARATED  = " + uniquetoken): null&#xD;
&#xD;
2019-09-23 21:03:27 - [TEST_STEP][PASSED] - println("***************************************"): null</system-out>
            <system-err></system-err>
        </testcase>
        <testcase name="Test Cases/aValidate_OTPTest" classname="Test Cases/aValidate_OTPTest" status="PASSED">
            <system-out>2019-09-23 21:03:27 - [TEST_CASE][PASSED] - Test Cases/aValidate_OTPTest: Test Cases/aValidate_OTPTest&#xD;
&#xD;
2019-09-23 21:03:27 - [TEST_STEP][PASSED] - sendRequest(findTestObject("aValidate OTP", ["uniqueToken":uniquetoken, "userId":userid])): Send request successfully&#xD;
&#xD;
2019-09-23 21:03:27 - [MESSAGE][INFO] - HAR: C:\Users\rajesh.veeranna\Katalon Studio\SmartIndonasia\Reports\20190923_210320\SMARTINDONASIA_API_SmokeTest\20190923_210320\requests\main\2.har&#xD;
&#xD;
2019-09-23 21:03:27 - [MESSAGE][PASSED] - Send request successfully&#xD;
&#xD;
2019-09-23 21:03:27 - [TEST_STEP][PASSED] - response1 = sendRequest(findTestObject("aValidate Mobile Number")): Send request successfully&#xD;
&#xD;
2019-09-23 21:03:28 - [MESSAGE][INFO] - HAR: C:\Users\rajesh.veeranna\Katalon Studio\SmartIndonasia\Reports\20190923_210320\SMARTINDONASIA_API_SmokeTest\20190923_210320\requests\main\3.har&#xD;
&#xD;
2019-09-23 21:03:28 - [MESSAGE][PASSED] - Send request successfully&#xD;
&#xD;
2019-09-23 21:03:28 - [TEST_STEP][PASSED] - slurper1 = new groovy.json.JsonSlurper(): null&#xD;
&#xD;
2019-09-23 21:03:28 - [TEST_STEP][PASSED] - result1 = slurper1.parseText(responseBodyContent): null&#xD;
&#xD;
2019-09-23 21:03:28 - [TEST_STEP][PASSED] - println("***************************************"): null&#xD;
&#xD;
2019-09-23 21:03:28 - [TEST_STEP][PASSED] - println("THIS IS THE RESPONSE FROM VALIDATEOTP TEST CASE = " + result1): null&#xD;
&#xD;
2019-09-23 21:03:28 - [TEST_STEP][PASSED] - println("***************************************"): null&#xD;
&#xD;
2019-09-23 21:03:28 - [TEST_STEP][PASSED] - value1 = userId: null&#xD;
&#xD;
2019-09-23 21:03:28 - [TEST_STEP][PASSED] - userid = value1: null&#xD;
&#xD;
2019-09-23 21:03:28 - [TEST_STEP][PASSED] - println("***************************************"): null&#xD;
&#xD;
2019-09-23 21:03:28 - [TEST_STEP][PASSED] - println("THE USER ID IS GENARATED  = " + userid): null&#xD;
&#xD;
2019-09-23 21:03:28 - [TEST_STEP][PASSED] - println("***************************************"): null</system-out>
            <system-err></system-err>
        </testcase>
        <testcase name="Test Cases/z2Supervisior Users" classname="Test Cases/z2Supervisior Users" status="PASSED">
            <system-out>2019-09-23 21:03:28 - [TEST_CASE][PASSED] - Test Cases/z2Supervisior Users: Test Cases/z2Supervisior Users&#xD;
&#xD;
2019-09-23 21:03:28 - [TEST_STEP][PASSED] - now = new java.util.Date(): null&#xD;
&#xD;
2019-09-23 21:03:28 - [TEST_STEP][PASSED] - fromDatE = now.format("dd-MM-YYYY HH:mm:ss +5:30"): null&#xD;
&#xD;
2019-09-23 21:03:28 - [TEST_STEP][PASSED] - println(fromDatE): null&#xD;
&#xD;
2019-09-23 21:03:28 - [TEST_STEP][PASSED] - toDatE = now.format("dd-MM-YYYY HH:mm:ss +5:30"): null&#xD;
&#xD;
2019-09-23 21:03:28 - [TEST_STEP][PASSED] - println(toDatE): null&#xD;
&#xD;
2019-09-23 21:03:28 - [TEST_STEP][PASSED] - sendRequest(findTestObject("z2Supervisior Users", ["uniqueToken":uniquetoken, "userId":userid, "fromDatE":fromDatE, "toDatE":toDatE])): Send request successfully&#xD;
&#xD;
2019-09-23 21:03:28 - [MESSAGE][INFO] - HAR: C:\Users\rajesh.veeranna\Katalon Studio\SmartIndonasia\Reports\20190923_210320\SMARTINDONASIA_API_SmokeTest\20190923_210320\requests\main\4.har&#xD;
&#xD;
2019-09-23 21:03:28 - [MESSAGE][PASSED] - Send request successfully&#xD;
&#xD;
2019-09-23 21:03:28 - [TEST_STEP][PASSED] - responsez2 = sendRequestAndVerify(findTestObject("z2Supervisior Users", ["uniqueToken":uniquetoken, "userId":userid, "fromDatE":fromDatE, "toDatE":toDatE])): Send request and verify the response successfully&#xD;
&#xD;
2019-09-23 21:03:29 - [MESSAGE][INFO] - HAR: C:\Users\rajesh.veeranna\Katalon Studio\SmartIndonasia\Reports\20190923_210320\SMARTINDONASIA_API_SmokeTest\20190923_210320\requests\main\5.har&#xD;
&#xD;
2019-09-23 21:03:29 - [TEST_CASE][PASSED] - Start Test Case : Verification: Verification accomplished successfully&#xD;
&#xD;
2019-09-23 21:03:29 - [TEST_STEP][PASSED] - request = getInstance().getCurrentRequest(): null&#xD;
&#xD;
2019-09-23 21:03:29 - [TEST_STEP][PASSED] - response = getInstance().getCurrentResponse(): null&#xD;
&#xD;
2019-09-23 21:03:29 - [TEST_STEP][PASSED] - verifyResponseStatusCode(response, 200): Verify response status code successfully&#xD;
&#xD;
2019-09-23 21:03:29 - [MESSAGE][PASSED] - Verify response status code successfully&#xD;
&#xD;
2019-09-23 21:03:29 - [TEST_STEP][PASSED] - getStatusCode()).isEqualTo(200): null&#xD;
&#xD;
2019-09-23 21:03:29 - [MESSAGE][PASSED] - Verify response successfully&#xD;
&#xD;
2019-09-23 21:03:29 - [MESSAGE][PASSED] - Send request and verify the response successfully&#xD;
&#xD;
2019-09-23 21:03:29 - [TEST_STEP][PASSED] - slurperz2 = new groovy.json.JsonSlurper(): null&#xD;
&#xD;
2019-09-23 21:03:29 - [TEST_STEP][PASSED] - resultz2 = slurperz2.parseText(responsez2.getResponseText()): null&#xD;
&#xD;
2019-09-23 21:03:29 - [TEST_STEP][PASSED] - println("***************************************"): null&#xD;
&#xD;
2019-09-23 21:03:29 - [TEST_STEP][PASSED] - println("THIS IS THE RESPONSE FROM SUPERVISIOR USERS TEST CASE = " + resultz2): null&#xD;
&#xD;
2019-09-23 21:03:29 - [TEST_STEP][PASSED] - println("***************************************"): null</system-out>
            <system-err></system-err>
        </testcase>
        <system-out>2019-09-23 21:03:23 - [TEST_SUITE][INCOMPLETE] - SMARTINDONASIA_API_SmokeTest: null</system-out>
        <system-err>2019-09-23 21:03:23 - [TEST_SUITE][INCOMPLETE] - SMARTINDONASIA_API_SmokeTest: null</system-err>
    </testsuite>
</testsuites>
