<?xml version="1.0" encoding="UTF-8" standalone="yes"?>
<testsuites name="SMARTINDONASIA_API_SmokeTest" time="44" tests="6" failures="19" errors="3">
    <testsuite name="SMARTINDONASIA_API_SmokeTest" tests="6" failures="19" errors="3" time="44" timestamp="2019-09-19 21:21:20" hostname="Rajesh.Veeranna - VSPLBLRLT0060.visionetsystems.com" id="Test Suites/SMARTINDONASIA_API_SmokeTest">
        <properties>
            <property name="deviceName" value=""/>
            <property name="devicePlatform" value=""/>
            <property name="logFolder" value="C:\\Users\\rajesh.veeranna\\Katalon Studio\\SmartIndonasia\\Reports\\20190919_212117\\SMARTINDONASIA_API_SmokeTest\\20190919_212117"/>
            <property name="logFiles" value="C:\\Users\\rajesh.veeranna\\Katalon Studio\\SmartIndonasia\\Reports\\20190919_212117\\SMARTINDONASIA_API_SmokeTest\\20190919_212117\\execution0.log"/>
            <property name="attachments" value=""/>
            <property name="hostName" value="Rajesh.Veeranna - VSPLBLRLT0060.visionetsystems.com"/>
            <property name="hostAddress" value="10.130.3.183"/>
            <property name="os" value="Windows 7 64bit"/>
            <property name="katalonVersion" value="6.3.3.11"/>
        </properties>
        <testcase name="Test Cases/a.ValidateMobileNumber_Test" classname="Test Cases/a.ValidateMobileNumber_Test" status="PASSED">
            <system-out>2019-09-19 21:21:20 - [TEST_CASE][PASSED] - Test Cases/a.ValidateMobileNumber_Test: Test Cases/a.ValidateMobileNumber_Test&#xD;
&#xD;
2019-09-19 21:21:21 - [TEST_STEP][PASSED] - sendRequest(findTestObject("aValidate Mobile Number", ["protocal":Endpoint, "mobiLe":mobiLe])): Send request successfully&#xD;
&#xD;
2019-09-19 21:21:22 - [MESSAGE][INFO] - HAR: C:\Users\rajesh.veeranna\Katalon Studio\SmartIndonasia\Reports\20190919_212117\SMARTINDONASIA_API_SmokeTest\20190919_212117\requests\main\0.har&#xD;
&#xD;
2019-09-19 21:21:22 - [MESSAGE][PASSED] - Send request successfully&#xD;
&#xD;
2019-09-19 21:21:22 - [TEST_STEP][PASSED] - response = sendRequestAndVerify(findTestObject("aValidate Mobile Number", ["protocal":Endpoint, "mobiLe":mobiLe])): Send request and verify the response successfully&#xD;
&#xD;
2019-09-19 21:21:23 - [MESSAGE][INFO] - HAR: C:\Users\rajesh.veeranna\Katalon Studio\SmartIndonasia\Reports\20190919_212117\SMARTINDONASIA_API_SmokeTest\20190919_212117\requests\main\1.har&#xD;
&#xD;
2019-09-19 21:21:23 - [TEST_CASE][PASSED] - Start Test Case : Verification: Verification accomplished successfully&#xD;
&#xD;
2019-09-19 21:21:23 - [TEST_STEP][PASSED] - request = getInstance().getCurrentRequest(): null&#xD;
&#xD;
2019-09-19 21:21:23 - [TEST_STEP][PASSED] - response = getInstance().getCurrentResponse(): null&#xD;
&#xD;
2019-09-19 21:21:23 - [TEST_STEP][PASSED] - verifyResponseStatusCode(response, 200): Verify response status code successfully&#xD;
&#xD;
2019-09-19 21:21:23 - [MESSAGE][PASSED] - Verify response status code successfully&#xD;
&#xD;
2019-09-19 21:21:23 - [TEST_STEP][PASSED] - getStatusCode()).isEqualTo(200): null&#xD;
&#xD;
2019-09-19 21:21:23 - [MESSAGE][PASSED] - Verify response successfully&#xD;
&#xD;
2019-09-19 21:21:23 - [MESSAGE][PASSED] - Send request and verify the response successfully&#xD;
&#xD;
2019-09-19 21:21:23 - [TEST_STEP][PASSED] - slurper = new groovy.json.JsonSlurper(): null&#xD;
&#xD;
2019-09-19 21:21:23 - [TEST_STEP][PASSED] - result = slurper.parseText(response.getResponseText()): null&#xD;
&#xD;
2019-09-19 21:21:24 - [TEST_STEP][PASSED] - println("***************************************"): null&#xD;
&#xD;
2019-09-19 21:21:24 - [TEST_STEP][PASSED] - println("THIS IS THE RESPONSE FROM VALIDATEMOBILENUMBER TEST CASE = " + result): null&#xD;
&#xD;
2019-09-19 21:21:24 - [TEST_STEP][PASSED] - println("***************************************"): null&#xD;
&#xD;
2019-09-19 21:21:24 - [TEST_STEP][PASSED] - value = uniqueTokenCode: null&#xD;
&#xD;
2019-09-19 21:21:24 - [TEST_STEP][PASSED] - println(value): null&#xD;
&#xD;
2019-09-19 21:21:24 - [TEST_STEP][PASSED] - uniquetoken = value: null&#xD;
&#xD;
2019-09-19 21:21:24 - [TEST_STEP][PASSED] - println("***************************************"): null&#xD;
&#xD;
2019-09-19 21:21:24 - [TEST_STEP][PASSED] - println("UNIQ TOKEN ID IS GENARATED  = " + uniquetoken): null&#xD;
&#xD;
2019-09-19 21:21:24 - [TEST_STEP][PASSED] - println("***************************************"): null</system-out>
            <system-err></system-err>
        </testcase>
        <testcase name="Test Cases/aValidate_OTPTest" classname="Test Cases/aValidate_OTPTest" status="ERROR">
            <error type="ERROR" message="Test Cases/aValidate_OTPTest FAILED.&#xA;Reason:&#xA;groovy.json.JsonException: Unable to determine the current character, it is not a string, number, array, or object&#xA;&#xA;The current character read is 'H' with an int value of 72&#xA;Unable to determine the current character, it is not a string, number, array, or object&#xA;line number 1&#xA;index number 0&#xA;Header Params are missing.&#xA;^&#xD;&#xA;&#x9;at aValidate_OTPTest.run(aValidate_OTPTest:23)&#xD;&#xA;&#x9;at com.kms.katalon.core.main.ScriptEngine.run(ScriptEngine.java:194)&#xD;&#xA;&#x9;at com.kms.katalon.core.main.ScriptEngine.runScriptAsRawText(ScriptEngine.java:119)&#xD;&#xA;&#x9;at com.kms.katalon.core.main.TestCaseExecutor.runScript(TestCaseExecutor.java:337)&#xD;&#xA;&#x9;at com.kms.katalon.core.main.TestCaseExecutor.doExecute(TestCaseExecutor.java:328)&#xD;&#xA;&#x9;at com.kms.katalon.core.main.TestCaseExecutor.processExecutionPhase(TestCaseExecutor.java:307)&#xD;&#xA;&#x9;at com.kms.katalon.core.main.TestCaseExecutor.accessMainPhase(TestCaseExecutor.java:299)&#xD;&#xA;&#x9;at com.kms.katalon.core.main.TestCaseExecutor.execute(TestCaseExecutor.java:233)&#xD;&#xA;&#x9;at com.kms.katalon.core.main.TestSuiteExecutor.accessTestCaseMainPhase(TestSuiteExecutor.java:169)&#xD;&#xA;&#x9;at com.kms.katalon.core.main.TestSuiteExecutor.accessTestSuiteMainPhase(TestSuiteExecutor.java:142)&#xD;&#xA;&#x9;at com.kms.katalon.core.main.TestSuiteExecutor.execute(TestSuiteExecutor.java:91)&#xD;&#xA;&#x9;at com.kms.katalon.core.main.TestCaseMain.startTestSuite(TestCaseMain.java:157)&#xD;&#xA;&#x9;at com.kms.katalon.core.main.TestCaseMain$startTestSuite$0.call(Unknown Source)&#xD;&#xA;&#x9;at TempTestSuite1568908277252.run(TempTestSuite1568908277252.groovy:35)&#xD;&#xA;"/>
            <system-out>2019-09-19 21:21:24 - [TEST_CASE][ERROR] - Test Cases/aValidate_OTPTest: Test Cases/aValidate_OTPTest FAILED.
Reason:
groovy.json.JsonException: Unable to determine the current character, it is not a string, number, array, or object

The current character read is 'H' with an int value of 72
Unable to determine the current character, it is not a string, number, array, or object
line number 1
index number 0
Header Params are missing.
^&#xD;
	at aValidate_OTPTest.run(aValidate_OTPTest:23)&#xD;
	at com.kms.katalon.core.main.ScriptEngine.run(ScriptEngine.java:194)&#xD;
	at com.kms.katalon.core.main.ScriptEngine.runScriptAsRawText(ScriptEngine.java:119)&#xD;
	at com.kms.katalon.core.main.TestCaseExecutor.runScript(TestCaseExecutor.java:337)&#xD;
	at com.kms.katalon.core.main.TestCaseExecutor.doExecute(TestCaseExecutor.java:328)&#xD;
	at com.kms.katalon.core.main.TestCaseExecutor.processExecutionPhase(TestCaseExecutor.java:307)&#xD;
	at com.kms.katalon.core.main.TestCaseExecutor.accessMainPhase(TestCaseExecutor.java:299)&#xD;
	at com.kms.katalon.core.main.TestCaseExecutor.execute(TestCaseExecutor.java:233)&#xD;
	at com.kms.katalon.core.main.TestSuiteExecutor.accessTestCaseMainPhase(TestSuiteExecutor.java:169)&#xD;
	at com.kms.katalon.core.main.TestSuiteExecutor.accessTestSuiteMainPhase(TestSuiteExecutor.java:142)&#xD;
	at com.kms.katalon.core.main.TestSuiteExecutor.execute(TestSuiteExecutor.java:91)&#xD;
	at com.kms.katalon.core.main.TestCaseMain.startTestSuite(TestCaseMain.java:157)&#xD;
	at com.kms.katalon.core.main.TestCaseMain$startTestSuite$0.call(Unknown Source)&#xD;
	at TempTestSuite1568908277252.run(TempTestSuite1568908277252.groovy:35)&#xD;
&#xD;
&#xD;
2019-09-19 21:21:24 - [TEST_STEP][PASSED] - sendRequest(findTestObject("aValidate OTP", ["uniqueToken":uniquetoken, "userId":userid])): Send request successfully&#xD;
&#xD;
2019-09-19 21:21:24 - [MESSAGE][INFO] - HAR: C:\Users\rajesh.veeranna\Katalon Studio\SmartIndonasia\Reports\20190919_212117\SMARTINDONASIA_API_SmokeTest\20190919_212117\requests\main\2.har&#xD;
&#xD;
2019-09-19 21:21:24 - [MESSAGE][PASSED] - Send request successfully&#xD;
&#xD;
2019-09-19 21:21:24 - [TEST_STEP][PASSED] - response1 = sendRequestAndVerify(findTestObject("aValidate OTP", ["uniqueToken":uniquetoken, "userId":userid])): Send request and verify the response successfully&#xD;
&#xD;
2019-09-19 21:21:24 - [MESSAGE][INFO] - HAR: C:\Users\rajesh.veeranna\Katalon Studio\SmartIndonasia\Reports\20190919_212117\SMARTINDONASIA_API_SmokeTest\20190919_212117\requests\main\3.har&#xD;
&#xD;
2019-09-19 21:21:25 - [TEST_CASE][PASSED] - Start Test Case : Verification: Verification accomplished successfully&#xD;
&#xD;
2019-09-19 21:21:25 - [TEST_STEP][PASSED] - request = getInstance().getCurrentRequest(): null&#xD;
&#xD;
2019-09-19 21:21:25 - [TEST_STEP][PASSED] - response = getInstance().getCurrentResponse(): null&#xD;
&#xD;
2019-09-19 21:21:25 - [MESSAGE][PASSED] - Verify response successfully&#xD;
&#xD;
2019-09-19 21:21:25 - [MESSAGE][PASSED] - Send request and verify the response successfully&#xD;
&#xD;
2019-09-19 21:21:25 - [TEST_STEP][PASSED] - slurper1 = new groovy.json.JsonSlurper(): null&#xD;
&#xD;
2019-09-19 21:21:25 - [TEST_STEP][PASSED] - result1 = slurper1.parseText(response1.getResponseText()): null</system-out>
            <system-err>2019-09-19 21:21:24 - [TEST_CASE][ERROR] - Test Cases/aValidate_OTPTest: Test Cases/aValidate_OTPTest FAILED.
Reason:
groovy.json.JsonException: Unable to determine the current character, it is not a string, number, array, or object

The current character read is 'H' with an int value of 72
Unable to determine the current character, it is not a string, number, array, or object
line number 1
index number 0
Header Params are missing.
^&#xD;
	at aValidate_OTPTest.run(aValidate_OTPTest:23)&#xD;
	at com.kms.katalon.core.main.ScriptEngine.run(ScriptEngine.java:194)&#xD;
	at com.kms.katalon.core.main.ScriptEngine.runScriptAsRawText(ScriptEngine.java:119)&#xD;
	at com.kms.katalon.core.main.TestCaseExecutor.runScript(TestCaseExecutor.java:337)&#xD;
	at com.kms.katalon.core.main.TestCaseExecutor.doExecute(TestCaseExecutor.java:328)&#xD;
	at com.kms.katalon.core.main.TestCaseExecutor.processExecutionPhase(TestCaseExecutor.java:307)&#xD;
	at com.kms.katalon.core.main.TestCaseExecutor.accessMainPhase(TestCaseExecutor.java:299)&#xD;
	at com.kms.katalon.core.main.TestCaseExecutor.execute(TestCaseExecutor.java:233)&#xD;
	at com.kms.katalon.core.main.TestSuiteExecutor.accessTestCaseMainPhase(TestSuiteExecutor.java:169)&#xD;
	at com.kms.katalon.core.main.TestSuiteExecutor.accessTestSuiteMainPhase(TestSuiteExecutor.java:142)&#xD;
	at com.kms.katalon.core.main.TestSuiteExecutor.execute(TestSuiteExecutor.java:91)&#xD;
	at com.kms.katalon.core.main.TestCaseMain.startTestSuite(TestCaseMain.java:157)&#xD;
	at com.kms.katalon.core.main.TestCaseMain$startTestSuite$0.call(Unknown Source)&#xD;
	at TempTestSuite1568908277252.run(TempTestSuite1568908277252.groovy:35)</system-err>
        </testcase>
        <testcase name="Test Cases/bInsertUser_CheckInTest" classname="Test Cases/bInsertUser_CheckInTest" status="ERROR">
            <error type="ERROR" message="Test Cases/bInsertUser_CheckInTest FAILED.&#xA;Reason:&#xA;groovy.json.JsonException: Unable to determine the current character, it is not a string, number, array, or object&#xA;&#xA;The current character read is 'H' with an int value of 72&#xA;Unable to determine the current character, it is not a string, number, array, or object&#xA;line number 1&#xA;index number 0&#xA;Header Params are missing.&#xA;^&#xD;&#xA;&#x9;at bInsertUser_CheckInTest.run(bInsertUser_CheckInTest:31)&#xD;&#xA;&#x9;at com.kms.katalon.core.main.ScriptEngine.run(ScriptEngine.java:194)&#xD;&#xA;&#x9;at com.kms.katalon.core.main.ScriptEngine.runScriptAsRawText(ScriptEngine.java:119)&#xD;&#xA;&#x9;at com.kms.katalon.core.main.TestCaseExecutor.runScript(TestCaseExecutor.java:337)&#xD;&#xA;&#x9;at com.kms.katalon.core.main.TestCaseExecutor.doExecute(TestCaseExecutor.java:328)&#xD;&#xA;&#x9;at com.kms.katalon.core.main.TestCaseExecutor.processExecutionPhase(TestCaseExecutor.java:307)&#xD;&#xA;&#x9;at com.kms.katalon.core.main.TestCaseExecutor.accessMainPhase(TestCaseExecutor.java:299)&#xD;&#xA;&#x9;at com.kms.katalon.core.main.TestCaseExecutor.execute(TestCaseExecutor.java:233)&#xD;&#xA;&#x9;at com.kms.katalon.core.main.TestSuiteExecutor.accessTestCaseMainPhase(TestSuiteExecutor.java:169)&#xD;&#xA;&#x9;at com.kms.katalon.core.main.TestSuiteExecutor.accessTestSuiteMainPhase(TestSuiteExecutor.java:142)&#xD;&#xA;&#x9;at com.kms.katalon.core.main.TestSuiteExecutor.execute(TestSuiteExecutor.java:91)&#xD;&#xA;&#x9;at com.kms.katalon.core.main.TestCaseMain.startTestSuite(TestCaseMain.java:157)&#xD;&#xA;&#x9;at com.kms.katalon.core.main.TestCaseMain$startTestSuite$0.call(Unknown Source)&#xD;&#xA;&#x9;at TempTestSuite1568908277252.run(TempTestSuite1568908277252.groovy:35)&#xD;&#xA;"/>
            <system-out>2019-09-19 21:21:25 - [TEST_CASE][ERROR] - Test Cases/bInsertUser_CheckInTest: Test Cases/bInsertUser_CheckInTest FAILED.
Reason:
groovy.json.JsonException: Unable to determine the current character, it is not a string, number, array, or object

The current character read is 'H' with an int value of 72
Unable to determine the current character, it is not a string, number, array, or object
line number 1
index number 0
Header Params are missing.
^&#xD;
	at bInsertUser_CheckInTest.run(bInsertUser_CheckInTest:31)&#xD;
	at com.kms.katalon.core.main.ScriptEngine.run(ScriptEngine.java:194)&#xD;
	at com.kms.katalon.core.main.ScriptEngine.runScriptAsRawText(ScriptEngine.java:119)&#xD;
	at com.kms.katalon.core.main.TestCaseExecutor.runScript(TestCaseExecutor.java:337)&#xD;
	at com.kms.katalon.core.main.TestCaseExecutor.doExecute(TestCaseExecutor.java:328)&#xD;
	at com.kms.katalon.core.main.TestCaseExecutor.processExecutionPhase(TestCaseExecutor.java:307)&#xD;
	at com.kms.katalon.core.main.TestCaseExecutor.accessMainPhase(TestCaseExecutor.java:299)&#xD;
	at com.kms.katalon.core.main.TestCaseExecutor.execute(TestCaseExecutor.java:233)&#xD;
	at com.kms.katalon.core.main.TestSuiteExecutor.accessTestCaseMainPhase(TestSuiteExecutor.java:169)&#xD;
	at com.kms.katalon.core.main.TestSuiteExecutor.accessTestSuiteMainPhase(TestSuiteExecutor.java:142)&#xD;
	at com.kms.katalon.core.main.TestSuiteExecutor.execute(TestSuiteExecutor.java:91)&#xD;
	at com.kms.katalon.core.main.TestCaseMain.startTestSuite(TestCaseMain.java:157)&#xD;
	at com.kms.katalon.core.main.TestCaseMain$startTestSuite$0.call(Unknown Source)&#xD;
	at TempTestSuite1568908277252.run(TempTestSuite1568908277252.groovy:35)&#xD;
&#xD;
&#xD;
2019-09-19 21:21:26 - [TEST_STEP][PASSED] - chkInID = toString().toUpperCase(): null&#xD;
&#xD;
2019-09-19 21:21:26 - [TEST_STEP][PASSED] - println(chkInID): null&#xD;
&#xD;
2019-09-19 21:21:26 - [TEST_STEP][PASSED] - now = new java.util.Date(): null&#xD;
&#xD;
2019-09-19 21:21:26 - [TEST_STEP][PASSED] - chkInTime = now.format("dd-MM-YYYY HH:mm:ss +5:30"): null&#xD;
&#xD;
2019-09-19 21:21:26 - [TEST_STEP][PASSED] - println(chkInTime): null&#xD;
&#xD;
2019-09-19 21:21:26 - [TEST_STEP][PASSED] - resp3 = sendRequest(findTestObject("bInsert User CheckIn", ["uniqueToken":uniquetoken, "userId":userid, "checkInTime":chkInTime, "checkInID":chkInID, "checkinLocality":checkinLocality])): Send request successfully&#xD;
&#xD;
2019-09-19 21:21:26 - [MESSAGE][INFO] - HAR: C:\Users\rajesh.veeranna\Katalon Studio\SmartIndonasia\Reports\20190919_212117\SMARTINDONASIA_API_SmokeTest\20190919_212117\requests\main\4.har&#xD;
&#xD;
2019-09-19 21:21:26 - [MESSAGE][PASSED] - Send request successfully&#xD;
&#xD;
2019-09-19 21:21:26 - [TEST_STEP][PASSED] - slurper3 = new groovy.json.JsonSlurper(): null&#xD;
&#xD;
2019-09-19 21:21:26 - [TEST_STEP][PASSED] - result3 = slurper3.parseText(resp3.getResponseText()): null</system-out>
            <system-err>2019-09-19 21:21:25 - [TEST_CASE][ERROR] - Test Cases/bInsertUser_CheckInTest: Test Cases/bInsertUser_CheckInTest FAILED.
Reason:
groovy.json.JsonException: Unable to determine the current character, it is not a string, number, array, or object

The current character read is 'H' with an int value of 72
Unable to determine the current character, it is not a string, number, array, or object
line number 1
index number 0
Header Params are missing.
^&#xD;
	at bInsertUser_CheckInTest.run(bInsertUser_CheckInTest:31)&#xD;
	at com.kms.katalon.core.main.ScriptEngine.run(ScriptEngine.java:194)&#xD;
	at com.kms.katalon.core.main.ScriptEngine.runScriptAsRawText(ScriptEngine.java:119)&#xD;
	at com.kms.katalon.core.main.TestCaseExecutor.runScript(TestCaseExecutor.java:337)&#xD;
	at com.kms.katalon.core.main.TestCaseExecutor.doExecute(TestCaseExecutor.java:328)&#xD;
	at com.kms.katalon.core.main.TestCaseExecutor.processExecutionPhase(TestCaseExecutor.java:307)&#xD;
	at com.kms.katalon.core.main.TestCaseExecutor.accessMainPhase(TestCaseExecutor.java:299)&#xD;
	at com.kms.katalon.core.main.TestCaseExecutor.execute(TestCaseExecutor.java:233)&#xD;
	at com.kms.katalon.core.main.TestSuiteExecutor.accessTestCaseMainPhase(TestSuiteExecutor.java:169)&#xD;
	at com.kms.katalon.core.main.TestSuiteExecutor.accessTestSuiteMainPhase(TestSuiteExecutor.java:142)&#xD;
	at com.kms.katalon.core.main.TestSuiteExecutor.execute(TestSuiteExecutor.java:91)&#xD;
	at com.kms.katalon.core.main.TestCaseMain.startTestSuite(TestCaseMain.java:157)&#xD;
	at com.kms.katalon.core.main.TestCaseMain$startTestSuite$0.call(Unknown Source)&#xD;
	at TempTestSuite1568908277252.run(TempTestSuite1568908277252.groovy:35)</system-err>
        </testcase>
        <testcase name="Test Cases/bUpdateUser_CheckInTest" classname="Test Cases/bUpdateUser_CheckInTest" status="PASSED">
            <system-out>2019-09-19 21:21:26 - [TEST_CASE][PASSED] - Test Cases/bUpdateUser_CheckInTest: Test Cases/bUpdateUser_CheckInTest&#xD;
&#xD;
2019-09-19 21:21:26 - [TEST_STEP][PASSED] - file3 = new java.io.File(D:\Checkin_ID.txt): null&#xD;
&#xD;
2019-09-19 21:21:26 - [TEST_STEP][PASSED] - checkinID = file3.readLines(): null&#xD;
&#xD;
2019-09-19 21:21:26 - [TEST_STEP][PASSED] - println("--------------&gt;" + checkinID): null&#xD;
&#xD;
2019-09-19 21:21:26 - [TEST_STEP][PASSED] - now1 = new java.util.Date(): null&#xD;
&#xD;
2019-09-19 21:21:26 - [TEST_STEP][PASSED] - chkOutTime = now1.format("dd-MM-YYYY HH:mm:ss +5:30"): null&#xD;
&#xD;
2019-09-19 21:21:26 - [TEST_STEP][PASSED] - println(chkOutTime): null&#xD;
&#xD;
2019-09-19 21:21:26 - [TEST_STEP][PASSED] - resp4 = sendRequest(findTestObject("bUpdate User CheckIn", ["uniqueToken":uniquetoken, "userId":userid, "checkinID":checkinID, "checkedOutTime":chkOutTime])): Send request successfully&#xD;
&#xD;
2019-09-19 21:21:27 - [MESSAGE][INFO] - HAR: C:\Users\rajesh.veeranna\Katalon Studio\SmartIndonasia\Reports\20190919_212117\SMARTINDONASIA_API_SmokeTest\20190919_212117\requests\main\5.har&#xD;
&#xD;
2019-09-19 21:21:27 - [MESSAGE][PASSED] - Send request successfully</system-out>
            <system-err></system-err>
        </testcase>
        <testcase name="Test Cases/cInsertTripDetails_Test" classname="Test Cases/cInsertTripDetails_Test" status="ERROR">
            <error type="ERROR" message="Test Cases/cInsertTripDetails_Test FAILED.&#xA;Reason:&#xA;groovy.json.JsonException: Unable to determine the current character, it is not a string, number, array, or object&#xA;&#xA;The current character read is 'H' with an int value of 72&#xA;Unable to determine the current character, it is not a string, number, array, or object&#xA;line number 1&#xA;index number 0&#xA;Header Params are missing.&#xA;^&#xD;&#xA;&#x9;at cInsertTripDetails_Test.run(cInsertTripDetails_Test:34)&#xD;&#xA;&#x9;at com.kms.katalon.core.main.ScriptEngine.run(ScriptEngine.java:194)&#xD;&#xA;&#x9;at com.kms.katalon.core.main.ScriptEngine.runScriptAsRawText(ScriptEngine.java:119)&#xD;&#xA;&#x9;at com.kms.katalon.core.main.TestCaseExecutor.runScript(TestCaseExecutor.java:337)&#xD;&#xA;&#x9;at com.kms.katalon.core.main.TestCaseExecutor.doExecute(TestCaseExecutor.java:328)&#xD;&#xA;&#x9;at com.kms.katalon.core.main.TestCaseExecutor.processExecutionPhase(TestCaseExecutor.java:307)&#xD;&#xA;&#x9;at com.kms.katalon.core.main.TestCaseExecutor.accessMainPhase(TestCaseExecutor.java:299)&#xD;&#xA;&#x9;at com.kms.katalon.core.main.TestCaseExecutor.execute(TestCaseExecutor.java:233)&#xD;&#xA;&#x9;at com.kms.katalon.core.main.TestSuiteExecutor.accessTestCaseMainPhase(TestSuiteExecutor.java:169)&#xD;&#xA;&#x9;at com.kms.katalon.core.main.TestSuiteExecutor.accessTestSuiteMainPhase(TestSuiteExecutor.java:142)&#xD;&#xA;&#x9;at com.kms.katalon.core.main.TestSuiteExecutor.execute(TestSuiteExecutor.java:91)&#xD;&#xA;&#x9;at com.kms.katalon.core.main.TestCaseMain.startTestSuite(TestCaseMain.java:157)&#xD;&#xA;&#x9;at com.kms.katalon.core.main.TestCaseMain$startTestSuite$0.call(Unknown Source)&#xD;&#xA;&#x9;at TempTestSuite1568908277252.run(TempTestSuite1568908277252.groovy:35)&#xD;&#xA;"/>
            <system-out>2019-09-19 21:21:27 - [TEST_CASE][ERROR] - Test Cases/cInsertTripDetails_Test: Test Cases/cInsertTripDetails_Test FAILED.
Reason:
groovy.json.JsonException: Unable to determine the current character, it is not a string, number, array, or object

The current character read is 'H' with an int value of 72
Unable to determine the current character, it is not a string, number, array, or object
line number 1
index number 0
Header Params are missing.
^&#xD;
	at cInsertTripDetails_Test.run(cInsertTripDetails_Test:34)&#xD;
	at com.kms.katalon.core.main.ScriptEngine.run(ScriptEngine.java:194)&#xD;
	at com.kms.katalon.core.main.ScriptEngine.runScriptAsRawText(ScriptEngine.java:119)&#xD;
	at com.kms.katalon.core.main.TestCaseExecutor.runScript(TestCaseExecutor.java:337)&#xD;
	at com.kms.katalon.core.main.TestCaseExecutor.doExecute(TestCaseExecutor.java:328)&#xD;
	at com.kms.katalon.core.main.TestCaseExecutor.processExecutionPhase(TestCaseExecutor.java:307)&#xD;
	at com.kms.katalon.core.main.TestCaseExecutor.accessMainPhase(TestCaseExecutor.java:299)&#xD;
	at com.kms.katalon.core.main.TestCaseExecutor.execute(TestCaseExecutor.java:233)&#xD;
	at com.kms.katalon.core.main.TestSuiteExecutor.accessTestCaseMainPhase(TestSuiteExecutor.java:169)&#xD;
	at com.kms.katalon.core.main.TestSuiteExecutor.accessTestSuiteMainPhase(TestSuiteExecutor.java:142)&#xD;
	at com.kms.katalon.core.main.TestSuiteExecutor.execute(TestSuiteExecutor.java:91)&#xD;
	at com.kms.katalon.core.main.TestCaseMain.startTestSuite(TestCaseMain.java:157)&#xD;
	at com.kms.katalon.core.main.TestCaseMain$startTestSuite$0.call(Unknown Source)&#xD;
	at TempTestSuite1568908277252.run(TempTestSuite1568908277252.groovy:35)&#xD;
&#xD;
&#xD;
2019-09-19 21:21:27 - [TEST_STEP][PASSED] - sendRequestAndVerify(findTestObject("aValidate OTP", ["uniqueToken":uniquetoken, "userId":userid])): Send request and verify the response successfully&#xD;
&#xD;
2019-09-19 21:21:27 - [MESSAGE][INFO] - HAR: C:\Users\rajesh.veeranna\Katalon Studio\SmartIndonasia\Reports\20190919_212117\SMARTINDONASIA_API_SmokeTest\20190919_212117\requests\main\6.har&#xD;
&#xD;
2019-09-19 21:21:27 - [TEST_CASE][PASSED] - Start Test Case : Verification: Verification accomplished successfully&#xD;
&#xD;
2019-09-19 21:21:28 - [TEST_STEP][PASSED] - request = getInstance().getCurrentRequest(): null&#xD;
&#xD;
2019-09-19 21:21:28 - [TEST_STEP][PASSED] - response = getInstance().getCurrentResponse(): null&#xD;
&#xD;
2019-09-19 21:21:28 - [MESSAGE][PASSED] - Verify response successfully&#xD;
&#xD;
2019-09-19 21:21:28 - [MESSAGE][PASSED] - Send request and verify the response successfully&#xD;
&#xD;
2019-09-19 21:21:28 - [TEST_STEP][PASSED] - triPID = toString().toUpperCase(): null&#xD;
&#xD;
2019-09-19 21:21:28 - [TEST_STEP][PASSED] - println(triPID): null&#xD;
&#xD;
2019-09-19 21:21:28 - [TEST_STEP][PASSED] - now = new java.util.Date(): null&#xD;
&#xD;
2019-09-19 21:21:28 - [TEST_STEP][PASSED] - tiMe = now.format("dd-MM-YYYY HH:mm:ss +5:30"): null&#xD;
&#xD;
2019-09-19 21:21:28 - [TEST_STEP][PASSED] - println(tiMe): null&#xD;
&#xD;
2019-09-19 21:21:28 - [TEST_STEP][PASSED] - resp2 = sendRequest(findTestObject("cInsert Trip Detail", ["uniqueToken":uniquetoken, "userId":userid, "tripid":triPID, "startriptime":tiMe, "startripLocality":startripLocality])): Send request successfully&#xD;
&#xD;
2019-09-19 21:21:28 - [MESSAGE][INFO] - HAR: C:\Users\rajesh.veeranna\Katalon Studio\SmartIndonasia\Reports\20190919_212117\SMARTINDONASIA_API_SmokeTest\20190919_212117\requests\main\7.har&#xD;
&#xD;
2019-09-19 21:21:28 - [MESSAGE][PASSED] - Send request successfully&#xD;
&#xD;
2019-09-19 21:21:28 - [TEST_STEP][PASSED] - slurper2 = new groovy.json.JsonSlurper(): null&#xD;
&#xD;
2019-09-19 21:21:28 - [TEST_STEP][PASSED] - result2 = slurper2.parseText(resp2.getResponseText()): null</system-out>
            <system-err>2019-09-19 21:21:27 - [TEST_CASE][ERROR] - Test Cases/cInsertTripDetails_Test: Test Cases/cInsertTripDetails_Test FAILED.
Reason:
groovy.json.JsonException: Unable to determine the current character, it is not a string, number, array, or object

The current character read is 'H' with an int value of 72
Unable to determine the current character, it is not a string, number, array, or object
line number 1
index number 0
Header Params are missing.
^&#xD;
	at cInsertTripDetails_Test.run(cInsertTripDetails_Test:34)&#xD;
	at com.kms.katalon.core.main.ScriptEngine.run(ScriptEngine.java:194)&#xD;
	at com.kms.katalon.core.main.ScriptEngine.runScriptAsRawText(ScriptEngine.java:119)&#xD;
	at com.kms.katalon.core.main.TestCaseExecutor.runScript(TestCaseExecutor.java:337)&#xD;
	at com.kms.katalon.core.main.TestCaseExecutor.doExecute(TestCaseExecutor.java:328)&#xD;
	at com.kms.katalon.core.main.TestCaseExecutor.processExecutionPhase(TestCaseExecutor.java:307)&#xD;
	at com.kms.katalon.core.main.TestCaseExecutor.accessMainPhase(TestCaseExecutor.java:299)&#xD;
	at com.kms.katalon.core.main.TestCaseExecutor.execute(TestCaseExecutor.java:233)&#xD;
	at com.kms.katalon.core.main.TestSuiteExecutor.accessTestCaseMainPhase(TestSuiteExecutor.java:169)&#xD;
	at com.kms.katalon.core.main.TestSuiteExecutor.accessTestSuiteMainPhase(TestSuiteExecutor.java:142)&#xD;
	at com.kms.katalon.core.main.TestSuiteExecutor.execute(TestSuiteExecutor.java:91)&#xD;
	at com.kms.katalon.core.main.TestCaseMain.startTestSuite(TestCaseMain.java:157)&#xD;
	at com.kms.katalon.core.main.TestCaseMain$startTestSuite$0.call(Unknown Source)&#xD;
	at TempTestSuite1568908277252.run(TempTestSuite1568908277252.groovy:35)</system-err>
        </testcase>
        <testcase name="Test Cases/cUpdateTripDetails_Test" classname="Test Cases/cUpdateTripDetails_Test" status="PASSED">
            <system-out>2019-09-19 21:21:28 - [TEST_CASE][PASSED] - Test Cases/cUpdateTripDetails_Test: Test Cases/cUpdateTripDetails_Test&#xD;
&#xD;
2019-09-19 21:21:29 - [TEST_STEP][PASSED] - file1 = new java.io.File(D:\InsertTripDetails_ID.txt): null&#xD;
&#xD;
2019-09-19 21:21:29 - [TEST_STEP][PASSED] - triPID = file1.readLines(): null&#xD;
&#xD;
2019-09-19 21:21:29 - [TEST_STEP][PASSED] - println("--------------&gt;" + triPID): null&#xD;
&#xD;
2019-09-19 21:21:29 - [TEST_STEP][PASSED] - sendRequest(findTestObject("aValidate OTP", ["uniqueToken":uniquetoken, "userId":userid])): Send request successfully&#xD;
&#xD;
2019-09-19 21:21:29 - [MESSAGE][INFO] - HAR: C:\Users\rajesh.veeranna\Katalon Studio\SmartIndonasia\Reports\20190919_212117\SMARTINDONASIA_API_SmokeTest\20190919_212117\requests\main\8.har&#xD;
&#xD;
2019-09-19 21:21:29 - [MESSAGE][PASSED] - Send request successfully&#xD;
&#xD;
2019-09-19 21:21:29 - [TEST_STEP][PASSED] - sendRequest(findTestObject("cUpdate Trip Detail", ["uptripiD":triPID, "userId":userid])): Send request successfully&#xD;
&#xD;
2019-09-19 21:21:29 - [MESSAGE][INFO] - HAR: C:\Users\rajesh.veeranna\Katalon Studio\SmartIndonasia\Reports\20190919_212117\SMARTINDONASIA_API_SmokeTest\20190919_212117\requests\main\9.har&#xD;
&#xD;
2019-09-19 21:21:29 - [MESSAGE][PASSED] - Send request successfully</system-out>
            <system-err></system-err>
        </testcase>
        <testcase name="Test Cases/d.VersionMaster_Test" classname="Test Cases/d.VersionMaster_Test" status="PASSED">
            <system-out>2019-09-19 21:21:29 - [TEST_CASE][PASSED] - Test Cases/d.VersionMaster_Test: Test Cases/d.VersionMaster_Test&#xD;
&#xD;
2019-09-19 21:21:29 - [TEST_STEP][PASSED] - sendRequestAndVerify(findTestObject("d.Version Master", ["uniqueToken":uniquetoken])): Send request and verify the response successfully&#xD;
&#xD;
2019-09-19 21:21:30 - [MESSAGE][INFO] - HAR: C:\Users\rajesh.veeranna\Katalon Studio\SmartIndonasia\Reports\20190919_212117\SMARTINDONASIA_API_SmokeTest\20190919_212117\requests\main\10.har&#xD;
&#xD;
2019-09-19 21:21:30 - [TEST_CASE][PASSED] - Start Test Case : Verification: Verification accomplished successfully&#xD;
&#xD;
2019-09-19 21:21:30 - [TEST_STEP][PASSED] - request = getInstance().getCurrentRequest(): null&#xD;
&#xD;
2019-09-19 21:21:30 - [TEST_STEP][PASSED] - response = getInstance().getCurrentResponse(): null&#xD;
&#xD;
2019-09-19 21:21:30 - [TEST_STEP][PASSED] - verifyElementPropertyValue(response, "[3].versionTableId", "54b4256c-dc5d-410f-b79a-786233d0d5e6"): Verify element property value successfully&#xD;
&#xD;
2019-09-19 21:21:30 - [MESSAGE][PASSED] - Verify element property value successfully&#xD;
&#xD;
2019-09-19 21:21:30 - [TEST_STEP][PASSED] - verifyElementPropertyValue(response, "[3].tableName", "LeaveTypeMaster"): Verify element property value successfully&#xD;
&#xD;
2019-09-19 21:21:30 - [MESSAGE][PASSED] - Verify element property value successfully&#xD;
&#xD;
2019-09-19 21:21:30 - [TEST_STEP][PASSED] - verifyResponseStatusCode(response, 200): Verify response status code successfully&#xD;
&#xD;
2019-09-19 21:21:30 - [MESSAGE][PASSED] - Verify response status code successfully&#xD;
&#xD;
2019-09-19 21:21:30 - [TEST_STEP][PASSED] - getStatusCode()).isEqualTo(200): null&#xD;
&#xD;
2019-09-19 21:21:30 - [MESSAGE][PASSED] - Verify response successfully&#xD;
&#xD;
2019-09-19 21:21:30 - [MESSAGE][PASSED] - Send request and verify the response successfully</system-out>
            <system-err></system-err>
        </testcase>
        <testcase name="Test Cases/dLeaveType_Test" classname="Test Cases/dLeaveType_Test" status="FAILED">
            <failure type="FAILED" message="Test Cases/dLeaveType_Test FAILED.&#xA;Reason:&#xA;com.kms.katalon.core.exception.StepFailedException: Unable to verify element property value (Root cause: groovy.json.JsonException: Unable to determine the current character, it is not a string, number, array, or object&#xA;&#xA;The current character read is 'H' with an int value of 72&#xA;Unable to determine the current character, it is not a string, number, array, or object&#xA;line number 1&#xA;index number 0&#xA;Header Params are missing.&#xA;^&#xD;&#xA;&#x9;at Script1.run(Script1.groovy:1)&#xD;&#xA;&#x9;at com.kms.katalon.core.webservice.helper.WebServiceCommonHelper.parseAndGetPropertyValueForJson(WebServiceCommonHelper.java:159)&#xD;&#xA;&#x9;at com.kms.katalon.core.webservice.keyword.builtin.VerifyElementPropertyValueKeyword$_verifyElementPropertyValue_closure1.doCall(VerifyElementPropertyValueKeyword.groovy:52)&#xD;&#xA;&#x9;at com.kms.katalon.core.webservice.keyword.builtin.VerifyElementPropertyValueKeyword$_verifyElementPropertyValue_closure1.call(VerifyElementPropertyValueKeyword.groovy)&#xD;&#xA;&#x9;at com.kms.katalon.core.keyword.internal.KeywordMain.runKeyword(KeywordMain.groovy:68)&#xD;&#xA;&#x9;at com.kms.katalon.core.webservice.keyword.builtin.VerifyElementPropertyValueKeyword.verifyElementPropertyValue(VerifyElementPropertyValueKeyword.groovy:48)&#xD;&#xA;&#x9;at com.kms.katalon.core.webservice.keyword.builtin.VerifyElementPropertyValueKeyword.execute(VerifyElementPropertyValueKeyword.groovy:43)&#xD;&#xA;&#x9;at com.kms.katalon.core.keyword.internal.KeywordExecutor.executeKeywordForPlatform(KeywordExecutor.groovy:56)&#xD;&#xA;&#x9;at com.kms.katalon.core.webservice.keyword.WSBuiltInKeywords.verifyElementPropertyValue(WSBuiltInKeywords.groovy:123)&#xD;&#xA;&#x9;at com.kms.katalon.core.webservice.keyword.WSBuiltInKeywords$verifyElementPropertyValue$2.call(Unknown Source)&#xD;&#xA;&#x9;at WSVerification1568908290892.run(WSVerification1568908290892:17)&#xD;&#xA;&#x9;at com.kms.katalon.core.main.ScriptEngine.run(ScriptEngine.java:194)&#xD;&#xA;&#x9;at com.kms.katalon.core.main.ScriptEngine.runScriptAsRawText(ScriptEngine.java:119)&#xD;&#xA;&#x9;at com.kms.katalon.core.main.WSVerificationExecutor.runScript(WSVerificationExecutor.java:146)&#xD;&#xA;&#x9;at com.kms.katalon.core.main.WSVerificationExecutor.doExecute(WSVerificationExecutor.java:140)&#xD;&#xA;&#x9;at com.kms.katalon.core.main.WSVerificationExecutor.processExecutionPhase(WSVerificationExecutor.java:123)&#xD;&#xA;&#x9;at com.kms.katalon.core.main.WSVerificationExecutor.accessMainPhase(WSVerificationExecutor.java:115)&#xD;&#xA;&#x9;at com.kms.katalon.core.main.WSVerificationExecutor.execute(WSVerificationExecutor.java:103)&#xD;&#xA;&#x9;at com.kms.katalon.core.main.TestCaseMain.runWSVerificationScript(TestCaseMain.java:127)&#xD;&#xA;&#x9;at com.kms.katalon.core.webservice.keyword.builtin.SendRequestAndVerifyKeyword$_sendRequestAndVerify_closure1.doCall(SendRequestAndVerifyKeyword.groovy:55)&#xD;&#xA;&#x9;at com.kms.katalon.core.webservice.keyword.builtin.SendRequestAndVerifyKeyword$_sendRequestAndVerify_closure1.call(SendRequestAndVerifyKeyword.groovy)&#xD;&#xA;&#x9;at com.kms.katalon.core.keyword.internal.KeywordMain.runKeyword(KeywordMain.groovy:68)&#xD;&#xA;&#x9;at com.kms.katalon.core.webservice.keyword.builtin.SendRequestAndVerifyKeyword.sendRequestAndVerify(SendRequestAndVerifyKeyword.groovy:43)&#xD;&#xA;&#x9;at com.kms.katalon.core.webservice.keyword.builtin.SendRequestAndVerifyKeyword.execute(SendRequestAndVerifyKeyword.groovy:38)&#xD;&#xA;&#x9;at com.kms.katalon.core.keyword.internal.KeywordExecutor.executeKeywordForPlatform(KeywordExecutor.groovy:56)&#xD;&#xA;&#x9;at com.kms.katalon.core.webservice.keyword.WSBuiltInKeywords.sendRequestAndVerify(WSBuiltInKeywords.groovy:65)&#xD;&#xA;&#x9;at com.kms.katalon.core.webservice.keyword.WSBuiltInKeywords$sendRequestAndVerify$0.call(Unknown Source)&#xD;&#xA;&#x9;at dLeaveType_Test.run(dLeaveType_Test:16)&#xD;&#xA;&#x9;at com.kms.katalon.core.main.ScriptEngine.run(ScriptEngine.java:194)&#xD;&#xA;&#x9;at com.kms.katalon.core.main.ScriptEngine.runScriptAsRawText(ScriptEngine.java:119)&#xD;&#xA;&#x9;at com.kms.katalon.core.main.TestCaseExecutor.runScript(TestCaseExecutor.java:337)&#xD;&#xA;&#x9;at com.kms.katalon.core.main.TestCaseExecutor.doExecute(TestCaseExecutor.java:328)&#xD;&#xA;&#x9;at com.kms.katalon.core.main.TestCaseExecutor.processExecutionPhase(TestCaseExecutor.java:307)&#xD;&#xA;&#x9;at com.kms.katalon.core.main.TestCaseExecutor.accessMainPhase(TestCaseExecutor.java:299)&#xD;&#xA;&#x9;at com.kms.katalon.core.main.TestCaseExecutor.execute(TestCaseExecutor.java:233)&#xD;&#xA;&#x9;at com.kms.katalon.core.main.TestSuiteExecutor.accessTestCaseMainPhase(TestSuiteExecutor.java:169)&#xD;&#xA;&#x9;at com.kms.katalon.core.main.TestSuiteExecutor.accessTestSuiteMainPhase(TestSuiteExecutor.java:142)&#xD;&#xA;&#x9;at com.kms.katalon.core.main.TestSuiteExecutor.execute(TestSuiteExecutor.java:91)&#xD;&#xA;&#x9;at com.kms.katalon.core.main.TestCaseMain.startTestSuite(TestCaseMain.java:157)&#xD;&#xA;&#x9;at com.kms.katalon.core.main.TestCaseMain$startTestSuite$0.call(Unknown Source)&#xD;&#xA;&#x9;at TempTestSuite1568908277252.run(TempTestSuite1568908277252.groovy:35)&#xD;&#xA;)&#xD;&#xA;&#x9;at com.kms.katalon.core.keyword.internal.KeywordMain.stepFailed(KeywordMain.groovy:50)&#xD;&#xA;&#x9;at com.kms.katalon.core.keyword.internal.KeywordMain.stepFailed(KeywordMain.groovy)&#xD;&#xA;&#x9;at com.kms.katalon.core.keyword.internal.KeywordMain.runKeyword(KeywordMain.groovy:70)&#xD;&#xA;&#x9;at com.kms.katalon.core.webservice.keyword.builtin.VerifyElementPropertyValueKeyword.verifyElementPropertyValue(VerifyElementPropertyValueKeyword.groovy:48)&#xD;&#xA;&#x9;at com.kms.katalon.core.webservice.keyword.builtin.VerifyElementPropertyValueKeyword.execute(VerifyElementPropertyValueKeyword.groovy:43)&#xD;&#xA;&#x9;at com.kms.katalon.core.keyword.internal.KeywordExecutor.executeKeywordForPlatform(KeywordExecutor.groovy:56)&#xD;&#xA;&#x9;at com.kms.katalon.core.webservice.keyword.WSBuiltInKeywords.verifyElementPropertyValue(WSBuiltInKeywords.groovy:123)&#xD;&#xA;&#x9;at com.kms.katalon.core.webservice.keyword.WSBuiltInKeywords$verifyElementPropertyValue$2.call(Unknown Source)&#xD;&#xA;&#x9;at WSVerification1568908290892.run(WSVerification1568908290892:17)&#xD;&#xA;&#x9;at com.kms.katalon.core.main.ScriptEngine.run(ScriptEngine.java:194)&#xD;&#xA;&#x9;at com.kms.katalon.core.main.ScriptEngine.runScriptAsRawText(ScriptEngine.java:119)&#xD;&#xA;&#x9;at com.kms.katalon.core.main.WSVerificationExecutor.runScript(WSVerificationExecutor.java:146)&#xD;&#xA;&#x9;at com.kms.katalon.core.main.WSVerificationExecutor.doExecute(WSVerificationExecutor.java:140)&#xD;&#xA;&#x9;at com.kms.katalon.core.main.WSVerificationExecutor.processExecutionPhase(WSVerificationExecutor.java:123)&#xD;&#xA;&#x9;at com.kms.katalon.core.main.WSVerificationExecutor.accessMainPhase(WSVerificationExecutor.java:115)&#xD;&#xA;&#x9;at com.kms.katalon.core.main.WSVerificationExecutor.execute(WSVerificationExecutor.java:103)&#xD;&#xA;&#x9;at com.kms.katalon.core.main.TestCaseMain.runWSVerificationScript(TestCaseMain.java:127)&#xD;&#xA;&#x9;at com.kms.katalon.core.webservice.keyword.builtin.SendRequestAndVerifyKeyword$_sendRequestAndVerify_closure1.doCall(SendRequestAndVerifyKeyword.groovy:55)&#xD;&#xA;&#x9;at com.kms.katalon.core.webservice.keyword.builtin.SendRequestAndVerifyKeyword$_sendRequestAndVerify_closure1.call(SendRequestAndVerifyKeyword.groovy)&#xD;&#xA;&#x9;at com.kms.katalon.core.keyword.internal.KeywordMain.runKeyword(KeywordMain.groovy:68)&#xD;&#xA;&#x9;at com.kms.katalon.core.webservice.keyword.builtin.SendRequestAndVerifyKeyword.sendRequestAndVerify(SendRequestAndVerifyKeyword.groovy:43)&#xD;&#xA;&#x9;at com.kms.katalon.core.webservice.keyword.builtin.SendRequestAndVerifyKeyword.execute(SendRequestAndVerifyKeyword.groovy:38)&#xD;&#xA;&#x9;at com.kms.katalon.core.keyword.internal.KeywordExecutor.executeKeywordForPlatform(KeywordExecutor.groovy:56)&#xD;&#xA;&#x9;at com.kms.katalon.core.webservice.keyword.WSBuiltInKeywords.sendRequestAndVerify(WSBuiltInKeywords.groovy:65)&#xD;&#xA;&#x9;at com.kms.katalon.core.webservice.keyword.WSBuiltInKeywords$sendRequestAndVerify$0.call(Unknown Source)&#xD;&#xA;&#x9;at dLeaveType_Test.run(dLeaveType_Test:16)&#xD;&#xA;&#x9;at com.kms.katalon.core.main.ScriptEngine.run(ScriptEngine.java:194)&#xD;&#xA;&#x9;at com.kms.katalon.core.main.ScriptEngine.runScriptAsRawText(ScriptEngine.java:119)&#xD;&#xA;&#x9;at com.kms.katalon.core.main.TestCaseExecutor.runScript(TestCaseExecutor.java:337)&#xD;&#xA;&#x9;at com.kms.katalon.core.main.TestCaseExecutor.doExecute(TestCaseExecutor.java:328)&#xD;&#xA;&#x9;at com.kms.katalon.core.main.TestCaseExecutor.processExecutionPhase(TestCaseExecutor.java:307)&#xD;&#xA;&#x9;at com.kms.katalon.core.main.TestCaseExecutor.accessMainPhase(TestCaseExecutor.java:299)&#xD;&#xA;&#x9;at com.kms.katalon.core.main.TestCaseExecutor.execute(TestCaseExecutor.java:233)&#xD;&#xA;&#x9;at com.kms.katalon.core.main.TestSuiteExecutor.accessTestCaseMainPhase(TestSuiteExecutor.java:169)&#xD;&#xA;&#x9;at com.kms.katalon.core.main.TestSuiteExecutor.accessTestSuiteMainPhase(TestSuiteExecutor.java:142)&#xD;&#xA;&#x9;at com.kms.katalon.core.main.TestSuiteExecutor.execute(TestSuiteExecutor.java:91)&#xD;&#xA;&#x9;at com.kms.katalon.core.main.TestCaseMain.startTestSuite(TestCaseMain.java:157)&#xD;&#xA;&#x9;at com.kms.katalon.core.main.TestCaseMain$startTestSuite$0.call(Unknown Source)&#xD;&#xA;&#x9;at TempTestSuite1568908277252.run(TempTestSuite1568908277252.groovy:35)&#xD;&#xA;Caused by: groovy.json.JsonException: Unable to determine the current character, it is not a string, number, array, or object&#xA;&#xA;The current character read is 'H' with an int value of 72&#xA;Unable to determine the current character, it is not a string, number, array, or object&#xA;line number 1&#xA;index number 0&#xA;Header Params are missing.&#xA;^&#xD;&#xA;&#x9;at Script1.run(Script1.groovy:1)&#xD;&#xA;&#x9;at com.kms.katalon.core.webservice.helper.WebServiceCommonHelper.parseAndGetPropertyValueForJson(WebServiceCommonHelper.java:159)&#xD;&#xA;&#x9;at com.kms.katalon.core.webservice.keyword.builtin.VerifyElementPropertyValueKeyword$_verifyElementPropertyValue_closure1.doCall(VerifyElementPropertyValueKeyword.groovy:52)&#xD;&#xA;&#x9;at com.kms.katalon.core.webservice.keyword.builtin.VerifyElementPropertyValueKeyword$_verifyElementPropertyValue_closure1.call(VerifyElementPropertyValueKeyword.groovy)&#xD;&#xA;&#x9;at com.kms.katalon.core.keyword.internal.KeywordMain.runKeyword(KeywordMain.groovy:68)&#xD;&#xA;&#x9;... 36 more&#xD;&#xA;"/>
            <system-out>2019-09-19 21:21:30 - [TEST_CASE][FAILED] - Test Cases/dLeaveType_Test: Test Cases/dLeaveType_Test FAILED.
Reason:
com.kms.katalon.core.exception.StepFailedException: Unable to verify element property value (Root cause: groovy.json.JsonException: Unable to determine the current character, it is not a string, number, array, or object

The current character read is 'H' with an int value of 72
Unable to determine the current character, it is not a string, number, array, or object
line number 1
index number 0
Header Params are missing.
^&#xD;
	at Script1.run(Script1.groovy:1)&#xD;
	at com.kms.katalon.core.webservice.helper.WebServiceCommonHelper.parseAndGetPropertyValueForJson(WebServiceCommonHelper.java:159)&#xD;
	at com.kms.katalon.core.webservice.keyword.builtin.VerifyElementPropertyValueKeyword$_verifyElementPropertyValue_closure1.doCall(VerifyElementPropertyValueKeyword.groovy:52)&#xD;
	at com.kms.katalon.core.webservice.keyword.builtin.VerifyElementPropertyValueKeyword$_verifyElementPropertyValue_closure1.call(VerifyElementPropertyValueKeyword.groovy)&#xD;
	at com.kms.katalon.core.keyword.internal.KeywordMain.runKeyword(KeywordMain.groovy:68)&#xD;
	at com.kms.katalon.core.webservice.keyword.builtin.VerifyElementPropertyValueKeyword.verifyElementPropertyValue(VerifyElementPropertyValueKeyword.groovy:48)&#xD;
	at com.kms.katalon.core.webservice.keyword.builtin.VerifyElementPropertyValueKeyword.execute(VerifyElementPropertyValueKeyword.groovy:43)&#xD;
	at com.kms.katalon.core.keyword.internal.KeywordExecutor.executeKeywordForPlatform(KeywordExecutor.groovy:56)&#xD;
	at com.kms.katalon.core.webservice.keyword.WSBuiltInKeywords.verifyElementPropertyValue(WSBuiltInKeywords.groovy:123)&#xD;
	at com.kms.katalon.core.webservice.keyword.WSBuiltInKeywords$verifyElementPropertyValue$2.call(Unknown Source)&#xD;
	at WSVerification1568908290892.run(WSVerification1568908290892:17)&#xD;
	at com.kms.katalon.core.main.ScriptEngine.run(ScriptEngine.java:194)&#xD;
	at com.kms.katalon.core.main.ScriptEngine.runScriptAsRawText(ScriptEngine.java:119)&#xD;
	at com.kms.katalon.core.main.WSVerificationExecutor.runScript(WSVerificationExecutor.java:146)&#xD;
	at com.kms.katalon.core.main.WSVerificationExecutor.doExecute(WSVerificationExecutor.java:140)&#xD;
	at com.kms.katalon.core.main.WSVerificationExecutor.processExecutionPhase(WSVerificationExecutor.java:123)&#xD;
	at com.kms.katalon.core.main.WSVerificationExecutor.accessMainPhase(WSVerificationExecutor.java:115)&#xD;
	at com.kms.katalon.core.main.WSVerificationExecutor.execute(WSVerificationExecutor.java:103)&#xD;
	at com.kms.katalon.core.main.TestCaseMain.runWSVerificationScript(TestCaseMain.java:127)&#xD;
	at com.kms.katalon.core.webservice.keyword.builtin.SendRequestAndVerifyKeyword$_sendRequestAndVerify_closure1.doCall(SendRequestAndVerifyKeyword.groovy:55)&#xD;
	at com.kms.katalon.core.webservice.keyword.builtin.SendRequestAndVerifyKeyword$_sendRequestAndVerify_closure1.call(SendRequestAndVerifyKeyword.groovy)&#xD;
	at com.kms.katalon.core.keyword.internal.KeywordMain.runKeyword(KeywordMain.groovy:68)&#xD;
	at com.kms.katalon.core.webservice.keyword.builtin.SendRequestAndVerifyKeyword.sendRequestAndVerify(SendRequestAndVerifyKeyword.groovy:43)&#xD;
	at com.kms.katalon.core.webservice.keyword.builtin.SendRequestAndVerifyKeyword.execute(SendRequestAndVerifyKeyword.groovy:38)&#xD;
	at com.kms.katalon.core.keyword.internal.KeywordExecutor.executeKeywordForPlatform(KeywordExecutor.groovy:56)&#xD;
	at com.kms.katalon.core.webservice.keyword.WSBuiltInKeywords.sendRequestAndVerify(WSBuiltInKeywords.groovy:65)&#xD;
	at com.kms.katalon.core.webservice.keyword.WSBuiltInKeywords$sendRequestAndVerify$0.call(Unknown Source)&#xD;
	at dLeaveType_Test.run(dLeaveType_Test:16)&#xD;
	at com.kms.katalon.core.main.ScriptEngine.run(ScriptEngine.java:194)&#xD;
	at com.kms.katalon.core.main.ScriptEngine.runScriptAsRawText(ScriptEngine.java:119)&#xD;
	at com.kms.katalon.core.main.TestCaseExecutor.runScript(TestCaseExecutor.java:337)&#xD;
	at com.kms.katalon.core.main.TestCaseExecutor.doExecute(TestCaseExecutor.java:328)&#xD;
	at com.kms.katalon.core.main.TestCaseExecutor.processExecutionPhase(TestCaseExecutor.java:307)&#xD;
	at com.kms.katalon.core.main.TestCaseExecutor.accessMainPhase(TestCaseExecutor.java:299)&#xD;
	at com.kms.katalon.core.main.TestCaseExecutor.execute(TestCaseExecutor.java:233)&#xD;
	at com.kms.katalon.core.main.TestSuiteExecutor.accessTestCaseMainPhase(TestSuiteExecutor.java:169)&#xD;
	at com.kms.katalon.core.main.TestSuiteExecutor.accessTestSuiteMainPhase(TestSuiteExecutor.java:142)&#xD;
	at com.kms.katalon.core.main.TestSuiteExecutor.execute(TestSuiteExecutor.java:91)&#xD;
	at com.kms.katalon.core.main.TestCaseMain.startTestSuite(TestCaseMain.java:157)&#xD;
	at com.kms.katalon.core.main.TestCaseMain$startTestSuite$0.call(Unknown Source)&#xD;
	at TempTestSuite1568908277252.run(TempTestSuite1568908277252.groovy:35)&#xD;
)&#xD;
	at com.kms.katalon.core.keyword.internal.KeywordMain.stepFailed(KeywordMain.groovy:50)&#xD;
	at com.kms.katalon.core.keyword.internal.KeywordMain.stepFailed(KeywordMain.groovy)&#xD;
	at com.kms.katalon.core.keyword.internal.KeywordMain.runKeyword(KeywordMain.groovy:70)&#xD;
	at com.kms.katalon.core.webservice.keyword.builtin.VerifyElementPropertyValueKeyword.verifyElementPropertyValue(VerifyElementPropertyValueKeyword.groovy:48)&#xD;
	at com.kms.katalon.core.webservice.keyword.builtin.VerifyElementPropertyValueKeyword.execute(VerifyElementPropertyValueKeyword.groovy:43)&#xD;
	at com.kms.katalon.core.keyword.internal.KeywordExecutor.executeKeywordForPlatform(KeywordExecutor.groovy:56)&#xD;
	at com.kms.katalon.core.webservice.keyword.WSBuiltInKeywords.verifyElementPropertyValue(WSBuiltInKeywords.groovy:123)&#xD;
	at com.kms.katalon.core.webservice.keyword.WSBuiltInKeywords$verifyElementPropertyValue$2.call(Unknown Source)&#xD;
	at WSVerification1568908290892.run(WSVerification1568908290892:17)&#xD;
	at com.kms.katalon.core.main.ScriptEngine.run(ScriptEngine.java:194)&#xD;
	at com.kms.katalon.core.main.ScriptEngine.runScriptAsRawText(ScriptEngine.java:119)&#xD;
	at com.kms.katalon.core.main.WSVerificationExecutor.runScript(WSVerificationExecutor.java:146)&#xD;
	at com.kms.katalon.core.main.WSVerificationExecutor.doExecute(WSVerificationExecutor.java:140)&#xD;
	at com.kms.katalon.core.main.WSVerificationExecutor.processExecutionPhase(WSVerificationExecutor.java:123)&#xD;
	at com.kms.katalon.core.main.WSVerificationExecutor.accessMainPhase(WSVerificationExecutor.java:115)&#xD;
	at com.kms.katalon.core.main.WSVerificationExecutor.execute(WSVerificationExecutor.java:103)&#xD;
	at com.kms.katalon.core.main.TestCaseMain.runWSVerificationScript(TestCaseMain.java:127)&#xD;
	at com.kms.katalon.core.webservice.keyword.builtin.SendRequestAndVerifyKeyword$_sendRequestAndVerify_closure1.doCall(SendRequestAndVerifyKeyword.groovy:55)&#xD;
	at com.kms.katalon.core.webservice.keyword.builtin.SendRequestAndVerifyKeyword$_sendRequestAndVerify_closure1.call(SendRequestAndVerifyKeyword.groovy)&#xD;
	at com.kms.katalon.core.keyword.internal.KeywordMain.runKeyword(KeywordMain.groovy:68)&#xD;
	at com.kms.katalon.core.webservice.keyword.builtin.SendRequestAndVerifyKeyword.sendRequestAndVerify(SendRequestAndVerifyKeyword.groovy:43)&#xD;
	at com.kms.katalon.core.webservice.keyword.builtin.SendRequestAndVerifyKeyword.execute(SendRequestAndVerifyKeyword.groovy:38)&#xD;
	at com.kms.katalon.core.keyword.internal.KeywordExecutor.executeKeywordForPlatform(KeywordExecutor.groovy:56)&#xD;
	at com.kms.katalon.core.webservice.keyword.WSBuiltInKeywords.sendRequestAndVerify(WSBuiltInKeywords.groovy:65)&#xD;
	at com.kms.katalon.core.webservice.keyword.WSBuiltInKeywords$sendRequestAndVerify$0.call(Unknown Source)&#xD;
	at dLeaveType_Test.run(dLeaveType_Test:16)&#xD;
	at com.kms.katalon.core.main.ScriptEngine.run(ScriptEngine.java:194)&#xD;
	at com.kms.katalon.core.main.ScriptEngine.runScriptAsRawText(ScriptEngine.java:119)&#xD;
	at com.kms.katalon.core.main.TestCaseExecutor.runScript(TestCaseExecutor.java:337)&#xD;
	at com.kms.katalon.core.main.TestCaseExecutor.doExecute(TestCaseExecutor.java:328)&#xD;
	at com.kms.katalon.core.main.TestCaseExecutor.processExecutionPhase(TestCaseExecutor.java:307)&#xD;
	at com.kms.katalon.core.main.TestCaseExecutor.accessMainPhase(TestCaseExecutor.java:299)&#xD;
	at com.kms.katalon.core.main.TestCaseExecutor.execute(TestCaseExecutor.java:233)&#xD;
	at com.kms.katalon.core.main.TestSuiteExecutor.accessTestCaseMainPhase(TestSuiteExecutor.java:169)&#xD;
	at com.kms.katalon.core.main.TestSuiteExecutor.accessTestSuiteMainPhase(TestSuiteExecutor.java:142)&#xD;
	at com.kms.katalon.core.main.TestSuiteExecutor.execute(TestSuiteExecutor.java:91)&#xD;
	at com.kms.katalon.core.main.TestCaseMain.startTestSuite(TestCaseMain.java:157)&#xD;
	at com.kms.katalon.core.main.TestCaseMain$startTestSuite$0.call(Unknown Source)&#xD;
	at TempTestSuite1568908277252.run(TempTestSuite1568908277252.groovy:35)&#xD;
Caused by: groovy.json.JsonException: Unable to determine the current character, it is not a string, number, array, or object

The current character read is 'H' with an int value of 72
Unable to determine the current character, it is not a string, number, array, or object
line number 1
index number 0
Header Params are missing.
^&#xD;
	at Script1.run(Script1.groovy:1)&#xD;
	at com.kms.katalon.core.webservice.helper.WebServiceCommonHelper.parseAndGetPropertyValueForJson(WebServiceCommonHelper.java:159)&#xD;
	at com.kms.katalon.core.webservice.keyword.builtin.VerifyElementPropertyValueKeyword$_verifyElementPropertyValue_closure1.doCall(VerifyElementPropertyValueKeyword.groovy:52)&#xD;
	at com.kms.katalon.core.webservice.keyword.builtin.VerifyElementPropertyValueKeyword$_verifyElementPropertyValue_closure1.call(VerifyElementPropertyValueKeyword.groovy)&#xD;
	at com.kms.katalon.core.keyword.internal.KeywordMain.runKeyword(KeywordMain.groovy:68)&#xD;
	... 36 more&#xD;
&#xD;
&#xD;
2019-09-19 21:21:30 - [TEST_STEP][FAILED] - sendRequestAndVerify(findTestObject("eLeave Type", ["versiontableId":versiontableId, "userId":userid, "uniqueToken":uniquetoken])): Unable to send request and verify the response (Root cause: com.kms.katalon.core.exception.StepFailedException: Verification failed&#xD;
	at com.kms.katalon.core.webservice.keyword.builtin.SendRequestAndVerifyKeyword$_sendRequestAndVerify_closure1.doCall(SendRequestAndVerifyKeyword.groovy:59)&#xD;
	at com.kms.katalon.core.webservice.keyword.builtin.SendRequestAndVerifyKeyword$_sendRequestAndVerify_closure1.call(SendRequestAndVerifyKeyword.groovy)&#xD;
	at com.kms.katalon.core.keyword.internal.KeywordMain.runKeyword(KeywordMain.groovy:68)&#xD;
	at com.kms.katalon.core.webservice.keyword.builtin.SendRequestAndVerifyKeyword.sendRequestAndVerify(SendRequestAndVerifyKeyword.groovy:43)&#xD;
	at com.kms.katalon.core.webservice.keyword.builtin.SendRequestAndVerifyKeyword.execute(SendRequestAndVerifyKeyword.groovy:38)&#xD;
	at com.kms.katalon.core.keyword.internal.KeywordExecutor.executeKeywordForPlatform(KeywordExecutor.groovy:56)&#xD;
	at com.kms.katalon.core.webservice.keyword.WSBuiltInKeywords.sendRequestAndVerify(WSBuiltInKeywords.groovy:65)&#xD;
	at com.kms.katalon.core.webservice.keyword.WSBuiltInKeywords$sendRequestAndVerify$0.call(Unknown Source)&#xD;
	at dLeaveType_Test.run(dLeaveType_Test:16)&#xD;
	at com.kms.katalon.core.main.ScriptEngine.run(ScriptEngine.java:194)&#xD;
	at com.kms.katalon.core.main.ScriptEngine.runScriptAsRawText(ScriptEngine.java:119)&#xD;
	at com.kms.katalon.core.main.TestCaseExecutor.runScript(TestCaseExecutor.java:337)&#xD;
	at com.kms.katalon.core.main.TestCaseExecutor.doExecute(TestCaseExecutor.java:328)&#xD;
	at com.kms.katalon.core.main.TestCaseExecutor.processExecutionPhase(TestCaseExecutor.java:307)&#xD;
	at com.kms.katalon.core.main.TestCaseExecutor.accessMainPhase(TestCaseExecutor.java:299)&#xD;
	at com.kms.katalon.core.main.TestCaseExecutor.execute(TestCaseExecutor.java:233)&#xD;
	at com.kms.katalon.core.main.TestSuiteExecutor.accessTestCaseMainPhase(TestSuiteExecutor.java:169)&#xD;
	at com.kms.katalon.core.main.TestSuiteExecutor.accessTestSuiteMainPhase(TestSuiteExecutor.java:142)&#xD;
	at com.kms.katalon.core.main.TestSuiteExecutor.execute(TestSuiteExecutor.java:91)&#xD;
	at com.kms.katalon.core.main.TestCaseMain.startTestSuite(TestCaseMain.java:157)&#xD;
	at com.kms.katalon.core.main.TestCaseMain$startTestSuite$0.call(Unknown Source)&#xD;
	at TempTestSuite1568908277252.run(TempTestSuite1568908277252.groovy:35)&#xD;
)&#xD;
&#xD;
2019-09-19 21:21:30 - [MESSAGE][INFO] - HAR: C:\Users\rajesh.veeranna\Katalon Studio\SmartIndonasia\Reports\20190919_212117\SMARTINDONASIA_API_SmokeTest\20190919_212117\requests\main\11.har&#xD;
&#xD;
2019-09-19 21:21:30 - [TEST_CASE][FAILED] - Start Test Case : Verification: Verification FAILED.
Reason:
com.kms.katalon.core.exception.StepFailedException: Unable to verify element property value (Root cause: groovy.json.JsonException: Unable to determine the current character, it is not a string, number, array, or object

The current character read is 'H' with an int value of 72
Unable to determine the current character, it is not a string, number, array, or object
line number 1
index number 0
Header Params are missing.
^&#xD;
	at Script1.run(Script1.groovy:1)&#xD;
	at com.kms.katalon.core.webservice.helper.WebServiceCommonHelper.parseAndGetPropertyValueForJson(WebServiceCommonHelper.java:159)&#xD;
	at com.kms.katalon.core.webservice.keyword.builtin.VerifyElementPropertyValueKeyword$_verifyElementPropertyValue_closure1.doCall(VerifyElementPropertyValueKeyword.groovy:52)&#xD;
	at com.kms.katalon.core.webservice.keyword.builtin.VerifyElementPropertyValueKeyword$_verifyElementPropertyValue_closure1.call(VerifyElementPropertyValueKeyword.groovy)&#xD;
	at com.kms.katalon.core.keyword.internal.KeywordMain.runKeyword(KeywordMain.groovy:68)&#xD;
	at com.kms.katalon.core.webservice.keyword.builtin.VerifyElementPropertyValueKeyword.verifyElementPropertyValue(VerifyElementPropertyValueKeyword.groovy:48)&#xD;
	at com.kms.katalon.core.webservice.keyword.builtin.VerifyElementPropertyValueKeyword.execute(VerifyElementPropertyValueKeyword.groovy:43)&#xD;
	at com.kms.katalon.core.keyword.internal.KeywordExecutor.executeKeywordForPlatform(KeywordExecutor.groovy:56)&#xD;
	at com.kms.katalon.core.webservice.keyword.WSBuiltInKeywords.verifyElementPropertyValue(WSBuiltInKeywords.groovy:123)&#xD;
	at com.kms.katalon.core.webservice.keyword.WSBuiltInKeywords$verifyElementPropertyValue$2.call(Unknown Source)&#xD;
	at WSVerification1568908290892.run(WSVerification1568908290892:17)&#xD;
	at com.kms.katalon.core.main.ScriptEngine.run(ScriptEngine.java:194)&#xD;
	at com.kms.katalon.core.main.ScriptEngine.runScriptAsRawText(ScriptEngine.java:119)&#xD;
	at com.kms.katalon.core.main.WSVerificationExecutor.runScript(WSVerificationExecutor.java:146)&#xD;
	at com.kms.katalon.core.main.WSVerificationExecutor.doExecute(WSVerificationExecutor.java:140)&#xD;
	at com.kms.katalon.core.main.WSVerificationExecutor.processExecutionPhase(WSVerificationExecutor.java:123)&#xD;
	at com.kms.katalon.core.main.WSVerificationExecutor.accessMainPhase(WSVerificationExecutor.java:115)&#xD;
	at com.kms.katalon.core.main.WSVerificationExecutor.execute(WSVerificationExecutor.java:103)&#xD;
	at com.kms.katalon.core.main.TestCaseMain.runWSVerificationScript(TestCaseMain.java:127)&#xD;
	at com.kms.katalon.core.webservice.keyword.builtin.SendRequestAndVerifyKeyword$_sendRequestAndVerify_closure1.doCall(SendRequestAndVerifyKeyword.groovy:55)&#xD;
	at com.kms.katalon.core.webservice.keyword.builtin.SendRequestAndVerifyKeyword$_sendRequestAndVerify_closure1.call(SendRequestAndVerifyKeyword.groovy)&#xD;
	at com.kms.katalon.core.keyword.internal.KeywordMain.runKeyword(KeywordMain.groovy:68)&#xD;
	at com.kms.katalon.core.webservice.keyword.builtin.SendRequestAndVerifyKeyword.sendRequestAndVerify(SendRequestAndVerifyKeyword.groovy:43)&#xD;
	at com.kms.katalon.core.webservice.keyword.builtin.SendRequestAndVerifyKeyword.execute(SendRequestAndVerifyKeyword.groovy:38)&#xD;
	at com.kms.katalon.core.keyword.internal.KeywordExecutor.executeKeywordForPlatform(KeywordExecutor.groovy:56)&#xD;
	at com.kms.katalon.core.webservice.keyword.WSBuiltInKeywords.sendRequestAndVerify(WSBuiltInKeywords.groovy:65)&#xD;
	at com.kms.katalon.core.webservice.keyword.WSBuiltInKeywords$sendRequestAndVerify$0.call(Unknown Source)&#xD;
	at dLeaveType_Test.run(dLeaveType_Test:16)&#xD;
	at com.kms.katalon.core.main.ScriptEngine.run(ScriptEngine.java:194)&#xD;
	at com.kms.katalon.core.main.ScriptEngine.runScriptAsRawText(ScriptEngine.java:119)&#xD;
	at com.kms.katalon.core.main.TestCaseExecutor.runScript(TestCaseExecutor.java:337)&#xD;
	at com.kms.katalon.core.main.TestCaseExecutor.doExecute(TestCaseExecutor.java:328)&#xD;
	at com.kms.katalon.core.main.TestCaseExecutor.processExecutionPhase(TestCaseExecutor.java:307)&#xD;
	at com.kms.katalon.core.main.TestCaseExecutor.accessMainPhase(TestCaseExecutor.java:299)&#xD;
	at com.kms.katalon.core.main.TestCaseExecutor.execute(TestCaseExecutor.java:233)&#xD;
	at com.kms.katalon.core.main.TestSuiteExecutor.accessTestCaseMainPhase(TestSuiteExecutor.java:169)&#xD;
	at com.kms.katalon.core.main.TestSuiteExecutor.accessTestSuiteMainPhase(TestSuiteExecutor.java:142)&#xD;
	at com.kms.katalon.core.main.TestSuiteExecutor.execute(TestSuiteExecutor.java:91)&#xD;
	at com.kms.katalon.core.main.TestCaseMain.startTestSuite(TestCaseMain.java:157)&#xD;
	at com.kms.katalon.core.main.TestCaseMain$startTestSuite$0.call(Unknown Source)&#xD;
	at TempTestSuite1568908277252.run(TempTestSuite1568908277252.groovy:35)&#xD;
)&#xD;
	at com.kms.katalon.core.keyword.internal.KeywordMain.stepFailed(KeywordMain.groovy:50)&#xD;
	at com.kms.katalon.core.keyword.internal.KeywordMain.stepFailed(KeywordMain.groovy)&#xD;
	at com.kms.katalon.core.keyword.internal.KeywordMain.runKeyword(KeywordMain.groovy:70)&#xD;
	at com.kms.katalon.core.webservice.keyword.builtin.VerifyElementPropertyValueKeyword.verifyElementPropertyValue(VerifyElementPropertyValueKeyword.groovy:48)&#xD;
	at com.kms.katalon.core.webservice.keyword.builtin.VerifyElementPropertyValueKeyword.execute(VerifyElementPropertyValueKeyword.groovy:43)&#xD;
	at com.kms.katalon.core.keyword.internal.KeywordExecutor.executeKeywordForPlatform(KeywordExecutor.groovy:56)&#xD;
	at com.kms.katalon.core.webservice.keyword.WSBuiltInKeywords.verifyElementPropertyValue(WSBuiltInKeywords.groovy:123)&#xD;
	at com.kms.katalon.core.webservice.keyword.WSBuiltInKeywords$verifyElementPropertyValue$2.call(Unknown Source)&#xD;
	at WSVerification1568908290892.run(WSVerification1568908290892:17)&#xD;
	at com.kms.katalon.core.main.ScriptEngine.run(ScriptEngine.java:194)&#xD;
	at com.kms.katalon.core.main.ScriptEngine.runScriptAsRawText(ScriptEngine.java:119)&#xD;
	at com.kms.katalon.core.main.WSVerificationExecutor.runScript(WSVerificationExecutor.java:146)&#xD;
	at com.kms.katalon.core.main.WSVerificationExecutor.doExecute(WSVerificationExecutor.java:140)&#xD;
	at com.kms.katalon.core.main.WSVerificationExecutor.processExecutionPhase(WSVerificationExecutor.java:123)&#xD;
	at com.kms.katalon.core.main.WSVerificationExecutor.accessMainPhase(WSVerificationExecutor.java:115)&#xD;
	at com.kms.katalon.core.main.WSVerificationExecutor.execute(WSVerificationExecutor.java:103)&#xD;
	at com.kms.katalon.core.main.TestCaseMain.runWSVerificationScript(TestCaseMain.java:127)&#xD;
	at com.kms.katalon.core.webservice.keyword.builtin.SendRequestAndVerifyKeyword$_sendRequestAndVerify_closure1.doCall(SendRequestAndVerifyKeyword.groovy:55)&#xD;
	at com.kms.katalon.core.webservice.keyword.builtin.SendRequestAndVerifyKeyword$_sendRequestAndVerify_closure1.call(SendRequestAndVerifyKeyword.groovy)&#xD;
	at com.kms.katalon.core.keyword.internal.KeywordMain.runKeyword(KeywordMain.groovy:68)&#xD;
	at com.kms.katalon.core.webservice.keyword.builtin.SendRequestAndVerifyKeyword.sendRequestAndVerify(SendRequestAndVerifyKeyword.groovy:43)&#xD;
	at com.kms.katalon.core.webservice.keyword.builtin.SendRequestAndVerifyKeyword.execute(SendRequestAndVerifyKeyword.groovy:38)&#xD;
	at com.kms.katalon.core.keyword.internal.KeywordExecutor.executeKeywordForPlatform(KeywordExecutor.groovy:56)&#xD;
	at com.kms.katalon.core.webservice.keyword.WSBuiltInKeywords.sendRequestAndVerify(WSBuiltInKeywords.groovy:65)&#xD;
	at com.kms.katalon.core.webservice.keyword.WSBuiltInKeywords$sendRequestAndVerify$0.call(Unknown Source)&#xD;
	at dLeaveType_Test.run(dLeaveType_Test:16)&#xD;
	at com.kms.katalon.core.main.ScriptEngine.run(ScriptEngine.java:194)&#xD;
	at com.kms.katalon.core.main.ScriptEngine.runScriptAsRawText(ScriptEngine.java:119)&#xD;
	at com.kms.katalon.core.main.TestCaseExecutor.runScript(TestCaseExecutor.java:337)&#xD;
	at com.kms.katalon.core.main.TestCaseExecutor.doExecute(TestCaseExecutor.java:328)&#xD;
	at com.kms.katalon.core.main.TestCaseExecutor.processExecutionPhase(TestCaseExecutor.java:307)&#xD;
	at com.kms.katalon.core.main.TestCaseExecutor.accessMainPhase(TestCaseExecutor.java:299)&#xD;
	at com.kms.katalon.core.main.TestCaseExecutor.execute(TestCaseExecutor.java:233)&#xD;
	at com.kms.katalon.core.main.TestSuiteExecutor.accessTestCaseMainPhase(TestSuiteExecutor.java:169)&#xD;
	at com.kms.katalon.core.main.TestSuiteExecutor.accessTestSuiteMainPhase(TestSuiteExecutor.java:142)&#xD;
	at com.kms.katalon.core.main.TestSuiteExecutor.execute(TestSuiteExecutor.java:91)&#xD;
	at com.kms.katalon.core.main.TestCaseMain.startTestSuite(TestCaseMain.java:157)&#xD;
	at com.kms.katalon.core.main.TestCaseMain$startTestSuite$0.call(Unknown Source)&#xD;
	at TempTestSuite1568908277252.run(TempTestSuite1568908277252.groovy:35)&#xD;
Caused by: groovy.json.JsonException: Unable to determine the current character, it is not a string, number, array, or object

The current character read is 'H' with an int value of 72
Unable to determine the current character, it is not a string, number, array, or object
line number 1
index number 0
Header Params are missing.
^&#xD;
	at Script1.run(Script1.groovy:1)&#xD;
	at com.kms.katalon.core.webservice.helper.WebServiceCommonHelper.parseAndGetPropertyValueForJson(WebServiceCommonHelper.java:159)&#xD;
	at com.kms.katalon.core.webservice.keyword.builtin.VerifyElementPropertyValueKeyword$_verifyElementPropertyValue_closure1.doCall(VerifyElementPropertyValueKeyword.groovy:52)&#xD;
	at com.kms.katalon.core.webservice.keyword.builtin.VerifyElementPropertyValueKeyword$_verifyElementPropertyValue_closure1.call(VerifyElementPropertyValueKeyword.groovy)&#xD;
	at com.kms.katalon.core.keyword.internal.KeywordMain.runKeyword(KeywordMain.groovy:68)&#xD;
	... 36 more&#xD;
&#xD;
&#xD;
2019-09-19 21:21:31 - [TEST_STEP][PASSED] - request = getInstance().getCurrentRequest(): null&#xD;
&#xD;
2019-09-19 21:21:31 - [TEST_STEP][PASSED] - response = getInstance().getCurrentResponse(): null&#xD;
&#xD;
2019-09-19 21:21:31 - [TEST_STEP][FAILED] - verifyElementPropertyValue(response, "leaveInfo[0].leaveTypeId", 1): Unable to verify element property value (Root cause: groovy.json.JsonException: Unable to determine the current character, it is not a string, number, array, or object

The current character read is 'H' with an int value of 72
Unable to determine the current character, it is not a string, number, array, or object
line number 1
index number 0
Header Params are missing.
^&#xD;
	at Script1.run(Script1.groovy:1)&#xD;
	at com.kms.katalon.core.webservice.helper.WebServiceCommonHelper.parseAndGetPropertyValueForJson(WebServiceCommonHelper.java:159)&#xD;
	at com.kms.katalon.core.webservice.keyword.builtin.VerifyElementPropertyValueKeyword$_verifyElementPropertyValue_closure1.doCall(VerifyElementPropertyValueKeyword.groovy:52)&#xD;
	at com.kms.katalon.core.webservice.keyword.builtin.VerifyElementPropertyValueKeyword$_verifyElementPropertyValue_closure1.call(VerifyElementPropertyValueKeyword.groovy)&#xD;
	at com.kms.katalon.core.keyword.internal.KeywordMain.runKeyword(KeywordMain.groovy:68)&#xD;
	at com.kms.katalon.core.webservice.keyword.builtin.VerifyElementPropertyValueKeyword.verifyElementPropertyValue(VerifyElementPropertyValueKeyword.groovy:48)&#xD;
	at com.kms.katalon.core.webservice.keyword.builtin.VerifyElementPropertyValueKeyword.execute(VerifyElementPropertyValueKeyword.groovy:43)&#xD;
	at com.kms.katalon.core.keyword.internal.KeywordExecutor.executeKeywordForPlatform(KeywordExecutor.groovy:56)&#xD;
	at com.kms.katalon.core.webservice.keyword.WSBuiltInKeywords.verifyElementPropertyValue(WSBuiltInKeywords.groovy:123)&#xD;
	at com.kms.katalon.core.webservice.keyword.WSBuiltInKeywords$verifyElementPropertyValue$2.call(Unknown Source)&#xD;
	at WSVerification1568908290892.run(WSVerification1568908290892:17)&#xD;
	at com.kms.katalon.core.main.ScriptEngine.run(ScriptEngine.java:194)&#xD;
	at com.kms.katalon.core.main.ScriptEngine.runScriptAsRawText(ScriptEngine.java:119)&#xD;
	at com.kms.katalon.core.main.WSVerificationExecutor.runScript(WSVerificationExecutor.java:146)&#xD;
	at com.kms.katalon.core.main.WSVerificationExecutor.doExecute(WSVerificationExecutor.java:140)&#xD;
	at com.kms.katalon.core.main.WSVerificationExecutor.processExecutionPhase(WSVerificationExecutor.java:123)&#xD;
	at com.kms.katalon.core.main.WSVerificationExecutor.accessMainPhase(WSVerificationExecutor.java:115)&#xD;
	at com.kms.katalon.core.main.WSVerificationExecutor.execute(WSVerificationExecutor.java:103)&#xD;
	at com.kms.katalon.core.main.TestCaseMain.runWSVerificationScript(TestCaseMain.java:127)&#xD;
	at com.kms.katalon.core.webservice.keyword.builtin.SendRequestAndVerifyKeyword$_sendRequestAndVerify_closure1.doCall(SendRequestAndVerifyKeyword.groovy:55)&#xD;
	at com.kms.katalon.core.webservice.keyword.builtin.SendRequestAndVerifyKeyword$_sendRequestAndVerify_closure1.call(SendRequestAndVerifyKeyword.groovy)&#xD;
	at com.kms.katalon.core.keyword.internal.KeywordMain.runKeyword(KeywordMain.groovy:68)&#xD;
	at com.kms.katalon.core.webservice.keyword.builtin.SendRequestAndVerifyKeyword.sendRequestAndVerify(SendRequestAndVerifyKeyword.groovy:43)&#xD;
	at com.kms.katalon.core.webservice.keyword.builtin.SendRequestAndVerifyKeyword.execute(SendRequestAndVerifyKeyword.groovy:38)&#xD;
	at com.kms.katalon.core.keyword.internal.KeywordExecutor.executeKeywordForPlatform(KeywordExecutor.groovy:56)&#xD;
	at com.kms.katalon.core.webservice.keyword.WSBuiltInKeywords.sendRequestAndVerify(WSBuiltInKeywords.groovy:65)&#xD;
	at com.kms.katalon.core.webservice.keyword.WSBuiltInKeywords$sendRequestAndVerify$0.call(Unknown Source)&#xD;
	at dLeaveType_Test.run(dLeaveType_Test:16)&#xD;
	at com.kms.katalon.core.main.ScriptEngine.run(ScriptEngine.java:194)&#xD;
	at com.kms.katalon.core.main.ScriptEngine.runScriptAsRawText(ScriptEngine.java:119)&#xD;
	at com.kms.katalon.core.main.TestCaseExecutor.runScript(TestCaseExecutor.java:337)&#xD;
	at com.kms.katalon.core.main.TestCaseExecutor.doExecute(TestCaseExecutor.java:328)&#xD;
	at com.kms.katalon.core.main.TestCaseExecutor.processExecutionPhase(TestCaseExecutor.java:307)&#xD;
	at com.kms.katalon.core.main.TestCaseExecutor.accessMainPhase(TestCaseExecutor.java:299)&#xD;
	at com.kms.katalon.core.main.TestCaseExecutor.execute(TestCaseExecutor.java:233)&#xD;
	at com.kms.katalon.core.main.TestSuiteExecutor.accessTestCaseMainPhase(TestSuiteExecutor.java:169)&#xD;
	at com.kms.katalon.core.main.TestSuiteExecutor.accessTestSuiteMainPhase(TestSuiteExecutor.java:142)&#xD;
	at com.kms.katalon.core.main.TestSuiteExecutor.execute(TestSuiteExecutor.java:91)&#xD;
	at com.kms.katalon.core.main.TestCaseMain.startTestSuite(TestCaseMain.java:157)&#xD;
	at com.kms.katalon.core.main.TestCaseMain$startTestSuite$0.call(Unknown Source)&#xD;
	at TempTestSuite1568908277252.run(TempTestSuite1568908277252.groovy:35)&#xD;
)&#xD;
&#xD;
2019-09-19 21:21:31 - [MESSAGE][FAILED] - Unable to verify element property value (Root cause: groovy.json.JsonException: Unable to determine the current character, it is not a string, number, array, or object

The current character read is 'H' with an int value of 72
Unable to determine the current character, it is not a string, number, array, or object
line number 1
index number 0
Header Params are missing.
^&#xD;
	at Script1.run(Script1.groovy:1)&#xD;
	at com.kms.katalon.core.webservice.helper.WebServiceCommonHelper.parseAndGetPropertyValueForJson(WebServiceCommonHelper.java:159)&#xD;
	at com.kms.katalon.core.webservice.keyword.builtin.VerifyElementPropertyValueKeyword$_verifyElementPropertyValue_closure1.doCall(VerifyElementPropertyValueKeyword.groovy:52)&#xD;
	at com.kms.katalon.core.webservice.keyword.builtin.VerifyElementPropertyValueKeyword$_verifyElementPropertyValue_closure1.call(VerifyElementPropertyValueKeyword.groovy)&#xD;
	at com.kms.katalon.core.keyword.internal.KeywordMain.runKeyword(KeywordMain.groovy:68)&#xD;
	at com.kms.katalon.core.webservice.keyword.builtin.VerifyElementPropertyValueKeyword.verifyElementPropertyValue(VerifyElementPropertyValueKeyword.groovy:48)&#xD;
	at com.kms.katalon.core.webservice.keyword.builtin.VerifyElementPropertyValueKeyword.execute(VerifyElementPropertyValueKeyword.groovy:43)&#xD;
	at com.kms.katalon.core.keyword.internal.KeywordExecutor.executeKeywordForPlatform(KeywordExecutor.groovy:56)&#xD;
	at com.kms.katalon.core.webservice.keyword.WSBuiltInKeywords.verifyElementPropertyValue(WSBuiltInKeywords.groovy:123)&#xD;
	at com.kms.katalon.core.webservice.keyword.WSBuiltInKeywords$verifyElementPropertyValue$2.call(Unknown Source)&#xD;
	at WSVerification1568908290892.run(WSVerification1568908290892:17)&#xD;
	at com.kms.katalon.core.main.ScriptEngine.run(ScriptEngine.java:194)&#xD;
	at com.kms.katalon.core.main.ScriptEngine.runScriptAsRawText(ScriptEngine.java:119)&#xD;
	at com.kms.katalon.core.main.WSVerificationExecutor.runScript(WSVerificationExecutor.java:146)&#xD;
	at com.kms.katalon.core.main.WSVerificationExecutor.doExecute(WSVerificationExecutor.java:140)&#xD;
	at com.kms.katalon.core.main.WSVerificationExecutor.processExecutionPhase(WSVerificationExecutor.java:123)&#xD;
	at com.kms.katalon.core.main.WSVerificationExecutor.accessMainPhase(WSVerificationExecutor.java:115)&#xD;
	at com.kms.katalon.core.main.WSVerificationExecutor.execute(WSVerificationExecutor.java:103)&#xD;
	at com.kms.katalon.core.main.TestCaseMain.runWSVerificationScript(TestCaseMain.java:127)&#xD;
	at com.kms.katalon.core.webservice.keyword.builtin.SendRequestAndVerifyKeyword$_sendRequestAndVerify_closure1.doCall(SendRequestAndVerifyKeyword.groovy:55)&#xD;
	at com.kms.katalon.core.webservice.keyword.builtin.SendRequestAndVerifyKeyword$_sendRequestAndVerify_closure1.call(SendRequestAndVerifyKeyword.groovy)&#xD;
	at com.kms.katalon.core.keyword.internal.KeywordMain.runKeyword(KeywordMain.groovy:68)&#xD;
	at com.kms.katalon.core.webservice.keyword.builtin.SendRequestAndVerifyKeyword.sendRequestAndVerify(SendRequestAndVerifyKeyword.groovy:43)&#xD;
	at com.kms.katalon.core.webservice.keyword.builtin.SendRequestAndVerifyKeyword.execute(SendRequestAndVerifyKeyword.groovy:38)&#xD;
	at com.kms.katalon.core.keyword.internal.KeywordExecutor.executeKeywordForPlatform(KeywordExecutor.groovy:56)&#xD;
	at com.kms.katalon.core.webservice.keyword.WSBuiltInKeywords.sendRequestAndVerify(WSBuiltInKeywords.groovy:65)&#xD;
	at com.kms.katalon.core.webservice.keyword.WSBuiltInKeywords$sendRequestAndVerify$0.call(Unknown Source)&#xD;
	at dLeaveType_Test.run(dLeaveType_Test:16)&#xD;
	at com.kms.katalon.core.main.ScriptEngine.run(ScriptEngine.java:194)&#xD;
	at com.kms.katalon.core.main.ScriptEngine.runScriptAsRawText(ScriptEngine.java:119)&#xD;
	at com.kms.katalon.core.main.TestCaseExecutor.runScript(TestCaseExecutor.java:337)&#xD;
	at com.kms.katalon.core.main.TestCaseExecutor.doExecute(TestCaseExecutor.java:328)&#xD;
	at com.kms.katalon.core.main.TestCaseExecutor.processExecutionPhase(TestCaseExecutor.java:307)&#xD;
	at com.kms.katalon.core.main.TestCaseExecutor.accessMainPhase(TestCaseExecutor.java:299)&#xD;
	at com.kms.katalon.core.main.TestCaseExecutor.execute(TestCaseExecutor.java:233)&#xD;
	at com.kms.katalon.core.main.TestSuiteExecutor.accessTestCaseMainPhase(TestSuiteExecutor.java:169)&#xD;
	at com.kms.katalon.core.main.TestSuiteExecutor.accessTestSuiteMainPhase(TestSuiteExecutor.java:142)&#xD;
	at com.kms.katalon.core.main.TestSuiteExecutor.execute(TestSuiteExecutor.java:91)&#xD;
	at com.kms.katalon.core.main.TestCaseMain.startTestSuite(TestCaseMain.java:157)&#xD;
	at com.kms.katalon.core.main.TestCaseMain$startTestSuite$0.call(Unknown Source)&#xD;
	at TempTestSuite1568908277252.run(TempTestSuite1568908277252.groovy:35)&#xD;
)&#xD;
&#xD;
2019-09-19 21:21:33 - [MESSAGE][FAILED] - Unable to send request and verify the response (Root cause: com.kms.katalon.core.exception.StepFailedException: Verification failed&#xD;
	at com.kms.katalon.core.webservice.keyword.builtin.SendRequestAndVerifyKeyword$_sendRequestAndVerify_closure1.doCall(SendRequestAndVerifyKeyword.groovy:59)&#xD;
	at com.kms.katalon.core.webservice.keyword.builtin.SendRequestAndVerifyKeyword$_sendRequestAndVerify_closure1.call(SendRequestAndVerifyKeyword.groovy)&#xD;
	at com.kms.katalon.core.keyword.internal.KeywordMain.runKeyword(KeywordMain.groovy:68)&#xD;
	at com.kms.katalon.core.webservice.keyword.builtin.SendRequestAndVerifyKeyword.sendRequestAndVerify(SendRequestAndVerifyKeyword.groovy:43)&#xD;
	at com.kms.katalon.core.webservice.keyword.builtin.SendRequestAndVerifyKeyword.execute(SendRequestAndVerifyKeyword.groovy:38)&#xD;
	at com.kms.katalon.core.keyword.internal.KeywordExecutor.executeKeywordForPlatform(KeywordExecutor.groovy:56)&#xD;
	at com.kms.katalon.core.webservice.keyword.WSBuiltInKeywords.sendRequestAndVerify(WSBuiltInKeywords.groovy:65)&#xD;
	at com.kms.katalon.core.webservice.keyword.WSBuiltInKeywords$sendRequestAndVerify$0.call(Unknown Source)&#xD;
	at dLeaveType_Test.run(dLeaveType_Test:16)&#xD;
	at com.kms.katalon.core.main.ScriptEngine.run(ScriptEngine.java:194)&#xD;
	at com.kms.katalon.core.main.ScriptEngine.runScriptAsRawText(ScriptEngine.java:119)&#xD;
	at com.kms.katalon.core.main.TestCaseExecutor.runScript(TestCaseExecutor.java:337)&#xD;
	at com.kms.katalon.core.main.TestCaseExecutor.doExecute(TestCaseExecutor.java:328)&#xD;
	at com.kms.katalon.core.main.TestCaseExecutor.processExecutionPhase(TestCaseExecutor.java:307)&#xD;
	at com.kms.katalon.core.main.TestCaseExecutor.accessMainPhase(TestCaseExecutor.java:299)&#xD;
	at com.kms.katalon.core.main.TestCaseExecutor.execute(TestCaseExecutor.java:233)&#xD;
	at com.kms.katalon.core.main.TestSuiteExecutor.accessTestCaseMainPhase(TestSuiteExecutor.java:169)&#xD;
	at com.kms.katalon.core.main.TestSuiteExecutor.accessTestSuiteMainPhase(TestSuiteExecutor.java:142)&#xD;
	at com.kms.katalon.core.main.TestSuiteExecutor.execute(TestSuiteExecutor.java:91)&#xD;
	at com.kms.katalon.core.main.TestCaseMain.startTestSuite(TestCaseMain.java:157)&#xD;
	at com.kms.katalon.core.main.TestCaseMain$startTestSuite$0.call(Unknown Source)&#xD;
	at TempTestSuite1568908277252.run(TempTestSuite1568908277252.groovy:35)&#xD;
)</system-out>
            <system-err>2019-09-19 21:21:30 - [TEST_CASE][FAILED] - Test Cases/dLeaveType_Test: Test Cases/dLeaveType_Test FAILED.
Reason:
com.kms.katalon.core.exception.StepFailedException: Unable to verify element property value (Root cause: groovy.json.JsonException: Unable to determine the current character, it is not a string, number, array, or object

The current character read is 'H' with an int value of 72
Unable to determine the current character, it is not a string, number, array, or object
line number 1
index number 0
Header Params are missing.
^&#xD;
	at Script1.run(Script1.groovy:1)&#xD;
	at com.kms.katalon.core.webservice.helper.WebServiceCommonHelper.parseAndGetPropertyValueForJson(WebServiceCommonHelper.java:159)&#xD;
	at com.kms.katalon.core.webservice.keyword.builtin.VerifyElementPropertyValueKeyword$_verifyElementPropertyValue_closure1.doCall(VerifyElementPropertyValueKeyword.groovy:52)&#xD;
	at com.kms.katalon.core.webservice.keyword.builtin.VerifyElementPropertyValueKeyword$_verifyElementPropertyValue_closure1.call(VerifyElementPropertyValueKeyword.groovy)&#xD;
	at com.kms.katalon.core.keyword.internal.KeywordMain.runKeyword(KeywordMain.groovy:68)&#xD;
	at com.kms.katalon.core.webservice.keyword.builtin.VerifyElementPropertyValueKeyword.verifyElementPropertyValue(VerifyElementPropertyValueKeyword.groovy:48)&#xD;
	at com.kms.katalon.core.webservice.keyword.builtin.VerifyElementPropertyValueKeyword.execute(VerifyElementPropertyValueKeyword.groovy:43)&#xD;
	at com.kms.katalon.core.keyword.internal.KeywordExecutor.executeKeywordForPlatform(KeywordExecutor.groovy:56)&#xD;
	at com.kms.katalon.core.webservice.keyword.WSBuiltInKeywords.verifyElementPropertyValue(WSBuiltInKeywords.groovy:123)&#xD;
	at com.kms.katalon.core.webservice.keyword.WSBuiltInKeywords$verifyElementPropertyValue$2.call(Unknown Source)&#xD;
	at WSVerification1568908290892.run(WSVerification1568908290892:17)&#xD;
	at com.kms.katalon.core.main.ScriptEngine.run(ScriptEngine.java:194)&#xD;
	at com.kms.katalon.core.main.ScriptEngine.runScriptAsRawText(ScriptEngine.java:119)&#xD;
	at com.kms.katalon.core.main.WSVerificationExecutor.runScript(WSVerificationExecutor.java:146)&#xD;
	at com.kms.katalon.core.main.WSVerificationExecutor.doExecute(WSVerificationExecutor.java:140)&#xD;
	at com.kms.katalon.core.main.WSVerificationExecutor.processExecutionPhase(WSVerificationExecutor.java:123)&#xD;
	at com.kms.katalon.core.main.WSVerificationExecutor.accessMainPhase(WSVerificationExecutor.java:115)&#xD;
	at com.kms.katalon.core.main.WSVerificationExecutor.execute(WSVerificationExecutor.java:103)&#xD;
	at com.kms.katalon.core.main.TestCaseMain.runWSVerificationScript(TestCaseMain.java:127)&#xD;
	at com.kms.katalon.core.webservice.keyword.builtin.SendRequestAndVerifyKeyword$_sendRequestAndVerify_closure1.doCall(SendRequestAndVerifyKeyword.groovy:55)&#xD;
	at com.kms.katalon.core.webservice.keyword.builtin.SendRequestAndVerifyKeyword$_sendRequestAndVerify_closure1.call(SendRequestAndVerifyKeyword.groovy)&#xD;
	at com.kms.katalon.core.keyword.internal.KeywordMain.runKeyword(KeywordMain.groovy:68)&#xD;
	at com.kms.katalon.core.webservice.keyword.builtin.SendRequestAndVerifyKeyword.sendRequestAndVerify(SendRequestAndVerifyKeyword.groovy:43)&#xD;
	at com.kms.katalon.core.webservice.keyword.builtin.SendRequestAndVerifyKeyword.execute(SendRequestAndVerifyKeyword.groovy:38)&#xD;
	at com.kms.katalon.core.keyword.internal.KeywordExecutor.executeKeywordForPlatform(KeywordExecutor.groovy:56)&#xD;
	at com.kms.katalon.core.webservice.keyword.WSBuiltInKeywords.sendRequestAndVerify(WSBuiltInKeywords.groovy:65)&#xD;
	at com.kms.katalon.core.webservice.keyword.WSBuiltInKeywords$sendRequestAndVerify$0.call(Unknown Source)&#xD;
	at dLeaveType_Test.run(dLeaveType_Test:16)&#xD;
	at com.kms.katalon.core.main.ScriptEngine.run(ScriptEngine.java:194)&#xD;
	at com.kms.katalon.core.main.ScriptEngine.runScriptAsRawText(ScriptEngine.java:119)&#xD;
	at com.kms.katalon.core.main.TestCaseExecutor.runScript(TestCaseExecutor.java:337)&#xD;
	at com.kms.katalon.core.main.TestCaseExecutor.doExecute(TestCaseExecutor.java:328)&#xD;
	at com.kms.katalon.core.main.TestCaseExecutor.processExecutionPhase(TestCaseExecutor.java:307)&#xD;
	at com.kms.katalon.core.main.TestCaseExecutor.accessMainPhase(TestCaseExecutor.java:299)&#xD;
	at com.kms.katalon.core.main.TestCaseExecutor.execute(TestCaseExecutor.java:233)&#xD;
	at com.kms.katalon.core.main.TestSuiteExecutor.accessTestCaseMainPhase(TestSuiteExecutor.java:169)&#xD;
	at com.kms.katalon.core.main.TestSuiteExecutor.accessTestSuiteMainPhase(TestSuiteExecutor.java:142)&#xD;
	at com.kms.katalon.core.main.TestSuiteExecutor.execute(TestSuiteExecutor.java:91)&#xD;
	at com.kms.katalon.core.main.TestCaseMain.startTestSuite(TestCaseMain.java:157)&#xD;
	at com.kms.katalon.core.main.TestCaseMain$startTestSuite$0.call(Unknown Source)&#xD;
	at TempTestSuite1568908277252.run(TempTestSuite1568908277252.groovy:35)&#xD;
)&#xD;
	at com.kms.katalon.core.keyword.internal.KeywordMain.stepFailed(KeywordMain.groovy:50)&#xD;
	at com.kms.katalon.core.keyword.internal.KeywordMain.stepFailed(KeywordMain.groovy)&#xD;
	at com.kms.katalon.core.keyword.internal.KeywordMain.runKeyword(KeywordMain.groovy:70)&#xD;
	at com.kms.katalon.core.webservice.keyword.builtin.VerifyElementPropertyValueKeyword.verifyElementPropertyValue(VerifyElementPropertyValueKeyword.groovy:48)&#xD;
	at com.kms.katalon.core.webservice.keyword.builtin.VerifyElementPropertyValueKeyword.execute(VerifyElementPropertyValueKeyword.groovy:43)&#xD;
	at com.kms.katalon.core.keyword.internal.KeywordExecutor.executeKeywordForPlatform(KeywordExecutor.groovy:56)&#xD;
	at com.kms.katalon.core.webservice.keyword.WSBuiltInKeywords.verifyElementPropertyValue(WSBuiltInKeywords.groovy:123)&#xD;
	at com.kms.katalon.core.webservice.keyword.WSBuiltInKeywords$verifyElementPropertyValue$2.call(Unknown Source)&#xD;
	at WSVerification1568908290892.run(WSVerification1568908290892:17)&#xD;
	at com.kms.katalon.core.main.ScriptEngine.run(ScriptEngine.java:194)&#xD;
	at com.kms.katalon.core.main.ScriptEngine.runScriptAsRawText(ScriptEngine.java:119)&#xD;
	at com.kms.katalon.core.main.WSVerificationExecutor.runScript(WSVerificationExecutor.java:146)&#xD;
	at com.kms.katalon.core.main.WSVerificationExecutor.doExecute(WSVerificationExecutor.java:140)&#xD;
	at com.kms.katalon.core.main.WSVerificationExecutor.processExecutionPhase(WSVerificationExecutor.java:123)&#xD;
	at com.kms.katalon.core.main.WSVerificationExecutor.accessMainPhase(WSVerificationExecutor.java:115)&#xD;
	at com.kms.katalon.core.main.WSVerificationExecutor.execute(WSVerificationExecutor.java:103)&#xD;
	at com.kms.katalon.core.main.TestCaseMain.runWSVerificationScript(TestCaseMain.java:127)&#xD;
	at com.kms.katalon.core.webservice.keyword.builtin.SendRequestAndVerifyKeyword$_sendRequestAndVerify_closure1.doCall(SendRequestAndVerifyKeyword.groovy:55)&#xD;
	at com.kms.katalon.core.webservice.keyword.builtin.SendRequestAndVerifyKeyword$_sendRequestAndVerify_closure1.call(SendRequestAndVerifyKeyword.groovy)&#xD;
	at com.kms.katalon.core.keyword.internal.KeywordMain.runKeyword(KeywordMain.groovy:68)&#xD;
	at com.kms.katalon.core.webservice.keyword.builtin.SendRequestAndVerifyKeyword.sendRequestAndVerify(SendRequestAndVerifyKeyword.groovy:43)&#xD;
	at com.kms.katalon.core.webservice.keyword.builtin.SendRequestAndVerifyKeyword.execute(SendRequestAndVerifyKeyword.groovy:38)&#xD;
	at com.kms.katalon.core.keyword.internal.KeywordExecutor.executeKeywordForPlatform(KeywordExecutor.groovy:56)&#xD;
	at com.kms.katalon.core.webservice.keyword.WSBuiltInKeywords.sendRequestAndVerify(WSBuiltInKeywords.groovy:65)&#xD;
	at com.kms.katalon.core.webservice.keyword.WSBuiltInKeywords$sendRequestAndVerify$0.call(Unknown Source)&#xD;
	at dLeaveType_Test.run(dLeaveType_Test:16)&#xD;
	at com.kms.katalon.core.main.ScriptEngine.run(ScriptEngine.java:194)&#xD;
	at com.kms.katalon.core.main.ScriptEngine.runScriptAsRawText(ScriptEngine.java:119)&#xD;
	at com.kms.katalon.core.main.TestCaseExecutor.runScript(TestCaseExecutor.java:337)&#xD;
	at com.kms.katalon.core.main.TestCaseExecutor.doExecute(TestCaseExecutor.java:328)&#xD;
	at com.kms.katalon.core.main.TestCaseExecutor.processExecutionPhase(TestCaseExecutor.java:307)&#xD;
	at com.kms.katalon.core.main.TestCaseExecutor.accessMainPhase(TestCaseExecutor.java:299)&#xD;
	at com.kms.katalon.core.main.TestCaseExecutor.execute(TestCaseExecutor.java:233)&#xD;
	at com.kms.katalon.core.main.TestSuiteExecutor.accessTestCaseMainPhase(TestSuiteExecutor.java:169)&#xD;
	at com.kms.katalon.core.main.TestSuiteExecutor.accessTestSuiteMainPhase(TestSuiteExecutor.java:142)&#xD;
	at com.kms.katalon.core.main.TestSuiteExecutor.execute(TestSuiteExecutor.java:91)&#xD;
	at com.kms.katalon.core.main.TestCaseMain.startTestSuite(TestCaseMain.java:157)&#xD;
	at com.kms.katalon.core.main.TestCaseMain$startTestSuite$0.call(Unknown Source)&#xD;
	at TempTestSuite1568908277252.run(TempTestSuite1568908277252.groovy:35)&#xD;
Caused by: groovy.json.JsonException: Unable to determine the current character, it is not a string, number, array, or object

The current character read is 'H' with an int value of 72
Unable to determine the current character, it is not a string, number, array, or object
line number 1
index number 0
Header Params are missing.
^&#xD;
	at Script1.run(Script1.groovy:1)&#xD;
	at com.kms.katalon.core.webservice.helper.WebServiceCommonHelper.parseAndGetPropertyValueForJson(WebServiceCommonHelper.java:159)&#xD;
	at com.kms.katalon.core.webservice.keyword.builtin.VerifyElementPropertyValueKeyword$_verifyElementPropertyValue_closure1.doCall(VerifyElementPropertyValueKeyword.groovy:52)&#xD;
	at com.kms.katalon.core.webservice.keyword.builtin.VerifyElementPropertyValueKeyword$_verifyElementPropertyValue_closure1.call(VerifyElementPropertyValueKeyword.groovy)&#xD;
	at com.kms.katalon.core.keyword.internal.KeywordMain.runKeyword(KeywordMain.groovy:68)&#xD;
	... 36 more</system-err>
        </testcase>
        <testcase name="Test Cases/eLeaveApplication_Test" classname="Test Cases/eLeaveApplication_Test" status="FAILED">
            <failure type="FAILED" message="Test Cases/eLeaveApplication_Test FAILED.&#xA;Reason:&#xA;com.kms.katalon.core.exception.StepFailedException: Unable to verify element property value (Root cause: groovy.json.JsonException: Unable to determine the current character, it is not a string, number, array, or object&#xA;&#xA;The current character read is 'H' with an int value of 72&#xA;Unable to determine the current character, it is not a string, number, array, or object&#xA;line number 1&#xA;index number 0&#xA;Header Params are missing.&#xA;^&#xD;&#xA;&#x9;at Script1.run(Script1.groovy:1)&#xD;&#xA;&#x9;at com.kms.katalon.core.webservice.helper.WebServiceCommonHelper.parseAndGetPropertyValueForJson(WebServiceCommonHelper.java:159)&#xD;&#xA;&#x9;at com.kms.katalon.core.webservice.keyword.builtin.VerifyElementPropertyValueKeyword$_verifyElementPropertyValue_closure1.doCall(VerifyElementPropertyValueKeyword.groovy:52)&#xD;&#xA;&#x9;at com.kms.katalon.core.webservice.keyword.builtin.VerifyElementPropertyValueKeyword$_verifyElementPropertyValue_closure1.call(VerifyElementPropertyValueKeyword.groovy)&#xD;&#xA;&#x9;at com.kms.katalon.core.keyword.internal.KeywordMain.runKeyword(KeywordMain.groovy:68)&#xD;&#xA;&#x9;at com.kms.katalon.core.webservice.keyword.builtin.VerifyElementPropertyValueKeyword.verifyElementPropertyValue(VerifyElementPropertyValueKeyword.groovy:48)&#xD;&#xA;&#x9;at com.kms.katalon.core.webservice.keyword.builtin.VerifyElementPropertyValueKeyword.execute(VerifyElementPropertyValueKeyword.groovy:43)&#xD;&#xA;&#x9;at com.kms.katalon.core.keyword.internal.KeywordExecutor.executeKeywordForPlatform(KeywordExecutor.groovy:56)&#xD;&#xA;&#x9;at com.kms.katalon.core.webservice.keyword.WSBuiltInKeywords.verifyElementPropertyValue(WSBuiltInKeywords.groovy:123)&#xD;&#xA;&#x9;at com.kms.katalon.core.webservice.keyword.WSBuiltInKeywords$verifyElementPropertyValue$2.call(Unknown Source)&#xD;&#xA;&#x9;at WSVerification1568908293931.run(WSVerification1568908293931:16)&#xD;&#xA;&#x9;at com.kms.katalon.core.main.ScriptEngine.run(ScriptEngine.java:194)&#xD;&#xA;&#x9;at com.kms.katalon.core.main.ScriptEngine.runScriptAsRawText(ScriptEngine.java:119)&#xD;&#xA;&#x9;at com.kms.katalon.core.main.WSVerificationExecutor.runScript(WSVerificationExecutor.java:146)&#xD;&#xA;&#x9;at com.kms.katalon.core.main.WSVerificationExecutor.doExecute(WSVerificationExecutor.java:140)&#xD;&#xA;&#x9;at com.kms.katalon.core.main.WSVerificationExecutor.processExecutionPhase(WSVerificationExecutor.java:123)&#xD;&#xA;&#x9;at com.kms.katalon.core.main.WSVerificationExecutor.accessMainPhase(WSVerificationExecutor.java:115)&#xD;&#xA;&#x9;at com.kms.katalon.core.main.WSVerificationExecutor.execute(WSVerificationExecutor.java:103)&#xD;&#xA;&#x9;at com.kms.katalon.core.main.TestCaseMain.runWSVerificationScript(TestCaseMain.java:127)&#xD;&#xA;&#x9;at com.kms.katalon.core.webservice.keyword.builtin.SendRequestAndVerifyKeyword$_sendRequestAndVerify_closure1.doCall(SendRequestAndVerifyKeyword.groovy:55)&#xD;&#xA;&#x9;at com.kms.katalon.core.webservice.keyword.builtin.SendRequestAndVerifyKeyword$_sendRequestAndVerify_closure1.call(SendRequestAndVerifyKeyword.groovy)&#xD;&#xA;&#x9;at com.kms.katalon.core.keyword.internal.KeywordMain.runKeyword(KeywordMain.groovy:68)&#xD;&#xA;&#x9;at com.kms.katalon.core.webservice.keyword.builtin.SendRequestAndVerifyKeyword.sendRequestAndVerify(SendRequestAndVerifyKeyword.groovy:43)&#xD;&#xA;&#x9;at com.kms.katalon.core.webservice.keyword.builtin.SendRequestAndVerifyKeyword.execute(SendRequestAndVerifyKeyword.groovy:38)&#xD;&#xA;&#x9;at com.kms.katalon.core.keyword.internal.KeywordExecutor.executeKeywordForPlatform(KeywordExecutor.groovy:56)&#xD;&#xA;&#x9;at com.kms.katalon.core.webservice.keyword.WSBuiltInKeywords.sendRequestAndVerify(WSBuiltInKeywords.groovy:65)&#xD;&#xA;&#x9;at com.kms.katalon.core.webservice.keyword.WSBuiltInKeywords$sendRequestAndVerify$0.call(Unknown Source)&#xD;&#xA;&#x9;at eLeaveApplication_Test.run(eLeaveApplication_Test:16)&#xD;&#xA;&#x9;at com.kms.katalon.core.main.ScriptEngine.run(ScriptEngine.java:194)&#xD;&#xA;&#x9;at com.kms.katalon.core.main.ScriptEngine.runScriptAsRawText(ScriptEngine.java:119)&#xD;&#xA;&#x9;at com.kms.katalon.core.main.TestCaseExecutor.runScript(TestCaseExecutor.java:337)&#xD;&#xA;&#x9;at com.kms.katalon.core.main.TestCaseExecutor.doExecute(TestCaseExecutor.java:328)&#xD;&#xA;&#x9;at com.kms.katalon.core.main.TestCaseExecutor.processExecutionPhase(TestCaseExecutor.java:307)&#xD;&#xA;&#x9;at com.kms.katalon.core.main.TestCaseExecutor.accessMainPhase(TestCaseExecutor.java:299)&#xD;&#xA;&#x9;at com.kms.katalon.core.main.TestCaseExecutor.execute(TestCaseExecutor.java:233)&#xD;&#xA;&#x9;at com.kms.katalon.core.main.TestSuiteExecutor.accessTestCaseMainPhase(TestSuiteExecutor.java:169)&#xD;&#xA;&#x9;at com.kms.katalon.core.main.TestSuiteExecutor.accessTestSuiteMainPhase(TestSuiteExecutor.java:142)&#xD;&#xA;&#x9;at com.kms.katalon.core.main.TestSuiteExecutor.execute(TestSuiteExecutor.java:91)&#xD;&#xA;&#x9;at com.kms.katalon.core.main.TestCaseMain.startTestSuite(TestCaseMain.java:157)&#xD;&#xA;&#x9;at com.kms.katalon.core.main.TestCaseMain$startTestSuite$0.call(Unknown Source)&#xD;&#xA;&#x9;at TempTestSuite1568908277252.run(TempTestSuite1568908277252.groovy:35)&#xD;&#xA;)&#xD;&#xA;&#x9;at com.kms.katalon.core.keyword.internal.KeywordMain.stepFailed(KeywordMain.groovy:50)&#xD;&#xA;&#x9;at com.kms.katalon.core.keyword.internal.KeywordMain.stepFailed(KeywordMain.groovy)&#xD;&#xA;&#x9;at com.kms.katalon.core.keyword.internal.KeywordMain.runKeyword(KeywordMain.groovy:70)&#xD;&#xA;&#x9;at com.kms.katalon.core.webservice.keyword.builtin.VerifyElementPropertyValueKeyword.verifyElementPropertyValue(VerifyElementPropertyValueKeyword.groovy:48)&#xD;&#xA;&#x9;at com.kms.katalon.core.webservice.keyword.builtin.VerifyElementPropertyValueKeyword.execute(VerifyElementPropertyValueKeyword.groovy:43)&#xD;&#xA;&#x9;at com.kms.katalon.core.keyword.internal.KeywordExecutor.executeKeywordForPlatform(KeywordExecutor.groovy:56)&#xD;&#xA;&#x9;at com.kms.katalon.core.webservice.keyword.WSBuiltInKeywords.verifyElementPropertyValue(WSBuiltInKeywords.groovy:123)&#xD;&#xA;&#x9;at com.kms.katalon.core.webservice.keyword.WSBuiltInKeywords$verifyElementPropertyValue$2.call(Unknown Source)&#xD;&#xA;&#x9;at WSVerification1568908293931.run(WSVerification1568908293931:16)&#xD;&#xA;&#x9;at com.kms.katalon.core.main.ScriptEngine.run(ScriptEngine.java:194)&#xD;&#xA;&#x9;at com.kms.katalon.core.main.ScriptEngine.runScriptAsRawText(ScriptEngine.java:119)&#xD;&#xA;&#x9;at com.kms.katalon.core.main.WSVerificationExecutor.runScript(WSVerificationExecutor.java:146)&#xD;&#xA;&#x9;at com.kms.katalon.core.main.WSVerificationExecutor.doExecute(WSVerificationExecutor.java:140)&#xD;&#xA;&#x9;at com.kms.katalon.core.main.WSVerificationExecutor.processExecutionPhase(WSVerificationExecutor.java:123)&#xD;&#xA;&#x9;at com.kms.katalon.core.main.WSVerificationExecutor.accessMainPhase(WSVerificationExecutor.java:115)&#xD;&#xA;&#x9;at com.kms.katalon.core.main.WSVerificationExecutor.execute(WSVerificationExecutor.java:103)&#xD;&#xA;&#x9;at com.kms.katalon.core.main.TestCaseMain.runWSVerificationScript(TestCaseMain.java:127)&#xD;&#xA;&#x9;at com.kms.katalon.core.webservice.keyword.builtin.SendRequestAndVerifyKeyword$_sendRequestAndVerify_closure1.doCall(SendRequestAndVerifyKeyword.groovy:55)&#xD;&#xA;&#x9;at com.kms.katalon.core.webservice.keyword.builtin.SendRequestAndVerifyKeyword$_sendRequestAndVerify_closure1.call(SendRequestAndVerifyKeyword.groovy)&#xD;&#xA;&#x9;at com.kms.katalon.core.keyword.internal.KeywordMain.runKeyword(KeywordMain.groovy:68)&#xD;&#xA;&#x9;at com.kms.katalon.core.webservice.keyword.builtin.SendRequestAndVerifyKeyword.sendRequestAndVerify(SendRequestAndVerifyKeyword.groovy:43)&#xD;&#xA;&#x9;at com.kms.katalon.core.webservice.keyword.builtin.SendRequestAndVerifyKeyword.execute(SendRequestAndVerifyKeyword.groovy:38)&#xD;&#xA;&#x9;at com.kms.katalon.core.keyword.internal.KeywordExecutor.executeKeywordForPlatform(KeywordExecutor.groovy:56)&#xD;&#xA;&#x9;at com.kms.katalon.core.webservice.keyword.WSBuiltInKeywords.sendRequestAndVerify(WSBuiltInKeywords.groovy:65)&#xD;&#xA;&#x9;at com.kms.katalon.core.webservice.keyword.WSBuiltInKeywords$sendRequestAndVerify$0.call(Unknown Source)&#xD;&#xA;&#x9;at eLeaveApplication_Test.run(eLeaveApplication_Test:16)&#xD;&#xA;&#x9;at com.kms.katalon.core.main.ScriptEngine.run(ScriptEngine.java:194)&#xD;&#xA;&#x9;at com.kms.katalon.core.main.ScriptEngine.runScriptAsRawText(ScriptEngine.java:119)&#xD;&#xA;&#x9;at com.kms.katalon.core.main.TestCaseExecutor.runScript(TestCaseExecutor.java:337)&#xD;&#xA;&#x9;at com.kms.katalon.core.main.TestCaseExecutor.doExecute(TestCaseExecutor.java:328)&#xD;&#xA;&#x9;at com.kms.katalon.core.main.TestCaseExecutor.processExecutionPhase(TestCaseExecutor.java:307)&#xD;&#xA;&#x9;at com.kms.katalon.core.main.TestCaseExecutor.accessMainPhase(TestCaseExecutor.java:299)&#xD;&#xA;&#x9;at com.kms.katalon.core.main.TestCaseExecutor.execute(TestCaseExecutor.java:233)&#xD;&#xA;&#x9;at com.kms.katalon.core.main.TestSuiteExecutor.accessTestCaseMainPhase(TestSuiteExecutor.java:169)&#xD;&#xA;&#x9;at com.kms.katalon.core.main.TestSuiteExecutor.accessTestSuiteMainPhase(TestSuiteExecutor.java:142)&#xD;&#xA;&#x9;at com.kms.katalon.core.main.TestSuiteExecutor.execute(TestSuiteExecutor.java:91)&#xD;&#xA;&#x9;at com.kms.katalon.core.main.TestCaseMain.startTestSuite(TestCaseMain.java:157)&#xD;&#xA;&#x9;at com.kms.katalon.core.main.TestCaseMain$startTestSuite$0.call(Unknown Source)&#xD;&#xA;&#x9;at TempTestSuite1568908277252.run(TempTestSuite1568908277252.groovy:35)&#xD;&#xA;Caused by: groovy.json.JsonException: Unable to determine the current character, it is not a string, number, array, or object&#xA;&#xA;The current character read is 'H' with an int value of 72&#xA;Unable to determine the current character, it is not a string, number, array, or object&#xA;line number 1&#xA;index number 0&#xA;Header Params are missing.&#xA;^&#xD;&#xA;&#x9;at Script1.run(Script1.groovy:1)&#xD;&#xA;&#x9;at com.kms.katalon.core.webservice.helper.WebServiceCommonHelper.parseAndGetPropertyValueForJson(WebServiceCommonHelper.java:159)&#xD;&#xA;&#x9;at com.kms.katalon.core.webservice.keyword.builtin.VerifyElementPropertyValueKeyword$_verifyElementPropertyValue_closure1.doCall(VerifyElementPropertyValueKeyword.groovy:52)&#xD;&#xA;&#x9;at com.kms.katalon.core.webservice.keyword.builtin.VerifyElementPropertyValueKeyword$_verifyElementPropertyValue_closure1.call(VerifyElementPropertyValueKeyword.groovy)&#xD;&#xA;&#x9;at com.kms.katalon.core.keyword.internal.KeywordMain.runKeyword(KeywordMain.groovy:68)&#xD;&#xA;&#x9;... 36 more&#xD;&#xA;"/>
            <system-out>2019-09-19 21:21:33 - [TEST_CASE][FAILED] - Test Cases/eLeaveApplication_Test: Test Cases/eLeaveApplication_Test FAILED.
Reason:
com.kms.katalon.core.exception.StepFailedException: Unable to verify element property value (Root cause: groovy.json.JsonException: Unable to determine the current character, it is not a string, number, array, or object

The current character read is 'H' with an int value of 72
Unable to determine the current character, it is not a string, number, array, or object
line number 1
index number 0
Header Params are missing.
^&#xD;
	at Script1.run(Script1.groovy:1)&#xD;
	at com.kms.katalon.core.webservice.helper.WebServiceCommonHelper.parseAndGetPropertyValueForJson(WebServiceCommonHelper.java:159)&#xD;
	at com.kms.katalon.core.webservice.keyword.builtin.VerifyElementPropertyValueKeyword$_verifyElementPropertyValue_closure1.doCall(VerifyElementPropertyValueKeyword.groovy:52)&#xD;
	at com.kms.katalon.core.webservice.keyword.builtin.VerifyElementPropertyValueKeyword$_verifyElementPropertyValue_closure1.call(VerifyElementPropertyValueKeyword.groovy)&#xD;
	at com.kms.katalon.core.keyword.internal.KeywordMain.runKeyword(KeywordMain.groovy:68)&#xD;
	at com.kms.katalon.core.webservice.keyword.builtin.VerifyElementPropertyValueKeyword.verifyElementPropertyValue(VerifyElementPropertyValueKeyword.groovy:48)&#xD;
	at com.kms.katalon.core.webservice.keyword.builtin.VerifyElementPropertyValueKeyword.execute(VerifyElementPropertyValueKeyword.groovy:43)&#xD;
	at com.kms.katalon.core.keyword.internal.KeywordExecutor.executeKeywordForPlatform(KeywordExecutor.groovy:56)&#xD;
	at com.kms.katalon.core.webservice.keyword.WSBuiltInKeywords.verifyElementPropertyValue(WSBuiltInKeywords.groovy:123)&#xD;
	at com.kms.katalon.core.webservice.keyword.WSBuiltInKeywords$verifyElementPropertyValue$2.call(Unknown Source)&#xD;
	at WSVerification1568908293931.run(WSVerification1568908293931:16)&#xD;
	at com.kms.katalon.core.main.ScriptEngine.run(ScriptEngine.java:194)&#xD;
	at com.kms.katalon.core.main.ScriptEngine.runScriptAsRawText(ScriptEngine.java:119)&#xD;
	at com.kms.katalon.core.main.WSVerificationExecutor.runScript(WSVerificationExecutor.java:146)&#xD;
	at com.kms.katalon.core.main.WSVerificationExecutor.doExecute(WSVerificationExecutor.java:140)&#xD;
	at com.kms.katalon.core.main.WSVerificationExecutor.processExecutionPhase(WSVerificationExecutor.java:123)&#xD;
	at com.kms.katalon.core.main.WSVerificationExecutor.accessMainPhase(WSVerificationExecutor.java:115)&#xD;
	at com.kms.katalon.core.main.WSVerificationExecutor.execute(WSVerificationExecutor.java:103)&#xD;
	at com.kms.katalon.core.main.TestCaseMain.runWSVerificationScript(TestCaseMain.java:127)&#xD;
	at com.kms.katalon.core.webservice.keyword.builtin.SendRequestAndVerifyKeyword$_sendRequestAndVerify_closure1.doCall(SendRequestAndVerifyKeyword.groovy:55)&#xD;
	at com.kms.katalon.core.webservice.keyword.builtin.SendRequestAndVerifyKeyword$_sendRequestAndVerify_closure1.call(SendRequestAndVerifyKeyword.groovy)&#xD;
	at com.kms.katalon.core.keyword.internal.KeywordMain.runKeyword(KeywordMain.groovy:68)&#xD;
	at com.kms.katalon.core.webservice.keyword.builtin.SendRequestAndVerifyKeyword.sendRequestAndVerify(SendRequestAndVerifyKeyword.groovy:43)&#xD;
	at com.kms.katalon.core.webservice.keyword.builtin.SendRequestAndVerifyKeyword.execute(SendRequestAndVerifyKeyword.groovy:38)&#xD;
	at com.kms.katalon.core.keyword.internal.KeywordExecutor.executeKeywordForPlatform(KeywordExecutor.groovy:56)&#xD;
	at com.kms.katalon.core.webservice.keyword.WSBuiltInKeywords.sendRequestAndVerify(WSBuiltInKeywords.groovy:65)&#xD;
	at com.kms.katalon.core.webservice.keyword.WSBuiltInKeywords$sendRequestAndVerify$0.call(Unknown Source)&#xD;
	at eLeaveApplication_Test.run(eLeaveApplication_Test:16)&#xD;
	at com.kms.katalon.core.main.ScriptEngine.run(ScriptEngine.java:194)&#xD;
	at com.kms.katalon.core.main.ScriptEngine.runScriptAsRawText(ScriptEngine.java:119)&#xD;
	at com.kms.katalon.core.main.TestCaseExecutor.runScript(TestCaseExecutor.java:337)&#xD;
	at com.kms.katalon.core.main.TestCaseExecutor.doExecute(TestCaseExecutor.java:328)&#xD;
	at com.kms.katalon.core.main.TestCaseExecutor.processExecutionPhase(TestCaseExecutor.java:307)&#xD;
	at com.kms.katalon.core.main.TestCaseExecutor.accessMainPhase(TestCaseExecutor.java:299)&#xD;
	at com.kms.katalon.core.main.TestCaseExecutor.execute(TestCaseExecutor.java:233)&#xD;
	at com.kms.katalon.core.main.TestSuiteExecutor.accessTestCaseMainPhase(TestSuiteExecutor.java:169)&#xD;
	at com.kms.katalon.core.main.TestSuiteExecutor.accessTestSuiteMainPhase(TestSuiteExecutor.java:142)&#xD;
	at com.kms.katalon.core.main.TestSuiteExecutor.execute(TestSuiteExecutor.java:91)&#xD;
	at com.kms.katalon.core.main.TestCaseMain.startTestSuite(TestCaseMain.java:157)&#xD;
	at com.kms.katalon.core.main.TestCaseMain$startTestSuite$0.call(Unknown Source)&#xD;
	at TempTestSuite1568908277252.run(TempTestSuite1568908277252.groovy:35)&#xD;
)&#xD;
	at com.kms.katalon.core.keyword.internal.KeywordMain.stepFailed(KeywordMain.groovy:50)&#xD;
	at com.kms.katalon.core.keyword.internal.KeywordMain.stepFailed(KeywordMain.groovy)&#xD;
	at com.kms.katalon.core.keyword.internal.KeywordMain.runKeyword(KeywordMain.groovy:70)&#xD;
	at com.kms.katalon.core.webservice.keyword.builtin.VerifyElementPropertyValueKeyword.verifyElementPropertyValue(VerifyElementPropertyValueKeyword.groovy:48)&#xD;
	at com.kms.katalon.core.webservice.keyword.builtin.VerifyElementPropertyValueKeyword.execute(VerifyElementPropertyValueKeyword.groovy:43)&#xD;
	at com.kms.katalon.core.keyword.internal.KeywordExecutor.executeKeywordForPlatform(KeywordExecutor.groovy:56)&#xD;
	at com.kms.katalon.core.webservice.keyword.WSBuiltInKeywords.verifyElementPropertyValue(WSBuiltInKeywords.groovy:123)&#xD;
	at com.kms.katalon.core.webservice.keyword.WSBuiltInKeywords$verifyElementPropertyValue$2.call(Unknown Source)&#xD;
	at WSVerification1568908293931.run(WSVerification1568908293931:16)&#xD;
	at com.kms.katalon.core.main.ScriptEngine.run(ScriptEngine.java:194)&#xD;
	at com.kms.katalon.core.main.ScriptEngine.runScriptAsRawText(ScriptEngine.java:119)&#xD;
	at com.kms.katalon.core.main.WSVerificationExecutor.runScript(WSVerificationExecutor.java:146)&#xD;
	at com.kms.katalon.core.main.WSVerificationExecutor.doExecute(WSVerificationExecutor.java:140)&#xD;
	at com.kms.katalon.core.main.WSVerificationExecutor.processExecutionPhase(WSVerificationExecutor.java:123)&#xD;
	at com.kms.katalon.core.main.WSVerificationExecutor.accessMainPhase(WSVerificationExecutor.java:115)&#xD;
	at com.kms.katalon.core.main.WSVerificationExecutor.execute(WSVerificationExecutor.java:103)&#xD;
	at com.kms.katalon.core.main.TestCaseMain.runWSVerificationScript(TestCaseMain.java:127)&#xD;
	at com.kms.katalon.core.webservice.keyword.builtin.SendRequestAndVerifyKeyword$_sendRequestAndVerify_closure1.doCall(SendRequestAndVerifyKeyword.groovy:55)&#xD;
	at com.kms.katalon.core.webservice.keyword.builtin.SendRequestAndVerifyKeyword$_sendRequestAndVerify_closure1.call(SendRequestAndVerifyKeyword.groovy)&#xD;
	at com.kms.katalon.core.keyword.internal.KeywordMain.runKeyword(KeywordMain.groovy:68)&#xD;
	at com.kms.katalon.core.webservice.keyword.builtin.SendRequestAndVerifyKeyword.sendRequestAndVerify(SendRequestAndVerifyKeyword.groovy:43)&#xD;
	at com.kms.katalon.core.webservice.keyword.builtin.SendRequestAndVerifyKeyword.execute(SendRequestAndVerifyKeyword.groovy:38)&#xD;
	at com.kms.katalon.core.keyword.internal.KeywordExecutor.executeKeywordForPlatform(KeywordExecutor.groovy:56)&#xD;
	at com.kms.katalon.core.webservice.keyword.WSBuiltInKeywords.sendRequestAndVerify(WSBuiltInKeywords.groovy:65)&#xD;
	at com.kms.katalon.core.webservice.keyword.WSBuiltInKeywords$sendRequestAndVerify$0.call(Unknown Source)&#xD;
	at eLeaveApplication_Test.run(eLeaveApplication_Test:16)&#xD;
	at com.kms.katalon.core.main.ScriptEngine.run(ScriptEngine.java:194)&#xD;
	at com.kms.katalon.core.main.ScriptEngine.runScriptAsRawText(ScriptEngine.java:119)&#xD;
	at com.kms.katalon.core.main.TestCaseExecutor.runScript(TestCaseExecutor.java:337)&#xD;
	at com.kms.katalon.core.main.TestCaseExecutor.doExecute(TestCaseExecutor.java:328)&#xD;
	at com.kms.katalon.core.main.TestCaseExecutor.processExecutionPhase(TestCaseExecutor.java:307)&#xD;
	at com.kms.katalon.core.main.TestCaseExecutor.accessMainPhase(TestCaseExecutor.java:299)&#xD;
	at com.kms.katalon.core.main.TestCaseExecutor.execute(TestCaseExecutor.java:233)&#xD;
	at com.kms.katalon.core.main.TestSuiteExecutor.accessTestCaseMainPhase(TestSuiteExecutor.java:169)&#xD;
	at com.kms.katalon.core.main.TestSuiteExecutor.accessTestSuiteMainPhase(TestSuiteExecutor.java:142)&#xD;
	at com.kms.katalon.core.main.TestSuiteExecutor.execute(TestSuiteExecutor.java:91)&#xD;
	at com.kms.katalon.core.main.TestCaseMain.startTestSuite(TestCaseMain.java:157)&#xD;
	at com.kms.katalon.core.main.TestCaseMain$startTestSuite$0.call(Unknown Source)&#xD;
	at TempTestSuite1568908277252.run(TempTestSuite1568908277252.groovy:35)&#xD;
Caused by: groovy.json.JsonException: Unable to determine the current character, it is not a string, number, array, or object

The current character read is 'H' with an int value of 72
Unable to determine the current character, it is not a string, number, array, or object
line number 1
index number 0
Header Params are missing.
^&#xD;
	at Script1.run(Script1.groovy:1)&#xD;
	at com.kms.katalon.core.webservice.helper.WebServiceCommonHelper.parseAndGetPropertyValueForJson(WebServiceCommonHelper.java:159)&#xD;
	at com.kms.katalon.core.webservice.keyword.builtin.VerifyElementPropertyValueKeyword$_verifyElementPropertyValue_closure1.doCall(VerifyElementPropertyValueKeyword.groovy:52)&#xD;
	at com.kms.katalon.core.webservice.keyword.builtin.VerifyElementPropertyValueKeyword$_verifyElementPropertyValue_closure1.call(VerifyElementPropertyValueKeyword.groovy)&#xD;
	at com.kms.katalon.core.keyword.internal.KeywordMain.runKeyword(KeywordMain.groovy:68)&#xD;
	... 36 more&#xD;
&#xD;
&#xD;
2019-09-19 21:21:33 - [TEST_STEP][FAILED] - sendRequestAndVerify(findTestObject("eLeave Application", ["leavetypeId":leavetypeId, "fromdaTe":fromdaTe, "todaTe":todaTe, "commenTs":commenTs, "userId":userid, "uniqueToken":uniquetoken])): Unable to send request and verify the response (Root cause: com.kms.katalon.core.exception.StepFailedException: Verification failed&#xD;
	at com.kms.katalon.core.webservice.keyword.builtin.SendRequestAndVerifyKeyword$_sendRequestAndVerify_closure1.doCall(SendRequestAndVerifyKeyword.groovy:59)&#xD;
	at com.kms.katalon.core.webservice.keyword.builtin.SendRequestAndVerifyKeyword$_sendRequestAndVerify_closure1.call(SendRequestAndVerifyKeyword.groovy)&#xD;
	at com.kms.katalon.core.keyword.internal.KeywordMain.runKeyword(KeywordMain.groovy:68)&#xD;
	at com.kms.katalon.core.webservice.keyword.builtin.SendRequestAndVerifyKeyword.sendRequestAndVerify(SendRequestAndVerifyKeyword.groovy:43)&#xD;
	at com.kms.katalon.core.webservice.keyword.builtin.SendRequestAndVerifyKeyword.execute(SendRequestAndVerifyKeyword.groovy:38)&#xD;
	at com.kms.katalon.core.keyword.internal.KeywordExecutor.executeKeywordForPlatform(KeywordExecutor.groovy:56)&#xD;
	at com.kms.katalon.core.webservice.keyword.WSBuiltInKeywords.sendRequestAndVerify(WSBuiltInKeywords.groovy:65)&#xD;
	at com.kms.katalon.core.webservice.keyword.WSBuiltInKeywords$sendRequestAndVerify$0.call(Unknown Source)&#xD;
	at eLeaveApplication_Test.run(eLeaveApplication_Test:16)&#xD;
	at com.kms.katalon.core.main.ScriptEngine.run(ScriptEngine.java:194)&#xD;
	at com.kms.katalon.core.main.ScriptEngine.runScriptAsRawText(ScriptEngine.java:119)&#xD;
	at com.kms.katalon.core.main.TestCaseExecutor.runScript(TestCaseExecutor.java:337)&#xD;
	at com.kms.katalon.core.main.TestCaseExecutor.doExecute(TestCaseExecutor.java:328)&#xD;
	at com.kms.katalon.core.main.TestCaseExecutor.processExecutionPhase(TestCaseExecutor.java:307)&#xD;
	at com.kms.katalon.core.main.TestCaseExecutor.accessMainPhase(TestCaseExecutor.java:299)&#xD;
	at com.kms.katalon.core.main.TestCaseExecutor.execute(TestCaseExecutor.java:233)&#xD;
	at com.kms.katalon.core.main.TestSuiteExecutor.accessTestCaseMainPhase(TestSuiteExecutor.java:169)&#xD;
	at com.kms.katalon.core.main.TestSuiteExecutor.accessTestSuiteMainPhase(TestSuiteExecutor.java:142)&#xD;
	at com.kms.katalon.core.main.TestSuiteExecutor.execute(TestSuiteExecutor.java:91)&#xD;
	at com.kms.katalon.core.main.TestCaseMain.startTestSuite(TestCaseMain.java:157)&#xD;
	at com.kms.katalon.core.main.TestCaseMain$startTestSuite$0.call(Unknown Source)&#xD;
	at TempTestSuite1568908277252.run(TempTestSuite1568908277252.groovy:35)&#xD;
)&#xD;
&#xD;
2019-09-19 21:21:33 - [MESSAGE][INFO] - HAR: C:\Users\rajesh.veeranna\Katalon Studio\SmartIndonasia\Reports\20190919_212117\SMARTINDONASIA_API_SmokeTest\20190919_212117\requests\main\12.har&#xD;
&#xD;
2019-09-19 21:21:33 - [TEST_CASE][FAILED] - Start Test Case : Verification: Verification FAILED.
Reason:
com.kms.katalon.core.exception.StepFailedException: Unable to verify element property value (Root cause: groovy.json.JsonException: Unable to determine the current character, it is not a string, number, array, or object

The current character read is 'H' with an int value of 72
Unable to determine the current character, it is not a string, number, array, or object
line number 1
index number 0
Header Params are missing.
^&#xD;
	at Script1.run(Script1.groovy:1)&#xD;
	at com.kms.katalon.core.webservice.helper.WebServiceCommonHelper.parseAndGetPropertyValueForJson(WebServiceCommonHelper.java:159)&#xD;
	at com.kms.katalon.core.webservice.keyword.builtin.VerifyElementPropertyValueKeyword$_verifyElementPropertyValue_closure1.doCall(VerifyElementPropertyValueKeyword.groovy:52)&#xD;
	at com.kms.katalon.core.webservice.keyword.builtin.VerifyElementPropertyValueKeyword$_verifyElementPropertyValue_closure1.call(VerifyElementPropertyValueKeyword.groovy)&#xD;
	at com.kms.katalon.core.keyword.internal.KeywordMain.runKeyword(KeywordMain.groovy:68)&#xD;
	at com.kms.katalon.core.webservice.keyword.builtin.VerifyElementPropertyValueKeyword.verifyElementPropertyValue(VerifyElementPropertyValueKeyword.groovy:48)&#xD;
	at com.kms.katalon.core.webservice.keyword.builtin.VerifyElementPropertyValueKeyword.execute(VerifyElementPropertyValueKeyword.groovy:43)&#xD;
	at com.kms.katalon.core.keyword.internal.KeywordExecutor.executeKeywordForPlatform(KeywordExecutor.groovy:56)&#xD;
	at com.kms.katalon.core.webservice.keyword.WSBuiltInKeywords.verifyElementPropertyValue(WSBuiltInKeywords.groovy:123)&#xD;
	at com.kms.katalon.core.webservice.keyword.WSBuiltInKeywords$verifyElementPropertyValue$2.call(Unknown Source)&#xD;
	at WSVerification1568908293931.run(WSVerification1568908293931:16)&#xD;
	at com.kms.katalon.core.main.ScriptEngine.run(ScriptEngine.java:194)&#xD;
	at com.kms.katalon.core.main.ScriptEngine.runScriptAsRawText(ScriptEngine.java:119)&#xD;
	at com.kms.katalon.core.main.WSVerificationExecutor.runScript(WSVerificationExecutor.java:146)&#xD;
	at com.kms.katalon.core.main.WSVerificationExecutor.doExecute(WSVerificationExecutor.java:140)&#xD;
	at com.kms.katalon.core.main.WSVerificationExecutor.processExecutionPhase(WSVerificationExecutor.java:123)&#xD;
	at com.kms.katalon.core.main.WSVerificationExecutor.accessMainPhase(WSVerificationExecutor.java:115)&#xD;
	at com.kms.katalon.core.main.WSVerificationExecutor.execute(WSVerificationExecutor.java:103)&#xD;
	at com.kms.katalon.core.main.TestCaseMain.runWSVerificationScript(TestCaseMain.java:127)&#xD;
	at com.kms.katalon.core.webservice.keyword.builtin.SendRequestAndVerifyKeyword$_sendRequestAndVerify_closure1.doCall(SendRequestAndVerifyKeyword.groovy:55)&#xD;
	at com.kms.katalon.core.webservice.keyword.builtin.SendRequestAndVerifyKeyword$_sendRequestAndVerify_closure1.call(SendRequestAndVerifyKeyword.groovy)&#xD;
	at com.kms.katalon.core.keyword.internal.KeywordMain.runKeyword(KeywordMain.groovy:68)&#xD;
	at com.kms.katalon.core.webservice.keyword.builtin.SendRequestAndVerifyKeyword.sendRequestAndVerify(SendRequestAndVerifyKeyword.groovy:43)&#xD;
	at com.kms.katalon.core.webservice.keyword.builtin.SendRequestAndVerifyKeyword.execute(SendRequestAndVerifyKeyword.groovy:38)&#xD;
	at com.kms.katalon.core.keyword.internal.KeywordExecutor.executeKeywordForPlatform(KeywordExecutor.groovy:56)&#xD;
	at com.kms.katalon.core.webservice.keyword.WSBuiltInKeywords.sendRequestAndVerify(WSBuiltInKeywords.groovy:65)&#xD;
	at com.kms.katalon.core.webservice.keyword.WSBuiltInKeywords$sendRequestAndVerify$0.call(Unknown Source)&#xD;
	at eLeaveApplication_Test.run(eLeaveApplication_Test:16)&#xD;
	at com.kms.katalon.core.main.ScriptEngine.run(ScriptEngine.java:194)&#xD;
	at com.kms.katalon.core.main.ScriptEngine.runScriptAsRawText(ScriptEngine.java:119)&#xD;
	at com.kms.katalon.core.main.TestCaseExecutor.runScript(TestCaseExecutor.java:337)&#xD;
	at com.kms.katalon.core.main.TestCaseExecutor.doExecute(TestCaseExecutor.java:328)&#xD;
	at com.kms.katalon.core.main.TestCaseExecutor.processExecutionPhase(TestCaseExecutor.java:307)&#xD;
	at com.kms.katalon.core.main.TestCaseExecutor.accessMainPhase(TestCaseExecutor.java:299)&#xD;
	at com.kms.katalon.core.main.TestCaseExecutor.execute(TestCaseExecutor.java:233)&#xD;
	at com.kms.katalon.core.main.TestSuiteExecutor.accessTestCaseMainPhase(TestSuiteExecutor.java:169)&#xD;
	at com.kms.katalon.core.main.TestSuiteExecutor.accessTestSuiteMainPhase(TestSuiteExecutor.java:142)&#xD;
	at com.kms.katalon.core.main.TestSuiteExecutor.execute(TestSuiteExecutor.java:91)&#xD;
	at com.kms.katalon.core.main.TestCaseMain.startTestSuite(TestCaseMain.java:157)&#xD;
	at com.kms.katalon.core.main.TestCaseMain$startTestSuite$0.call(Unknown Source)&#xD;
	at TempTestSuite1568908277252.run(TempTestSuite1568908277252.groovy:35)&#xD;
)&#xD;
	at com.kms.katalon.core.keyword.internal.KeywordMain.stepFailed(KeywordMain.groovy:50)&#xD;
	at com.kms.katalon.core.keyword.internal.KeywordMain.stepFailed(KeywordMain.groovy)&#xD;
	at com.kms.katalon.core.keyword.internal.KeywordMain.runKeyword(KeywordMain.groovy:70)&#xD;
	at com.kms.katalon.core.webservice.keyword.builtin.VerifyElementPropertyValueKeyword.verifyElementPropertyValue(VerifyElementPropertyValueKeyword.groovy:48)&#xD;
	at com.kms.katalon.core.webservice.keyword.builtin.VerifyElementPropertyValueKeyword.execute(VerifyElementPropertyValueKeyword.groovy:43)&#xD;
	at com.kms.katalon.core.keyword.internal.KeywordExecutor.executeKeywordForPlatform(KeywordExecutor.groovy:56)&#xD;
	at com.kms.katalon.core.webservice.keyword.WSBuiltInKeywords.verifyElementPropertyValue(WSBuiltInKeywords.groovy:123)&#xD;
	at com.kms.katalon.core.webservice.keyword.WSBuiltInKeywords$verifyElementPropertyValue$2.call(Unknown Source)&#xD;
	at WSVerification1568908293931.run(WSVerification1568908293931:16)&#xD;
	at com.kms.katalon.core.main.ScriptEngine.run(ScriptEngine.java:194)&#xD;
	at com.kms.katalon.core.main.ScriptEngine.runScriptAsRawText(ScriptEngine.java:119)&#xD;
	at com.kms.katalon.core.main.WSVerificationExecutor.runScript(WSVerificationExecutor.java:146)&#xD;
	at com.kms.katalon.core.main.WSVerificationExecutor.doExecute(WSVerificationExecutor.java:140)&#xD;
	at com.kms.katalon.core.main.WSVerificationExecutor.processExecutionPhase(WSVerificationExecutor.java:123)&#xD;
	at com.kms.katalon.core.main.WSVerificationExecutor.accessMainPhase(WSVerificationExecutor.java:115)&#xD;
	at com.kms.katalon.core.main.WSVerificationExecutor.execute(WSVerificationExecutor.java:103)&#xD;
	at com.kms.katalon.core.main.TestCaseMain.runWSVerificationScript(TestCaseMain.java:127)&#xD;
	at com.kms.katalon.core.webservice.keyword.builtin.SendRequestAndVerifyKeyword$_sendRequestAndVerify_closure1.doCall(SendRequestAndVerifyKeyword.groovy:55)&#xD;
	at com.kms.katalon.core.webservice.keyword.builtin.SendRequestAndVerifyKeyword$_sendRequestAndVerify_closure1.call(SendRequestAndVerifyKeyword.groovy)&#xD;
	at com.kms.katalon.core.keyword.internal.KeywordMain.runKeyword(KeywordMain.groovy:68)&#xD;
	at com.kms.katalon.core.webservice.keyword.builtin.SendRequestAndVerifyKeyword.sendRequestAndVerify(SendRequestAndVerifyKeyword.groovy:43)&#xD;
	at com.kms.katalon.core.webservice.keyword.builtin.SendRequestAndVerifyKeyword.execute(SendRequestAndVerifyKeyword.groovy:38)&#xD;
	at com.kms.katalon.core.keyword.internal.KeywordExecutor.executeKeywordForPlatform(KeywordExecutor.groovy:56)&#xD;
	at com.kms.katalon.core.webservice.keyword.WSBuiltInKeywords.sendRequestAndVerify(WSBuiltInKeywords.groovy:65)&#xD;
	at com.kms.katalon.core.webservice.keyword.WSBuiltInKeywords$sendRequestAndVerify$0.call(Unknown Source)&#xD;
	at eLeaveApplication_Test.run(eLeaveApplication_Test:16)&#xD;
	at com.kms.katalon.core.main.ScriptEngine.run(ScriptEngine.java:194)&#xD;
	at com.kms.katalon.core.main.ScriptEngine.runScriptAsRawText(ScriptEngine.java:119)&#xD;
	at com.kms.katalon.core.main.TestCaseExecutor.runScript(TestCaseExecutor.java:337)&#xD;
	at com.kms.katalon.core.main.TestCaseExecutor.doExecute(TestCaseExecutor.java:328)&#xD;
	at com.kms.katalon.core.main.TestCaseExecutor.processExecutionPhase(TestCaseExecutor.java:307)&#xD;
	at com.kms.katalon.core.main.TestCaseExecutor.accessMainPhase(TestCaseExecutor.java:299)&#xD;
	at com.kms.katalon.core.main.TestCaseExecutor.execute(TestCaseExecutor.java:233)&#xD;
	at com.kms.katalon.core.main.TestSuiteExecutor.accessTestCaseMainPhase(TestSuiteExecutor.java:169)&#xD;
	at com.kms.katalon.core.main.TestSuiteExecutor.accessTestSuiteMainPhase(TestSuiteExecutor.java:142)&#xD;
	at com.kms.katalon.core.main.TestSuiteExecutor.execute(TestSuiteExecutor.java:91)&#xD;
	at com.kms.katalon.core.main.TestCaseMain.startTestSuite(TestCaseMain.java:157)&#xD;
	at com.kms.katalon.core.main.TestCaseMain$startTestSuite$0.call(Unknown Source)&#xD;
	at TempTestSuite1568908277252.run(TempTestSuite1568908277252.groovy:35)&#xD;
Caused by: groovy.json.JsonException: Unable to determine the current character, it is not a string, number, array, or object

The current character read is 'H' with an int value of 72
Unable to determine the current character, it is not a string, number, array, or object
line number 1
index number 0
Header Params are missing.
^&#xD;
	at Script1.run(Script1.groovy:1)&#xD;
	at com.kms.katalon.core.webservice.helper.WebServiceCommonHelper.parseAndGetPropertyValueForJson(WebServiceCommonHelper.java:159)&#xD;
	at com.kms.katalon.core.webservice.keyword.builtin.VerifyElementPropertyValueKeyword$_verifyElementPropertyValue_closure1.doCall(VerifyElementPropertyValueKeyword.groovy:52)&#xD;
	at com.kms.katalon.core.webservice.keyword.builtin.VerifyElementPropertyValueKeyword$_verifyElementPropertyValue_closure1.call(VerifyElementPropertyValueKeyword.groovy)&#xD;
	at com.kms.katalon.core.keyword.internal.KeywordMain.runKeyword(KeywordMain.groovy:68)&#xD;
	... 36 more&#xD;
&#xD;
&#xD;
2019-09-19 21:21:34 - [TEST_STEP][PASSED] - request = getInstance().getCurrentRequest(): null&#xD;
&#xD;
2019-09-19 21:21:34 - [TEST_STEP][PASSED] - response = getInstance().getCurrentResponse(): null&#xD;
&#xD;
2019-09-19 21:21:34 - [TEST_STEP][FAILED] - verifyElementPropertyValue(response, "message", "Leave Applied Successfully"): Unable to verify element property value (Root cause: groovy.json.JsonException: Unable to determine the current character, it is not a string, number, array, or object

The current character read is 'H' with an int value of 72
Unable to determine the current character, it is not a string, number, array, or object
line number 1
index number 0
Header Params are missing.
^&#xD;
	at Script1.run(Script1.groovy:1)&#xD;
	at com.kms.katalon.core.webservice.helper.WebServiceCommonHelper.parseAndGetPropertyValueForJson(WebServiceCommonHelper.java:159)&#xD;
	at com.kms.katalon.core.webservice.keyword.builtin.VerifyElementPropertyValueKeyword$_verifyElementPropertyValue_closure1.doCall(VerifyElementPropertyValueKeyword.groovy:52)&#xD;
	at com.kms.katalon.core.webservice.keyword.builtin.VerifyElementPropertyValueKeyword$_verifyElementPropertyValue_closure1.call(VerifyElementPropertyValueKeyword.groovy)&#xD;
	at com.kms.katalon.core.keyword.internal.KeywordMain.runKeyword(KeywordMain.groovy:68)&#xD;
	at com.kms.katalon.core.webservice.keyword.builtin.VerifyElementPropertyValueKeyword.verifyElementPropertyValue(VerifyElementPropertyValueKeyword.groovy:48)&#xD;
	at com.kms.katalon.core.webservice.keyword.builtin.VerifyElementPropertyValueKeyword.execute(VerifyElementPropertyValueKeyword.groovy:43)&#xD;
	at com.kms.katalon.core.keyword.internal.KeywordExecutor.executeKeywordForPlatform(KeywordExecutor.groovy:56)&#xD;
	at com.kms.katalon.core.webservice.keyword.WSBuiltInKeywords.verifyElementPropertyValue(WSBuiltInKeywords.groovy:123)&#xD;
	at com.kms.katalon.core.webservice.keyword.WSBuiltInKeywords$verifyElementPropertyValue$2.call(Unknown Source)&#xD;
	at WSVerification1568908293931.run(WSVerification1568908293931:16)&#xD;
	at com.kms.katalon.core.main.ScriptEngine.run(ScriptEngine.java:194)&#xD;
	at com.kms.katalon.core.main.ScriptEngine.runScriptAsRawText(ScriptEngine.java:119)&#xD;
	at com.kms.katalon.core.main.WSVerificationExecutor.runScript(WSVerificationExecutor.java:146)&#xD;
	at com.kms.katalon.core.main.WSVerificationExecutor.doExecute(WSVerificationExecutor.java:140)&#xD;
	at com.kms.katalon.core.main.WSVerificationExecutor.processExecutionPhase(WSVerificationExecutor.java:123)&#xD;
	at com.kms.katalon.core.main.WSVerificationExecutor.accessMainPhase(WSVerificationExecutor.java:115)&#xD;
	at com.kms.katalon.core.main.WSVerificationExecutor.execute(WSVerificationExecutor.java:103)&#xD;
	at com.kms.katalon.core.main.TestCaseMain.runWSVerificationScript(TestCaseMain.java:127)&#xD;
	at com.kms.katalon.core.webservice.keyword.builtin.SendRequestAndVerifyKeyword$_sendRequestAndVerify_closure1.doCall(SendRequestAndVerifyKeyword.groovy:55)&#xD;
	at com.kms.katalon.core.webservice.keyword.builtin.SendRequestAndVerifyKeyword$_sendRequestAndVerify_closure1.call(SendRequestAndVerifyKeyword.groovy)&#xD;
	at com.kms.katalon.core.keyword.internal.KeywordMain.runKeyword(KeywordMain.groovy:68)&#xD;
	at com.kms.katalon.core.webservice.keyword.builtin.SendRequestAndVerifyKeyword.sendRequestAndVerify(SendRequestAndVerifyKeyword.groovy:43)&#xD;
	at com.kms.katalon.core.webservice.keyword.builtin.SendRequestAndVerifyKeyword.execute(SendRequestAndVerifyKeyword.groovy:38)&#xD;
	at com.kms.katalon.core.keyword.internal.KeywordExecutor.executeKeywordForPlatform(KeywordExecutor.groovy:56)&#xD;
	at com.kms.katalon.core.webservice.keyword.WSBuiltInKeywords.sendRequestAndVerify(WSBuiltInKeywords.groovy:65)&#xD;
	at com.kms.katalon.core.webservice.keyword.WSBuiltInKeywords$sendRequestAndVerify$0.call(Unknown Source)&#xD;
	at eLeaveApplication_Test.run(eLeaveApplication_Test:16)&#xD;
	at com.kms.katalon.core.main.ScriptEngine.run(ScriptEngine.java:194)&#xD;
	at com.kms.katalon.core.main.ScriptEngine.runScriptAsRawText(ScriptEngine.java:119)&#xD;
	at com.kms.katalon.core.main.TestCaseExecutor.runScript(TestCaseExecutor.java:337)&#xD;
	at com.kms.katalon.core.main.TestCaseExecutor.doExecute(TestCaseExecutor.java:328)&#xD;
	at com.kms.katalon.core.main.TestCaseExecutor.processExecutionPhase(TestCaseExecutor.java:307)&#xD;
	at com.kms.katalon.core.main.TestCaseExecutor.accessMainPhase(TestCaseExecutor.java:299)&#xD;
	at com.kms.katalon.core.main.TestCaseExecutor.execute(TestCaseExecutor.java:233)&#xD;
	at com.kms.katalon.core.main.TestSuiteExecutor.accessTestCaseMainPhase(TestSuiteExecutor.java:169)&#xD;
	at com.kms.katalon.core.main.TestSuiteExecutor.accessTestSuiteMainPhase(TestSuiteExecutor.java:142)&#xD;
	at com.kms.katalon.core.main.TestSuiteExecutor.execute(TestSuiteExecutor.java:91)&#xD;
	at com.kms.katalon.core.main.TestCaseMain.startTestSuite(TestCaseMain.java:157)&#xD;
	at com.kms.katalon.core.main.TestCaseMain$startTestSuite$0.call(Unknown Source)&#xD;
	at TempTestSuite1568908277252.run(TempTestSuite1568908277252.groovy:35)&#xD;
)&#xD;
&#xD;
2019-09-19 21:21:34 - [MESSAGE][FAILED] - Unable to verify element property value (Root cause: groovy.json.JsonException: Unable to determine the current character, it is not a string, number, array, or object

The current character read is 'H' with an int value of 72
Unable to determine the current character, it is not a string, number, array, or object
line number 1
index number 0
Header Params are missing.
^&#xD;
	at Script1.run(Script1.groovy:1)&#xD;
	at com.kms.katalon.core.webservice.helper.WebServiceCommonHelper.parseAndGetPropertyValueForJson(WebServiceCommonHelper.java:159)&#xD;
	at com.kms.katalon.core.webservice.keyword.builtin.VerifyElementPropertyValueKeyword$_verifyElementPropertyValue_closure1.doCall(VerifyElementPropertyValueKeyword.groovy:52)&#xD;
	at com.kms.katalon.core.webservice.keyword.builtin.VerifyElementPropertyValueKeyword$_verifyElementPropertyValue_closure1.call(VerifyElementPropertyValueKeyword.groovy)&#xD;
	at com.kms.katalon.core.keyword.internal.KeywordMain.runKeyword(KeywordMain.groovy:68)&#xD;
	at com.kms.katalon.core.webservice.keyword.builtin.VerifyElementPropertyValueKeyword.verifyElementPropertyValue(VerifyElementPropertyValueKeyword.groovy:48)&#xD;
	at com.kms.katalon.core.webservice.keyword.builtin.VerifyElementPropertyValueKeyword.execute(VerifyElementPropertyValueKeyword.groovy:43)&#xD;
	at com.kms.katalon.core.keyword.internal.KeywordExecutor.executeKeywordForPlatform(KeywordExecutor.groovy:56)&#xD;
	at com.kms.katalon.core.webservice.keyword.WSBuiltInKeywords.verifyElementPropertyValue(WSBuiltInKeywords.groovy:123)&#xD;
	at com.kms.katalon.core.webservice.keyword.WSBuiltInKeywords$verifyElementPropertyValue$2.call(Unknown Source)&#xD;
	at WSVerification1568908293931.run(WSVerification1568908293931:16)&#xD;
	at com.kms.katalon.core.main.ScriptEngine.run(ScriptEngine.java:194)&#xD;
	at com.kms.katalon.core.main.ScriptEngine.runScriptAsRawText(ScriptEngine.java:119)&#xD;
	at com.kms.katalon.core.main.WSVerificationExecutor.runScript(WSVerificationExecutor.java:146)&#xD;
	at com.kms.katalon.core.main.WSVerificationExecutor.doExecute(WSVerificationExecutor.java:140)&#xD;
	at com.kms.katalon.core.main.WSVerificationExecutor.processExecutionPhase(WSVerificationExecutor.java:123)&#xD;
	at com.kms.katalon.core.main.WSVerificationExecutor.accessMainPhase(WSVerificationExecutor.java:115)&#xD;
	at com.kms.katalon.core.main.WSVerificationExecutor.execute(WSVerificationExecutor.java:103)&#xD;
	at com.kms.katalon.core.main.TestCaseMain.runWSVerificationScript(TestCaseMain.java:127)&#xD;
	at com.kms.katalon.core.webservice.keyword.builtin.SendRequestAndVerifyKeyword$_sendRequestAndVerify_closure1.doCall(SendRequestAndVerifyKeyword.groovy:55)&#xD;
	at com.kms.katalon.core.webservice.keyword.builtin.SendRequestAndVerifyKeyword$_sendRequestAndVerify_closure1.call(SendRequestAndVerifyKeyword.groovy)&#xD;
	at com.kms.katalon.core.keyword.internal.KeywordMain.runKeyword(KeywordMain.groovy:68)&#xD;
	at com.kms.katalon.core.webservice.keyword.builtin.SendRequestAndVerifyKeyword.sendRequestAndVerify(SendRequestAndVerifyKeyword.groovy:43)&#xD;
	at com.kms.katalon.core.webservice.keyword.builtin.SendRequestAndVerifyKeyword.execute(SendRequestAndVerifyKeyword.groovy:38)&#xD;
	at com.kms.katalon.core.keyword.internal.KeywordExecutor.executeKeywordForPlatform(KeywordExecutor.groovy:56)&#xD;
	at com.kms.katalon.core.webservice.keyword.WSBuiltInKeywords.sendRequestAndVerify(WSBuiltInKeywords.groovy:65)&#xD;
	at com.kms.katalon.core.webservice.keyword.WSBuiltInKeywords$sendRequestAndVerify$0.call(Unknown Source)&#xD;
	at eLeaveApplication_Test.run(eLeaveApplication_Test:16)&#xD;
	at com.kms.katalon.core.main.ScriptEngine.run(ScriptEngine.java:194)&#xD;
	at com.kms.katalon.core.main.ScriptEngine.runScriptAsRawText(ScriptEngine.java:119)&#xD;
	at com.kms.katalon.core.main.TestCaseExecutor.runScript(TestCaseExecutor.java:337)&#xD;
	at com.kms.katalon.core.main.TestCaseExecutor.doExecute(TestCaseExecutor.java:328)&#xD;
	at com.kms.katalon.core.main.TestCaseExecutor.processExecutionPhase(TestCaseExecutor.java:307)&#xD;
	at com.kms.katalon.core.main.TestCaseExecutor.accessMainPhase(TestCaseExecutor.java:299)&#xD;
	at com.kms.katalon.core.main.TestCaseExecutor.execute(TestCaseExecutor.java:233)&#xD;
	at com.kms.katalon.core.main.TestSuiteExecutor.accessTestCaseMainPhase(TestSuiteExecutor.java:169)&#xD;
	at com.kms.katalon.core.main.TestSuiteExecutor.accessTestSuiteMainPhase(TestSuiteExecutor.java:142)&#xD;
	at com.kms.katalon.core.main.TestSuiteExecutor.execute(TestSuiteExecutor.java:91)&#xD;
	at com.kms.katalon.core.main.TestCaseMain.startTestSuite(TestCaseMain.java:157)&#xD;
	at com.kms.katalon.core.main.TestCaseMain$startTestSuite$0.call(Unknown Source)&#xD;
	at TempTestSuite1568908277252.run(TempTestSuite1568908277252.groovy:35)&#xD;
)&#xD;
&#xD;
2019-09-19 21:21:34 - [MESSAGE][FAILED] - Unable to send request and verify the response (Root cause: com.kms.katalon.core.exception.StepFailedException: Verification failed&#xD;
	at com.kms.katalon.core.webservice.keyword.builtin.SendRequestAndVerifyKeyword$_sendRequestAndVerify_closure1.doCall(SendRequestAndVerifyKeyword.groovy:59)&#xD;
	at com.kms.katalon.core.webservice.keyword.builtin.SendRequestAndVerifyKeyword$_sendRequestAndVerify_closure1.call(SendRequestAndVerifyKeyword.groovy)&#xD;
	at com.kms.katalon.core.keyword.internal.KeywordMain.runKeyword(KeywordMain.groovy:68)&#xD;
	at com.kms.katalon.core.webservice.keyword.builtin.SendRequestAndVerifyKeyword.sendRequestAndVerify(SendRequestAndVerifyKeyword.groovy:43)&#xD;
	at com.kms.katalon.core.webservice.keyword.builtin.SendRequestAndVerifyKeyword.execute(SendRequestAndVerifyKeyword.groovy:38)&#xD;
	at com.kms.katalon.core.keyword.internal.KeywordExecutor.executeKeywordForPlatform(KeywordExecutor.groovy:56)&#xD;
	at com.kms.katalon.core.webservice.keyword.WSBuiltInKeywords.sendRequestAndVerify(WSBuiltInKeywords.groovy:65)&#xD;
	at com.kms.katalon.core.webservice.keyword.WSBuiltInKeywords$sendRequestAndVerify$0.call(Unknown Source)&#xD;
	at eLeaveApplication_Test.run(eLeaveApplication_Test:16)&#xD;
	at com.kms.katalon.core.main.ScriptEngine.run(ScriptEngine.java:194)&#xD;
	at com.kms.katalon.core.main.ScriptEngine.runScriptAsRawText(ScriptEngine.java:119)&#xD;
	at com.kms.katalon.core.main.TestCaseExecutor.runScript(TestCaseExecutor.java:337)&#xD;
	at com.kms.katalon.core.main.TestCaseExecutor.doExecute(TestCaseExecutor.java:328)&#xD;
	at com.kms.katalon.core.main.TestCaseExecutor.processExecutionPhase(TestCaseExecutor.java:307)&#xD;
	at com.kms.katalon.core.main.TestCaseExecutor.accessMainPhase(TestCaseExecutor.java:299)&#xD;
	at com.kms.katalon.core.main.TestCaseExecutor.execute(TestCaseExecutor.java:233)&#xD;
	at com.kms.katalon.core.main.TestSuiteExecutor.accessTestCaseMainPhase(TestSuiteExecutor.java:169)&#xD;
	at com.kms.katalon.core.main.TestSuiteExecutor.accessTestSuiteMainPhase(TestSuiteExecutor.java:142)&#xD;
	at com.kms.katalon.core.main.TestSuiteExecutor.execute(TestSuiteExecutor.java:91)&#xD;
	at com.kms.katalon.core.main.TestCaseMain.startTestSuite(TestCaseMain.java:157)&#xD;
	at com.kms.katalon.core.main.TestCaseMain$startTestSuite$0.call(Unknown Source)&#xD;
	at TempTestSuite1568908277252.run(TempTestSuite1568908277252.groovy:35)&#xD;
)</system-out>
            <system-err>2019-09-19 21:21:33 - [TEST_CASE][FAILED] - Test Cases/eLeaveApplication_Test: Test Cases/eLeaveApplication_Test FAILED.
Reason:
com.kms.katalon.core.exception.StepFailedException: Unable to verify element property value (Root cause: groovy.json.JsonException: Unable to determine the current character, it is not a string, number, array, or object

The current character read is 'H' with an int value of 72
Unable to determine the current character, it is not a string, number, array, or object
line number 1
index number 0
Header Params are missing.
^&#xD;
	at Script1.run(Script1.groovy:1)&#xD;
	at com.kms.katalon.core.webservice.helper.WebServiceCommonHelper.parseAndGetPropertyValueForJson(WebServiceCommonHelper.java:159)&#xD;
	at com.kms.katalon.core.webservice.keyword.builtin.VerifyElementPropertyValueKeyword$_verifyElementPropertyValue_closure1.doCall(VerifyElementPropertyValueKeyword.groovy:52)&#xD;
	at com.kms.katalon.core.webservice.keyword.builtin.VerifyElementPropertyValueKeyword$_verifyElementPropertyValue_closure1.call(VerifyElementPropertyValueKeyword.groovy)&#xD;
	at com.kms.katalon.core.keyword.internal.KeywordMain.runKeyword(KeywordMain.groovy:68)&#xD;
	at com.kms.katalon.core.webservice.keyword.builtin.VerifyElementPropertyValueKeyword.verifyElementPropertyValue(VerifyElementPropertyValueKeyword.groovy:48)&#xD;
	at com.kms.katalon.core.webservice.keyword.builtin.VerifyElementPropertyValueKeyword.execute(VerifyElementPropertyValueKeyword.groovy:43)&#xD;
	at com.kms.katalon.core.keyword.internal.KeywordExecutor.executeKeywordForPlatform(KeywordExecutor.groovy:56)&#xD;
	at com.kms.katalon.core.webservice.keyword.WSBuiltInKeywords.verifyElementPropertyValue(WSBuiltInKeywords.groovy:123)&#xD;
	at com.kms.katalon.core.webservice.keyword.WSBuiltInKeywords$verifyElementPropertyValue$2.call(Unknown Source)&#xD;
	at WSVerification1568908293931.run(WSVerification1568908293931:16)&#xD;
	at com.kms.katalon.core.main.ScriptEngine.run(ScriptEngine.java:194)&#xD;
	at com.kms.katalon.core.main.ScriptEngine.runScriptAsRawText(ScriptEngine.java:119)&#xD;
	at com.kms.katalon.core.main.WSVerificationExecutor.runScript(WSVerificationExecutor.java:146)&#xD;
	at com.kms.katalon.core.main.WSVerificationExecutor.doExecute(WSVerificationExecutor.java:140)&#xD;
	at com.kms.katalon.core.main.WSVerificationExecutor.processExecutionPhase(WSVerificationExecutor.java:123)&#xD;
	at com.kms.katalon.core.main.WSVerificationExecutor.accessMainPhase(WSVerificationExecutor.java:115)&#xD;
	at com.kms.katalon.core.main.WSVerificationExecutor.execute(WSVerificationExecutor.java:103)&#xD;
	at com.kms.katalon.core.main.TestCaseMain.runWSVerificationScript(TestCaseMain.java:127)&#xD;
	at com.kms.katalon.core.webservice.keyword.builtin.SendRequestAndVerifyKeyword$_sendRequestAndVerify_closure1.doCall(SendRequestAndVerifyKeyword.groovy:55)&#xD;
	at com.kms.katalon.core.webservice.keyword.builtin.SendRequestAndVerifyKeyword$_sendRequestAndVerify_closure1.call(SendRequestAndVerifyKeyword.groovy)&#xD;
	at com.kms.katalon.core.keyword.internal.KeywordMain.runKeyword(KeywordMain.groovy:68)&#xD;
	at com.kms.katalon.core.webservice.keyword.builtin.SendRequestAndVerifyKeyword.sendRequestAndVerify(SendRequestAndVerifyKeyword.groovy:43)&#xD;
	at com.kms.katalon.core.webservice.keyword.builtin.SendRequestAndVerifyKeyword.execute(SendRequestAndVerifyKeyword.groovy:38)&#xD;
	at com.kms.katalon.core.keyword.internal.KeywordExecutor.executeKeywordForPlatform(KeywordExecutor.groovy:56)&#xD;
	at com.kms.katalon.core.webservice.keyword.WSBuiltInKeywords.sendRequestAndVerify(WSBuiltInKeywords.groovy:65)&#xD;
	at com.kms.katalon.core.webservice.keyword.WSBuiltInKeywords$sendRequestAndVerify$0.call(Unknown Source)&#xD;
	at eLeaveApplication_Test.run(eLeaveApplication_Test:16)&#xD;
	at com.kms.katalon.core.main.ScriptEngine.run(ScriptEngine.java:194)&#xD;
	at com.kms.katalon.core.main.ScriptEngine.runScriptAsRawText(ScriptEngine.java:119)&#xD;
	at com.kms.katalon.core.main.TestCaseExecutor.runScript(TestCaseExecutor.java:337)&#xD;
	at com.kms.katalon.core.main.TestCaseExecutor.doExecute(TestCaseExecutor.java:328)&#xD;
	at com.kms.katalon.core.main.TestCaseExecutor.processExecutionPhase(TestCaseExecutor.java:307)&#xD;
	at com.kms.katalon.core.main.TestCaseExecutor.accessMainPhase(TestCaseExecutor.java:299)&#xD;
	at com.kms.katalon.core.main.TestCaseExecutor.execute(TestCaseExecutor.java:233)&#xD;
	at com.kms.katalon.core.main.TestSuiteExecutor.accessTestCaseMainPhase(TestSuiteExecutor.java:169)&#xD;
	at com.kms.katalon.core.main.TestSuiteExecutor.accessTestSuiteMainPhase(TestSuiteExecutor.java:142)&#xD;
	at com.kms.katalon.core.main.TestSuiteExecutor.execute(TestSuiteExecutor.java:91)&#xD;
	at com.kms.katalon.core.main.TestCaseMain.startTestSuite(TestCaseMain.java:157)&#xD;
	at com.kms.katalon.core.main.TestCaseMain$startTestSuite$0.call(Unknown Source)&#xD;
	at TempTestSuite1568908277252.run(TempTestSuite1568908277252.groovy:35)&#xD;
)&#xD;
	at com.kms.katalon.core.keyword.internal.KeywordMain.stepFailed(KeywordMain.groovy:50)&#xD;
	at com.kms.katalon.core.keyword.internal.KeywordMain.stepFailed(KeywordMain.groovy)&#xD;
	at com.kms.katalon.core.keyword.internal.KeywordMain.runKeyword(KeywordMain.groovy:70)&#xD;
	at com.kms.katalon.core.webservice.keyword.builtin.VerifyElementPropertyValueKeyword.verifyElementPropertyValue(VerifyElementPropertyValueKeyword.groovy:48)&#xD;
	at com.kms.katalon.core.webservice.keyword.builtin.VerifyElementPropertyValueKeyword.execute(VerifyElementPropertyValueKeyword.groovy:43)&#xD;
	at com.kms.katalon.core.keyword.internal.KeywordExecutor.executeKeywordForPlatform(KeywordExecutor.groovy:56)&#xD;
	at com.kms.katalon.core.webservice.keyword.WSBuiltInKeywords.verifyElementPropertyValue(WSBuiltInKeywords.groovy:123)&#xD;
	at com.kms.katalon.core.webservice.keyword.WSBuiltInKeywords$verifyElementPropertyValue$2.call(Unknown Source)&#xD;
	at WSVerification1568908293931.run(WSVerification1568908293931:16)&#xD;
	at com.kms.katalon.core.main.ScriptEngine.run(ScriptEngine.java:194)&#xD;
	at com.kms.katalon.core.main.ScriptEngine.runScriptAsRawText(ScriptEngine.java:119)&#xD;
	at com.kms.katalon.core.main.WSVerificationExecutor.runScript(WSVerificationExecutor.java:146)&#xD;
	at com.kms.katalon.core.main.WSVerificationExecutor.doExecute(WSVerificationExecutor.java:140)&#xD;
	at com.kms.katalon.core.main.WSVerificationExecutor.processExecutionPhase(WSVerificationExecutor.java:123)&#xD;
	at com.kms.katalon.core.main.WSVerificationExecutor.accessMainPhase(WSVerificationExecutor.java:115)&#xD;
	at com.kms.katalon.core.main.WSVerificationExecutor.execute(WSVerificationExecutor.java:103)&#xD;
	at com.kms.katalon.core.main.TestCaseMain.runWSVerificationScript(TestCaseMain.java:127)&#xD;
	at com.kms.katalon.core.webservice.keyword.builtin.SendRequestAndVerifyKeyword$_sendRequestAndVerify_closure1.doCall(SendRequestAndVerifyKeyword.groovy:55)&#xD;
	at com.kms.katalon.core.webservice.keyword.builtin.SendRequestAndVerifyKeyword$_sendRequestAndVerify_closure1.call(SendRequestAndVerifyKeyword.groovy)&#xD;
	at com.kms.katalon.core.keyword.internal.KeywordMain.runKeyword(KeywordMain.groovy:68)&#xD;
	at com.kms.katalon.core.webservice.keyword.builtin.SendRequestAndVerifyKeyword.sendRequestAndVerify(SendRequestAndVerifyKeyword.groovy:43)&#xD;
	at com.kms.katalon.core.webservice.keyword.builtin.SendRequestAndVerifyKeyword.execute(SendRequestAndVerifyKeyword.groovy:38)&#xD;
	at com.kms.katalon.core.keyword.internal.KeywordExecutor.executeKeywordForPlatform(KeywordExecutor.groovy:56)&#xD;
	at com.kms.katalon.core.webservice.keyword.WSBuiltInKeywords.sendRequestAndVerify(WSBuiltInKeywords.groovy:65)&#xD;
	at com.kms.katalon.core.webservice.keyword.WSBuiltInKeywords$sendRequestAndVerify$0.call(Unknown Source)&#xD;
	at eLeaveApplication_Test.run(eLeaveApplication_Test:16)&#xD;
	at com.kms.katalon.core.main.ScriptEngine.run(ScriptEngine.java:194)&#xD;
	at com.kms.katalon.core.main.ScriptEngine.runScriptAsRawText(ScriptEngine.java:119)&#xD;
	at com.kms.katalon.core.main.TestCaseExecutor.runScript(TestCaseExecutor.java:337)&#xD;
	at com.kms.katalon.core.main.TestCaseExecutor.doExecute(TestCaseExecutor.java:328)&#xD;
	at com.kms.katalon.core.main.TestCaseExecutor.processExecutionPhase(TestCaseExecutor.java:307)&#xD;
	at com.kms.katalon.core.main.TestCaseExecutor.accessMainPhase(TestCaseExecutor.java:299)&#xD;
	at com.kms.katalon.core.main.TestCaseExecutor.execute(TestCaseExecutor.java:233)&#xD;
	at com.kms.katalon.core.main.TestSuiteExecutor.accessTestCaseMainPhase(TestSuiteExecutor.java:169)&#xD;
	at com.kms.katalon.core.main.TestSuiteExecutor.accessTestSuiteMainPhase(TestSuiteExecutor.java:142)&#xD;
	at com.kms.katalon.core.main.TestSuiteExecutor.execute(TestSuiteExecutor.java:91)&#xD;
	at com.kms.katalon.core.main.TestCaseMain.startTestSuite(TestCaseMain.java:157)&#xD;
	at com.kms.katalon.core.main.TestCaseMain$startTestSuite$0.call(Unknown Source)&#xD;
	at TempTestSuite1568908277252.run(TempTestSuite1568908277252.groovy:35)&#xD;
Caused by: groovy.json.JsonException: Unable to determine the current character, it is not a string, number, array, or object

The current character read is 'H' with an int value of 72
Unable to determine the current character, it is not a string, number, array, or object
line number 1
index number 0
Header Params are missing.
^&#xD;
	at Script1.run(Script1.groovy:1)&#xD;
	at com.kms.katalon.core.webservice.helper.WebServiceCommonHelper.parseAndGetPropertyValueForJson(WebServiceCommonHelper.java:159)&#xD;
	at com.kms.katalon.core.webservice.keyword.builtin.VerifyElementPropertyValueKeyword$_verifyElementPropertyValue_closure1.doCall(VerifyElementPropertyValueKeyword.groovy:52)&#xD;
	at com.kms.katalon.core.webservice.keyword.builtin.VerifyElementPropertyValueKeyword$_verifyElementPropertyValue_closure1.call(VerifyElementPropertyValueKeyword.groovy)&#xD;
	at com.kms.katalon.core.keyword.internal.KeywordMain.runKeyword(KeywordMain.groovy:68)&#xD;
	... 36 more</system-err>
        </testcase>
        <testcase name="Test Cases/eLeaveCancelApplicationTest" classname="Test Cases/eLeaveCancelApplicationTest" status="FAILED">
            <failure type="FAILED" message="Test Cases/eLeaveCancelApplicationTest FAILED.&#xA;Reason:&#xA;com.kms.katalon.core.exception.StepFailedException: Expected status code is '200' but actual status code is '404'&#xD;&#xA;&#x9;at com.kms.katalon.core.keyword.internal.KeywordMain.stepFailed(KeywordMain.groovy:50)&#xD;&#xA;&#x9;at com.kms.katalon.core.webservice.keyword.builtin.VerifyResponseStatusCodeKeyword.verifyStatusCode(VerifyResponseStatusCodeKeyword.groovy:52)&#xD;&#xA;&#x9;at com.kms.katalon.core.webservice.keyword.builtin.VerifyResponseStatusCodeKeyword$_verifyResponseStatusCode_closure1.doCall(VerifyResponseStatusCodeKeyword.groovy:42)&#xD;&#xA;&#x9;at com.kms.katalon.core.webservice.keyword.builtin.VerifyResponseStatusCodeKeyword$_verifyResponseStatusCode_closure1.call(VerifyResponseStatusCodeKeyword.groovy)&#xD;&#xA;&#x9;at com.kms.katalon.core.keyword.internal.KeywordMain.runKeyword(KeywordMain.groovy:68)&#xD;&#xA;&#x9;at com.kms.katalon.core.webservice.keyword.builtin.VerifyResponseStatusCodeKeyword.verifyResponseStatusCode(VerifyResponseStatusCodeKeyword.groovy:37)&#xD;&#xA;&#x9;at com.kms.katalon.core.webservice.keyword.builtin.VerifyResponseStatusCodeKeyword.execute(VerifyResponseStatusCodeKeyword.groovy:32)&#xD;&#xA;&#x9;at com.kms.katalon.core.keyword.internal.KeywordExecutor.executeKeywordForPlatform(KeywordExecutor.groovy:56)&#xD;&#xA;&#x9;at com.kms.katalon.core.webservice.keyword.WSBuiltInKeywords.verifyResponseStatusCode(WSBuiltInKeywords.groovy:212)&#xD;&#xA;&#x9;at com.kms.katalon.core.webservice.keyword.WSBuiltInKeywords$verifyResponseStatusCode$1.call(Unknown Source)&#xD;&#xA;&#x9;at WSVerification1568908295605.run(WSVerification1568908295605:16)&#xD;&#xA;&#x9;at com.kms.katalon.core.main.ScriptEngine.run(ScriptEngine.java:194)&#xD;&#xA;&#x9;at com.kms.katalon.core.main.ScriptEngine.runScriptAsRawText(ScriptEngine.java:119)&#xD;&#xA;&#x9;at com.kms.katalon.core.main.WSVerificationExecutor.runScript(WSVerificationExecutor.java:146)&#xD;&#xA;&#x9;at com.kms.katalon.core.main.WSVerificationExecutor.doExecute(WSVerificationExecutor.java:140)&#xD;&#xA;&#x9;at com.kms.katalon.core.main.WSVerificationExecutor.processExecutionPhase(WSVerificationExecutor.java:123)&#xD;&#xA;&#x9;at com.kms.katalon.core.main.WSVerificationExecutor.accessMainPhase(WSVerificationExecutor.java:115)&#xD;&#xA;&#x9;at com.kms.katalon.core.main.WSVerificationExecutor.execute(WSVerificationExecutor.java:103)&#xD;&#xA;&#x9;at com.kms.katalon.core.main.TestCaseMain.runWSVerificationScript(TestCaseMain.java:127)&#xD;&#xA;&#x9;at com.kms.katalon.core.webservice.keyword.builtin.SendRequestAndVerifyKeyword$_sendRequestAndVerify_closure1.doCall(SendRequestAndVerifyKeyword.groovy:55)&#xD;&#xA;&#x9;at com.kms.katalon.core.webservice.keyword.builtin.SendRequestAndVerifyKeyword$_sendRequestAndVerify_closure1.call(SendRequestAndVerifyKeyword.groovy)&#xD;&#xA;&#x9;at com.kms.katalon.core.keyword.internal.KeywordMain.runKeyword(KeywordMain.groovy:68)&#xD;&#xA;&#x9;at com.kms.katalon.core.webservice.keyword.builtin.SendRequestAndVerifyKeyword.sendRequestAndVerify(SendRequestAndVerifyKeyword.groovy:43)&#xD;&#xA;&#x9;at com.kms.katalon.core.webservice.keyword.builtin.SendRequestAndVerifyKeyword.execute(SendRequestAndVerifyKeyword.groovy:38)&#xD;&#xA;&#x9;at com.kms.katalon.core.keyword.internal.KeywordExecutor.executeKeywordForPlatform(KeywordExecutor.groovy:56)&#xD;&#xA;&#x9;at com.kms.katalon.core.webservice.keyword.WSBuiltInKeywords.sendRequestAndVerify(WSBuiltInKeywords.groovy:65)&#xD;&#xA;&#x9;at com.kms.katalon.core.webservice.keyword.WSBuiltInKeywords$sendRequestAndVerify$0.call(Unknown Source)&#xD;&#xA;&#x9;at eLeaveCancelApplicationTest.run(eLeaveCancelApplicationTest:16)&#xD;&#xA;&#x9;at com.kms.katalon.core.main.ScriptEngine.run(ScriptEngine.java:194)&#xD;&#xA;&#x9;at com.kms.katalon.core.main.ScriptEngine.runScriptAsRawText(ScriptEngine.java:119)&#xD;&#xA;&#x9;at com.kms.katalon.core.main.TestCaseExecutor.runScript(TestCaseExecutor.java:337)&#xD;&#xA;&#x9;at com.kms.katalon.core.main.TestCaseExecutor.doExecute(TestCaseExecutor.java:328)&#xD;&#xA;&#x9;at com.kms.katalon.core.main.TestCaseExecutor.processExecutionPhase(TestCaseExecutor.java:307)&#xD;&#xA;&#x9;at com.kms.katalon.core.main.TestCaseExecutor.accessMainPhase(TestCaseExecutor.java:299)&#xD;&#xA;&#x9;at com.kms.katalon.core.main.TestCaseExecutor.execute(TestCaseExecutor.java:233)&#xD;&#xA;&#x9;at com.kms.katalon.core.main.TestSuiteExecutor.accessTestCaseMainPhase(TestSuiteExecutor.java:169)&#xD;&#xA;&#x9;at com.kms.katalon.core.main.TestSuiteExecutor.accessTestSuiteMainPhase(TestSuiteExecutor.java:142)&#xD;&#xA;&#x9;at com.kms.katalon.core.main.TestSuiteExecutor.execute(TestSuiteExecutor.java:91)&#xD;&#xA;&#x9;at com.kms.katalon.core.main.TestCaseMain.startTestSuite(TestCaseMain.java:157)&#xD;&#xA;&#x9;at com.kms.katalon.core.main.TestCaseMain$startTestSuite$0.call(Unknown Source)&#xD;&#xA;&#x9;at TempTestSuite1568908277252.run(TempTestSuite1568908277252.groovy:35)&#xD;&#xA;"/>
            <system-out>2019-09-19 21:21:35 - [TEST_CASE][FAILED] - Test Cases/eLeaveCancelApplicationTest: Test Cases/eLeaveCancelApplicationTest FAILED.
Reason:
com.kms.katalon.core.exception.StepFailedException: Expected status code is '200' but actual status code is '404'&#xD;
	at com.kms.katalon.core.keyword.internal.KeywordMain.stepFailed(KeywordMain.groovy:50)&#xD;
	at com.kms.katalon.core.webservice.keyword.builtin.VerifyResponseStatusCodeKeyword.verifyStatusCode(VerifyResponseStatusCodeKeyword.groovy:52)&#xD;
	at com.kms.katalon.core.webservice.keyword.builtin.VerifyResponseStatusCodeKeyword$_verifyResponseStatusCode_closure1.doCall(VerifyResponseStatusCodeKeyword.groovy:42)&#xD;
	at com.kms.katalon.core.webservice.keyword.builtin.VerifyResponseStatusCodeKeyword$_verifyResponseStatusCode_closure1.call(VerifyResponseStatusCodeKeyword.groovy)&#xD;
	at com.kms.katalon.core.keyword.internal.KeywordMain.runKeyword(KeywordMain.groovy:68)&#xD;
	at com.kms.katalon.core.webservice.keyword.builtin.VerifyResponseStatusCodeKeyword.verifyResponseStatusCode(VerifyResponseStatusCodeKeyword.groovy:37)&#xD;
	at com.kms.katalon.core.webservice.keyword.builtin.VerifyResponseStatusCodeKeyword.execute(VerifyResponseStatusCodeKeyword.groovy:32)&#xD;
	at com.kms.katalon.core.keyword.internal.KeywordExecutor.executeKeywordForPlatform(KeywordExecutor.groovy:56)&#xD;
	at com.kms.katalon.core.webservice.keyword.WSBuiltInKeywords.verifyResponseStatusCode(WSBuiltInKeywords.groovy:212)&#xD;
	at com.kms.katalon.core.webservice.keyword.WSBuiltInKeywords$verifyResponseStatusCode$1.call(Unknown Source)&#xD;
	at WSVerification1568908295605.run(WSVerification1568908295605:16)&#xD;
	at com.kms.katalon.core.main.ScriptEngine.run(ScriptEngine.java:194)&#xD;
	at com.kms.katalon.core.main.ScriptEngine.runScriptAsRawText(ScriptEngine.java:119)&#xD;
	at com.kms.katalon.core.main.WSVerificationExecutor.runScript(WSVerificationExecutor.java:146)&#xD;
	at com.kms.katalon.core.main.WSVerificationExecutor.doExecute(WSVerificationExecutor.java:140)&#xD;
	at com.kms.katalon.core.main.WSVerificationExecutor.processExecutionPhase(WSVerificationExecutor.java:123)&#xD;
	at com.kms.katalon.core.main.WSVerificationExecutor.accessMainPhase(WSVerificationExecutor.java:115)&#xD;
	at com.kms.katalon.core.main.WSVerificationExecutor.execute(WSVerificationExecutor.java:103)&#xD;
	at com.kms.katalon.core.main.TestCaseMain.runWSVerificationScript(TestCaseMain.java:127)&#xD;
	at com.kms.katalon.core.webservice.keyword.builtin.SendRequestAndVerifyKeyword$_sendRequestAndVerify_closure1.doCall(SendRequestAndVerifyKeyword.groovy:55)&#xD;
	at com.kms.katalon.core.webservice.keyword.builtin.SendRequestAndVerifyKeyword$_sendRequestAndVerify_closure1.call(SendRequestAndVerifyKeyword.groovy)&#xD;
	at com.kms.katalon.core.keyword.internal.KeywordMain.runKeyword(KeywordMain.groovy:68)&#xD;
	at com.kms.katalon.core.webservice.keyword.builtin.SendRequestAndVerifyKeyword.sendRequestAndVerify(SendRequestAndVerifyKeyword.groovy:43)&#xD;
	at com.kms.katalon.core.webservice.keyword.builtin.SendRequestAndVerifyKeyword.execute(SendRequestAndVerifyKeyword.groovy:38)&#xD;
	at com.kms.katalon.core.keyword.internal.KeywordExecutor.executeKeywordForPlatform(KeywordExecutor.groovy:56)&#xD;
	at com.kms.katalon.core.webservice.keyword.WSBuiltInKeywords.sendRequestAndVerify(WSBuiltInKeywords.groovy:65)&#xD;
	at com.kms.katalon.core.webservice.keyword.WSBuiltInKeywords$sendRequestAndVerify$0.call(Unknown Source)&#xD;
	at eLeaveCancelApplicationTest.run(eLeaveCancelApplicationTest:16)&#xD;
	at com.kms.katalon.core.main.ScriptEngine.run(ScriptEngine.java:194)&#xD;
	at com.kms.katalon.core.main.ScriptEngine.runScriptAsRawText(ScriptEngine.java:119)&#xD;
	at com.kms.katalon.core.main.TestCaseExecutor.runScript(TestCaseExecutor.java:337)&#xD;
	at com.kms.katalon.core.main.TestCaseExecutor.doExecute(TestCaseExecutor.java:328)&#xD;
	at com.kms.katalon.core.main.TestCaseExecutor.processExecutionPhase(TestCaseExecutor.java:307)&#xD;
	at com.kms.katalon.core.main.TestCaseExecutor.accessMainPhase(TestCaseExecutor.java:299)&#xD;
	at com.kms.katalon.core.main.TestCaseExecutor.execute(TestCaseExecutor.java:233)&#xD;
	at com.kms.katalon.core.main.TestSuiteExecutor.accessTestCaseMainPhase(TestSuiteExecutor.java:169)&#xD;
	at com.kms.katalon.core.main.TestSuiteExecutor.accessTestSuiteMainPhase(TestSuiteExecutor.java:142)&#xD;
	at com.kms.katalon.core.main.TestSuiteExecutor.execute(TestSuiteExecutor.java:91)&#xD;
	at com.kms.katalon.core.main.TestCaseMain.startTestSuite(TestCaseMain.java:157)&#xD;
	at com.kms.katalon.core.main.TestCaseMain$startTestSuite$0.call(Unknown Source)&#xD;
	at TempTestSuite1568908277252.run(TempTestSuite1568908277252.groovy:35)&#xD;
&#xD;
&#xD;
2019-09-19 21:21:35 - [TEST_STEP][FAILED] - sendRequestAndVerify(findTestObject("eLeave Cancel Application", ["userId":userid, "uniqueToken":uniquetoken, "fromdaTe":fromdaTe, "todaTe":todaTe])): Unable to send request and verify the response (Root cause: com.kms.katalon.core.exception.StepFailedException: Verification failed&#xD;
	at com.kms.katalon.core.webservice.keyword.builtin.SendRequestAndVerifyKeyword$_sendRequestAndVerify_closure1.doCall(SendRequestAndVerifyKeyword.groovy:59)&#xD;
	at com.kms.katalon.core.webservice.keyword.builtin.SendRequestAndVerifyKeyword$_sendRequestAndVerify_closure1.call(SendRequestAndVerifyKeyword.groovy)&#xD;
	at com.kms.katalon.core.keyword.internal.KeywordMain.runKeyword(KeywordMain.groovy:68)&#xD;
	at com.kms.katalon.core.webservice.keyword.builtin.SendRequestAndVerifyKeyword.sendRequestAndVerify(SendRequestAndVerifyKeyword.groovy:43)&#xD;
	at com.kms.katalon.core.webservice.keyword.builtin.SendRequestAndVerifyKeyword.execute(SendRequestAndVerifyKeyword.groovy:38)&#xD;
	at com.kms.katalon.core.keyword.internal.KeywordExecutor.executeKeywordForPlatform(KeywordExecutor.groovy:56)&#xD;
	at com.kms.katalon.core.webservice.keyword.WSBuiltInKeywords.sendRequestAndVerify(WSBuiltInKeywords.groovy:65)&#xD;
	at com.kms.katalon.core.webservice.keyword.WSBuiltInKeywords$sendRequestAndVerify$0.call(Unknown Source)&#xD;
	at eLeaveCancelApplicationTest.run(eLeaveCancelApplicationTest:16)&#xD;
	at com.kms.katalon.core.main.ScriptEngine.run(ScriptEngine.java:194)&#xD;
	at com.kms.katalon.core.main.ScriptEngine.runScriptAsRawText(ScriptEngine.java:119)&#xD;
	at com.kms.katalon.core.main.TestCaseExecutor.runScript(TestCaseExecutor.java:337)&#xD;
	at com.kms.katalon.core.main.TestCaseExecutor.doExecute(TestCaseExecutor.java:328)&#xD;
	at com.kms.katalon.core.main.TestCaseExecutor.processExecutionPhase(TestCaseExecutor.java:307)&#xD;
	at com.kms.katalon.core.main.TestCaseExecutor.accessMainPhase(TestCaseExecutor.java:299)&#xD;
	at com.kms.katalon.core.main.TestCaseExecutor.execute(TestCaseExecutor.java:233)&#xD;
	at com.kms.katalon.core.main.TestSuiteExecutor.accessTestCaseMainPhase(TestSuiteExecutor.java:169)&#xD;
	at com.kms.katalon.core.main.TestSuiteExecutor.accessTestSuiteMainPhase(TestSuiteExecutor.java:142)&#xD;
	at com.kms.katalon.core.main.TestSuiteExecutor.execute(TestSuiteExecutor.java:91)&#xD;
	at com.kms.katalon.core.main.TestCaseMain.startTestSuite(TestCaseMain.java:157)&#xD;
	at com.kms.katalon.core.main.TestCaseMain$startTestSuite$0.call(Unknown Source)&#xD;
	at TempTestSuite1568908277252.run(TempTestSuite1568908277252.groovy:35)&#xD;
)&#xD;
&#xD;
2019-09-19 21:21:35 - [MESSAGE][INFO] - HAR: C:\Users\rajesh.veeranna\Katalon Studio\SmartIndonasia\Reports\20190919_212117\SMARTINDONASIA_API_SmokeTest\20190919_212117\requests\main\13.har&#xD;
&#xD;
2019-09-19 21:21:35 - [TEST_CASE][FAILED] - Start Test Case : Verification: Verification FAILED.
Reason:
com.kms.katalon.core.exception.StepFailedException: Expected status code is '200' but actual status code is '404'&#xD;
	at com.kms.katalon.core.keyword.internal.KeywordMain.stepFailed(KeywordMain.groovy:50)&#xD;
	at com.kms.katalon.core.webservice.keyword.builtin.VerifyResponseStatusCodeKeyword.verifyStatusCode(VerifyResponseStatusCodeKeyword.groovy:52)&#xD;
	at com.kms.katalon.core.webservice.keyword.builtin.VerifyResponseStatusCodeKeyword$_verifyResponseStatusCode_closure1.doCall(VerifyResponseStatusCodeKeyword.groovy:42)&#xD;
	at com.kms.katalon.core.webservice.keyword.builtin.VerifyResponseStatusCodeKeyword$_verifyResponseStatusCode_closure1.call(VerifyResponseStatusCodeKeyword.groovy)&#xD;
	at com.kms.katalon.core.keyword.internal.KeywordMain.runKeyword(KeywordMain.groovy:68)&#xD;
	at com.kms.katalon.core.webservice.keyword.builtin.VerifyResponseStatusCodeKeyword.verifyResponseStatusCode(VerifyResponseStatusCodeKeyword.groovy:37)&#xD;
	at com.kms.katalon.core.webservice.keyword.builtin.VerifyResponseStatusCodeKeyword.execute(VerifyResponseStatusCodeKeyword.groovy:32)&#xD;
	at com.kms.katalon.core.keyword.internal.KeywordExecutor.executeKeywordForPlatform(KeywordExecutor.groovy:56)&#xD;
	at com.kms.katalon.core.webservice.keyword.WSBuiltInKeywords.verifyResponseStatusCode(WSBuiltInKeywords.groovy:212)&#xD;
	at com.kms.katalon.core.webservice.keyword.WSBuiltInKeywords$verifyResponseStatusCode$1.call(Unknown Source)&#xD;
	at WSVerification1568908295605.run(WSVerification1568908295605:16)&#xD;
	at com.kms.katalon.core.main.ScriptEngine.run(ScriptEngine.java:194)&#xD;
	at com.kms.katalon.core.main.ScriptEngine.runScriptAsRawText(ScriptEngine.java:119)&#xD;
	at com.kms.katalon.core.main.WSVerificationExecutor.runScript(WSVerificationExecutor.java:146)&#xD;
	at com.kms.katalon.core.main.WSVerificationExecutor.doExecute(WSVerificationExecutor.java:140)&#xD;
	at com.kms.katalon.core.main.WSVerificationExecutor.processExecutionPhase(WSVerificationExecutor.java:123)&#xD;
	at com.kms.katalon.core.main.WSVerificationExecutor.accessMainPhase(WSVerificationExecutor.java:115)&#xD;
	at com.kms.katalon.core.main.WSVerificationExecutor.execute(WSVerificationExecutor.java:103)&#xD;
	at com.kms.katalon.core.main.TestCaseMain.runWSVerificationScript(TestCaseMain.java:127)&#xD;
	at com.kms.katalon.core.webservice.keyword.builtin.SendRequestAndVerifyKeyword$_sendRequestAndVerify_closure1.doCall(SendRequestAndVerifyKeyword.groovy:55)&#xD;
	at com.kms.katalon.core.webservice.keyword.builtin.SendRequestAndVerifyKeyword$_sendRequestAndVerify_closure1.call(SendRequestAndVerifyKeyword.groovy)&#xD;
	at com.kms.katalon.core.keyword.internal.KeywordMain.runKeyword(KeywordMain.groovy:68)&#xD;
	at com.kms.katalon.core.webservice.keyword.builtin.SendRequestAndVerifyKeyword.sendRequestAndVerify(SendRequestAndVerifyKeyword.groovy:43)&#xD;
	at com.kms.katalon.core.webservice.keyword.builtin.SendRequestAndVerifyKeyword.execute(SendRequestAndVerifyKeyword.groovy:38)&#xD;
	at com.kms.katalon.core.keyword.internal.KeywordExecutor.executeKeywordForPlatform(KeywordExecutor.groovy:56)&#xD;
	at com.kms.katalon.core.webservice.keyword.WSBuiltInKeywords.sendRequestAndVerify(WSBuiltInKeywords.groovy:65)&#xD;
	at com.kms.katalon.core.webservice.keyword.WSBuiltInKeywords$sendRequestAndVerify$0.call(Unknown Source)&#xD;
	at eLeaveCancelApplicationTest.run(eLeaveCancelApplicationTest:16)&#xD;
	at com.kms.katalon.core.main.ScriptEngine.run(ScriptEngine.java:194)&#xD;
	at com.kms.katalon.core.main.ScriptEngine.runScriptAsRawText(ScriptEngine.java:119)&#xD;
	at com.kms.katalon.core.main.TestCaseExecutor.runScript(TestCaseExecutor.java:337)&#xD;
	at com.kms.katalon.core.main.TestCaseExecutor.doExecute(TestCaseExecutor.java:328)&#xD;
	at com.kms.katalon.core.main.TestCaseExecutor.processExecutionPhase(TestCaseExecutor.java:307)&#xD;
	at com.kms.katalon.core.main.TestCaseExecutor.accessMainPhase(TestCaseExecutor.java:299)&#xD;
	at com.kms.katalon.core.main.TestCaseExecutor.execute(TestCaseExecutor.java:233)&#xD;
	at com.kms.katalon.core.main.TestSuiteExecutor.accessTestCaseMainPhase(TestSuiteExecutor.java:169)&#xD;
	at com.kms.katalon.core.main.TestSuiteExecutor.accessTestSuiteMainPhase(TestSuiteExecutor.java:142)&#xD;
	at com.kms.katalon.core.main.TestSuiteExecutor.execute(TestSuiteExecutor.java:91)&#xD;
	at com.kms.katalon.core.main.TestCaseMain.startTestSuite(TestCaseMain.java:157)&#xD;
	at com.kms.katalon.core.main.TestCaseMain$startTestSuite$0.call(Unknown Source)&#xD;
	at TempTestSuite1568908277252.run(TempTestSuite1568908277252.groovy:35)&#xD;
&#xD;
&#xD;
2019-09-19 21:21:35 - [TEST_STEP][PASSED] - request = getInstance().getCurrentRequest(): null&#xD;
&#xD;
2019-09-19 21:21:35 - [TEST_STEP][PASSED] - response = getInstance().getCurrentResponse(): null&#xD;
&#xD;
2019-09-19 21:21:35 - [TEST_STEP][FAILED] - verifyResponseStatusCode(response, 200): Unable to verify response status code (Root cause: com.kms.katalon.core.exception.StepFailedException: Expected status code is '200' but actual status code is '404'&#xD;
	at com.kms.katalon.core.keyword.internal.KeywordMain.stepFailed(KeywordMain.groovy:50)&#xD;
	at com.kms.katalon.core.webservice.keyword.builtin.VerifyResponseStatusCodeKeyword.verifyStatusCode(VerifyResponseStatusCodeKeyword.groovy:52)&#xD;
	at com.kms.katalon.core.webservice.keyword.builtin.VerifyResponseStatusCodeKeyword$_verifyResponseStatusCode_closure1.doCall(VerifyResponseStatusCodeKeyword.groovy:42)&#xD;
	at com.kms.katalon.core.webservice.keyword.builtin.VerifyResponseStatusCodeKeyword$_verifyResponseStatusCode_closure1.call(VerifyResponseStatusCodeKeyword.groovy)&#xD;
	at com.kms.katalon.core.keyword.internal.KeywordMain.runKeyword(KeywordMain.groovy:68)&#xD;
	at com.kms.katalon.core.webservice.keyword.builtin.VerifyResponseStatusCodeKeyword.verifyResponseStatusCode(VerifyResponseStatusCodeKeyword.groovy:37)&#xD;
	at com.kms.katalon.core.webservice.keyword.builtin.VerifyResponseStatusCodeKeyword.execute(VerifyResponseStatusCodeKeyword.groovy:32)&#xD;
	at com.kms.katalon.core.keyword.internal.KeywordExecutor.executeKeywordForPlatform(KeywordExecutor.groovy:56)&#xD;
	at com.kms.katalon.core.webservice.keyword.WSBuiltInKeywords.verifyResponseStatusCode(WSBuiltInKeywords.groovy:212)&#xD;
	at com.kms.katalon.core.webservice.keyword.WSBuiltInKeywords$verifyResponseStatusCode$1.call(Unknown Source)&#xD;
	at WSVerification1568908295605.run(WSVerification1568908295605:16)&#xD;
	at com.kms.katalon.core.main.ScriptEngine.run(ScriptEngine.java:194)&#xD;
	at com.kms.katalon.core.main.ScriptEngine.runScriptAsRawText(ScriptEngine.java:119)&#xD;
	at com.kms.katalon.core.main.WSVerificationExecutor.runScript(WSVerificationExecutor.java:146)&#xD;
	at com.kms.katalon.core.main.WSVerificationExecutor.doExecute(WSVerificationExecutor.java:140)&#xD;
	at com.kms.katalon.core.main.WSVerificationExecutor.processExecutionPhase(WSVerificationExecutor.java:123)&#xD;
	at com.kms.katalon.core.main.WSVerificationExecutor.accessMainPhase(WSVerificationExecutor.java:115)&#xD;
	at com.kms.katalon.core.main.WSVerificationExecutor.execute(WSVerificationExecutor.java:103)&#xD;
	at com.kms.katalon.core.main.TestCaseMain.runWSVerificationScript(TestCaseMain.java:127)&#xD;
	at com.kms.katalon.core.webservice.keyword.builtin.SendRequestAndVerifyKeyword$_sendRequestAndVerify_closure1.doCall(SendRequestAndVerifyKeyword.groovy:55)&#xD;
	at com.kms.katalon.core.webservice.keyword.builtin.SendRequestAndVerifyKeyword$_sendRequestAndVerify_closure1.call(SendRequestAndVerifyKeyword.groovy)&#xD;
	at com.kms.katalon.core.keyword.internal.KeywordMain.runKeyword(KeywordMain.groovy:68)&#xD;
	at com.kms.katalon.core.webservice.keyword.builtin.SendRequestAndVerifyKeyword.sendRequestAndVerify(SendRequestAndVerifyKeyword.groovy:43)&#xD;
	at com.kms.katalon.core.webservice.keyword.builtin.SendRequestAndVerifyKeyword.execute(SendRequestAndVerifyKeyword.groovy:38)&#xD;
	at com.kms.katalon.core.keyword.internal.KeywordExecutor.executeKeywordForPlatform(KeywordExecutor.groovy:56)&#xD;
	at com.kms.katalon.core.webservice.keyword.WSBuiltInKeywords.sendRequestAndVerify(WSBuiltInKeywords.groovy:65)&#xD;
	at com.kms.katalon.core.webservice.keyword.WSBuiltInKeywords$sendRequestAndVerify$0.call(Unknown Source)&#xD;
	at eLeaveCancelApplicationTest.run(eLeaveCancelApplicationTest:16)&#xD;
	at com.kms.katalon.core.main.ScriptEngine.run(ScriptEngine.java:194)&#xD;
	at com.kms.katalon.core.main.ScriptEngine.runScriptAsRawText(ScriptEngine.java:119)&#xD;
	at com.kms.katalon.core.main.TestCaseExecutor.runScript(TestCaseExecutor.java:337)&#xD;
	at com.kms.katalon.core.main.TestCaseExecutor.doExecute(TestCaseExecutor.java:328)&#xD;
	at com.kms.katalon.core.main.TestCaseExecutor.processExecutionPhase(TestCaseExecutor.java:307)&#xD;
	at com.kms.katalon.core.main.TestCaseExecutor.accessMainPhase(TestCaseExecutor.java:299)&#xD;
	at com.kms.katalon.core.main.TestCaseExecutor.execute(TestCaseExecutor.java:233)&#xD;
	at com.kms.katalon.core.main.TestSuiteExecutor.accessTestCaseMainPhase(TestSuiteExecutor.java:169)&#xD;
	at com.kms.katalon.core.main.TestSuiteExecutor.accessTestSuiteMainPhase(TestSuiteExecutor.java:142)&#xD;
	at com.kms.katalon.core.main.TestSuiteExecutor.execute(TestSuiteExecutor.java:91)&#xD;
	at com.kms.katalon.core.main.TestCaseMain.startTestSuite(TestCaseMain.java:157)&#xD;
	at com.kms.katalon.core.main.TestCaseMain$startTestSuite$0.call(Unknown Source)&#xD;
	at TempTestSuite1568908277252.run(TempTestSuite1568908277252.groovy:35)&#xD;
)&#xD;
&#xD;
2019-09-19 21:21:35 - [MESSAGE][FAILED] - Expected status code is '200' but actual status code is '404'&#xD;
&#xD;
2019-09-19 21:21:35 - [MESSAGE][FAILED] - Unable to verify response status code (Root cause: com.kms.katalon.core.exception.StepFailedException: Expected status code is '200' but actual status code is '404'&#xD;
	at com.kms.katalon.core.keyword.internal.KeywordMain.stepFailed(KeywordMain.groovy:50)&#xD;
	at com.kms.katalon.core.webservice.keyword.builtin.VerifyResponseStatusCodeKeyword.verifyStatusCode(VerifyResponseStatusCodeKeyword.groovy:52)&#xD;
	at com.kms.katalon.core.webservice.keyword.builtin.VerifyResponseStatusCodeKeyword$_verifyResponseStatusCode_closure1.doCall(VerifyResponseStatusCodeKeyword.groovy:42)&#xD;
	at com.kms.katalon.core.webservice.keyword.builtin.VerifyResponseStatusCodeKeyword$_verifyResponseStatusCode_closure1.call(VerifyResponseStatusCodeKeyword.groovy)&#xD;
	at com.kms.katalon.core.keyword.internal.KeywordMain.runKeyword(KeywordMain.groovy:68)&#xD;
	at com.kms.katalon.core.webservice.keyword.builtin.VerifyResponseStatusCodeKeyword.verifyResponseStatusCode(VerifyResponseStatusCodeKeyword.groovy:37)&#xD;
	at com.kms.katalon.core.webservice.keyword.builtin.VerifyResponseStatusCodeKeyword.execute(VerifyResponseStatusCodeKeyword.groovy:32)&#xD;
	at com.kms.katalon.core.keyword.internal.KeywordExecutor.executeKeywordForPlatform(KeywordExecutor.groovy:56)&#xD;
	at com.kms.katalon.core.webservice.keyword.WSBuiltInKeywords.verifyResponseStatusCode(WSBuiltInKeywords.groovy:212)&#xD;
	at com.kms.katalon.core.webservice.keyword.WSBuiltInKeywords$verifyResponseStatusCode$1.call(Unknown Source)&#xD;
	at WSVerification1568908295605.run(WSVerification1568908295605:16)&#xD;
	at com.kms.katalon.core.main.ScriptEngine.run(ScriptEngine.java:194)&#xD;
	at com.kms.katalon.core.main.ScriptEngine.runScriptAsRawText(ScriptEngine.java:119)&#xD;
	at com.kms.katalon.core.main.WSVerificationExecutor.runScript(WSVerificationExecutor.java:146)&#xD;
	at com.kms.katalon.core.main.WSVerificationExecutor.doExecute(WSVerificationExecutor.java:140)&#xD;
	at com.kms.katalon.core.main.WSVerificationExecutor.processExecutionPhase(WSVerificationExecutor.java:123)&#xD;
	at com.kms.katalon.core.main.WSVerificationExecutor.accessMainPhase(WSVerificationExecutor.java:115)&#xD;
	at com.kms.katalon.core.main.WSVerificationExecutor.execute(WSVerificationExecutor.java:103)&#xD;
	at com.kms.katalon.core.main.TestCaseMain.runWSVerificationScript(TestCaseMain.java:127)&#xD;
	at com.kms.katalon.core.webservice.keyword.builtin.SendRequestAndVerifyKeyword$_sendRequestAndVerify_closure1.doCall(SendRequestAndVerifyKeyword.groovy:55)&#xD;
	at com.kms.katalon.core.webservice.keyword.builtin.SendRequestAndVerifyKeyword$_sendRequestAndVerify_closure1.call(SendRequestAndVerifyKeyword.groovy)&#xD;
	at com.kms.katalon.core.keyword.internal.KeywordMain.runKeyword(KeywordMain.groovy:68)&#xD;
	at com.kms.katalon.core.webservice.keyword.builtin.SendRequestAndVerifyKeyword.sendRequestAndVerify(SendRequestAndVerifyKeyword.groovy:43)&#xD;
	at com.kms.katalon.core.webservice.keyword.builtin.SendRequestAndVerifyKeyword.execute(SendRequestAndVerifyKeyword.groovy:38)&#xD;
	at com.kms.katalon.core.keyword.internal.KeywordExecutor.executeKeywordForPlatform(KeywordExecutor.groovy:56)&#xD;
	at com.kms.katalon.core.webservice.keyword.WSBuiltInKeywords.sendRequestAndVerify(WSBuiltInKeywords.groovy:65)&#xD;
	at com.kms.katalon.core.webservice.keyword.WSBuiltInKeywords$sendRequestAndVerify$0.call(Unknown Source)&#xD;
	at eLeaveCancelApplicationTest.run(eLeaveCancelApplicationTest:16)&#xD;
	at com.kms.katalon.core.main.ScriptEngine.run(ScriptEngine.java:194)&#xD;
	at com.kms.katalon.core.main.ScriptEngine.runScriptAsRawText(ScriptEngine.java:119)&#xD;
	at com.kms.katalon.core.main.TestCaseExecutor.runScript(TestCaseExecutor.java:337)&#xD;
	at com.kms.katalon.core.main.TestCaseExecutor.doExecute(TestCaseExecutor.java:328)&#xD;
	at com.kms.katalon.core.main.TestCaseExecutor.processExecutionPhase(TestCaseExecutor.java:307)&#xD;
	at com.kms.katalon.core.main.TestCaseExecutor.accessMainPhase(TestCaseExecutor.java:299)&#xD;
	at com.kms.katalon.core.main.TestCaseExecutor.execute(TestCaseExecutor.java:233)&#xD;
	at com.kms.katalon.core.main.TestSuiteExecutor.accessTestCaseMainPhase(TestSuiteExecutor.java:169)&#xD;
	at com.kms.katalon.core.main.TestSuiteExecutor.accessTestSuiteMainPhase(TestSuiteExecutor.java:142)&#xD;
	at com.kms.katalon.core.main.TestSuiteExecutor.execute(TestSuiteExecutor.java:91)&#xD;
	at com.kms.katalon.core.main.TestCaseMain.startTestSuite(TestCaseMain.java:157)&#xD;
	at com.kms.katalon.core.main.TestCaseMain$startTestSuite$0.call(Unknown Source)&#xD;
	at TempTestSuite1568908277252.run(TempTestSuite1568908277252.groovy:35)&#xD;
)&#xD;
&#xD;
2019-09-19 21:21:36 - [MESSAGE][FAILED] - Unable to send request and verify the response (Root cause: com.kms.katalon.core.exception.StepFailedException: Verification failed&#xD;
	at com.kms.katalon.core.webservice.keyword.builtin.SendRequestAndVerifyKeyword$_sendRequestAndVerify_closure1.doCall(SendRequestAndVerifyKeyword.groovy:59)&#xD;
	at com.kms.katalon.core.webservice.keyword.builtin.SendRequestAndVerifyKeyword$_sendRequestAndVerify_closure1.call(SendRequestAndVerifyKeyword.groovy)&#xD;
	at com.kms.katalon.core.keyword.internal.KeywordMain.runKeyword(KeywordMain.groovy:68)&#xD;
	at com.kms.katalon.core.webservice.keyword.builtin.SendRequestAndVerifyKeyword.sendRequestAndVerify(SendRequestAndVerifyKeyword.groovy:43)&#xD;
	at com.kms.katalon.core.webservice.keyword.builtin.SendRequestAndVerifyKeyword.execute(SendRequestAndVerifyKeyword.groovy:38)&#xD;
	at com.kms.katalon.core.keyword.internal.KeywordExecutor.executeKeywordForPlatform(KeywordExecutor.groovy:56)&#xD;
	at com.kms.katalon.core.webservice.keyword.WSBuiltInKeywords.sendRequestAndVerify(WSBuiltInKeywords.groovy:65)&#xD;
	at com.kms.katalon.core.webservice.keyword.WSBuiltInKeywords$sendRequestAndVerify$0.call(Unknown Source)&#xD;
	at eLeaveCancelApplicationTest.run(eLeaveCancelApplicationTest:16)&#xD;
	at com.kms.katalon.core.main.ScriptEngine.run(ScriptEngine.java:194)&#xD;
	at com.kms.katalon.core.main.ScriptEngine.runScriptAsRawText(ScriptEngine.java:119)&#xD;
	at com.kms.katalon.core.main.TestCaseExecutor.runScript(TestCaseExecutor.java:337)&#xD;
	at com.kms.katalon.core.main.TestCaseExecutor.doExecute(TestCaseExecutor.java:328)&#xD;
	at com.kms.katalon.core.main.TestCaseExecutor.processExecutionPhase(TestCaseExecutor.java:307)&#xD;
	at com.kms.katalon.core.main.TestCaseExecutor.accessMainPhase(TestCaseExecutor.java:299)&#xD;
	at com.kms.katalon.core.main.TestCaseExecutor.execute(TestCaseExecutor.java:233)&#xD;
	at com.kms.katalon.core.main.TestSuiteExecutor.accessTestCaseMainPhase(TestSuiteExecutor.java:169)&#xD;
	at com.kms.katalon.core.main.TestSuiteExecutor.accessTestSuiteMainPhase(TestSuiteExecutor.java:142)&#xD;
	at com.kms.katalon.core.main.TestSuiteExecutor.execute(TestSuiteExecutor.java:91)&#xD;
	at com.kms.katalon.core.main.TestCaseMain.startTestSuite(TestCaseMain.java:157)&#xD;
	at com.kms.katalon.core.main.TestCaseMain$startTestSuite$0.call(Unknown Source)&#xD;
	at TempTestSuite1568908277252.run(TempTestSuite1568908277252.groovy:35)&#xD;
)</system-out>
            <system-err>2019-09-19 21:21:35 - [TEST_CASE][FAILED] - Test Cases/eLeaveCancelApplicationTest: Test Cases/eLeaveCancelApplicationTest FAILED.
Reason:
com.kms.katalon.core.exception.StepFailedException: Expected status code is '200' but actual status code is '404'&#xD;
	at com.kms.katalon.core.keyword.internal.KeywordMain.stepFailed(KeywordMain.groovy:50)&#xD;
	at com.kms.katalon.core.webservice.keyword.builtin.VerifyResponseStatusCodeKeyword.verifyStatusCode(VerifyResponseStatusCodeKeyword.groovy:52)&#xD;
	at com.kms.katalon.core.webservice.keyword.builtin.VerifyResponseStatusCodeKeyword$_verifyResponseStatusCode_closure1.doCall(VerifyResponseStatusCodeKeyword.groovy:42)&#xD;
	at com.kms.katalon.core.webservice.keyword.builtin.VerifyResponseStatusCodeKeyword$_verifyResponseStatusCode_closure1.call(VerifyResponseStatusCodeKeyword.groovy)&#xD;
	at com.kms.katalon.core.keyword.internal.KeywordMain.runKeyword(KeywordMain.groovy:68)&#xD;
	at com.kms.katalon.core.webservice.keyword.builtin.VerifyResponseStatusCodeKeyword.verifyResponseStatusCode(VerifyResponseStatusCodeKeyword.groovy:37)&#xD;
	at com.kms.katalon.core.webservice.keyword.builtin.VerifyResponseStatusCodeKeyword.execute(VerifyResponseStatusCodeKeyword.groovy:32)&#xD;
	at com.kms.katalon.core.keyword.internal.KeywordExecutor.executeKeywordForPlatform(KeywordExecutor.groovy:56)&#xD;
	at com.kms.katalon.core.webservice.keyword.WSBuiltInKeywords.verifyResponseStatusCode(WSBuiltInKeywords.groovy:212)&#xD;
	at com.kms.katalon.core.webservice.keyword.WSBuiltInKeywords$verifyResponseStatusCode$1.call(Unknown Source)&#xD;
	at WSVerification1568908295605.run(WSVerification1568908295605:16)&#xD;
	at com.kms.katalon.core.main.ScriptEngine.run(ScriptEngine.java:194)&#xD;
	at com.kms.katalon.core.main.ScriptEngine.runScriptAsRawText(ScriptEngine.java:119)&#xD;
	at com.kms.katalon.core.main.WSVerificationExecutor.runScript(WSVerificationExecutor.java:146)&#xD;
	at com.kms.katalon.core.main.WSVerificationExecutor.doExecute(WSVerificationExecutor.java:140)&#xD;
	at com.kms.katalon.core.main.WSVerificationExecutor.processExecutionPhase(WSVerificationExecutor.java:123)&#xD;
	at com.kms.katalon.core.main.WSVerificationExecutor.accessMainPhase(WSVerificationExecutor.java:115)&#xD;
	at com.kms.katalon.core.main.WSVerificationExecutor.execute(WSVerificationExecutor.java:103)&#xD;
	at com.kms.katalon.core.main.TestCaseMain.runWSVerificationScript(TestCaseMain.java:127)&#xD;
	at com.kms.katalon.core.webservice.keyword.builtin.SendRequestAndVerifyKeyword$_sendRequestAndVerify_closure1.doCall(SendRequestAndVerifyKeyword.groovy:55)&#xD;
	at com.kms.katalon.core.webservice.keyword.builtin.SendRequestAndVerifyKeyword$_sendRequestAndVerify_closure1.call(SendRequestAndVerifyKeyword.groovy)&#xD;
	at com.kms.katalon.core.keyword.internal.KeywordMain.runKeyword(KeywordMain.groovy:68)&#xD;
	at com.kms.katalon.core.webservice.keyword.builtin.SendRequestAndVerifyKeyword.sendRequestAndVerify(SendRequestAndVerifyKeyword.groovy:43)&#xD;
	at com.kms.katalon.core.webservice.keyword.builtin.SendRequestAndVerifyKeyword.execute(SendRequestAndVerifyKeyword.groovy:38)&#xD;
	at com.kms.katalon.core.keyword.internal.KeywordExecutor.executeKeywordForPlatform(KeywordExecutor.groovy:56)&#xD;
	at com.kms.katalon.core.webservice.keyword.WSBuiltInKeywords.sendRequestAndVerify(WSBuiltInKeywords.groovy:65)&#xD;
	at com.kms.katalon.core.webservice.keyword.WSBuiltInKeywords$sendRequestAndVerify$0.call(Unknown Source)&#xD;
	at eLeaveCancelApplicationTest.run(eLeaveCancelApplicationTest:16)&#xD;
	at com.kms.katalon.core.main.ScriptEngine.run(ScriptEngine.java:194)&#xD;
	at com.kms.katalon.core.main.ScriptEngine.runScriptAsRawText(ScriptEngine.java:119)&#xD;
	at com.kms.katalon.core.main.TestCaseExecutor.runScript(TestCaseExecutor.java:337)&#xD;
	at com.kms.katalon.core.main.TestCaseExecutor.doExecute(TestCaseExecutor.java:328)&#xD;
	at com.kms.katalon.core.main.TestCaseExecutor.processExecutionPhase(TestCaseExecutor.java:307)&#xD;
	at com.kms.katalon.core.main.TestCaseExecutor.accessMainPhase(TestCaseExecutor.java:299)&#xD;
	at com.kms.katalon.core.main.TestCaseExecutor.execute(TestCaseExecutor.java:233)&#xD;
	at com.kms.katalon.core.main.TestSuiteExecutor.accessTestCaseMainPhase(TestSuiteExecutor.java:169)&#xD;
	at com.kms.katalon.core.main.TestSuiteExecutor.accessTestSuiteMainPhase(TestSuiteExecutor.java:142)&#xD;
	at com.kms.katalon.core.main.TestSuiteExecutor.execute(TestSuiteExecutor.java:91)&#xD;
	at com.kms.katalon.core.main.TestCaseMain.startTestSuite(TestCaseMain.java:157)&#xD;
	at com.kms.katalon.core.main.TestCaseMain$startTestSuite$0.call(Unknown Source)&#xD;
	at TempTestSuite1568908277252.run(TempTestSuite1568908277252.groovy:35)</system-err>
        </testcase>
        <testcase name="Test Cases/gCropMasterTest" classname="Test Cases/gCropMasterTest" status="FAILED">
            <failure type="FAILED" message="Test Cases/gCropMasterTest FAILED.&#xA;Reason:&#xA;com.kms.katalon.core.exception.StepFailedException: Expected status code is '200' but actual status code is '404'&#xD;&#xA;&#x9;at com.kms.katalon.core.keyword.internal.KeywordMain.stepFailed(KeywordMain.groovy:50)&#xD;&#xA;&#x9;at com.kms.katalon.core.webservice.keyword.builtin.VerifyResponseStatusCodeKeyword.verifyStatusCode(VerifyResponseStatusCodeKeyword.groovy:52)&#xD;&#xA;&#x9;at com.kms.katalon.core.webservice.keyword.builtin.VerifyResponseStatusCodeKeyword$_verifyResponseStatusCode_closure1.doCall(VerifyResponseStatusCodeKeyword.groovy:42)&#xD;&#xA;&#x9;at com.kms.katalon.core.webservice.keyword.builtin.VerifyResponseStatusCodeKeyword$_verifyResponseStatusCode_closure1.call(VerifyResponseStatusCodeKeyword.groovy)&#xD;&#xA;&#x9;at com.kms.katalon.core.keyword.internal.KeywordMain.runKeyword(KeywordMain.groovy:68)&#xD;&#xA;&#x9;at com.kms.katalon.core.webservice.keyword.builtin.VerifyResponseStatusCodeKeyword.verifyResponseStatusCode(VerifyResponseStatusCodeKeyword.groovy:37)&#xD;&#xA;&#x9;at com.kms.katalon.core.webservice.keyword.builtin.VerifyResponseStatusCodeKeyword.execute(VerifyResponseStatusCodeKeyword.groovy:32)&#xD;&#xA;&#x9;at com.kms.katalon.core.keyword.internal.KeywordExecutor.executeKeywordForPlatform(KeywordExecutor.groovy:56)&#xD;&#xA;&#x9;at com.kms.katalon.core.webservice.keyword.WSBuiltInKeywords.verifyResponseStatusCode(WSBuiltInKeywords.groovy:212)&#xD;&#xA;&#x9;at com.kms.katalon.core.webservice.keyword.WSBuiltInKeywords$verifyResponseStatusCode$1.call(Unknown Source)&#xD;&#xA;&#x9;at WSVerification1568908296948.run(WSVerification1568908296948:16)&#xD;&#xA;&#x9;at com.kms.katalon.core.main.ScriptEngine.run(ScriptEngine.java:194)&#xD;&#xA;&#x9;at com.kms.katalon.core.main.ScriptEngine.runScriptAsRawText(ScriptEngine.java:119)&#xD;&#xA;&#x9;at com.kms.katalon.core.main.WSVerificationExecutor.runScript(WSVerificationExecutor.java:146)&#xD;&#xA;&#x9;at com.kms.katalon.core.main.WSVerificationExecutor.doExecute(WSVerificationExecutor.java:140)&#xD;&#xA;&#x9;at com.kms.katalon.core.main.WSVerificationExecutor.processExecutionPhase(WSVerificationExecutor.java:123)&#xD;&#xA;&#x9;at com.kms.katalon.core.main.WSVerificationExecutor.accessMainPhase(WSVerificationExecutor.java:115)&#xD;&#xA;&#x9;at com.kms.katalon.core.main.WSVerificationExecutor.execute(WSVerificationExecutor.java:103)&#xD;&#xA;&#x9;at com.kms.katalon.core.main.TestCaseMain.runWSVerificationScript(TestCaseMain.java:127)&#xD;&#xA;&#x9;at com.kms.katalon.core.webservice.keyword.builtin.SendRequestAndVerifyKeyword$_sendRequestAndVerify_closure1.doCall(SendRequestAndVerifyKeyword.groovy:55)&#xD;&#xA;&#x9;at com.kms.katalon.core.webservice.keyword.builtin.SendRequestAndVerifyKeyword$_sendRequestAndVerify_closure1.call(SendRequestAndVerifyKeyword.groovy)&#xD;&#xA;&#x9;at com.kms.katalon.core.keyword.internal.KeywordMain.runKeyword(KeywordMain.groovy:68)&#xD;&#xA;&#x9;at com.kms.katalon.core.webservice.keyword.builtin.SendRequestAndVerifyKeyword.sendRequestAndVerify(SendRequestAndVerifyKeyword.groovy:43)&#xD;&#xA;&#x9;at com.kms.katalon.core.webservice.keyword.builtin.SendRequestAndVerifyKeyword.execute(SendRequestAndVerifyKeyword.groovy:38)&#xD;&#xA;&#x9;at com.kms.katalon.core.keyword.internal.KeywordExecutor.executeKeywordForPlatform(KeywordExecutor.groovy:56)&#xD;&#xA;&#x9;at com.kms.katalon.core.webservice.keyword.WSBuiltInKeywords.sendRequestAndVerify(WSBuiltInKeywords.groovy:65)&#xD;&#xA;&#x9;at com.kms.katalon.core.webservice.keyword.WSBuiltInKeywords$sendRequestAndVerify$0.call(Unknown Source)&#xD;&#xA;&#x9;at gCropMasterTest.run(gCropMasterTest:16)&#xD;&#xA;&#x9;at com.kms.katalon.core.main.ScriptEngine.run(ScriptEngine.java:194)&#xD;&#xA;&#x9;at com.kms.katalon.core.main.ScriptEngine.runScriptAsRawText(ScriptEngine.java:119)&#xD;&#xA;&#x9;at com.kms.katalon.core.main.TestCaseExecutor.runScript(TestCaseExecutor.java:337)&#xD;&#xA;&#x9;at com.kms.katalon.core.main.TestCaseExecutor.doExecute(TestCaseExecutor.java:328)&#xD;&#xA;&#x9;at com.kms.katalon.core.main.TestCaseExecutor.processExecutionPhase(TestCaseExecutor.java:307)&#xD;&#xA;&#x9;at com.kms.katalon.core.main.TestCaseExecutor.accessMainPhase(TestCaseExecutor.java:299)&#xD;&#xA;&#x9;at com.kms.katalon.core.main.TestCaseExecutor.execute(TestCaseExecutor.java:233)&#xD;&#xA;&#x9;at com.kms.katalon.core.main.TestSuiteExecutor.accessTestCaseMainPhase(TestSuiteExecutor.java:169)&#xD;&#xA;&#x9;at com.kms.katalon.core.main.TestSuiteExecutor.accessTestSuiteMainPhase(TestSuiteExecutor.java:142)&#xD;&#xA;&#x9;at com.kms.katalon.core.main.TestSuiteExecutor.execute(TestSuiteExecutor.java:91)&#xD;&#xA;&#x9;at com.kms.katalon.core.main.TestCaseMain.startTestSuite(TestCaseMain.java:157)&#xD;&#xA;&#x9;at com.kms.katalon.core.main.TestCaseMain$startTestSuite$0.call(Unknown Source)&#xD;&#xA;&#x9;at TempTestSuite1568908277252.run(TempTestSuite1568908277252.groovy:35)&#xD;&#xA;"/>
            <system-out>2019-09-19 21:21:36 - [TEST_CASE][FAILED] - Test Cases/gCropMasterTest: Test Cases/gCropMasterTest FAILED.
Reason:
com.kms.katalon.core.exception.StepFailedException: Expected status code is '200' but actual status code is '404'&#xD;
	at com.kms.katalon.core.keyword.internal.KeywordMain.stepFailed(KeywordMain.groovy:50)&#xD;
	at com.kms.katalon.core.webservice.keyword.builtin.VerifyResponseStatusCodeKeyword.verifyStatusCode(VerifyResponseStatusCodeKeyword.groovy:52)&#xD;
	at com.kms.katalon.core.webservice.keyword.builtin.VerifyResponseStatusCodeKeyword$_verifyResponseStatusCode_closure1.doCall(VerifyResponseStatusCodeKeyword.groovy:42)&#xD;
	at com.kms.katalon.core.webservice.keyword.builtin.VerifyResponseStatusCodeKeyword$_verifyResponseStatusCode_closure1.call(VerifyResponseStatusCodeKeyword.groovy)&#xD;
	at com.kms.katalon.core.keyword.internal.KeywordMain.runKeyword(KeywordMain.groovy:68)&#xD;
	at com.kms.katalon.core.webservice.keyword.builtin.VerifyResponseStatusCodeKeyword.verifyResponseStatusCode(VerifyResponseStatusCodeKeyword.groovy:37)&#xD;
	at com.kms.katalon.core.webservice.keyword.builtin.VerifyResponseStatusCodeKeyword.execute(VerifyResponseStatusCodeKeyword.groovy:32)&#xD;
	at com.kms.katalon.core.keyword.internal.KeywordExecutor.executeKeywordForPlatform(KeywordExecutor.groovy:56)&#xD;
	at com.kms.katalon.core.webservice.keyword.WSBuiltInKeywords.verifyResponseStatusCode(WSBuiltInKeywords.groovy:212)&#xD;
	at com.kms.katalon.core.webservice.keyword.WSBuiltInKeywords$verifyResponseStatusCode$1.call(Unknown Source)&#xD;
	at WSVerification1568908296948.run(WSVerification1568908296948:16)&#xD;
	at com.kms.katalon.core.main.ScriptEngine.run(ScriptEngine.java:194)&#xD;
	at com.kms.katalon.core.main.ScriptEngine.runScriptAsRawText(ScriptEngine.java:119)&#xD;
	at com.kms.katalon.core.main.WSVerificationExecutor.runScript(WSVerificationExecutor.java:146)&#xD;
	at com.kms.katalon.core.main.WSVerificationExecutor.doExecute(WSVerificationExecutor.java:140)&#xD;
	at com.kms.katalon.core.main.WSVerificationExecutor.processExecutionPhase(WSVerificationExecutor.java:123)&#xD;
	at com.kms.katalon.core.main.WSVerificationExecutor.accessMainPhase(WSVerificationExecutor.java:115)&#xD;
	at com.kms.katalon.core.main.WSVerificationExecutor.execute(WSVerificationExecutor.java:103)&#xD;
	at com.kms.katalon.core.main.TestCaseMain.runWSVerificationScript(TestCaseMain.java:127)&#xD;
	at com.kms.katalon.core.webservice.keyword.builtin.SendRequestAndVerifyKeyword$_sendRequestAndVerify_closure1.doCall(SendRequestAndVerifyKeyword.groovy:55)&#xD;
	at com.kms.katalon.core.webservice.keyword.builtin.SendRequestAndVerifyKeyword$_sendRequestAndVerify_closure1.call(SendRequestAndVerifyKeyword.groovy)&#xD;
	at com.kms.katalon.core.keyword.internal.KeywordMain.runKeyword(KeywordMain.groovy:68)&#xD;
	at com.kms.katalon.core.webservice.keyword.builtin.SendRequestAndVerifyKeyword.sendRequestAndVerify(SendRequestAndVerifyKeyword.groovy:43)&#xD;
	at com.kms.katalon.core.webservice.keyword.builtin.SendRequestAndVerifyKeyword.execute(SendRequestAndVerifyKeyword.groovy:38)&#xD;
	at com.kms.katalon.core.keyword.internal.KeywordExecutor.executeKeywordForPlatform(KeywordExecutor.groovy:56)&#xD;
	at com.kms.katalon.core.webservice.keyword.WSBuiltInKeywords.sendRequestAndVerify(WSBuiltInKeywords.groovy:65)&#xD;
	at com.kms.katalon.core.webservice.keyword.WSBuiltInKeywords$sendRequestAndVerify$0.call(Unknown Source)&#xD;
	at gCropMasterTest.run(gCropMasterTest:16)&#xD;
	at com.kms.katalon.core.main.ScriptEngine.run(ScriptEngine.java:194)&#xD;
	at com.kms.katalon.core.main.ScriptEngine.runScriptAsRawText(ScriptEngine.java:119)&#xD;
	at com.kms.katalon.core.main.TestCaseExecutor.runScript(TestCaseExecutor.java:337)&#xD;
	at com.kms.katalon.core.main.TestCaseExecutor.doExecute(TestCaseExecutor.java:328)&#xD;
	at com.kms.katalon.core.main.TestCaseExecutor.processExecutionPhase(TestCaseExecutor.java:307)&#xD;
	at com.kms.katalon.core.main.TestCaseExecutor.accessMainPhase(TestCaseExecutor.java:299)&#xD;
	at com.kms.katalon.core.main.TestCaseExecutor.execute(TestCaseExecutor.java:233)&#xD;
	at com.kms.katalon.core.main.TestSuiteExecutor.accessTestCaseMainPhase(TestSuiteExecutor.java:169)&#xD;
	at com.kms.katalon.core.main.TestSuiteExecutor.accessTestSuiteMainPhase(TestSuiteExecutor.java:142)&#xD;
	at com.kms.katalon.core.main.TestSuiteExecutor.execute(TestSuiteExecutor.java:91)&#xD;
	at com.kms.katalon.core.main.TestCaseMain.startTestSuite(TestCaseMain.java:157)&#xD;
	at com.kms.katalon.core.main.TestCaseMain$startTestSuite$0.call(Unknown Source)&#xD;
	at TempTestSuite1568908277252.run(TempTestSuite1568908277252.groovy:35)&#xD;
&#xD;
&#xD;
2019-09-19 21:21:36 - [TEST_STEP][FAILED] - sendRequestAndVerify(findTestObject("gCrop-Master", ["versiontableId":versiontableId, "userId":userid, "uniqueToken":uniquetoken])): Unable to send request and verify the response (Root cause: com.kms.katalon.core.exception.StepFailedException: Verification failed&#xD;
	at com.kms.katalon.core.webservice.keyword.builtin.SendRequestAndVerifyKeyword$_sendRequestAndVerify_closure1.doCall(SendRequestAndVerifyKeyword.groovy:59)&#xD;
	at com.kms.katalon.core.webservice.keyword.builtin.SendRequestAndVerifyKeyword$_sendRequestAndVerify_closure1.call(SendRequestAndVerifyKeyword.groovy)&#xD;
	at com.kms.katalon.core.keyword.internal.KeywordMain.runKeyword(KeywordMain.groovy:68)&#xD;
	at com.kms.katalon.core.webservice.keyword.builtin.SendRequestAndVerifyKeyword.sendRequestAndVerify(SendRequestAndVerifyKeyword.groovy:43)&#xD;
	at com.kms.katalon.core.webservice.keyword.builtin.SendRequestAndVerifyKeyword.execute(SendRequestAndVerifyKeyword.groovy:38)&#xD;
	at com.kms.katalon.core.keyword.internal.KeywordExecutor.executeKeywordForPlatform(KeywordExecutor.groovy:56)&#xD;
	at com.kms.katalon.core.webservice.keyword.WSBuiltInKeywords.sendRequestAndVerify(WSBuiltInKeywords.groovy:65)&#xD;
	at com.kms.katalon.core.webservice.keyword.WSBuiltInKeywords$sendRequestAndVerify$0.call(Unknown Source)&#xD;
	at gCropMasterTest.run(gCropMasterTest:16)&#xD;
	at com.kms.katalon.core.main.ScriptEngine.run(ScriptEngine.java:194)&#xD;
	at com.kms.katalon.core.main.ScriptEngine.runScriptAsRawText(ScriptEngine.java:119)&#xD;
	at com.kms.katalon.core.main.TestCaseExecutor.runScript(TestCaseExecutor.java:337)&#xD;
	at com.kms.katalon.core.main.TestCaseExecutor.doExecute(TestCaseExecutor.java:328)&#xD;
	at com.kms.katalon.core.main.TestCaseExecutor.processExecutionPhase(TestCaseExecutor.java:307)&#xD;
	at com.kms.katalon.core.main.TestCaseExecutor.accessMainPhase(TestCaseExecutor.java:299)&#xD;
	at com.kms.katalon.core.main.TestCaseExecutor.execute(TestCaseExecutor.java:233)&#xD;
	at com.kms.katalon.core.main.TestSuiteExecutor.accessTestCaseMainPhase(TestSuiteExecutor.java:169)&#xD;
	at com.kms.katalon.core.main.TestSuiteExecutor.accessTestSuiteMainPhase(TestSuiteExecutor.java:142)&#xD;
	at com.kms.katalon.core.main.TestSuiteExecutor.execute(TestSuiteExecutor.java:91)&#xD;
	at com.kms.katalon.core.main.TestCaseMain.startTestSuite(TestCaseMain.java:157)&#xD;
	at com.kms.katalon.core.main.TestCaseMain$startTestSuite$0.call(Unknown Source)&#xD;
	at TempTestSuite1568908277252.run(TempTestSuite1568908277252.groovy:35)&#xD;
)&#xD;
&#xD;
2019-09-19 21:21:36 - [MESSAGE][INFO] - HAR: C:\Users\rajesh.veeranna\Katalon Studio\SmartIndonasia\Reports\20190919_212117\SMARTINDONASIA_API_SmokeTest\20190919_212117\requests\main\14.har&#xD;
&#xD;
2019-09-19 21:21:36 - [TEST_CASE][FAILED] - Start Test Case : Verification: Verification FAILED.
Reason:
com.kms.katalon.core.exception.StepFailedException: Expected status code is '200' but actual status code is '404'&#xD;
	at com.kms.katalon.core.keyword.internal.KeywordMain.stepFailed(KeywordMain.groovy:50)&#xD;
	at com.kms.katalon.core.webservice.keyword.builtin.VerifyResponseStatusCodeKeyword.verifyStatusCode(VerifyResponseStatusCodeKeyword.groovy:52)&#xD;
	at com.kms.katalon.core.webservice.keyword.builtin.VerifyResponseStatusCodeKeyword$_verifyResponseStatusCode_closure1.doCall(VerifyResponseStatusCodeKeyword.groovy:42)&#xD;
	at com.kms.katalon.core.webservice.keyword.builtin.VerifyResponseStatusCodeKeyword$_verifyResponseStatusCode_closure1.call(VerifyResponseStatusCodeKeyword.groovy)&#xD;
	at com.kms.katalon.core.keyword.internal.KeywordMain.runKeyword(KeywordMain.groovy:68)&#xD;
	at com.kms.katalon.core.webservice.keyword.builtin.VerifyResponseStatusCodeKeyword.verifyResponseStatusCode(VerifyResponseStatusCodeKeyword.groovy:37)&#xD;
	at com.kms.katalon.core.webservice.keyword.builtin.VerifyResponseStatusCodeKeyword.execute(VerifyResponseStatusCodeKeyword.groovy:32)&#xD;
	at com.kms.katalon.core.keyword.internal.KeywordExecutor.executeKeywordForPlatform(KeywordExecutor.groovy:56)&#xD;
	at com.kms.katalon.core.webservice.keyword.WSBuiltInKeywords.verifyResponseStatusCode(WSBuiltInKeywords.groovy:212)&#xD;
	at com.kms.katalon.core.webservice.keyword.WSBuiltInKeywords$verifyResponseStatusCode$1.call(Unknown Source)&#xD;
	at WSVerification1568908296948.run(WSVerification1568908296948:16)&#xD;
	at com.kms.katalon.core.main.ScriptEngine.run(ScriptEngine.java:194)&#xD;
	at com.kms.katalon.core.main.ScriptEngine.runScriptAsRawText(ScriptEngine.java:119)&#xD;
	at com.kms.katalon.core.main.WSVerificationExecutor.runScript(WSVerificationExecutor.java:146)&#xD;
	at com.kms.katalon.core.main.WSVerificationExecutor.doExecute(WSVerificationExecutor.java:140)&#xD;
	at com.kms.katalon.core.main.WSVerificationExecutor.processExecutionPhase(WSVerificationExecutor.java:123)&#xD;
	at com.kms.katalon.core.main.WSVerificationExecutor.accessMainPhase(WSVerificationExecutor.java:115)&#xD;
	at com.kms.katalon.core.main.WSVerificationExecutor.execute(WSVerificationExecutor.java:103)&#xD;
	at com.kms.katalon.core.main.TestCaseMain.runWSVerificationScript(TestCaseMain.java:127)&#xD;
	at com.kms.katalon.core.webservice.keyword.builtin.SendRequestAndVerifyKeyword$_sendRequestAndVerify_closure1.doCall(SendRequestAndVerifyKeyword.groovy:55)&#xD;
	at com.kms.katalon.core.webservice.keyword.builtin.SendRequestAndVerifyKeyword$_sendRequestAndVerify_closure1.call(SendRequestAndVerifyKeyword.groovy)&#xD;
	at com.kms.katalon.core.keyword.internal.KeywordMain.runKeyword(KeywordMain.groovy:68)&#xD;
	at com.kms.katalon.core.webservice.keyword.builtin.SendRequestAndVerifyKeyword.sendRequestAndVerify(SendRequestAndVerifyKeyword.groovy:43)&#xD;
	at com.kms.katalon.core.webservice.keyword.builtin.SendRequestAndVerifyKeyword.execute(SendRequestAndVerifyKeyword.groovy:38)&#xD;
	at com.kms.katalon.core.keyword.internal.KeywordExecutor.executeKeywordForPlatform(KeywordExecutor.groovy:56)&#xD;
	at com.kms.katalon.core.webservice.keyword.WSBuiltInKeywords.sendRequestAndVerify(WSBuiltInKeywords.groovy:65)&#xD;
	at com.kms.katalon.core.webservice.keyword.WSBuiltInKeywords$sendRequestAndVerify$0.call(Unknown Source)&#xD;
	at gCropMasterTest.run(gCropMasterTest:16)&#xD;
	at com.kms.katalon.core.main.ScriptEngine.run(ScriptEngine.java:194)&#xD;
	at com.kms.katalon.core.main.ScriptEngine.runScriptAsRawText(ScriptEngine.java:119)&#xD;
	at com.kms.katalon.core.main.TestCaseExecutor.runScript(TestCaseExecutor.java:337)&#xD;
	at com.kms.katalon.core.main.TestCaseExecutor.doExecute(TestCaseExecutor.java:328)&#xD;
	at com.kms.katalon.core.main.TestCaseExecutor.processExecutionPhase(TestCaseExecutor.java:307)&#xD;
	at com.kms.katalon.core.main.TestCaseExecutor.accessMainPhase(TestCaseExecutor.java:299)&#xD;
	at com.kms.katalon.core.main.TestCaseExecutor.execute(TestCaseExecutor.java:233)&#xD;
	at com.kms.katalon.core.main.TestSuiteExecutor.accessTestCaseMainPhase(TestSuiteExecutor.java:169)&#xD;
	at com.kms.katalon.core.main.TestSuiteExecutor.accessTestSuiteMainPhase(TestSuiteExecutor.java:142)&#xD;
	at com.kms.katalon.core.main.TestSuiteExecutor.execute(TestSuiteExecutor.java:91)&#xD;
	at com.kms.katalon.core.main.TestCaseMain.startTestSuite(TestCaseMain.java:157)&#xD;
	at com.kms.katalon.core.main.TestCaseMain$startTestSuite$0.call(Unknown Source)&#xD;
	at TempTestSuite1568908277252.run(TempTestSuite1568908277252.groovy:35)&#xD;
&#xD;
&#xD;
2019-09-19 21:21:37 - [TEST_STEP][PASSED] - request = getInstance().getCurrentRequest(): null&#xD;
&#xD;
2019-09-19 21:21:37 - [TEST_STEP][PASSED] - response = getInstance().getCurrentResponse(): null&#xD;
&#xD;
2019-09-19 21:21:37 - [TEST_STEP][FAILED] - verifyResponseStatusCode(response, 200): Unable to verify response status code (Root cause: com.kms.katalon.core.exception.StepFailedException: Expected status code is '200' but actual status code is '404'&#xD;
	at com.kms.katalon.core.keyword.internal.KeywordMain.stepFailed(KeywordMain.groovy:50)&#xD;
	at com.kms.katalon.core.webservice.keyword.builtin.VerifyResponseStatusCodeKeyword.verifyStatusCode(VerifyResponseStatusCodeKeyword.groovy:52)&#xD;
	at com.kms.katalon.core.webservice.keyword.builtin.VerifyResponseStatusCodeKeyword$_verifyResponseStatusCode_closure1.doCall(VerifyResponseStatusCodeKeyword.groovy:42)&#xD;
	at com.kms.katalon.core.webservice.keyword.builtin.VerifyResponseStatusCodeKeyword$_verifyResponseStatusCode_closure1.call(VerifyResponseStatusCodeKeyword.groovy)&#xD;
	at com.kms.katalon.core.keyword.internal.KeywordMain.runKeyword(KeywordMain.groovy:68)&#xD;
	at com.kms.katalon.core.webservice.keyword.builtin.VerifyResponseStatusCodeKeyword.verifyResponseStatusCode(VerifyResponseStatusCodeKeyword.groovy:37)&#xD;
	at com.kms.katalon.core.webservice.keyword.builtin.VerifyResponseStatusCodeKeyword.execute(VerifyResponseStatusCodeKeyword.groovy:32)&#xD;
	at com.kms.katalon.core.keyword.internal.KeywordExecutor.executeKeywordForPlatform(KeywordExecutor.groovy:56)&#xD;
	at com.kms.katalon.core.webservice.keyword.WSBuiltInKeywords.verifyResponseStatusCode(WSBuiltInKeywords.groovy:212)&#xD;
	at com.kms.katalon.core.webservice.keyword.WSBuiltInKeywords$verifyResponseStatusCode$1.call(Unknown Source)&#xD;
	at WSVerification1568908296948.run(WSVerification1568908296948:16)&#xD;
	at com.kms.katalon.core.main.ScriptEngine.run(ScriptEngine.java:194)&#xD;
	at com.kms.katalon.core.main.ScriptEngine.runScriptAsRawText(ScriptEngine.java:119)&#xD;
	at com.kms.katalon.core.main.WSVerificationExecutor.runScript(WSVerificationExecutor.java:146)&#xD;
	at com.kms.katalon.core.main.WSVerificationExecutor.doExecute(WSVerificationExecutor.java:140)&#xD;
	at com.kms.katalon.core.main.WSVerificationExecutor.processExecutionPhase(WSVerificationExecutor.java:123)&#xD;
	at com.kms.katalon.core.main.WSVerificationExecutor.accessMainPhase(WSVerificationExecutor.java:115)&#xD;
	at com.kms.katalon.core.main.WSVerificationExecutor.execute(WSVerificationExecutor.java:103)&#xD;
	at com.kms.katalon.core.main.TestCaseMain.runWSVerificationScript(TestCaseMain.java:127)&#xD;
	at com.kms.katalon.core.webservice.keyword.builtin.SendRequestAndVerifyKeyword$_sendRequestAndVerify_closure1.doCall(SendRequestAndVerifyKeyword.groovy:55)&#xD;
	at com.kms.katalon.core.webservice.keyword.builtin.SendRequestAndVerifyKeyword$_sendRequestAndVerify_closure1.call(SendRequestAndVerifyKeyword.groovy)&#xD;
	at com.kms.katalon.core.keyword.internal.KeywordMain.runKeyword(KeywordMain.groovy:68)&#xD;
	at com.kms.katalon.core.webservice.keyword.builtin.SendRequestAndVerifyKeyword.sendRequestAndVerify(SendRequestAndVerifyKeyword.groovy:43)&#xD;
	at com.kms.katalon.core.webservice.keyword.builtin.SendRequestAndVerifyKeyword.execute(SendRequestAndVerifyKeyword.groovy:38)&#xD;
	at com.kms.katalon.core.keyword.internal.KeywordExecutor.executeKeywordForPlatform(KeywordExecutor.groovy:56)&#xD;
	at com.kms.katalon.core.webservice.keyword.WSBuiltInKeywords.sendRequestAndVerify(WSBuiltInKeywords.groovy:65)&#xD;
	at com.kms.katalon.core.webservice.keyword.WSBuiltInKeywords$sendRequestAndVerify$0.call(Unknown Source)&#xD;
	at gCropMasterTest.run(gCropMasterTest:16)&#xD;
	at com.kms.katalon.core.main.ScriptEngine.run(ScriptEngine.java:194)&#xD;
	at com.kms.katalon.core.main.ScriptEngine.runScriptAsRawText(ScriptEngine.java:119)&#xD;
	at com.kms.katalon.core.main.TestCaseExecutor.runScript(TestCaseExecutor.java:337)&#xD;
	at com.kms.katalon.core.main.TestCaseExecutor.doExecute(TestCaseExecutor.java:328)&#xD;
	at com.kms.katalon.core.main.TestCaseExecutor.processExecutionPhase(TestCaseExecutor.java:307)&#xD;
	at com.kms.katalon.core.main.TestCaseExecutor.accessMainPhase(TestCaseExecutor.java:299)&#xD;
	at com.kms.katalon.core.main.TestCaseExecutor.execute(TestCaseExecutor.java:233)&#xD;
	at com.kms.katalon.core.main.TestSuiteExecutor.accessTestCaseMainPhase(TestSuiteExecutor.java:169)&#xD;
	at com.kms.katalon.core.main.TestSuiteExecutor.accessTestSuiteMainPhase(TestSuiteExecutor.java:142)&#xD;
	at com.kms.katalon.core.main.TestSuiteExecutor.execute(TestSuiteExecutor.java:91)&#xD;
	at com.kms.katalon.core.main.TestCaseMain.startTestSuite(TestCaseMain.java:157)&#xD;
	at com.kms.katalon.core.main.TestCaseMain$startTestSuite$0.call(Unknown Source)&#xD;
	at TempTestSuite1568908277252.run(TempTestSuite1568908277252.groovy:35)&#xD;
)&#xD;
&#xD;
2019-09-19 21:21:37 - [MESSAGE][FAILED] - Expected status code is '200' but actual status code is '404'&#xD;
&#xD;
2019-09-19 21:21:37 - [MESSAGE][FAILED] - Unable to verify response status code (Root cause: com.kms.katalon.core.exception.StepFailedException: Expected status code is '200' but actual status code is '404'&#xD;
	at com.kms.katalon.core.keyword.internal.KeywordMain.stepFailed(KeywordMain.groovy:50)&#xD;
	at com.kms.katalon.core.webservice.keyword.builtin.VerifyResponseStatusCodeKeyword.verifyStatusCode(VerifyResponseStatusCodeKeyword.groovy:52)&#xD;
	at com.kms.katalon.core.webservice.keyword.builtin.VerifyResponseStatusCodeKeyword$_verifyResponseStatusCode_closure1.doCall(VerifyResponseStatusCodeKeyword.groovy:42)&#xD;
	at com.kms.katalon.core.webservice.keyword.builtin.VerifyResponseStatusCodeKeyword$_verifyResponseStatusCode_closure1.call(VerifyResponseStatusCodeKeyword.groovy)&#xD;
	at com.kms.katalon.core.keyword.internal.KeywordMain.runKeyword(KeywordMain.groovy:68)&#xD;
	at com.kms.katalon.core.webservice.keyword.builtin.VerifyResponseStatusCodeKeyword.verifyResponseStatusCode(VerifyResponseStatusCodeKeyword.groovy:37)&#xD;
	at com.kms.katalon.core.webservice.keyword.builtin.VerifyResponseStatusCodeKeyword.execute(VerifyResponseStatusCodeKeyword.groovy:32)&#xD;
	at com.kms.katalon.core.keyword.internal.KeywordExecutor.executeKeywordForPlatform(KeywordExecutor.groovy:56)&#xD;
	at com.kms.katalon.core.webservice.keyword.WSBuiltInKeywords.verifyResponseStatusCode(WSBuiltInKeywords.groovy:212)&#xD;
	at com.kms.katalon.core.webservice.keyword.WSBuiltInKeywords$verifyResponseStatusCode$1.call(Unknown Source)&#xD;
	at WSVerification1568908296948.run(WSVerification1568908296948:16)&#xD;
	at com.kms.katalon.core.main.ScriptEngine.run(ScriptEngine.java:194)&#xD;
	at com.kms.katalon.core.main.ScriptEngine.runScriptAsRawText(ScriptEngine.java:119)&#xD;
	at com.kms.katalon.core.main.WSVerificationExecutor.runScript(WSVerificationExecutor.java:146)&#xD;
	at com.kms.katalon.core.main.WSVerificationExecutor.doExecute(WSVerificationExecutor.java:140)&#xD;
	at com.kms.katalon.core.main.WSVerificationExecutor.processExecutionPhase(WSVerificationExecutor.java:123)&#xD;
	at com.kms.katalon.core.main.WSVerificationExecutor.accessMainPhase(WSVerificationExecutor.java:115)&#xD;
	at com.kms.katalon.core.main.WSVerificationExecutor.execute(WSVerificationExecutor.java:103)&#xD;
	at com.kms.katalon.core.main.TestCaseMain.runWSVerificationScript(TestCaseMain.java:127)&#xD;
	at com.kms.katalon.core.webservice.keyword.builtin.SendRequestAndVerifyKeyword$_sendRequestAndVerify_closure1.doCall(SendRequestAndVerifyKeyword.groovy:55)&#xD;
	at com.kms.katalon.core.webservice.keyword.builtin.SendRequestAndVerifyKeyword$_sendRequestAndVerify_closure1.call(SendRequestAndVerifyKeyword.groovy)&#xD;
	at com.kms.katalon.core.keyword.internal.KeywordMain.runKeyword(KeywordMain.groovy:68)&#xD;
	at com.kms.katalon.core.webservice.keyword.builtin.SendRequestAndVerifyKeyword.sendRequestAndVerify(SendRequestAndVerifyKeyword.groovy:43)&#xD;
	at com.kms.katalon.core.webservice.keyword.builtin.SendRequestAndVerifyKeyword.execute(SendRequestAndVerifyKeyword.groovy:38)&#xD;
	at com.kms.katalon.core.keyword.internal.KeywordExecutor.executeKeywordForPlatform(KeywordExecutor.groovy:56)&#xD;
	at com.kms.katalon.core.webservice.keyword.WSBuiltInKeywords.sendRequestAndVerify(WSBuiltInKeywords.groovy:65)&#xD;
	at com.kms.katalon.core.webservice.keyword.WSBuiltInKeywords$sendRequestAndVerify$0.call(Unknown Source)&#xD;
	at gCropMasterTest.run(gCropMasterTest:16)&#xD;
	at com.kms.katalon.core.main.ScriptEngine.run(ScriptEngine.java:194)&#xD;
	at com.kms.katalon.core.main.ScriptEngine.runScriptAsRawText(ScriptEngine.java:119)&#xD;
	at com.kms.katalon.core.main.TestCaseExecutor.runScript(TestCaseExecutor.java:337)&#xD;
	at com.kms.katalon.core.main.TestCaseExecutor.doExecute(TestCaseExecutor.java:328)&#xD;
	at com.kms.katalon.core.main.TestCaseExecutor.processExecutionPhase(TestCaseExecutor.java:307)&#xD;
	at com.kms.katalon.core.main.TestCaseExecutor.accessMainPhase(TestCaseExecutor.java:299)&#xD;
	at com.kms.katalon.core.main.TestCaseExecutor.execute(TestCaseExecutor.java:233)&#xD;
	at com.kms.katalon.core.main.TestSuiteExecutor.accessTestCaseMainPhase(TestSuiteExecutor.java:169)&#xD;
	at com.kms.katalon.core.main.TestSuiteExecutor.accessTestSuiteMainPhase(TestSuiteExecutor.java:142)&#xD;
	at com.kms.katalon.core.main.TestSuiteExecutor.execute(TestSuiteExecutor.java:91)&#xD;
	at com.kms.katalon.core.main.TestCaseMain.startTestSuite(TestCaseMain.java:157)&#xD;
	at com.kms.katalon.core.main.TestCaseMain$startTestSuite$0.call(Unknown Source)&#xD;
	at TempTestSuite1568908277252.run(TempTestSuite1568908277252.groovy:35)&#xD;
)&#xD;
&#xD;
2019-09-19 21:21:37 - [MESSAGE][FAILED] - Unable to send request and verify the response (Root cause: com.kms.katalon.core.exception.StepFailedException: Verification failed&#xD;
	at com.kms.katalon.core.webservice.keyword.builtin.SendRequestAndVerifyKeyword$_sendRequestAndVerify_closure1.doCall(SendRequestAndVerifyKeyword.groovy:59)&#xD;
	at com.kms.katalon.core.webservice.keyword.builtin.SendRequestAndVerifyKeyword$_sendRequestAndVerify_closure1.call(SendRequestAndVerifyKeyword.groovy)&#xD;
	at com.kms.katalon.core.keyword.internal.KeywordMain.runKeyword(KeywordMain.groovy:68)&#xD;
	at com.kms.katalon.core.webservice.keyword.builtin.SendRequestAndVerifyKeyword.sendRequestAndVerify(SendRequestAndVerifyKeyword.groovy:43)&#xD;
	at com.kms.katalon.core.webservice.keyword.builtin.SendRequestAndVerifyKeyword.execute(SendRequestAndVerifyKeyword.groovy:38)&#xD;
	at com.kms.katalon.core.keyword.internal.KeywordExecutor.executeKeywordForPlatform(KeywordExecutor.groovy:56)&#xD;
	at com.kms.katalon.core.webservice.keyword.WSBuiltInKeywords.sendRequestAndVerify(WSBuiltInKeywords.groovy:65)&#xD;
	at com.kms.katalon.core.webservice.keyword.WSBuiltInKeywords$sendRequestAndVerify$0.call(Unknown Source)&#xD;
	at gCropMasterTest.run(gCropMasterTest:16)&#xD;
	at com.kms.katalon.core.main.ScriptEngine.run(ScriptEngine.java:194)&#xD;
	at com.kms.katalon.core.main.ScriptEngine.runScriptAsRawText(ScriptEngine.java:119)&#xD;
	at com.kms.katalon.core.main.TestCaseExecutor.runScript(TestCaseExecutor.java:337)&#xD;
	at com.kms.katalon.core.main.TestCaseExecutor.doExecute(TestCaseExecutor.java:328)&#xD;
	at com.kms.katalon.core.main.TestCaseExecutor.processExecutionPhase(TestCaseExecutor.java:307)&#xD;
	at com.kms.katalon.core.main.TestCaseExecutor.accessMainPhase(TestCaseExecutor.java:299)&#xD;
	at com.kms.katalon.core.main.TestCaseExecutor.execute(TestCaseExecutor.java:233)&#xD;
	at com.kms.katalon.core.main.TestSuiteExecutor.accessTestCaseMainPhase(TestSuiteExecutor.java:169)&#xD;
	at com.kms.katalon.core.main.TestSuiteExecutor.accessTestSuiteMainPhase(TestSuiteExecutor.java:142)&#xD;
	at com.kms.katalon.core.main.TestSuiteExecutor.execute(TestSuiteExecutor.java:91)&#xD;
	at com.kms.katalon.core.main.TestCaseMain.startTestSuite(TestCaseMain.java:157)&#xD;
	at com.kms.katalon.core.main.TestCaseMain$startTestSuite$0.call(Unknown Source)&#xD;
	at TempTestSuite1568908277252.run(TempTestSuite1568908277252.groovy:35)&#xD;
)</system-out>
            <system-err>2019-09-19 21:21:36 - [TEST_CASE][FAILED] - Test Cases/gCropMasterTest: Test Cases/gCropMasterTest FAILED.
Reason:
com.kms.katalon.core.exception.StepFailedException: Expected status code is '200' but actual status code is '404'&#xD;
	at com.kms.katalon.core.keyword.internal.KeywordMain.stepFailed(KeywordMain.groovy:50)&#xD;
	at com.kms.katalon.core.webservice.keyword.builtin.VerifyResponseStatusCodeKeyword.verifyStatusCode(VerifyResponseStatusCodeKeyword.groovy:52)&#xD;
	at com.kms.katalon.core.webservice.keyword.builtin.VerifyResponseStatusCodeKeyword$_verifyResponseStatusCode_closure1.doCall(VerifyResponseStatusCodeKeyword.groovy:42)&#xD;
	at com.kms.katalon.core.webservice.keyword.builtin.VerifyResponseStatusCodeKeyword$_verifyResponseStatusCode_closure1.call(VerifyResponseStatusCodeKeyword.groovy)&#xD;
	at com.kms.katalon.core.keyword.internal.KeywordMain.runKeyword(KeywordMain.groovy:68)&#xD;
	at com.kms.katalon.core.webservice.keyword.builtin.VerifyResponseStatusCodeKeyword.verifyResponseStatusCode(VerifyResponseStatusCodeKeyword.groovy:37)&#xD;
	at com.kms.katalon.core.webservice.keyword.builtin.VerifyResponseStatusCodeKeyword.execute(VerifyResponseStatusCodeKeyword.groovy:32)&#xD;
	at com.kms.katalon.core.keyword.internal.KeywordExecutor.executeKeywordForPlatform(KeywordExecutor.groovy:56)&#xD;
	at com.kms.katalon.core.webservice.keyword.WSBuiltInKeywords.verifyResponseStatusCode(WSBuiltInKeywords.groovy:212)&#xD;
	at com.kms.katalon.core.webservice.keyword.WSBuiltInKeywords$verifyResponseStatusCode$1.call(Unknown Source)&#xD;
	at WSVerification1568908296948.run(WSVerification1568908296948:16)&#xD;
	at com.kms.katalon.core.main.ScriptEngine.run(ScriptEngine.java:194)&#xD;
	at com.kms.katalon.core.main.ScriptEngine.runScriptAsRawText(ScriptEngine.java:119)&#xD;
	at com.kms.katalon.core.main.WSVerificationExecutor.runScript(WSVerificationExecutor.java:146)&#xD;
	at com.kms.katalon.core.main.WSVerificationExecutor.doExecute(WSVerificationExecutor.java:140)&#xD;
	at com.kms.katalon.core.main.WSVerificationExecutor.processExecutionPhase(WSVerificationExecutor.java:123)&#xD;
	at com.kms.katalon.core.main.WSVerificationExecutor.accessMainPhase(WSVerificationExecutor.java:115)&#xD;
	at com.kms.katalon.core.main.WSVerificationExecutor.execute(WSVerificationExecutor.java:103)&#xD;
	at com.kms.katalon.core.main.TestCaseMain.runWSVerificationScript(TestCaseMain.java:127)&#xD;
	at com.kms.katalon.core.webservice.keyword.builtin.SendRequestAndVerifyKeyword$_sendRequestAndVerify_closure1.doCall(SendRequestAndVerifyKeyword.groovy:55)&#xD;
	at com.kms.katalon.core.webservice.keyword.builtin.SendRequestAndVerifyKeyword$_sendRequestAndVerify_closure1.call(SendRequestAndVerifyKeyword.groovy)&#xD;
	at com.kms.katalon.core.keyword.internal.KeywordMain.runKeyword(KeywordMain.groovy:68)&#xD;
	at com.kms.katalon.core.webservice.keyword.builtin.SendRequestAndVerifyKeyword.sendRequestAndVerify(SendRequestAndVerifyKeyword.groovy:43)&#xD;
	at com.kms.katalon.core.webservice.keyword.builtin.SendRequestAndVerifyKeyword.execute(SendRequestAndVerifyKeyword.groovy:38)&#xD;
	at com.kms.katalon.core.keyword.internal.KeywordExecutor.executeKeywordForPlatform(KeywordExecutor.groovy:56)&#xD;
	at com.kms.katalon.core.webservice.keyword.WSBuiltInKeywords.sendRequestAndVerify(WSBuiltInKeywords.groovy:65)&#xD;
	at com.kms.katalon.core.webservice.keyword.WSBuiltInKeywords$sendRequestAndVerify$0.call(Unknown Source)&#xD;
	at gCropMasterTest.run(gCropMasterTest:16)&#xD;
	at com.kms.katalon.core.main.ScriptEngine.run(ScriptEngine.java:194)&#xD;
	at com.kms.katalon.core.main.ScriptEngine.runScriptAsRawText(ScriptEngine.java:119)&#xD;
	at com.kms.katalon.core.main.TestCaseExecutor.runScript(TestCaseExecutor.java:337)&#xD;
	at com.kms.katalon.core.main.TestCaseExecutor.doExecute(TestCaseExecutor.java:328)&#xD;
	at com.kms.katalon.core.main.TestCaseExecutor.processExecutionPhase(TestCaseExecutor.java:307)&#xD;
	at com.kms.katalon.core.main.TestCaseExecutor.accessMainPhase(TestCaseExecutor.java:299)&#xD;
	at com.kms.katalon.core.main.TestCaseExecutor.execute(TestCaseExecutor.java:233)&#xD;
	at com.kms.katalon.core.main.TestSuiteExecutor.accessTestCaseMainPhase(TestSuiteExecutor.java:169)&#xD;
	at com.kms.katalon.core.main.TestSuiteExecutor.accessTestSuiteMainPhase(TestSuiteExecutor.java:142)&#xD;
	at com.kms.katalon.core.main.TestSuiteExecutor.execute(TestSuiteExecutor.java:91)&#xD;
	at com.kms.katalon.core.main.TestCaseMain.startTestSuite(TestCaseMain.java:157)&#xD;
	at com.kms.katalon.core.main.TestCaseMain$startTestSuite$0.call(Unknown Source)&#xD;
	at TempTestSuite1568908277252.run(TempTestSuite1568908277252.groovy:35)</system-err>
        </testcase>
        <testcase name="Test Cases/hProductMaster_Test" classname="Test Cases/hProductMaster_Test" status="FAILED">
            <failure type="FAILED" message="Test Cases/hProductMaster_Test FAILED.&#xA;Reason:&#xA;com.kms.katalon.core.exception.StepFailedException: Unable to verify element property value (Root cause: groovy.json.JsonException: Unable to determine the current character, it is not a string, number, array, or object&#xA;&#xA;The current character read is 'H' with an int value of 72&#xA;Unable to determine the current character, it is not a string, number, array, or object&#xA;line number 1&#xA;index number 0&#xA;Header Params are missing.&#xA;^&#xD;&#xA;&#x9;at Script1.run(Script1.groovy:1)&#xD;&#xA;&#x9;at com.kms.katalon.core.webservice.helper.WebServiceCommonHelper.parseAndGetPropertyValueForJson(WebServiceCommonHelper.java:159)&#xD;&#xA;&#x9;at com.kms.katalon.core.webservice.keyword.builtin.VerifyElementPropertyValueKeyword$_verifyElementPropertyValue_closure1.doCall(VerifyElementPropertyValueKeyword.groovy:52)&#xD;&#xA;&#x9;at com.kms.katalon.core.webservice.keyword.builtin.VerifyElementPropertyValueKeyword$_verifyElementPropertyValue_closure1.call(VerifyElementPropertyValueKeyword.groovy)&#xD;&#xA;&#x9;at com.kms.katalon.core.keyword.internal.KeywordMain.runKeyword(KeywordMain.groovy:68)&#xD;&#xA;&#x9;at com.kms.katalon.core.webservice.keyword.builtin.VerifyElementPropertyValueKeyword.verifyElementPropertyValue(VerifyElementPropertyValueKeyword.groovy:48)&#xD;&#xA;&#x9;at com.kms.katalon.core.webservice.keyword.builtin.VerifyElementPropertyValueKeyword.execute(VerifyElementPropertyValueKeyword.groovy:43)&#xD;&#xA;&#x9;at com.kms.katalon.core.keyword.internal.KeywordExecutor.executeKeywordForPlatform(KeywordExecutor.groovy:56)&#xD;&#xA;&#x9;at com.kms.katalon.core.webservice.keyword.WSBuiltInKeywords.verifyElementPropertyValue(WSBuiltInKeywords.groovy:123)&#xD;&#xA;&#x9;at com.kms.katalon.core.webservice.keyword.WSBuiltInKeywords$verifyElementPropertyValue$2.call(Unknown Source)&#xD;&#xA;&#x9;at WSVerification1568908298282.run(WSVerification1568908298282:15)&#xD;&#xA;&#x9;at com.kms.katalon.core.main.ScriptEngine.run(ScriptEngine.java:194)&#xD;&#xA;&#x9;at com.kms.katalon.core.main.ScriptEngine.runScriptAsRawText(ScriptEngine.java:119)&#xD;&#xA;&#x9;at com.kms.katalon.core.main.WSVerificationExecutor.runScript(WSVerificationExecutor.java:146)&#xD;&#xA;&#x9;at com.kms.katalon.core.main.WSVerificationExecutor.doExecute(WSVerificationExecutor.java:140)&#xD;&#xA;&#x9;at com.kms.katalon.core.main.WSVerificationExecutor.processExecutionPhase(WSVerificationExecutor.java:123)&#xD;&#xA;&#x9;at com.kms.katalon.core.main.WSVerificationExecutor.accessMainPhase(WSVerificationExecutor.java:115)&#xD;&#xA;&#x9;at com.kms.katalon.core.main.WSVerificationExecutor.execute(WSVerificationExecutor.java:103)&#xD;&#xA;&#x9;at com.kms.katalon.core.main.TestCaseMain.runWSVerificationScript(TestCaseMain.java:127)&#xD;&#xA;&#x9;at com.kms.katalon.core.webservice.keyword.builtin.SendRequestAndVerifyKeyword$_sendRequestAndVerify_closure1.doCall(SendRequestAndVerifyKeyword.groovy:55)&#xD;&#xA;&#x9;at com.kms.katalon.core.webservice.keyword.builtin.SendRequestAndVerifyKeyword$_sendRequestAndVerify_closure1.call(SendRequestAndVerifyKeyword.groovy)&#xD;&#xA;&#x9;at com.kms.katalon.core.keyword.internal.KeywordMain.runKeyword(KeywordMain.groovy:68)&#xD;&#xA;&#x9;at com.kms.katalon.core.webservice.keyword.builtin.SendRequestAndVerifyKeyword.sendRequestAndVerify(SendRequestAndVerifyKeyword.groovy:43)&#xD;&#xA;&#x9;at com.kms.katalon.core.webservice.keyword.builtin.SendRequestAndVerifyKeyword.execute(SendRequestAndVerifyKeyword.groovy:38)&#xD;&#xA;&#x9;at com.kms.katalon.core.keyword.internal.KeywordExecutor.executeKeywordForPlatform(KeywordExecutor.groovy:56)&#xD;&#xA;&#x9;at com.kms.katalon.core.webservice.keyword.WSBuiltInKeywords.sendRequestAndVerify(WSBuiltInKeywords.groovy:65)&#xD;&#xA;&#x9;at com.kms.katalon.core.webservice.keyword.WSBuiltInKeywords$sendRequestAndVerify$0.call(Unknown Source)&#xD;&#xA;&#x9;at hProductMaster_Test.run(hProductMaster_Test:16)&#xD;&#xA;&#x9;at com.kms.katalon.core.main.ScriptEngine.run(ScriptEngine.java:194)&#xD;&#xA;&#x9;at com.kms.katalon.core.main.ScriptEngine.runScriptAsRawText(ScriptEngine.java:119)&#xD;&#xA;&#x9;at com.kms.katalon.core.main.TestCaseExecutor.runScript(TestCaseExecutor.java:337)&#xD;&#xA;&#x9;at com.kms.katalon.core.main.TestCaseExecutor.doExecute(TestCaseExecutor.java:328)&#xD;&#xA;&#x9;at com.kms.katalon.core.main.TestCaseExecutor.processExecutionPhase(TestCaseExecutor.java:307)&#xD;&#xA;&#x9;at com.kms.katalon.core.main.TestCaseExecutor.accessMainPhase(TestCaseExecutor.java:299)&#xD;&#xA;&#x9;at com.kms.katalon.core.main.TestCaseExecutor.execute(TestCaseExecutor.java:233)&#xD;&#xA;&#x9;at com.kms.katalon.core.main.TestSuiteExecutor.accessTestCaseMainPhase(TestSuiteExecutor.java:169)&#xD;&#xA;&#x9;at com.kms.katalon.core.main.TestSuiteExecutor.accessTestSuiteMainPhase(TestSuiteExecutor.java:142)&#xD;&#xA;&#x9;at com.kms.katalon.core.main.TestSuiteExecutor.execute(TestSuiteExecutor.java:91)&#xD;&#xA;&#x9;at com.kms.katalon.core.main.TestCaseMain.startTestSuite(TestCaseMain.java:157)&#xD;&#xA;&#x9;at com.kms.katalon.core.main.TestCaseMain$startTestSuite$0.call(Unknown Source)&#xD;&#xA;&#x9;at TempTestSuite1568908277252.run(TempTestSuite1568908277252.groovy:35)&#xD;&#xA;)&#xD;&#xA;&#x9;at com.kms.katalon.core.keyword.internal.KeywordMain.stepFailed(KeywordMain.groovy:50)&#xD;&#xA;&#x9;at com.kms.katalon.core.keyword.internal.KeywordMain.stepFailed(KeywordMain.groovy)&#xD;&#xA;&#x9;at com.kms.katalon.core.keyword.internal.KeywordMain.runKeyword(KeywordMain.groovy:70)&#xD;&#xA;&#x9;at com.kms.katalon.core.webservice.keyword.builtin.VerifyElementPropertyValueKeyword.verifyElementPropertyValue(VerifyElementPropertyValueKeyword.groovy:48)&#xD;&#xA;&#x9;at com.kms.katalon.core.webservice.keyword.builtin.VerifyElementPropertyValueKeyword.execute(VerifyElementPropertyValueKeyword.groovy:43)&#xD;&#xA;&#x9;at com.kms.katalon.core.keyword.internal.KeywordExecutor.executeKeywordForPlatform(KeywordExecutor.groovy:56)&#xD;&#xA;&#x9;at com.kms.katalon.core.webservice.keyword.WSBuiltInKeywords.verifyElementPropertyValue(WSBuiltInKeywords.groovy:123)&#xD;&#xA;&#x9;at com.kms.katalon.core.webservice.keyword.WSBuiltInKeywords$verifyElementPropertyValue$2.call(Unknown Source)&#xD;&#xA;&#x9;at WSVerification1568908298282.run(WSVerification1568908298282:15)&#xD;&#xA;&#x9;at com.kms.katalon.core.main.ScriptEngine.run(ScriptEngine.java:194)&#xD;&#xA;&#x9;at com.kms.katalon.core.main.ScriptEngine.runScriptAsRawText(ScriptEngine.java:119)&#xD;&#xA;&#x9;at com.kms.katalon.core.main.WSVerificationExecutor.runScript(WSVerificationExecutor.java:146)&#xD;&#xA;&#x9;at com.kms.katalon.core.main.WSVerificationExecutor.doExecute(WSVerificationExecutor.java:140)&#xD;&#xA;&#x9;at com.kms.katalon.core.main.WSVerificationExecutor.processExecutionPhase(WSVerificationExecutor.java:123)&#xD;&#xA;&#x9;at com.kms.katalon.core.main.WSVerificationExecutor.accessMainPhase(WSVerificationExecutor.java:115)&#xD;&#xA;&#x9;at com.kms.katalon.core.main.WSVerificationExecutor.execute(WSVerificationExecutor.java:103)&#xD;&#xA;&#x9;at com.kms.katalon.core.main.TestCaseMain.runWSVerificationScript(TestCaseMain.java:127)&#xD;&#xA;&#x9;at com.kms.katalon.core.webservice.keyword.builtin.SendRequestAndVerifyKeyword$_sendRequestAndVerify_closure1.doCall(SendRequestAndVerifyKeyword.groovy:55)&#xD;&#xA;&#x9;at com.kms.katalon.core.webservice.keyword.builtin.SendRequestAndVerifyKeyword$_sendRequestAndVerify_closure1.call(SendRequestAndVerifyKeyword.groovy)&#xD;&#xA;&#x9;at com.kms.katalon.core.keyword.internal.KeywordMain.runKeyword(KeywordMain.groovy:68)&#xD;&#xA;&#x9;at com.kms.katalon.core.webservice.keyword.builtin.SendRequestAndVerifyKeyword.sendRequestAndVerify(SendRequestAndVerifyKeyword.groovy:43)&#xD;&#xA;&#x9;at com.kms.katalon.core.webservice.keyword.builtin.SendRequestAndVerifyKeyword.execute(SendRequestAndVerifyKeyword.groovy:38)&#xD;&#xA;&#x9;at com.kms.katalon.core.keyword.internal.KeywordExecutor.executeKeywordForPlatform(KeywordExecutor.groovy:56)&#xD;&#xA;&#x9;at com.kms.katalon.core.webservice.keyword.WSBuiltInKeywords.sendRequestAndVerify(WSBuiltInKeywords.groovy:65)&#xD;&#xA;&#x9;at com.kms.katalon.core.webservice.keyword.WSBuiltInKeywords$sendRequestAndVerify$0.call(Unknown Source)&#xD;&#xA;&#x9;at hProductMaster_Test.run(hProductMaster_Test:16)&#xD;&#xA;&#x9;at com.kms.katalon.core.main.ScriptEngine.run(ScriptEngine.java:194)&#xD;&#xA;&#x9;at com.kms.katalon.core.main.ScriptEngine.runScriptAsRawText(ScriptEngine.java:119)&#xD;&#xA;&#x9;at com.kms.katalon.core.main.TestCaseExecutor.runScript(TestCaseExecutor.java:337)&#xD;&#xA;&#x9;at com.kms.katalon.core.main.TestCaseExecutor.doExecute(TestCaseExecutor.java:328)&#xD;&#xA;&#x9;at com.kms.katalon.core.main.TestCaseExecutor.processExecutionPhase(TestCaseExecutor.java:307)&#xD;&#xA;&#x9;at com.kms.katalon.core.main.TestCaseExecutor.accessMainPhase(TestCaseExecutor.java:299)&#xD;&#xA;&#x9;at com.kms.katalon.core.main.TestCaseExecutor.execute(TestCaseExecutor.java:233)&#xD;&#xA;&#x9;at com.kms.katalon.core.main.TestSuiteExecutor.accessTestCaseMainPhase(TestSuiteExecutor.java:169)&#xD;&#xA;&#x9;at com.kms.katalon.core.main.TestSuiteExecutor.accessTestSuiteMainPhase(TestSuiteExecutor.java:142)&#xD;&#xA;&#x9;at com.kms.katalon.core.main.TestSuiteExecutor.execute(TestSuiteExecutor.java:91)&#xD;&#xA;&#x9;at com.kms.katalon.core.main.TestCaseMain.startTestSuite(TestCaseMain.java:157)&#xD;&#xA;&#x9;at com.kms.katalon.core.main.TestCaseMain$startTestSuite$0.call(Unknown Source)&#xD;&#xA;&#x9;at TempTestSuite1568908277252.run(TempTestSuite1568908277252.groovy:35)&#xD;&#xA;Caused by: groovy.json.JsonException: Unable to determine the current character, it is not a string, number, array, or object&#xA;&#xA;The current character read is 'H' with an int value of 72&#xA;Unable to determine the current character, it is not a string, number, array, or object&#xA;line number 1&#xA;index number 0&#xA;Header Params are missing.&#xA;^&#xD;&#xA;&#x9;at Script1.run(Script1.groovy:1)&#xD;&#xA;&#x9;at com.kms.katalon.core.webservice.helper.WebServiceCommonHelper.parseAndGetPropertyValueForJson(WebServiceCommonHelper.java:159)&#xD;&#xA;&#x9;at com.kms.katalon.core.webservice.keyword.builtin.VerifyElementPropertyValueKeyword$_verifyElementPropertyValue_closure1.doCall(VerifyElementPropertyValueKeyword.groovy:52)&#xD;&#xA;&#x9;at com.kms.katalon.core.webservice.keyword.builtin.VerifyElementPropertyValueKeyword$_verifyElementPropertyValue_closure1.call(VerifyElementPropertyValueKeyword.groovy)&#xD;&#xA;&#x9;at com.kms.katalon.core.keyword.internal.KeywordMain.runKeyword(KeywordMain.groovy:68)&#xD;&#xA;&#x9;... 36 more&#xD;&#xA;"/>
            <system-out>2019-09-19 21:21:37 - [TEST_CASE][FAILED] - Test Cases/hProductMaster_Test: Test Cases/hProductMaster_Test FAILED.
Reason:
com.kms.katalon.core.exception.StepFailedException: Unable to verify element property value (Root cause: groovy.json.JsonException: Unable to determine the current character, it is not a string, number, array, or object

The current character read is 'H' with an int value of 72
Unable to determine the current character, it is not a string, number, array, or object
line number 1
index number 0
Header Params are missing.
^&#xD;
	at Script1.run(Script1.groovy:1)&#xD;
	at com.kms.katalon.core.webservice.helper.WebServiceCommonHelper.parseAndGetPropertyValueForJson(WebServiceCommonHelper.java:159)&#xD;
	at com.kms.katalon.core.webservice.keyword.builtin.VerifyElementPropertyValueKeyword$_verifyElementPropertyValue_closure1.doCall(VerifyElementPropertyValueKeyword.groovy:52)&#xD;
	at com.kms.katalon.core.webservice.keyword.builtin.VerifyElementPropertyValueKeyword$_verifyElementPropertyValue_closure1.call(VerifyElementPropertyValueKeyword.groovy)&#xD;
	at com.kms.katalon.core.keyword.internal.KeywordMain.runKeyword(KeywordMain.groovy:68)&#xD;
	at com.kms.katalon.core.webservice.keyword.builtin.VerifyElementPropertyValueKeyword.verifyElementPropertyValue(VerifyElementPropertyValueKeyword.groovy:48)&#xD;
	at com.kms.katalon.core.webservice.keyword.builtin.VerifyElementPropertyValueKeyword.execute(VerifyElementPropertyValueKeyword.groovy:43)&#xD;
	at com.kms.katalon.core.keyword.internal.KeywordExecutor.executeKeywordForPlatform(KeywordExecutor.groovy:56)&#xD;
	at com.kms.katalon.core.webservice.keyword.WSBuiltInKeywords.verifyElementPropertyValue(WSBuiltInKeywords.groovy:123)&#xD;
	at com.kms.katalon.core.webservice.keyword.WSBuiltInKeywords$verifyElementPropertyValue$2.call(Unknown Source)&#xD;
	at WSVerification1568908298282.run(WSVerification1568908298282:15)&#xD;
	at com.kms.katalon.core.main.ScriptEngine.run(ScriptEngine.java:194)&#xD;
	at com.kms.katalon.core.main.ScriptEngine.runScriptAsRawText(ScriptEngine.java:119)&#xD;
	at com.kms.katalon.core.main.WSVerificationExecutor.runScript(WSVerificationExecutor.java:146)&#xD;
	at com.kms.katalon.core.main.WSVerificationExecutor.doExecute(WSVerificationExecutor.java:140)&#xD;
	at com.kms.katalon.core.main.WSVerificationExecutor.processExecutionPhase(WSVerificationExecutor.java:123)&#xD;
	at com.kms.katalon.core.main.WSVerificationExecutor.accessMainPhase(WSVerificationExecutor.java:115)&#xD;
	at com.kms.katalon.core.main.WSVerificationExecutor.execute(WSVerificationExecutor.java:103)&#xD;
	at com.kms.katalon.core.main.TestCaseMain.runWSVerificationScript(TestCaseMain.java:127)&#xD;
	at com.kms.katalon.core.webservice.keyword.builtin.SendRequestAndVerifyKeyword$_sendRequestAndVerify_closure1.doCall(SendRequestAndVerifyKeyword.groovy:55)&#xD;
	at com.kms.katalon.core.webservice.keyword.builtin.SendRequestAndVerifyKeyword$_sendRequestAndVerify_closure1.call(SendRequestAndVerifyKeyword.groovy)&#xD;
	at com.kms.katalon.core.keyword.internal.KeywordMain.runKeyword(KeywordMain.groovy:68)&#xD;
	at com.kms.katalon.core.webservice.keyword.builtin.SendRequestAndVerifyKeyword.sendRequestAndVerify(SendRequestAndVerifyKeyword.groovy:43)&#xD;
	at com.kms.katalon.core.webservice.keyword.builtin.SendRequestAndVerifyKeyword.execute(SendRequestAndVerifyKeyword.groovy:38)&#xD;
	at com.kms.katalon.core.keyword.internal.KeywordExecutor.executeKeywordForPlatform(KeywordExecutor.groovy:56)&#xD;
	at com.kms.katalon.core.webservice.keyword.WSBuiltInKeywords.sendRequestAndVerify(WSBuiltInKeywords.groovy:65)&#xD;
	at com.kms.katalon.core.webservice.keyword.WSBuiltInKeywords$sendRequestAndVerify$0.call(Unknown Source)&#xD;
	at hProductMaster_Test.run(hProductMaster_Test:16)&#xD;
	at com.kms.katalon.core.main.ScriptEngine.run(ScriptEngine.java:194)&#xD;
	at com.kms.katalon.core.main.ScriptEngine.runScriptAsRawText(ScriptEngine.java:119)&#xD;
	at com.kms.katalon.core.main.TestCaseExecutor.runScript(TestCaseExecutor.java:337)&#xD;
	at com.kms.katalon.core.main.TestCaseExecutor.doExecute(TestCaseExecutor.java:328)&#xD;
	at com.kms.katalon.core.main.TestCaseExecutor.processExecutionPhase(TestCaseExecutor.java:307)&#xD;
	at com.kms.katalon.core.main.TestCaseExecutor.accessMainPhase(TestCaseExecutor.java:299)&#xD;
	at com.kms.katalon.core.main.TestCaseExecutor.execute(TestCaseExecutor.java:233)&#xD;
	at com.kms.katalon.core.main.TestSuiteExecutor.accessTestCaseMainPhase(TestSuiteExecutor.java:169)&#xD;
	at com.kms.katalon.core.main.TestSuiteExecutor.accessTestSuiteMainPhase(TestSuiteExecutor.java:142)&#xD;
	at com.kms.katalon.core.main.TestSuiteExecutor.execute(TestSuiteExecutor.java:91)&#xD;
	at com.kms.katalon.core.main.TestCaseMain.startTestSuite(TestCaseMain.java:157)&#xD;
	at com.kms.katalon.core.main.TestCaseMain$startTestSuite$0.call(Unknown Source)&#xD;
	at TempTestSuite1568908277252.run(TempTestSuite1568908277252.groovy:35)&#xD;
)&#xD;
	at com.kms.katalon.core.keyword.internal.KeywordMain.stepFailed(KeywordMain.groovy:50)&#xD;
	at com.kms.katalon.core.keyword.internal.KeywordMain.stepFailed(KeywordMain.groovy)&#xD;
	at com.kms.katalon.core.keyword.internal.KeywordMain.runKeyword(KeywordMain.groovy:70)&#xD;
	at com.kms.katalon.core.webservice.keyword.builtin.VerifyElementPropertyValueKeyword.verifyElementPropertyValue(VerifyElementPropertyValueKeyword.groovy:48)&#xD;
	at com.kms.katalon.core.webservice.keyword.builtin.VerifyElementPropertyValueKeyword.execute(VerifyElementPropertyValueKeyword.groovy:43)&#xD;
	at com.kms.katalon.core.keyword.internal.KeywordExecutor.executeKeywordForPlatform(KeywordExecutor.groovy:56)&#xD;
	at com.kms.katalon.core.webservice.keyword.WSBuiltInKeywords.verifyElementPropertyValue(WSBuiltInKeywords.groovy:123)&#xD;
	at com.kms.katalon.core.webservice.keyword.WSBuiltInKeywords$verifyElementPropertyValue$2.call(Unknown Source)&#xD;
	at WSVerification1568908298282.run(WSVerification1568908298282:15)&#xD;
	at com.kms.katalon.core.main.ScriptEngine.run(ScriptEngine.java:194)&#xD;
	at com.kms.katalon.core.main.ScriptEngine.runScriptAsRawText(ScriptEngine.java:119)&#xD;
	at com.kms.katalon.core.main.WSVerificationExecutor.runScript(WSVerificationExecutor.java:146)&#xD;
	at com.kms.katalon.core.main.WSVerificationExecutor.doExecute(WSVerificationExecutor.java:140)&#xD;
	at com.kms.katalon.core.main.WSVerificationExecutor.processExecutionPhase(WSVerificationExecutor.java:123)&#xD;
	at com.kms.katalon.core.main.WSVerificationExecutor.accessMainPhase(WSVerificationExecutor.java:115)&#xD;
	at com.kms.katalon.core.main.WSVerificationExecutor.execute(WSVerificationExecutor.java:103)&#xD;
	at com.kms.katalon.core.main.TestCaseMain.runWSVerificationScript(TestCaseMain.java:127)&#xD;
	at com.kms.katalon.core.webservice.keyword.builtin.SendRequestAndVerifyKeyword$_sendRequestAndVerify_closure1.doCall(SendRequestAndVerifyKeyword.groovy:55)&#xD;
	at com.kms.katalon.core.webservice.keyword.builtin.SendRequestAndVerifyKeyword$_sendRequestAndVerify_closure1.call(SendRequestAndVerifyKeyword.groovy)&#xD;
	at com.kms.katalon.core.keyword.internal.KeywordMain.runKeyword(KeywordMain.groovy:68)&#xD;
	at com.kms.katalon.core.webservice.keyword.builtin.SendRequestAndVerifyKeyword.sendRequestAndVerify(SendRequestAndVerifyKeyword.groovy:43)&#xD;
	at com.kms.katalon.core.webservice.keyword.builtin.SendRequestAndVerifyKeyword.execute(SendRequestAndVerifyKeyword.groovy:38)&#xD;
	at com.kms.katalon.core.keyword.internal.KeywordExecutor.executeKeywordForPlatform(KeywordExecutor.groovy:56)&#xD;
	at com.kms.katalon.core.webservice.keyword.WSBuiltInKeywords.sendRequestAndVerify(WSBuiltInKeywords.groovy:65)&#xD;
	at com.kms.katalon.core.webservice.keyword.WSBuiltInKeywords$sendRequestAndVerify$0.call(Unknown Source)&#xD;
	at hProductMaster_Test.run(hProductMaster_Test:16)&#xD;
	at com.kms.katalon.core.main.ScriptEngine.run(ScriptEngine.java:194)&#xD;
	at com.kms.katalon.core.main.ScriptEngine.runScriptAsRawText(ScriptEngine.java:119)&#xD;
	at com.kms.katalon.core.main.TestCaseExecutor.runScript(TestCaseExecutor.java:337)&#xD;
	at com.kms.katalon.core.main.TestCaseExecutor.doExecute(TestCaseExecutor.java:328)&#xD;
	at com.kms.katalon.core.main.TestCaseExecutor.processExecutionPhase(TestCaseExecutor.java:307)&#xD;
	at com.kms.katalon.core.main.TestCaseExecutor.accessMainPhase(TestCaseExecutor.java:299)&#xD;
	at com.kms.katalon.core.main.TestCaseExecutor.execute(TestCaseExecutor.java:233)&#xD;
	at com.kms.katalon.core.main.TestSuiteExecutor.accessTestCaseMainPhase(TestSuiteExecutor.java:169)&#xD;
	at com.kms.katalon.core.main.TestSuiteExecutor.accessTestSuiteMainPhase(TestSuiteExecutor.java:142)&#xD;
	at com.kms.katalon.core.main.TestSuiteExecutor.execute(TestSuiteExecutor.java:91)&#xD;
	at com.kms.katalon.core.main.TestCaseMain.startTestSuite(TestCaseMain.java:157)&#xD;
	at com.kms.katalon.core.main.TestCaseMain$startTestSuite$0.call(Unknown Source)&#xD;
	at TempTestSuite1568908277252.run(TempTestSuite1568908277252.groovy:35)&#xD;
Caused by: groovy.json.JsonException: Unable to determine the current character, it is not a string, number, array, or object

The current character read is 'H' with an int value of 72
Unable to determine the current character, it is not a string, number, array, or object
line number 1
index number 0
Header Params are missing.
^&#xD;
	at Script1.run(Script1.groovy:1)&#xD;
	at com.kms.katalon.core.webservice.helper.WebServiceCommonHelper.parseAndGetPropertyValueForJson(WebServiceCommonHelper.java:159)&#xD;
	at com.kms.katalon.core.webservice.keyword.builtin.VerifyElementPropertyValueKeyword$_verifyElementPropertyValue_closure1.doCall(VerifyElementPropertyValueKeyword.groovy:52)&#xD;
	at com.kms.katalon.core.webservice.keyword.builtin.VerifyElementPropertyValueKeyword$_verifyElementPropertyValue_closure1.call(VerifyElementPropertyValueKeyword.groovy)&#xD;
	at com.kms.katalon.core.keyword.internal.KeywordMain.runKeyword(KeywordMain.groovy:68)&#xD;
	... 36 more&#xD;
&#xD;
&#xD;
2019-09-19 21:21:38 - [TEST_STEP][FAILED] - sendRequestAndVerify(findTestObject("iUser_Crop_Product", ["versiontableId":"", "userId":userid, "uniqueToken":uniquetoken])): Unable to send request and verify the response (Root cause: com.kms.katalon.core.exception.StepFailedException: Verification failed&#xD;
	at com.kms.katalon.core.webservice.keyword.builtin.SendRequestAndVerifyKeyword$_sendRequestAndVerify_closure1.doCall(SendRequestAndVerifyKeyword.groovy:59)&#xD;
	at com.kms.katalon.core.webservice.keyword.builtin.SendRequestAndVerifyKeyword$_sendRequestAndVerify_closure1.call(SendRequestAndVerifyKeyword.groovy)&#xD;
	at com.kms.katalon.core.keyword.internal.KeywordMain.runKeyword(KeywordMain.groovy:68)&#xD;
	at com.kms.katalon.core.webservice.keyword.builtin.SendRequestAndVerifyKeyword.sendRequestAndVerify(SendRequestAndVerifyKeyword.groovy:43)&#xD;
	at com.kms.katalon.core.webservice.keyword.builtin.SendRequestAndVerifyKeyword.execute(SendRequestAndVerifyKeyword.groovy:38)&#xD;
	at com.kms.katalon.core.keyword.internal.KeywordExecutor.executeKeywordForPlatform(KeywordExecutor.groovy:56)&#xD;
	at com.kms.katalon.core.webservice.keyword.WSBuiltInKeywords.sendRequestAndVerify(WSBuiltInKeywords.groovy:65)&#xD;
	at com.kms.katalon.core.webservice.keyword.WSBuiltInKeywords$sendRequestAndVerify$0.call(Unknown Source)&#xD;
	at hProductMaster_Test.run(hProductMaster_Test:16)&#xD;
	at com.kms.katalon.core.main.ScriptEngine.run(ScriptEngine.java:194)&#xD;
	at com.kms.katalon.core.main.ScriptEngine.runScriptAsRawText(ScriptEngine.java:119)&#xD;
	at com.kms.katalon.core.main.TestCaseExecutor.runScript(TestCaseExecutor.java:337)&#xD;
	at com.kms.katalon.core.main.TestCaseExecutor.doExecute(TestCaseExecutor.java:328)&#xD;
	at com.kms.katalon.core.main.TestCaseExecutor.processExecutionPhase(TestCaseExecutor.java:307)&#xD;
	at com.kms.katalon.core.main.TestCaseExecutor.accessMainPhase(TestCaseExecutor.java:299)&#xD;
	at com.kms.katalon.core.main.TestCaseExecutor.execute(TestCaseExecutor.java:233)&#xD;
	at com.kms.katalon.core.main.TestSuiteExecutor.accessTestCaseMainPhase(TestSuiteExecutor.java:169)&#xD;
	at com.kms.katalon.core.main.TestSuiteExecutor.accessTestSuiteMainPhase(TestSuiteExecutor.java:142)&#xD;
	at com.kms.katalon.core.main.TestSuiteExecutor.execute(TestSuiteExecutor.java:91)&#xD;
	at com.kms.katalon.core.main.TestCaseMain.startTestSuite(TestCaseMain.java:157)&#xD;
	at com.kms.katalon.core.main.TestCaseMain$startTestSuite$0.call(Unknown Source)&#xD;
	at TempTestSuite1568908277252.run(TempTestSuite1568908277252.groovy:35)&#xD;
)&#xD;
&#xD;
2019-09-19 21:21:38 - [MESSAGE][INFO] - HAR: C:\Users\rajesh.veeranna\Katalon Studio\SmartIndonasia\Reports\20190919_212117\SMARTINDONASIA_API_SmokeTest\20190919_212117\requests\main\15.har&#xD;
&#xD;
2019-09-19 21:21:38 - [TEST_CASE][FAILED] - Start Test Case : Verification: Verification FAILED.
Reason:
com.kms.katalon.core.exception.StepFailedException: Unable to verify element property value (Root cause: groovy.json.JsonException: Unable to determine the current character, it is not a string, number, array, or object

The current character read is 'H' with an int value of 72
Unable to determine the current character, it is not a string, number, array, or object
line number 1
index number 0
Header Params are missing.
^&#xD;
	at Script1.run(Script1.groovy:1)&#xD;
	at com.kms.katalon.core.webservice.helper.WebServiceCommonHelper.parseAndGetPropertyValueForJson(WebServiceCommonHelper.java:159)&#xD;
	at com.kms.katalon.core.webservice.keyword.builtin.VerifyElementPropertyValueKeyword$_verifyElementPropertyValue_closure1.doCall(VerifyElementPropertyValueKeyword.groovy:52)&#xD;
	at com.kms.katalon.core.webservice.keyword.builtin.VerifyElementPropertyValueKeyword$_verifyElementPropertyValue_closure1.call(VerifyElementPropertyValueKeyword.groovy)&#xD;
	at com.kms.katalon.core.keyword.internal.KeywordMain.runKeyword(KeywordMain.groovy:68)&#xD;
	at com.kms.katalon.core.webservice.keyword.builtin.VerifyElementPropertyValueKeyword.verifyElementPropertyValue(VerifyElementPropertyValueKeyword.groovy:48)&#xD;
	at com.kms.katalon.core.webservice.keyword.builtin.VerifyElementPropertyValueKeyword.execute(VerifyElementPropertyValueKeyword.groovy:43)&#xD;
	at com.kms.katalon.core.keyword.internal.KeywordExecutor.executeKeywordForPlatform(KeywordExecutor.groovy:56)&#xD;
	at com.kms.katalon.core.webservice.keyword.WSBuiltInKeywords.verifyElementPropertyValue(WSBuiltInKeywords.groovy:123)&#xD;
	at com.kms.katalon.core.webservice.keyword.WSBuiltInKeywords$verifyElementPropertyValue$2.call(Unknown Source)&#xD;
	at WSVerification1568908298282.run(WSVerification1568908298282:15)&#xD;
	at com.kms.katalon.core.main.ScriptEngine.run(ScriptEngine.java:194)&#xD;
	at com.kms.katalon.core.main.ScriptEngine.runScriptAsRawText(ScriptEngine.java:119)&#xD;
	at com.kms.katalon.core.main.WSVerificationExecutor.runScript(WSVerificationExecutor.java:146)&#xD;
	at com.kms.katalon.core.main.WSVerificationExecutor.doExecute(WSVerificationExecutor.java:140)&#xD;
	at com.kms.katalon.core.main.WSVerificationExecutor.processExecutionPhase(WSVerificationExecutor.java:123)&#xD;
	at com.kms.katalon.core.main.WSVerificationExecutor.accessMainPhase(WSVerificationExecutor.java:115)&#xD;
	at com.kms.katalon.core.main.WSVerificationExecutor.execute(WSVerificationExecutor.java:103)&#xD;
	at com.kms.katalon.core.main.TestCaseMain.runWSVerificationScript(TestCaseMain.java:127)&#xD;
	at com.kms.katalon.core.webservice.keyword.builtin.SendRequestAndVerifyKeyword$_sendRequestAndVerify_closure1.doCall(SendRequestAndVerifyKeyword.groovy:55)&#xD;
	at com.kms.katalon.core.webservice.keyword.builtin.SendRequestAndVerifyKeyword$_sendRequestAndVerify_closure1.call(SendRequestAndVerifyKeyword.groovy)&#xD;
	at com.kms.katalon.core.keyword.internal.KeywordMain.runKeyword(KeywordMain.groovy:68)&#xD;
	at com.kms.katalon.core.webservice.keyword.builtin.SendRequestAndVerifyKeyword.sendRequestAndVerify(SendRequestAndVerifyKeyword.groovy:43)&#xD;
	at com.kms.katalon.core.webservice.keyword.builtin.SendRequestAndVerifyKeyword.execute(SendRequestAndVerifyKeyword.groovy:38)&#xD;
	at com.kms.katalon.core.keyword.internal.KeywordExecutor.executeKeywordForPlatform(KeywordExecutor.groovy:56)&#xD;
	at com.kms.katalon.core.webservice.keyword.WSBuiltInKeywords.sendRequestAndVerify(WSBuiltInKeywords.groovy:65)&#xD;
	at com.kms.katalon.core.webservice.keyword.WSBuiltInKeywords$sendRequestAndVerify$0.call(Unknown Source)&#xD;
	at hProductMaster_Test.run(hProductMaster_Test:16)&#xD;
	at com.kms.katalon.core.main.ScriptEngine.run(ScriptEngine.java:194)&#xD;
	at com.kms.katalon.core.main.ScriptEngine.runScriptAsRawText(ScriptEngine.java:119)&#xD;
	at com.kms.katalon.core.main.TestCaseExecutor.runScript(TestCaseExecutor.java:337)&#xD;
	at com.kms.katalon.core.main.TestCaseExecutor.doExecute(TestCaseExecutor.java:328)&#xD;
	at com.kms.katalon.core.main.TestCaseExecutor.processExecutionPhase(TestCaseExecutor.java:307)&#xD;
	at com.kms.katalon.core.main.TestCaseExecutor.accessMainPhase(TestCaseExecutor.java:299)&#xD;
	at com.kms.katalon.core.main.TestCaseExecutor.execute(TestCaseExecutor.java:233)&#xD;
	at com.kms.katalon.core.main.TestSuiteExecutor.accessTestCaseMainPhase(TestSuiteExecutor.java:169)&#xD;
	at com.kms.katalon.core.main.TestSuiteExecutor.accessTestSuiteMainPhase(TestSuiteExecutor.java:142)&#xD;
	at com.kms.katalon.core.main.TestSuiteExecutor.execute(TestSuiteExecutor.java:91)&#xD;
	at com.kms.katalon.core.main.TestCaseMain.startTestSuite(TestCaseMain.java:157)&#xD;
	at com.kms.katalon.core.main.TestCaseMain$startTestSuite$0.call(Unknown Source)&#xD;
	at TempTestSuite1568908277252.run(TempTestSuite1568908277252.groovy:35)&#xD;
)&#xD;
	at com.kms.katalon.core.keyword.internal.KeywordMain.stepFailed(KeywordMain.groovy:50)&#xD;
	at com.kms.katalon.core.keyword.internal.KeywordMain.stepFailed(KeywordMain.groovy)&#xD;
	at com.kms.katalon.core.keyword.internal.KeywordMain.runKeyword(KeywordMain.groovy:70)&#xD;
	at com.kms.katalon.core.webservice.keyword.builtin.VerifyElementPropertyValueKeyword.verifyElementPropertyValue(VerifyElementPropertyValueKeyword.groovy:48)&#xD;
	at com.kms.katalon.core.webservice.keyword.builtin.VerifyElementPropertyValueKeyword.execute(VerifyElementPropertyValueKeyword.groovy:43)&#xD;
	at com.kms.katalon.core.keyword.internal.KeywordExecutor.executeKeywordForPlatform(KeywordExecutor.groovy:56)&#xD;
	at com.kms.katalon.core.webservice.keyword.WSBuiltInKeywords.verifyElementPropertyValue(WSBuiltInKeywords.groovy:123)&#xD;
	at com.kms.katalon.core.webservice.keyword.WSBuiltInKeywords$verifyElementPropertyValue$2.call(Unknown Source)&#xD;
	at WSVerification1568908298282.run(WSVerification1568908298282:15)&#xD;
	at com.kms.katalon.core.main.ScriptEngine.run(ScriptEngine.java:194)&#xD;
	at com.kms.katalon.core.main.ScriptEngine.runScriptAsRawText(ScriptEngine.java:119)&#xD;
	at com.kms.katalon.core.main.WSVerificationExecutor.runScript(WSVerificationExecutor.java:146)&#xD;
	at com.kms.katalon.core.main.WSVerificationExecutor.doExecute(WSVerificationExecutor.java:140)&#xD;
	at com.kms.katalon.core.main.WSVerificationExecutor.processExecutionPhase(WSVerificationExecutor.java:123)&#xD;
	at com.kms.katalon.core.main.WSVerificationExecutor.accessMainPhase(WSVerificationExecutor.java:115)&#xD;
	at com.kms.katalon.core.main.WSVerificationExecutor.execute(WSVerificationExecutor.java:103)&#xD;
	at com.kms.katalon.core.main.TestCaseMain.runWSVerificationScript(TestCaseMain.java:127)&#xD;
	at com.kms.katalon.core.webservice.keyword.builtin.SendRequestAndVerifyKeyword$_sendRequestAndVerify_closure1.doCall(SendRequestAndVerifyKeyword.groovy:55)&#xD;
	at com.kms.katalon.core.webservice.keyword.builtin.SendRequestAndVerifyKeyword$_sendRequestAndVerify_closure1.call(SendRequestAndVerifyKeyword.groovy)&#xD;
	at com.kms.katalon.core.keyword.internal.KeywordMain.runKeyword(KeywordMain.groovy:68)&#xD;
	at com.kms.katalon.core.webservice.keyword.builtin.SendRequestAndVerifyKeyword.sendRequestAndVerify(SendRequestAndVerifyKeyword.groovy:43)&#xD;
	at com.kms.katalon.core.webservice.keyword.builtin.SendRequestAndVerifyKeyword.execute(SendRequestAndVerifyKeyword.groovy:38)&#xD;
	at com.kms.katalon.core.keyword.internal.KeywordExecutor.executeKeywordForPlatform(KeywordExecutor.groovy:56)&#xD;
	at com.kms.katalon.core.webservice.keyword.WSBuiltInKeywords.sendRequestAndVerify(WSBuiltInKeywords.groovy:65)&#xD;
	at com.kms.katalon.core.webservice.keyword.WSBuiltInKeywords$sendRequestAndVerify$0.call(Unknown Source)&#xD;
	at hProductMaster_Test.run(hProductMaster_Test:16)&#xD;
	at com.kms.katalon.core.main.ScriptEngine.run(ScriptEngine.java:194)&#xD;
	at com.kms.katalon.core.main.ScriptEngine.runScriptAsRawText(ScriptEngine.java:119)&#xD;
	at com.kms.katalon.core.main.TestCaseExecutor.runScript(TestCaseExecutor.java:337)&#xD;
	at com.kms.katalon.core.main.TestCaseExecutor.doExecute(TestCaseExecutor.java:328)&#xD;
	at com.kms.katalon.core.main.TestCaseExecutor.processExecutionPhase(TestCaseExecutor.java:307)&#xD;
	at com.kms.katalon.core.main.TestCaseExecutor.accessMainPhase(TestCaseExecutor.java:299)&#xD;
	at com.kms.katalon.core.main.TestCaseExecutor.execute(TestCaseExecutor.java:233)&#xD;
	at com.kms.katalon.core.main.TestSuiteExecutor.accessTestCaseMainPhase(TestSuiteExecutor.java:169)&#xD;
	at com.kms.katalon.core.main.TestSuiteExecutor.accessTestSuiteMainPhase(TestSuiteExecutor.java:142)&#xD;
	at com.kms.katalon.core.main.TestSuiteExecutor.execute(TestSuiteExecutor.java:91)&#xD;
	at com.kms.katalon.core.main.TestCaseMain.startTestSuite(TestCaseMain.java:157)&#xD;
	at com.kms.katalon.core.main.TestCaseMain$startTestSuite$0.call(Unknown Source)&#xD;
	at TempTestSuite1568908277252.run(TempTestSuite1568908277252.groovy:35)&#xD;
Caused by: groovy.json.JsonException: Unable to determine the current character, it is not a string, number, array, or object

The current character read is 'H' with an int value of 72
Unable to determine the current character, it is not a string, number, array, or object
line number 1
index number 0
Header Params are missing.
^&#xD;
	at Script1.run(Script1.groovy:1)&#xD;
	at com.kms.katalon.core.webservice.helper.WebServiceCommonHelper.parseAndGetPropertyValueForJson(WebServiceCommonHelper.java:159)&#xD;
	at com.kms.katalon.core.webservice.keyword.builtin.VerifyElementPropertyValueKeyword$_verifyElementPropertyValue_closure1.doCall(VerifyElementPropertyValueKeyword.groovy:52)&#xD;
	at com.kms.katalon.core.webservice.keyword.builtin.VerifyElementPropertyValueKeyword$_verifyElementPropertyValue_closure1.call(VerifyElementPropertyValueKeyword.groovy)&#xD;
	at com.kms.katalon.core.keyword.internal.KeywordMain.runKeyword(KeywordMain.groovy:68)&#xD;
	... 36 more&#xD;
&#xD;
&#xD;
2019-09-19 21:21:38 - [TEST_STEP][PASSED] - request = getInstance().getCurrentRequest(): null&#xD;
&#xD;
2019-09-19 21:21:38 - [TEST_STEP][PASSED] - response = getInstance().getCurrentResponse(): null&#xD;
&#xD;
2019-09-19 21:21:38 - [TEST_STEP][FAILED] - verifyElementPropertyValue(response, "cropproductinfo[0].cropId", "3fae2c89-2173-4bda-a49b-1c27b5fc5e07"): Unable to verify element property value (Root cause: groovy.json.JsonException: Unable to determine the current character, it is not a string, number, array, or object

The current character read is 'H' with an int value of 72
Unable to determine the current character, it is not a string, number, array, or object
line number 1
index number 0
Header Params are missing.
^&#xD;
	at Script1.run(Script1.groovy:1)&#xD;
	at com.kms.katalon.core.webservice.helper.WebServiceCommonHelper.parseAndGetPropertyValueForJson(WebServiceCommonHelper.java:159)&#xD;
	at com.kms.katalon.core.webservice.keyword.builtin.VerifyElementPropertyValueKeyword$_verifyElementPropertyValue_closure1.doCall(VerifyElementPropertyValueKeyword.groovy:52)&#xD;
	at com.kms.katalon.core.webservice.keyword.builtin.VerifyElementPropertyValueKeyword$_verifyElementPropertyValue_closure1.call(VerifyElementPropertyValueKeyword.groovy)&#xD;
	at com.kms.katalon.core.keyword.internal.KeywordMain.runKeyword(KeywordMain.groovy:68)&#xD;
	at com.kms.katalon.core.webservice.keyword.builtin.VerifyElementPropertyValueKeyword.verifyElementPropertyValue(VerifyElementPropertyValueKeyword.groovy:48)&#xD;
	at com.kms.katalon.core.webservice.keyword.builtin.VerifyElementPropertyValueKeyword.execute(VerifyElementPropertyValueKeyword.groovy:43)&#xD;
	at com.kms.katalon.core.keyword.internal.KeywordExecutor.executeKeywordForPlatform(KeywordExecutor.groovy:56)&#xD;
	at com.kms.katalon.core.webservice.keyword.WSBuiltInKeywords.verifyElementPropertyValue(WSBuiltInKeywords.groovy:123)&#xD;
	at com.kms.katalon.core.webservice.keyword.WSBuiltInKeywords$verifyElementPropertyValue$2.call(Unknown Source)&#xD;
	at WSVerification1568908298282.run(WSVerification1568908298282:15)&#xD;
	at com.kms.katalon.core.main.ScriptEngine.run(ScriptEngine.java:194)&#xD;
	at com.kms.katalon.core.main.ScriptEngine.runScriptAsRawText(ScriptEngine.java:119)&#xD;
	at com.kms.katalon.core.main.WSVerificationExecutor.runScript(WSVerificationExecutor.java:146)&#xD;
	at com.kms.katalon.core.main.WSVerificationExecutor.doExecute(WSVerificationExecutor.java:140)&#xD;
	at com.kms.katalon.core.main.WSVerificationExecutor.processExecutionPhase(WSVerificationExecutor.java:123)&#xD;
	at com.kms.katalon.core.main.WSVerificationExecutor.accessMainPhase(WSVerificationExecutor.java:115)&#xD;
	at com.kms.katalon.core.main.WSVerificationExecutor.execute(WSVerificationExecutor.java:103)&#xD;
	at com.kms.katalon.core.main.TestCaseMain.runWSVerificationScript(TestCaseMain.java:127)&#xD;
	at com.kms.katalon.core.webservice.keyword.builtin.SendRequestAndVerifyKeyword$_sendRequestAndVerify_closure1.doCall(SendRequestAndVerifyKeyword.groovy:55)&#xD;
	at com.kms.katalon.core.webservice.keyword.builtin.SendRequestAndVerifyKeyword$_sendRequestAndVerify_closure1.call(SendRequestAndVerifyKeyword.groovy)&#xD;
	at com.kms.katalon.core.keyword.internal.KeywordMain.runKeyword(KeywordMain.groovy:68)&#xD;
	at com.kms.katalon.core.webservice.keyword.builtin.SendRequestAndVerifyKeyword.sendRequestAndVerify(SendRequestAndVerifyKeyword.groovy:43)&#xD;
	at com.kms.katalon.core.webservice.keyword.builtin.SendRequestAndVerifyKeyword.execute(SendRequestAndVerifyKeyword.groovy:38)&#xD;
	at com.kms.katalon.core.keyword.internal.KeywordExecutor.executeKeywordForPlatform(KeywordExecutor.groovy:56)&#xD;
	at com.kms.katalon.core.webservice.keyword.WSBuiltInKeywords.sendRequestAndVerify(WSBuiltInKeywords.groovy:65)&#xD;
	at com.kms.katalon.core.webservice.keyword.WSBuiltInKeywords$sendRequestAndVerify$0.call(Unknown Source)&#xD;
	at hProductMaster_Test.run(hProductMaster_Test:16)&#xD;
	at com.kms.katalon.core.main.ScriptEngine.run(ScriptEngine.java:194)&#xD;
	at com.kms.katalon.core.main.ScriptEngine.runScriptAsRawText(ScriptEngine.java:119)&#xD;
	at com.kms.katalon.core.main.TestCaseExecutor.runScript(TestCaseExecutor.java:337)&#xD;
	at com.kms.katalon.core.main.TestCaseExecutor.doExecute(TestCaseExecutor.java:328)&#xD;
	at com.kms.katalon.core.main.TestCaseExecutor.processExecutionPhase(TestCaseExecutor.java:307)&#xD;
	at com.kms.katalon.core.main.TestCaseExecutor.accessMainPhase(TestCaseExecutor.java:299)&#xD;
	at com.kms.katalon.core.main.TestCaseExecutor.execute(TestCaseExecutor.java:233)&#xD;
	at com.kms.katalon.core.main.TestSuiteExecutor.accessTestCaseMainPhase(TestSuiteExecutor.java:169)&#xD;
	at com.kms.katalon.core.main.TestSuiteExecutor.accessTestSuiteMainPhase(TestSuiteExecutor.java:142)&#xD;
	at com.kms.katalon.core.main.TestSuiteExecutor.execute(TestSuiteExecutor.java:91)&#xD;
	at com.kms.katalon.core.main.TestCaseMain.startTestSuite(TestCaseMain.java:157)&#xD;
	at com.kms.katalon.core.main.TestCaseMain$startTestSuite$0.call(Unknown Source)&#xD;
	at TempTestSuite1568908277252.run(TempTestSuite1568908277252.groovy:35)&#xD;
)&#xD;
&#xD;
2019-09-19 21:21:38 - [MESSAGE][FAILED] - Unable to verify element property value (Root cause: groovy.json.JsonException: Unable to determine the current character, it is not a string, number, array, or object

The current character read is 'H' with an int value of 72
Unable to determine the current character, it is not a string, number, array, or object
line number 1
index number 0
Header Params are missing.
^&#xD;
	at Script1.run(Script1.groovy:1)&#xD;
	at com.kms.katalon.core.webservice.helper.WebServiceCommonHelper.parseAndGetPropertyValueForJson(WebServiceCommonHelper.java:159)&#xD;
	at com.kms.katalon.core.webservice.keyword.builtin.VerifyElementPropertyValueKeyword$_verifyElementPropertyValue_closure1.doCall(VerifyElementPropertyValueKeyword.groovy:52)&#xD;
	at com.kms.katalon.core.webservice.keyword.builtin.VerifyElementPropertyValueKeyword$_verifyElementPropertyValue_closure1.call(VerifyElementPropertyValueKeyword.groovy)&#xD;
	at com.kms.katalon.core.keyword.internal.KeywordMain.runKeyword(KeywordMain.groovy:68)&#xD;
	at com.kms.katalon.core.webservice.keyword.builtin.VerifyElementPropertyValueKeyword.verifyElementPropertyValue(VerifyElementPropertyValueKeyword.groovy:48)&#xD;
	at com.kms.katalon.core.webservice.keyword.builtin.VerifyElementPropertyValueKeyword.execute(VerifyElementPropertyValueKeyword.groovy:43)&#xD;
	at com.kms.katalon.core.keyword.internal.KeywordExecutor.executeKeywordForPlatform(KeywordExecutor.groovy:56)&#xD;
	at com.kms.katalon.core.webservice.keyword.WSBuiltInKeywords.verifyElementPropertyValue(WSBuiltInKeywords.groovy:123)&#xD;
	at com.kms.katalon.core.webservice.keyword.WSBuiltInKeywords$verifyElementPropertyValue$2.call(Unknown Source)&#xD;
	at WSVerification1568908298282.run(WSVerification1568908298282:15)&#xD;
	at com.kms.katalon.core.main.ScriptEngine.run(ScriptEngine.java:194)&#xD;
	at com.kms.katalon.core.main.ScriptEngine.runScriptAsRawText(ScriptEngine.java:119)&#xD;
	at com.kms.katalon.core.main.WSVerificationExecutor.runScript(WSVerificationExecutor.java:146)&#xD;
	at com.kms.katalon.core.main.WSVerificationExecutor.doExecute(WSVerificationExecutor.java:140)&#xD;
	at com.kms.katalon.core.main.WSVerificationExecutor.processExecutionPhase(WSVerificationExecutor.java:123)&#xD;
	at com.kms.katalon.core.main.WSVerificationExecutor.accessMainPhase(WSVerificationExecutor.java:115)&#xD;
	at com.kms.katalon.core.main.WSVerificationExecutor.execute(WSVerificationExecutor.java:103)&#xD;
	at com.kms.katalon.core.main.TestCaseMain.runWSVerificationScript(TestCaseMain.java:127)&#xD;
	at com.kms.katalon.core.webservice.keyword.builtin.SendRequestAndVerifyKeyword$_sendRequestAndVerify_closure1.doCall(SendRequestAndVerifyKeyword.groovy:55)&#xD;
	at com.kms.katalon.core.webservice.keyword.builtin.SendRequestAndVerifyKeyword$_sendRequestAndVerify_closure1.call(SendRequestAndVerifyKeyword.groovy)&#xD;
	at com.kms.katalon.core.keyword.internal.KeywordMain.runKeyword(KeywordMain.groovy:68)&#xD;
	at com.kms.katalon.core.webservice.keyword.builtin.SendRequestAndVerifyKeyword.sendRequestAndVerify(SendRequestAndVerifyKeyword.groovy:43)&#xD;
	at com.kms.katalon.core.webservice.keyword.builtin.SendRequestAndVerifyKeyword.execute(SendRequestAndVerifyKeyword.groovy:38)&#xD;
	at com.kms.katalon.core.keyword.internal.KeywordExecutor.executeKeywordForPlatform(KeywordExecutor.groovy:56)&#xD;
	at com.kms.katalon.core.webservice.keyword.WSBuiltInKeywords.sendRequestAndVerify(WSBuiltInKeywords.groovy:65)&#xD;
	at com.kms.katalon.core.webservice.keyword.WSBuiltInKeywords$sendRequestAndVerify$0.call(Unknown Source)&#xD;
	at hProductMaster_Test.run(hProductMaster_Test:16)&#xD;
	at com.kms.katalon.core.main.ScriptEngine.run(ScriptEngine.java:194)&#xD;
	at com.kms.katalon.core.main.ScriptEngine.runScriptAsRawText(ScriptEngine.java:119)&#xD;
	at com.kms.katalon.core.main.TestCaseExecutor.runScript(TestCaseExecutor.java:337)&#xD;
	at com.kms.katalon.core.main.TestCaseExecutor.doExecute(TestCaseExecutor.java:328)&#xD;
	at com.kms.katalon.core.main.TestCaseExecutor.processExecutionPhase(TestCaseExecutor.java:307)&#xD;
	at com.kms.katalon.core.main.TestCaseExecutor.accessMainPhase(TestCaseExecutor.java:299)&#xD;
	at com.kms.katalon.core.main.TestCaseExecutor.execute(TestCaseExecutor.java:233)&#xD;
	at com.kms.katalon.core.main.TestSuiteExecutor.accessTestCaseMainPhase(TestSuiteExecutor.java:169)&#xD;
	at com.kms.katalon.core.main.TestSuiteExecutor.accessTestSuiteMainPhase(TestSuiteExecutor.java:142)&#xD;
	at com.kms.katalon.core.main.TestSuiteExecutor.execute(TestSuiteExecutor.java:91)&#xD;
	at com.kms.katalon.core.main.TestCaseMain.startTestSuite(TestCaseMain.java:157)&#xD;
	at com.kms.katalon.core.main.TestCaseMain$startTestSuite$0.call(Unknown Source)&#xD;
	at TempTestSuite1568908277252.run(TempTestSuite1568908277252.groovy:35)&#xD;
)&#xD;
&#xD;
2019-09-19 21:21:38 - [MESSAGE][FAILED] - Unable to send request and verify the response (Root cause: com.kms.katalon.core.exception.StepFailedException: Verification failed&#xD;
	at com.kms.katalon.core.webservice.keyword.builtin.SendRequestAndVerifyKeyword$_sendRequestAndVerify_closure1.doCall(SendRequestAndVerifyKeyword.groovy:59)&#xD;
	at com.kms.katalon.core.webservice.keyword.builtin.SendRequestAndVerifyKeyword$_sendRequestAndVerify_closure1.call(SendRequestAndVerifyKeyword.groovy)&#xD;
	at com.kms.katalon.core.keyword.internal.KeywordMain.runKeyword(KeywordMain.groovy:68)&#xD;
	at com.kms.katalon.core.webservice.keyword.builtin.SendRequestAndVerifyKeyword.sendRequestAndVerify(SendRequestAndVerifyKeyword.groovy:43)&#xD;
	at com.kms.katalon.core.webservice.keyword.builtin.SendRequestAndVerifyKeyword.execute(SendRequestAndVerifyKeyword.groovy:38)&#xD;
	at com.kms.katalon.core.keyword.internal.KeywordExecutor.executeKeywordForPlatform(KeywordExecutor.groovy:56)&#xD;
	at com.kms.katalon.core.webservice.keyword.WSBuiltInKeywords.sendRequestAndVerify(WSBuiltInKeywords.groovy:65)&#xD;
	at com.kms.katalon.core.webservice.keyword.WSBuiltInKeywords$sendRequestAndVerify$0.call(Unknown Source)&#xD;
	at hProductMaster_Test.run(hProductMaster_Test:16)&#xD;
	at com.kms.katalon.core.main.ScriptEngine.run(ScriptEngine.java:194)&#xD;
	at com.kms.katalon.core.main.ScriptEngine.runScriptAsRawText(ScriptEngine.java:119)&#xD;
	at com.kms.katalon.core.main.TestCaseExecutor.runScript(TestCaseExecutor.java:337)&#xD;
	at com.kms.katalon.core.main.TestCaseExecutor.doExecute(TestCaseExecutor.java:328)&#xD;
	at com.kms.katalon.core.main.TestCaseExecutor.processExecutionPhase(TestCaseExecutor.java:307)&#xD;
	at com.kms.katalon.core.main.TestCaseExecutor.accessMainPhase(TestCaseExecutor.java:299)&#xD;
	at com.kms.katalon.core.main.TestCaseExecutor.execute(TestCaseExecutor.java:233)&#xD;
	at com.kms.katalon.core.main.TestSuiteExecutor.accessTestCaseMainPhase(TestSuiteExecutor.java:169)&#xD;
	at com.kms.katalon.core.main.TestSuiteExecutor.accessTestSuiteMainPhase(TestSuiteExecutor.java:142)&#xD;
	at com.kms.katalon.core.main.TestSuiteExecutor.execute(TestSuiteExecutor.java:91)&#xD;
	at com.kms.katalon.core.main.TestCaseMain.startTestSuite(TestCaseMain.java:157)&#xD;
	at com.kms.katalon.core.main.TestCaseMain$startTestSuite$0.call(Unknown Source)&#xD;
	at TempTestSuite1568908277252.run(TempTestSuite1568908277252.groovy:35)&#xD;
)</system-out>
            <system-err>2019-09-19 21:21:37 - [TEST_CASE][FAILED] - Test Cases/hProductMaster_Test: Test Cases/hProductMaster_Test FAILED.
Reason:
com.kms.katalon.core.exception.StepFailedException: Unable to verify element property value (Root cause: groovy.json.JsonException: Unable to determine the current character, it is not a string, number, array, or object

The current character read is 'H' with an int value of 72
Unable to determine the current character, it is not a string, number, array, or object
line number 1
index number 0
Header Params are missing.
^&#xD;
	at Script1.run(Script1.groovy:1)&#xD;
	at com.kms.katalon.core.webservice.helper.WebServiceCommonHelper.parseAndGetPropertyValueForJson(WebServiceCommonHelper.java:159)&#xD;
	at com.kms.katalon.core.webservice.keyword.builtin.VerifyElementPropertyValueKeyword$_verifyElementPropertyValue_closure1.doCall(VerifyElementPropertyValueKeyword.groovy:52)&#xD;
	at com.kms.katalon.core.webservice.keyword.builtin.VerifyElementPropertyValueKeyword$_verifyElementPropertyValue_closure1.call(VerifyElementPropertyValueKeyword.groovy)&#xD;
	at com.kms.katalon.core.keyword.internal.KeywordMain.runKeyword(KeywordMain.groovy:68)&#xD;
	at com.kms.katalon.core.webservice.keyword.builtin.VerifyElementPropertyValueKeyword.verifyElementPropertyValue(VerifyElementPropertyValueKeyword.groovy:48)&#xD;
	at com.kms.katalon.core.webservice.keyword.builtin.VerifyElementPropertyValueKeyword.execute(VerifyElementPropertyValueKeyword.groovy:43)&#xD;
	at com.kms.katalon.core.keyword.internal.KeywordExecutor.executeKeywordForPlatform(KeywordExecutor.groovy:56)&#xD;
	at com.kms.katalon.core.webservice.keyword.WSBuiltInKeywords.verifyElementPropertyValue(WSBuiltInKeywords.groovy:123)&#xD;
	at com.kms.katalon.core.webservice.keyword.WSBuiltInKeywords$verifyElementPropertyValue$2.call(Unknown Source)&#xD;
	at WSVerification1568908298282.run(WSVerification1568908298282:15)&#xD;
	at com.kms.katalon.core.main.ScriptEngine.run(ScriptEngine.java:194)&#xD;
	at com.kms.katalon.core.main.ScriptEngine.runScriptAsRawText(ScriptEngine.java:119)&#xD;
	at com.kms.katalon.core.main.WSVerificationExecutor.runScript(WSVerificationExecutor.java:146)&#xD;
	at com.kms.katalon.core.main.WSVerificationExecutor.doExecute(WSVerificationExecutor.java:140)&#xD;
	at com.kms.katalon.core.main.WSVerificationExecutor.processExecutionPhase(WSVerificationExecutor.java:123)&#xD;
	at com.kms.katalon.core.main.WSVerificationExecutor.accessMainPhase(WSVerificationExecutor.java:115)&#xD;
	at com.kms.katalon.core.main.WSVerificationExecutor.execute(WSVerificationExecutor.java:103)&#xD;
	at com.kms.katalon.core.main.TestCaseMain.runWSVerificationScript(TestCaseMain.java:127)&#xD;
	at com.kms.katalon.core.webservice.keyword.builtin.SendRequestAndVerifyKeyword$_sendRequestAndVerify_closure1.doCall(SendRequestAndVerifyKeyword.groovy:55)&#xD;
	at com.kms.katalon.core.webservice.keyword.builtin.SendRequestAndVerifyKeyword$_sendRequestAndVerify_closure1.call(SendRequestAndVerifyKeyword.groovy)&#xD;
	at com.kms.katalon.core.keyword.internal.KeywordMain.runKeyword(KeywordMain.groovy:68)&#xD;
	at com.kms.katalon.core.webservice.keyword.builtin.SendRequestAndVerifyKeyword.sendRequestAndVerify(SendRequestAndVerifyKeyword.groovy:43)&#xD;
	at com.kms.katalon.core.webservice.keyword.builtin.SendRequestAndVerifyKeyword.execute(SendRequestAndVerifyKeyword.groovy:38)&#xD;
	at com.kms.katalon.core.keyword.internal.KeywordExecutor.executeKeywordForPlatform(KeywordExecutor.groovy:56)&#xD;
	at com.kms.katalon.core.webservice.keyword.WSBuiltInKeywords.sendRequestAndVerify(WSBuiltInKeywords.groovy:65)&#xD;
	at com.kms.katalon.core.webservice.keyword.WSBuiltInKeywords$sendRequestAndVerify$0.call(Unknown Source)&#xD;
	at hProductMaster_Test.run(hProductMaster_Test:16)&#xD;
	at com.kms.katalon.core.main.ScriptEngine.run(ScriptEngine.java:194)&#xD;
	at com.kms.katalon.core.main.ScriptEngine.runScriptAsRawText(ScriptEngine.java:119)&#xD;
	at com.kms.katalon.core.main.TestCaseExecutor.runScript(TestCaseExecutor.java:337)&#xD;
	at com.kms.katalon.core.main.TestCaseExecutor.doExecute(TestCaseExecutor.java:328)&#xD;
	at com.kms.katalon.core.main.TestCaseExecutor.processExecutionPhase(TestCaseExecutor.java:307)&#xD;
	at com.kms.katalon.core.main.TestCaseExecutor.accessMainPhase(TestCaseExecutor.java:299)&#xD;
	at com.kms.katalon.core.main.TestCaseExecutor.execute(TestCaseExecutor.java:233)&#xD;
	at com.kms.katalon.core.main.TestSuiteExecutor.accessTestCaseMainPhase(TestSuiteExecutor.java:169)&#xD;
	at com.kms.katalon.core.main.TestSuiteExecutor.accessTestSuiteMainPhase(TestSuiteExecutor.java:142)&#xD;
	at com.kms.katalon.core.main.TestSuiteExecutor.execute(TestSuiteExecutor.java:91)&#xD;
	at com.kms.katalon.core.main.TestCaseMain.startTestSuite(TestCaseMain.java:157)&#xD;
	at com.kms.katalon.core.main.TestCaseMain$startTestSuite$0.call(Unknown Source)&#xD;
	at TempTestSuite1568908277252.run(TempTestSuite1568908277252.groovy:35)&#xD;
)&#xD;
	at com.kms.katalon.core.keyword.internal.KeywordMain.stepFailed(KeywordMain.groovy:50)&#xD;
	at com.kms.katalon.core.keyword.internal.KeywordMain.stepFailed(KeywordMain.groovy)&#xD;
	at com.kms.katalon.core.keyword.internal.KeywordMain.runKeyword(KeywordMain.groovy:70)&#xD;
	at com.kms.katalon.core.webservice.keyword.builtin.VerifyElementPropertyValueKeyword.verifyElementPropertyValue(VerifyElementPropertyValueKeyword.groovy:48)&#xD;
	at com.kms.katalon.core.webservice.keyword.builtin.VerifyElementPropertyValueKeyword.execute(VerifyElementPropertyValueKeyword.groovy:43)&#xD;
	at com.kms.katalon.core.keyword.internal.KeywordExecutor.executeKeywordForPlatform(KeywordExecutor.groovy:56)&#xD;
	at com.kms.katalon.core.webservice.keyword.WSBuiltInKeywords.verifyElementPropertyValue(WSBuiltInKeywords.groovy:123)&#xD;
	at com.kms.katalon.core.webservice.keyword.WSBuiltInKeywords$verifyElementPropertyValue$2.call(Unknown Source)&#xD;
	at WSVerification1568908298282.run(WSVerification1568908298282:15)&#xD;
	at com.kms.katalon.core.main.ScriptEngine.run(ScriptEngine.java:194)&#xD;
	at com.kms.katalon.core.main.ScriptEngine.runScriptAsRawText(ScriptEngine.java:119)&#xD;
	at com.kms.katalon.core.main.WSVerificationExecutor.runScript(WSVerificationExecutor.java:146)&#xD;
	at com.kms.katalon.core.main.WSVerificationExecutor.doExecute(WSVerificationExecutor.java:140)&#xD;
	at com.kms.katalon.core.main.WSVerificationExecutor.processExecutionPhase(WSVerificationExecutor.java:123)&#xD;
	at com.kms.katalon.core.main.WSVerificationExecutor.accessMainPhase(WSVerificationExecutor.java:115)&#xD;
	at com.kms.katalon.core.main.WSVerificationExecutor.execute(WSVerificationExecutor.java:103)&#xD;
	at com.kms.katalon.core.main.TestCaseMain.runWSVerificationScript(TestCaseMain.java:127)&#xD;
	at com.kms.katalon.core.webservice.keyword.builtin.SendRequestAndVerifyKeyword$_sendRequestAndVerify_closure1.doCall(SendRequestAndVerifyKeyword.groovy:55)&#xD;
	at com.kms.katalon.core.webservice.keyword.builtin.SendRequestAndVerifyKeyword$_sendRequestAndVerify_closure1.call(SendRequestAndVerifyKeyword.groovy)&#xD;
	at com.kms.katalon.core.keyword.internal.KeywordMain.runKeyword(KeywordMain.groovy:68)&#xD;
	at com.kms.katalon.core.webservice.keyword.builtin.SendRequestAndVerifyKeyword.sendRequestAndVerify(SendRequestAndVerifyKeyword.groovy:43)&#xD;
	at com.kms.katalon.core.webservice.keyword.builtin.SendRequestAndVerifyKeyword.execute(SendRequestAndVerifyKeyword.groovy:38)&#xD;
	at com.kms.katalon.core.keyword.internal.KeywordExecutor.executeKeywordForPlatform(KeywordExecutor.groovy:56)&#xD;
	at com.kms.katalon.core.webservice.keyword.WSBuiltInKeywords.sendRequestAndVerify(WSBuiltInKeywords.groovy:65)&#xD;
	at com.kms.katalon.core.webservice.keyword.WSBuiltInKeywords$sendRequestAndVerify$0.call(Unknown Source)&#xD;
	at hProductMaster_Test.run(hProductMaster_Test:16)&#xD;
	at com.kms.katalon.core.main.ScriptEngine.run(ScriptEngine.java:194)&#xD;
	at com.kms.katalon.core.main.ScriptEngine.runScriptAsRawText(ScriptEngine.java:119)&#xD;
	at com.kms.katalon.core.main.TestCaseExecutor.runScript(TestCaseExecutor.java:337)&#xD;
	at com.kms.katalon.core.main.TestCaseExecutor.doExecute(TestCaseExecutor.java:328)&#xD;
	at com.kms.katalon.core.main.TestCaseExecutor.processExecutionPhase(TestCaseExecutor.java:307)&#xD;
	at com.kms.katalon.core.main.TestCaseExecutor.accessMainPhase(TestCaseExecutor.java:299)&#xD;
	at com.kms.katalon.core.main.TestCaseExecutor.execute(TestCaseExecutor.java:233)&#xD;
	at com.kms.katalon.core.main.TestSuiteExecutor.accessTestCaseMainPhase(TestSuiteExecutor.java:169)&#xD;
	at com.kms.katalon.core.main.TestSuiteExecutor.accessTestSuiteMainPhase(TestSuiteExecutor.java:142)&#xD;
	at com.kms.katalon.core.main.TestSuiteExecutor.execute(TestSuiteExecutor.java:91)&#xD;
	at com.kms.katalon.core.main.TestCaseMain.startTestSuite(TestCaseMain.java:157)&#xD;
	at com.kms.katalon.core.main.TestCaseMain$startTestSuite$0.call(Unknown Source)&#xD;
	at TempTestSuite1568908277252.run(TempTestSuite1568908277252.groovy:35)&#xD;
Caused by: groovy.json.JsonException: Unable to determine the current character, it is not a string, number, array, or object

The current character read is 'H' with an int value of 72
Unable to determine the current character, it is not a string, number, array, or object
line number 1
index number 0
Header Params are missing.
^&#xD;
	at Script1.run(Script1.groovy:1)&#xD;
	at com.kms.katalon.core.webservice.helper.WebServiceCommonHelper.parseAndGetPropertyValueForJson(WebServiceCommonHelper.java:159)&#xD;
	at com.kms.katalon.core.webservice.keyword.builtin.VerifyElementPropertyValueKeyword$_verifyElementPropertyValue_closure1.doCall(VerifyElementPropertyValueKeyword.groovy:52)&#xD;
	at com.kms.katalon.core.webservice.keyword.builtin.VerifyElementPropertyValueKeyword$_verifyElementPropertyValue_closure1.call(VerifyElementPropertyValueKeyword.groovy)&#xD;
	at com.kms.katalon.core.keyword.internal.KeywordMain.runKeyword(KeywordMain.groovy:68)&#xD;
	... 36 more</system-err>
        </testcase>
        <testcase name="Test Cases/iUserCropProduct_Test" classname="Test Cases/iUserCropProduct_Test" status="FAILED">
            <failure type="FAILED" message="Test Cases/iUserCropProduct_Test FAILED.&#xA;Reason:&#xA;com.kms.katalon.core.exception.StepFailedException: Unable to verify element property value (Root cause: groovy.json.JsonException: Unable to determine the current character, it is not a string, number, array, or object&#xA;&#xA;The current character read is 'H' with an int value of 72&#xA;Unable to determine the current character, it is not a string, number, array, or object&#xA;line number 1&#xA;index number 0&#xA;Header Params are missing.&#xA;^&#xD;&#xA;&#x9;at Script1.run(Script1.groovy:1)&#xD;&#xA;&#x9;at com.kms.katalon.core.webservice.helper.WebServiceCommonHelper.parseAndGetPropertyValueForJson(WebServiceCommonHelper.java:159)&#xD;&#xA;&#x9;at com.kms.katalon.core.webservice.keyword.builtin.VerifyElementPropertyValueKeyword$_verifyElementPropertyValue_closure1.doCall(VerifyElementPropertyValueKeyword.groovy:52)&#xD;&#xA;&#x9;at com.kms.katalon.core.webservice.keyword.builtin.VerifyElementPropertyValueKeyword$_verifyElementPropertyValue_closure1.call(VerifyElementPropertyValueKeyword.groovy)&#xD;&#xA;&#x9;at com.kms.katalon.core.keyword.internal.KeywordMain.runKeyword(KeywordMain.groovy:68)&#xD;&#xA;&#x9;at com.kms.katalon.core.webservice.keyword.builtin.VerifyElementPropertyValueKeyword.verifyElementPropertyValue(VerifyElementPropertyValueKeyword.groovy:48)&#xD;&#xA;&#x9;at com.kms.katalon.core.webservice.keyword.builtin.VerifyElementPropertyValueKeyword.execute(VerifyElementPropertyValueKeyword.groovy:43)&#xD;&#xA;&#x9;at com.kms.katalon.core.keyword.internal.KeywordExecutor.executeKeywordForPlatform(KeywordExecutor.groovy:56)&#xD;&#xA;&#x9;at com.kms.katalon.core.webservice.keyword.WSBuiltInKeywords.verifyElementPropertyValue(WSBuiltInKeywords.groovy:123)&#xD;&#xA;&#x9;at com.kms.katalon.core.webservice.keyword.WSBuiltInKeywords$verifyElementPropertyValue$2.call(Unknown Source)&#xD;&#xA;&#x9;at WSVerification1568908299576.run(WSVerification1568908299576:15)&#xD;&#xA;&#x9;at com.kms.katalon.core.main.ScriptEngine.run(ScriptEngine.java:194)&#xD;&#xA;&#x9;at com.kms.katalon.core.main.ScriptEngine.runScriptAsRawText(ScriptEngine.java:119)&#xD;&#xA;&#x9;at com.kms.katalon.core.main.WSVerificationExecutor.runScript(WSVerificationExecutor.java:146)&#xD;&#xA;&#x9;at com.kms.katalon.core.main.WSVerificationExecutor.doExecute(WSVerificationExecutor.java:140)&#xD;&#xA;&#x9;at com.kms.katalon.core.main.WSVerificationExecutor.processExecutionPhase(WSVerificationExecutor.java:123)&#xD;&#xA;&#x9;at com.kms.katalon.core.main.WSVerificationExecutor.accessMainPhase(WSVerificationExecutor.java:115)&#xD;&#xA;&#x9;at com.kms.katalon.core.main.WSVerificationExecutor.execute(WSVerificationExecutor.java:103)&#xD;&#xA;&#x9;at com.kms.katalon.core.main.TestCaseMain.runWSVerificationScript(TestCaseMain.java:127)&#xD;&#xA;&#x9;at com.kms.katalon.core.webservice.keyword.builtin.SendRequestAndVerifyKeyword$_sendRequestAndVerify_closure1.doCall(SendRequestAndVerifyKeyword.groovy:55)&#xD;&#xA;&#x9;at com.kms.katalon.core.webservice.keyword.builtin.SendRequestAndVerifyKeyword$_sendRequestAndVerify_closure1.call(SendRequestAndVerifyKeyword.groovy)&#xD;&#xA;&#x9;at com.kms.katalon.core.keyword.internal.KeywordMain.runKeyword(KeywordMain.groovy:68)&#xD;&#xA;&#x9;at com.kms.katalon.core.webservice.keyword.builtin.SendRequestAndVerifyKeyword.sendRequestAndVerify(SendRequestAndVerifyKeyword.groovy:43)&#xD;&#xA;&#x9;at com.kms.katalon.core.webservice.keyword.builtin.SendRequestAndVerifyKeyword.execute(SendRequestAndVerifyKeyword.groovy:38)&#xD;&#xA;&#x9;at com.kms.katalon.core.keyword.internal.KeywordExecutor.executeKeywordForPlatform(KeywordExecutor.groovy:56)&#xD;&#xA;&#x9;at com.kms.katalon.core.webservice.keyword.WSBuiltInKeywords.sendRequestAndVerify(WSBuiltInKeywords.groovy:65)&#xD;&#xA;&#x9;at com.kms.katalon.core.webservice.keyword.WSBuiltInKeywords$sendRequestAndVerify$0.call(Unknown Source)&#xD;&#xA;&#x9;at iUserCropProduct_Test.run(iUserCropProduct_Test:16)&#xD;&#xA;&#x9;at com.kms.katalon.core.main.ScriptEngine.run(ScriptEngine.java:194)&#xD;&#xA;&#x9;at com.kms.katalon.core.main.ScriptEngine.runScriptAsRawText(ScriptEngine.java:119)&#xD;&#xA;&#x9;at com.kms.katalon.core.main.TestCaseExecutor.runScript(TestCaseExecutor.java:337)&#xD;&#xA;&#x9;at com.kms.katalon.core.main.TestCaseExecutor.doExecute(TestCaseExecutor.java:328)&#xD;&#xA;&#x9;at com.kms.katalon.core.main.TestCaseExecutor.processExecutionPhase(TestCaseExecutor.java:307)&#xD;&#xA;&#x9;at com.kms.katalon.core.main.TestCaseExecutor.accessMainPhase(TestCaseExecutor.java:299)&#xD;&#xA;&#x9;at com.kms.katalon.core.main.TestCaseExecutor.execute(TestCaseExecutor.java:233)&#xD;&#xA;&#x9;at com.kms.katalon.core.main.TestSuiteExecutor.accessTestCaseMainPhase(TestSuiteExecutor.java:169)&#xD;&#xA;&#x9;at com.kms.katalon.core.main.TestSuiteExecutor.accessTestSuiteMainPhase(TestSuiteExecutor.java:142)&#xD;&#xA;&#x9;at com.kms.katalon.core.main.TestSuiteExecutor.execute(TestSuiteExecutor.java:91)&#xD;&#xA;&#x9;at com.kms.katalon.core.main.TestCaseMain.startTestSuite(TestCaseMain.java:157)&#xD;&#xA;&#x9;at com.kms.katalon.core.main.TestCaseMain$startTestSuite$0.call(Unknown Source)&#xD;&#xA;&#x9;at TempTestSuite1568908277252.run(TempTestSuite1568908277252.groovy:35)&#xD;&#xA;)&#xD;&#xA;&#x9;at com.kms.katalon.core.keyword.internal.KeywordMain.stepFailed(KeywordMain.groovy:50)&#xD;&#xA;&#x9;at com.kms.katalon.core.keyword.internal.KeywordMain.stepFailed(KeywordMain.groovy)&#xD;&#xA;&#x9;at com.kms.katalon.core.keyword.internal.KeywordMain.runKeyword(KeywordMain.groovy:70)&#xD;&#xA;&#x9;at com.kms.katalon.core.webservice.keyword.builtin.VerifyElementPropertyValueKeyword.verifyElementPropertyValue(VerifyElementPropertyValueKeyword.groovy:48)&#xD;&#xA;&#x9;at com.kms.katalon.core.webservice.keyword.builtin.VerifyElementPropertyValueKeyword.execute(VerifyElementPropertyValueKeyword.groovy:43)&#xD;&#xA;&#x9;at com.kms.katalon.core.keyword.internal.KeywordExecutor.executeKeywordForPlatform(KeywordExecutor.groovy:56)&#xD;&#xA;&#x9;at com.kms.katalon.core.webservice.keyword.WSBuiltInKeywords.verifyElementPropertyValue(WSBuiltInKeywords.groovy:123)&#xD;&#xA;&#x9;at com.kms.katalon.core.webservice.keyword.WSBuiltInKeywords$verifyElementPropertyValue$2.call(Unknown Source)&#xD;&#xA;&#x9;at WSVerification1568908299576.run(WSVerification1568908299576:15)&#xD;&#xA;&#x9;at com.kms.katalon.core.main.ScriptEngine.run(ScriptEngine.java:194)&#xD;&#xA;&#x9;at com.kms.katalon.core.main.ScriptEngine.runScriptAsRawText(ScriptEngine.java:119)&#xD;&#xA;&#x9;at com.kms.katalon.core.main.WSVerificationExecutor.runScript(WSVerificationExecutor.java:146)&#xD;&#xA;&#x9;at com.kms.katalon.core.main.WSVerificationExecutor.doExecute(WSVerificationExecutor.java:140)&#xD;&#xA;&#x9;at com.kms.katalon.core.main.WSVerificationExecutor.processExecutionPhase(WSVerificationExecutor.java:123)&#xD;&#xA;&#x9;at com.kms.katalon.core.main.WSVerificationExecutor.accessMainPhase(WSVerificationExecutor.java:115)&#xD;&#xA;&#x9;at com.kms.katalon.core.main.WSVerificationExecutor.execute(WSVerificationExecutor.java:103)&#xD;&#xA;&#x9;at com.kms.katalon.core.main.TestCaseMain.runWSVerificationScript(TestCaseMain.java:127)&#xD;&#xA;&#x9;at com.kms.katalon.core.webservice.keyword.builtin.SendRequestAndVerifyKeyword$_sendRequestAndVerify_closure1.doCall(SendRequestAndVerifyKeyword.groovy:55)&#xD;&#xA;&#x9;at com.kms.katalon.core.webservice.keyword.builtin.SendRequestAndVerifyKeyword$_sendRequestAndVerify_closure1.call(SendRequestAndVerifyKeyword.groovy)&#xD;&#xA;&#x9;at com.kms.katalon.core.keyword.internal.KeywordMain.runKeyword(KeywordMain.groovy:68)&#xD;&#xA;&#x9;at com.kms.katalon.core.webservice.keyword.builtin.SendRequestAndVerifyKeyword.sendRequestAndVerify(SendRequestAndVerifyKeyword.groovy:43)&#xD;&#xA;&#x9;at com.kms.katalon.core.webservice.keyword.builtin.SendRequestAndVerifyKeyword.execute(SendRequestAndVerifyKeyword.groovy:38)&#xD;&#xA;&#x9;at com.kms.katalon.core.keyword.internal.KeywordExecutor.executeKeywordForPlatform(KeywordExecutor.groovy:56)&#xD;&#xA;&#x9;at com.kms.katalon.core.webservice.keyword.WSBuiltInKeywords.sendRequestAndVerify(WSBuiltInKeywords.groovy:65)&#xD;&#xA;&#x9;at com.kms.katalon.core.webservice.keyword.WSBuiltInKeywords$sendRequestAndVerify$0.call(Unknown Source)&#xD;&#xA;&#x9;at iUserCropProduct_Test.run(iUserCropProduct_Test:16)&#xD;&#xA;&#x9;at com.kms.katalon.core.main.ScriptEngine.run(ScriptEngine.java:194)&#xD;&#xA;&#x9;at com.kms.katalon.core.main.ScriptEngine.runScriptAsRawText(ScriptEngine.java:119)&#xD;&#xA;&#x9;at com.kms.katalon.core.main.TestCaseExecutor.runScript(TestCaseExecutor.java:337)&#xD;&#xA;&#x9;at com.kms.katalon.core.main.TestCaseExecutor.doExecute(TestCaseExecutor.java:328)&#xD;&#xA;&#x9;at com.kms.katalon.core.main.TestCaseExecutor.processExecutionPhase(TestCaseExecutor.java:307)&#xD;&#xA;&#x9;at com.kms.katalon.core.main.TestCaseExecutor.accessMainPhase(TestCaseExecutor.java:299)&#xD;&#xA;&#x9;at com.kms.katalon.core.main.TestCaseExecutor.execute(TestCaseExecutor.java:233)&#xD;&#xA;&#x9;at com.kms.katalon.core.main.TestSuiteExecutor.accessTestCaseMainPhase(TestSuiteExecutor.java:169)&#xD;&#xA;&#x9;at com.kms.katalon.core.main.TestSuiteExecutor.accessTestSuiteMainPhase(TestSuiteExecutor.java:142)&#xD;&#xA;&#x9;at com.kms.katalon.core.main.TestSuiteExecutor.execute(TestSuiteExecutor.java:91)&#xD;&#xA;&#x9;at com.kms.katalon.core.main.TestCaseMain.startTestSuite(TestCaseMain.java:157)&#xD;&#xA;&#x9;at com.kms.katalon.core.main.TestCaseMain$startTestSuite$0.call(Unknown Source)&#xD;&#xA;&#x9;at TempTestSuite1568908277252.run(TempTestSuite1568908277252.groovy:35)&#xD;&#xA;Caused by: groovy.json.JsonException: Unable to determine the current character, it is not a string, number, array, or object&#xA;&#xA;The current character read is 'H' with an int value of 72&#xA;Unable to determine the current character, it is not a string, number, array, or object&#xA;line number 1&#xA;index number 0&#xA;Header Params are missing.&#xA;^&#xD;&#xA;&#x9;at Script1.run(Script1.groovy:1)&#xD;&#xA;&#x9;at com.kms.katalon.core.webservice.helper.WebServiceCommonHelper.parseAndGetPropertyValueForJson(WebServiceCommonHelper.java:159)&#xD;&#xA;&#x9;at com.kms.katalon.core.webservice.keyword.builtin.VerifyElementPropertyValueKeyword$_verifyElementPropertyValue_closure1.doCall(VerifyElementPropertyValueKeyword.groovy:52)&#xD;&#xA;&#x9;at com.kms.katalon.core.webservice.keyword.builtin.VerifyElementPropertyValueKeyword$_verifyElementPropertyValue_closure1.call(VerifyElementPropertyValueKeyword.groovy)&#xD;&#xA;&#x9;at com.kms.katalon.core.keyword.internal.KeywordMain.runKeyword(KeywordMain.groovy:68)&#xD;&#xA;&#x9;... 36 more&#xD;&#xA;"/>
            <system-out>2019-09-19 21:21:39 - [TEST_CASE][FAILED] - Test Cases/iUserCropProduct_Test: Test Cases/iUserCropProduct_Test FAILED.
Reason:
com.kms.katalon.core.exception.StepFailedException: Unable to verify element property value (Root cause: groovy.json.JsonException: Unable to determine the current character, it is not a string, number, array, or object

The current character read is 'H' with an int value of 72
Unable to determine the current character, it is not a string, number, array, or object
line number 1
index number 0
Header Params are missing.
^&#xD;
	at Script1.run(Script1.groovy:1)&#xD;
	at com.kms.katalon.core.webservice.helper.WebServiceCommonHelper.parseAndGetPropertyValueForJson(WebServiceCommonHelper.java:159)&#xD;
	at com.kms.katalon.core.webservice.keyword.builtin.VerifyElementPropertyValueKeyword$_verifyElementPropertyValue_closure1.doCall(VerifyElementPropertyValueKeyword.groovy:52)&#xD;
	at com.kms.katalon.core.webservice.keyword.builtin.VerifyElementPropertyValueKeyword$_verifyElementPropertyValue_closure1.call(VerifyElementPropertyValueKeyword.groovy)&#xD;
	at com.kms.katalon.core.keyword.internal.KeywordMain.runKeyword(KeywordMain.groovy:68)&#xD;
	at com.kms.katalon.core.webservice.keyword.builtin.VerifyElementPropertyValueKeyword.verifyElementPropertyValue(VerifyElementPropertyValueKeyword.groovy:48)&#xD;
	at com.kms.katalon.core.webservice.keyword.builtin.VerifyElementPropertyValueKeyword.execute(VerifyElementPropertyValueKeyword.groovy:43)&#xD;
	at com.kms.katalon.core.keyword.internal.KeywordExecutor.executeKeywordForPlatform(KeywordExecutor.groovy:56)&#xD;
	at com.kms.katalon.core.webservice.keyword.WSBuiltInKeywords.verifyElementPropertyValue(WSBuiltInKeywords.groovy:123)&#xD;
	at com.kms.katalon.core.webservice.keyword.WSBuiltInKeywords$verifyElementPropertyValue$2.call(Unknown Source)&#xD;
	at WSVerification1568908299576.run(WSVerification1568908299576:15)&#xD;
	at com.kms.katalon.core.main.ScriptEngine.run(ScriptEngine.java:194)&#xD;
	at com.kms.katalon.core.main.ScriptEngine.runScriptAsRawText(ScriptEngine.java:119)&#xD;
	at com.kms.katalon.core.main.WSVerificationExecutor.runScript(WSVerificationExecutor.java:146)&#xD;
	at com.kms.katalon.core.main.WSVerificationExecutor.doExecute(WSVerificationExecutor.java:140)&#xD;
	at com.kms.katalon.core.main.WSVerificationExecutor.processExecutionPhase(WSVerificationExecutor.java:123)&#xD;
	at com.kms.katalon.core.main.WSVerificationExecutor.accessMainPhase(WSVerificationExecutor.java:115)&#xD;
	at com.kms.katalon.core.main.WSVerificationExecutor.execute(WSVerificationExecutor.java:103)&#xD;
	at com.kms.katalon.core.main.TestCaseMain.runWSVerificationScript(TestCaseMain.java:127)&#xD;
	at com.kms.katalon.core.webservice.keyword.builtin.SendRequestAndVerifyKeyword$_sendRequestAndVerify_closure1.doCall(SendRequestAndVerifyKeyword.groovy:55)&#xD;
	at com.kms.katalon.core.webservice.keyword.builtin.SendRequestAndVerifyKeyword$_sendRequestAndVerify_closure1.call(SendRequestAndVerifyKeyword.groovy)&#xD;
	at com.kms.katalon.core.keyword.internal.KeywordMain.runKeyword(KeywordMain.groovy:68)&#xD;
	at com.kms.katalon.core.webservice.keyword.builtin.SendRequestAndVerifyKeyword.sendRequestAndVerify(SendRequestAndVerifyKeyword.groovy:43)&#xD;
	at com.kms.katalon.core.webservice.keyword.builtin.SendRequestAndVerifyKeyword.execute(SendRequestAndVerifyKeyword.groovy:38)&#xD;
	at com.kms.katalon.core.keyword.internal.KeywordExecutor.executeKeywordForPlatform(KeywordExecutor.groovy:56)&#xD;
	at com.kms.katalon.core.webservice.keyword.WSBuiltInKeywords.sendRequestAndVerify(WSBuiltInKeywords.groovy:65)&#xD;
	at com.kms.katalon.core.webservice.keyword.WSBuiltInKeywords$sendRequestAndVerify$0.call(Unknown Source)&#xD;
	at iUserCropProduct_Test.run(iUserCropProduct_Test:16)&#xD;
	at com.kms.katalon.core.main.ScriptEngine.run(ScriptEngine.java:194)&#xD;
	at com.kms.katalon.core.main.ScriptEngine.runScriptAsRawText(ScriptEngine.java:119)&#xD;
	at com.kms.katalon.core.main.TestCaseExecutor.runScript(TestCaseExecutor.java:337)&#xD;
	at com.kms.katalon.core.main.TestCaseExecutor.doExecute(TestCaseExecutor.java:328)&#xD;
	at com.kms.katalon.core.main.TestCaseExecutor.processExecutionPhase(TestCaseExecutor.java:307)&#xD;
	at com.kms.katalon.core.main.TestCaseExecutor.accessMainPhase(TestCaseExecutor.java:299)&#xD;
	at com.kms.katalon.core.main.TestCaseExecutor.execute(TestCaseExecutor.java:233)&#xD;
	at com.kms.katalon.core.main.TestSuiteExecutor.accessTestCaseMainPhase(TestSuiteExecutor.java:169)&#xD;
	at com.kms.katalon.core.main.TestSuiteExecutor.accessTestSuiteMainPhase(TestSuiteExecutor.java:142)&#xD;
	at com.kms.katalon.core.main.TestSuiteExecutor.execute(TestSuiteExecutor.java:91)&#xD;
	at com.kms.katalon.core.main.TestCaseMain.startTestSuite(TestCaseMain.java:157)&#xD;
	at com.kms.katalon.core.main.TestCaseMain$startTestSuite$0.call(Unknown Source)&#xD;
	at TempTestSuite1568908277252.run(TempTestSuite1568908277252.groovy:35)&#xD;
)&#xD;
	at com.kms.katalon.core.keyword.internal.KeywordMain.stepFailed(KeywordMain.groovy:50)&#xD;
	at com.kms.katalon.core.keyword.internal.KeywordMain.stepFailed(KeywordMain.groovy)&#xD;
	at com.kms.katalon.core.keyword.internal.KeywordMain.runKeyword(KeywordMain.groovy:70)&#xD;
	at com.kms.katalon.core.webservice.keyword.builtin.VerifyElementPropertyValueKeyword.verifyElementPropertyValue(VerifyElementPropertyValueKeyword.groovy:48)&#xD;
	at com.kms.katalon.core.webservice.keyword.builtin.VerifyElementPropertyValueKeyword.execute(VerifyElementPropertyValueKeyword.groovy:43)&#xD;
	at com.kms.katalon.core.keyword.internal.KeywordExecutor.executeKeywordForPlatform(KeywordExecutor.groovy:56)&#xD;
	at com.kms.katalon.core.webservice.keyword.WSBuiltInKeywords.verifyElementPropertyValue(WSBuiltInKeywords.groovy:123)&#xD;
	at com.kms.katalon.core.webservice.keyword.WSBuiltInKeywords$verifyElementPropertyValue$2.call(Unknown Source)&#xD;
	at WSVerification1568908299576.run(WSVerification1568908299576:15)&#xD;
	at com.kms.katalon.core.main.ScriptEngine.run(ScriptEngine.java:194)&#xD;
	at com.kms.katalon.core.main.ScriptEngine.runScriptAsRawText(ScriptEngine.java:119)&#xD;
	at com.kms.katalon.core.main.WSVerificationExecutor.runScript(WSVerificationExecutor.java:146)&#xD;
	at com.kms.katalon.core.main.WSVerificationExecutor.doExecute(WSVerificationExecutor.java:140)&#xD;
	at com.kms.katalon.core.main.WSVerificationExecutor.processExecutionPhase(WSVerificationExecutor.java:123)&#xD;
	at com.kms.katalon.core.main.WSVerificationExecutor.accessMainPhase(WSVerificationExecutor.java:115)&#xD;
	at com.kms.katalon.core.main.WSVerificationExecutor.execute(WSVerificationExecutor.java:103)&#xD;
	at com.kms.katalon.core.main.TestCaseMain.runWSVerificationScript(TestCaseMain.java:127)&#xD;
	at com.kms.katalon.core.webservice.keyword.builtin.SendRequestAndVerifyKeyword$_sendRequestAndVerify_closure1.doCall(SendRequestAndVerifyKeyword.groovy:55)&#xD;
	at com.kms.katalon.core.webservice.keyword.builtin.SendRequestAndVerifyKeyword$_sendRequestAndVerify_closure1.call(SendRequestAndVerifyKeyword.groovy)&#xD;
	at com.kms.katalon.core.keyword.internal.KeywordMain.runKeyword(KeywordMain.groovy:68)&#xD;
	at com.kms.katalon.core.webservice.keyword.builtin.SendRequestAndVerifyKeyword.sendRequestAndVerify(SendRequestAndVerifyKeyword.groovy:43)&#xD;
	at com.kms.katalon.core.webservice.keyword.builtin.SendRequestAndVerifyKeyword.execute(SendRequestAndVerifyKeyword.groovy:38)&#xD;
	at com.kms.katalon.core.keyword.internal.KeywordExecutor.executeKeywordForPlatform(KeywordExecutor.groovy:56)&#xD;
	at com.kms.katalon.core.webservice.keyword.WSBuiltInKeywords.sendRequestAndVerify(WSBuiltInKeywords.groovy:65)&#xD;
	at com.kms.katalon.core.webservice.keyword.WSBuiltInKeywords$sendRequestAndVerify$0.call(Unknown Source)&#xD;
	at iUserCropProduct_Test.run(iUserCropProduct_Test:16)&#xD;
	at com.kms.katalon.core.main.ScriptEngine.run(ScriptEngine.java:194)&#xD;
	at com.kms.katalon.core.main.ScriptEngine.runScriptAsRawText(ScriptEngine.java:119)&#xD;
	at com.kms.katalon.core.main.TestCaseExecutor.runScript(TestCaseExecutor.java:337)&#xD;
	at com.kms.katalon.core.main.TestCaseExecutor.doExecute(TestCaseExecutor.java:328)&#xD;
	at com.kms.katalon.core.main.TestCaseExecutor.processExecutionPhase(TestCaseExecutor.java:307)&#xD;
	at com.kms.katalon.core.main.TestCaseExecutor.accessMainPhase(TestCaseExecutor.java:299)&#xD;
	at com.kms.katalon.core.main.TestCaseExecutor.execute(TestCaseExecutor.java:233)&#xD;
	at com.kms.katalon.core.main.TestSuiteExecutor.accessTestCaseMainPhase(TestSuiteExecutor.java:169)&#xD;
	at com.kms.katalon.core.main.TestSuiteExecutor.accessTestSuiteMainPhase(TestSuiteExecutor.java:142)&#xD;
	at com.kms.katalon.core.main.TestSuiteExecutor.execute(TestSuiteExecutor.java:91)&#xD;
	at com.kms.katalon.core.main.TestCaseMain.startTestSuite(TestCaseMain.java:157)&#xD;
	at com.kms.katalon.core.main.TestCaseMain$startTestSuite$0.call(Unknown Source)&#xD;
	at TempTestSuite1568908277252.run(TempTestSuite1568908277252.groovy:35)&#xD;
Caused by: groovy.json.JsonException: Unable to determine the current character, it is not a string, number, array, or object

The current character read is 'H' with an int value of 72
Unable to determine the current character, it is not a string, number, array, or object
line number 1
index number 0
Header Params are missing.
^&#xD;
	at Script1.run(Script1.groovy:1)&#xD;
	at com.kms.katalon.core.webservice.helper.WebServiceCommonHelper.parseAndGetPropertyValueForJson(WebServiceCommonHelper.java:159)&#xD;
	at com.kms.katalon.core.webservice.keyword.builtin.VerifyElementPropertyValueKeyword$_verifyElementPropertyValue_closure1.doCall(VerifyElementPropertyValueKeyword.groovy:52)&#xD;
	at com.kms.katalon.core.webservice.keyword.builtin.VerifyElementPropertyValueKeyword$_verifyElementPropertyValue_closure1.call(VerifyElementPropertyValueKeyword.groovy)&#xD;
	at com.kms.katalon.core.keyword.internal.KeywordMain.runKeyword(KeywordMain.groovy:68)&#xD;
	... 36 more&#xD;
&#xD;
&#xD;
2019-09-19 21:21:39 - [TEST_STEP][FAILED] - sendRequestAndVerify(findTestObject("iUser_Crop_Product", ["versiontableId":"", "userId":userid, "uniqueToken":uniquetoken])): Unable to send request and verify the response (Root cause: com.kms.katalon.core.exception.StepFailedException: Verification failed&#xD;
	at com.kms.katalon.core.webservice.keyword.builtin.SendRequestAndVerifyKeyword$_sendRequestAndVerify_closure1.doCall(SendRequestAndVerifyKeyword.groovy:59)&#xD;
	at com.kms.katalon.core.webservice.keyword.builtin.SendRequestAndVerifyKeyword$_sendRequestAndVerify_closure1.call(SendRequestAndVerifyKeyword.groovy)&#xD;
	at com.kms.katalon.core.keyword.internal.KeywordMain.runKeyword(KeywordMain.groovy:68)&#xD;
	at com.kms.katalon.core.webservice.keyword.builtin.SendRequestAndVerifyKeyword.sendRequestAndVerify(SendRequestAndVerifyKeyword.groovy:43)&#xD;
	at com.kms.katalon.core.webservice.keyword.builtin.SendRequestAndVerifyKeyword.execute(SendRequestAndVerifyKeyword.groovy:38)&#xD;
	at com.kms.katalon.core.keyword.internal.KeywordExecutor.executeKeywordForPlatform(KeywordExecutor.groovy:56)&#xD;
	at com.kms.katalon.core.webservice.keyword.WSBuiltInKeywords.sendRequestAndVerify(WSBuiltInKeywords.groovy:65)&#xD;
	at com.kms.katalon.core.webservice.keyword.WSBuiltInKeywords$sendRequestAndVerify$0.call(Unknown Source)&#xD;
	at iUserCropProduct_Test.run(iUserCropProduct_Test:16)&#xD;
	at com.kms.katalon.core.main.ScriptEngine.run(ScriptEngine.java:194)&#xD;
	at com.kms.katalon.core.main.ScriptEngine.runScriptAsRawText(ScriptEngine.java:119)&#xD;
	at com.kms.katalon.core.main.TestCaseExecutor.runScript(TestCaseExecutor.java:337)&#xD;
	at com.kms.katalon.core.main.TestCaseExecutor.doExecute(TestCaseExecutor.java:328)&#xD;
	at com.kms.katalon.core.main.TestCaseExecutor.processExecutionPhase(TestCaseExecutor.java:307)&#xD;
	at com.kms.katalon.core.main.TestCaseExecutor.accessMainPhase(TestCaseExecutor.java:299)&#xD;
	at com.kms.katalon.core.main.TestCaseExecutor.execute(TestCaseExecutor.java:233)&#xD;
	at com.kms.katalon.core.main.TestSuiteExecutor.accessTestCaseMainPhase(TestSuiteExecutor.java:169)&#xD;
	at com.kms.katalon.core.main.TestSuiteExecutor.accessTestSuiteMainPhase(TestSuiteExecutor.java:142)&#xD;
	at com.kms.katalon.core.main.TestSuiteExecutor.execute(TestSuiteExecutor.java:91)&#xD;
	at com.kms.katalon.core.main.TestCaseMain.startTestSuite(TestCaseMain.java:157)&#xD;
	at com.kms.katalon.core.main.TestCaseMain$startTestSuite$0.call(Unknown Source)&#xD;
	at TempTestSuite1568908277252.run(TempTestSuite1568908277252.groovy:35)&#xD;
)&#xD;
&#xD;
2019-09-19 21:21:39 - [MESSAGE][INFO] - HAR: C:\Users\rajesh.veeranna\Katalon Studio\SmartIndonasia\Reports\20190919_212117\SMARTINDONASIA_API_SmokeTest\20190919_212117\requests\main\16.har&#xD;
&#xD;
2019-09-19 21:21:39 - [TEST_CASE][FAILED] - Start Test Case : Verification: Verification FAILED.
Reason:
com.kms.katalon.core.exception.StepFailedException: Unable to verify element property value (Root cause: groovy.json.JsonException: Unable to determine the current character, it is not a string, number, array, or object

The current character read is 'H' with an int value of 72
Unable to determine the current character, it is not a string, number, array, or object
line number 1
index number 0
Header Params are missing.
^&#xD;
	at Script1.run(Script1.groovy:1)&#xD;
	at com.kms.katalon.core.webservice.helper.WebServiceCommonHelper.parseAndGetPropertyValueForJson(WebServiceCommonHelper.java:159)&#xD;
	at com.kms.katalon.core.webservice.keyword.builtin.VerifyElementPropertyValueKeyword$_verifyElementPropertyValue_closure1.doCall(VerifyElementPropertyValueKeyword.groovy:52)&#xD;
	at com.kms.katalon.core.webservice.keyword.builtin.VerifyElementPropertyValueKeyword$_verifyElementPropertyValue_closure1.call(VerifyElementPropertyValueKeyword.groovy)&#xD;
	at com.kms.katalon.core.keyword.internal.KeywordMain.runKeyword(KeywordMain.groovy:68)&#xD;
	at com.kms.katalon.core.webservice.keyword.builtin.VerifyElementPropertyValueKeyword.verifyElementPropertyValue(VerifyElementPropertyValueKeyword.groovy:48)&#xD;
	at com.kms.katalon.core.webservice.keyword.builtin.VerifyElementPropertyValueKeyword.execute(VerifyElementPropertyValueKeyword.groovy:43)&#xD;
	at com.kms.katalon.core.keyword.internal.KeywordExecutor.executeKeywordForPlatform(KeywordExecutor.groovy:56)&#xD;
	at com.kms.katalon.core.webservice.keyword.WSBuiltInKeywords.verifyElementPropertyValue(WSBuiltInKeywords.groovy:123)&#xD;
	at com.kms.katalon.core.webservice.keyword.WSBuiltInKeywords$verifyElementPropertyValue$2.call(Unknown Source)&#xD;
	at WSVerification1568908299576.run(WSVerification1568908299576:15)&#xD;
	at com.kms.katalon.core.main.ScriptEngine.run(ScriptEngine.java:194)&#xD;
	at com.kms.katalon.core.main.ScriptEngine.runScriptAsRawText(ScriptEngine.java:119)&#xD;
	at com.kms.katalon.core.main.WSVerificationExecutor.runScript(WSVerificationExecutor.java:146)&#xD;
	at com.kms.katalon.core.main.WSVerificationExecutor.doExecute(WSVerificationExecutor.java:140)&#xD;
	at com.kms.katalon.core.main.WSVerificationExecutor.processExecutionPhase(WSVerificationExecutor.java:123)&#xD;
	at com.kms.katalon.core.main.WSVerificationExecutor.accessMainPhase(WSVerificationExecutor.java:115)&#xD;
	at com.kms.katalon.core.main.WSVerificationExecutor.execute(WSVerificationExecutor.java:103)&#xD;
	at com.kms.katalon.core.main.TestCaseMain.runWSVerificationScript(TestCaseMain.java:127)&#xD;
	at com.kms.katalon.core.webservice.keyword.builtin.SendRequestAndVerifyKeyword$_sendRequestAndVerify_closure1.doCall(SendRequestAndVerifyKeyword.groovy:55)&#xD;
	at com.kms.katalon.core.webservice.keyword.builtin.SendRequestAndVerifyKeyword$_sendRequestAndVerify_closure1.call(SendRequestAndVerifyKeyword.groovy)&#xD;
	at com.kms.katalon.core.keyword.internal.KeywordMain.runKeyword(KeywordMain.groovy:68)&#xD;
	at com.kms.katalon.core.webservice.keyword.builtin.SendRequestAndVerifyKeyword.sendRequestAndVerify(SendRequestAndVerifyKeyword.groovy:43)&#xD;
	at com.kms.katalon.core.webservice.keyword.builtin.SendRequestAndVerifyKeyword.execute(SendRequestAndVerifyKeyword.groovy:38)&#xD;
	at com.kms.katalon.core.keyword.internal.KeywordExecutor.executeKeywordForPlatform(KeywordExecutor.groovy:56)&#xD;
	at com.kms.katalon.core.webservice.keyword.WSBuiltInKeywords.sendRequestAndVerify(WSBuiltInKeywords.groovy:65)&#xD;
	at com.kms.katalon.core.webservice.keyword.WSBuiltInKeywords$sendRequestAndVerify$0.call(Unknown Source)&#xD;
	at iUserCropProduct_Test.run(iUserCropProduct_Test:16)&#xD;
	at com.kms.katalon.core.main.ScriptEngine.run(ScriptEngine.java:194)&#xD;
	at com.kms.katalon.core.main.ScriptEngine.runScriptAsRawText(ScriptEngine.java:119)&#xD;
	at com.kms.katalon.core.main.TestCaseExecutor.runScript(TestCaseExecutor.java:337)&#xD;
	at com.kms.katalon.core.main.TestCaseExecutor.doExecute(TestCaseExecutor.java:328)&#xD;
	at com.kms.katalon.core.main.TestCaseExecutor.processExecutionPhase(TestCaseExecutor.java:307)&#xD;
	at com.kms.katalon.core.main.TestCaseExecutor.accessMainPhase(TestCaseExecutor.java:299)&#xD;
	at com.kms.katalon.core.main.TestCaseExecutor.execute(TestCaseExecutor.java:233)&#xD;
	at com.kms.katalon.core.main.TestSuiteExecutor.accessTestCaseMainPhase(TestSuiteExecutor.java:169)&#xD;
	at com.kms.katalon.core.main.TestSuiteExecutor.accessTestSuiteMainPhase(TestSuiteExecutor.java:142)&#xD;
	at com.kms.katalon.core.main.TestSuiteExecutor.execute(TestSuiteExecutor.java:91)&#xD;
	at com.kms.katalon.core.main.TestCaseMain.startTestSuite(TestCaseMain.java:157)&#xD;
	at com.kms.katalon.core.main.TestCaseMain$startTestSuite$0.call(Unknown Source)&#xD;
	at TempTestSuite1568908277252.run(TempTestSuite1568908277252.groovy:35)&#xD;
)&#xD;
	at com.kms.katalon.core.keyword.internal.KeywordMain.stepFailed(KeywordMain.groovy:50)&#xD;
	at com.kms.katalon.core.keyword.internal.KeywordMain.stepFailed(KeywordMain.groovy)&#xD;
	at com.kms.katalon.core.keyword.internal.KeywordMain.runKeyword(KeywordMain.groovy:70)&#xD;
	at com.kms.katalon.core.webservice.keyword.builtin.VerifyElementPropertyValueKeyword.verifyElementPropertyValue(VerifyElementPropertyValueKeyword.groovy:48)&#xD;
	at com.kms.katalon.core.webservice.keyword.builtin.VerifyElementPropertyValueKeyword.execute(VerifyElementPropertyValueKeyword.groovy:43)&#xD;
	at com.kms.katalon.core.keyword.internal.KeywordExecutor.executeKeywordForPlatform(KeywordExecutor.groovy:56)&#xD;
	at com.kms.katalon.core.webservice.keyword.WSBuiltInKeywords.verifyElementPropertyValue(WSBuiltInKeywords.groovy:123)&#xD;
	at com.kms.katalon.core.webservice.keyword.WSBuiltInKeywords$verifyElementPropertyValue$2.call(Unknown Source)&#xD;
	at WSVerification1568908299576.run(WSVerification1568908299576:15)&#xD;
	at com.kms.katalon.core.main.ScriptEngine.run(ScriptEngine.java:194)&#xD;
	at com.kms.katalon.core.main.ScriptEngine.runScriptAsRawText(ScriptEngine.java:119)&#xD;
	at com.kms.katalon.core.main.WSVerificationExecutor.runScript(WSVerificationExecutor.java:146)&#xD;
	at com.kms.katalon.core.main.WSVerificationExecutor.doExecute(WSVerificationExecutor.java:140)&#xD;
	at com.kms.katalon.core.main.WSVerificationExecutor.processExecutionPhase(WSVerificationExecutor.java:123)&#xD;
	at com.kms.katalon.core.main.WSVerificationExecutor.accessMainPhase(WSVerificationExecutor.java:115)&#xD;
	at com.kms.katalon.core.main.WSVerificationExecutor.execute(WSVerificationExecutor.java:103)&#xD;
	at com.kms.katalon.core.main.TestCaseMain.runWSVerificationScript(TestCaseMain.java:127)&#xD;
	at com.kms.katalon.core.webservice.keyword.builtin.SendRequestAndVerifyKeyword$_sendRequestAndVerify_closure1.doCall(SendRequestAndVerifyKeyword.groovy:55)&#xD;
	at com.kms.katalon.core.webservice.keyword.builtin.SendRequestAndVerifyKeyword$_sendRequestAndVerify_closure1.call(SendRequestAndVerifyKeyword.groovy)&#xD;
	at com.kms.katalon.core.keyword.internal.KeywordMain.runKeyword(KeywordMain.groovy:68)&#xD;
	at com.kms.katalon.core.webservice.keyword.builtin.SendRequestAndVerifyKeyword.sendRequestAndVerify(SendRequestAndVerifyKeyword.groovy:43)&#xD;
	at com.kms.katalon.core.webservice.keyword.builtin.SendRequestAndVerifyKeyword.execute(SendRequestAndVerifyKeyword.groovy:38)&#xD;
	at com.kms.katalon.core.keyword.internal.KeywordExecutor.executeKeywordForPlatform(KeywordExecutor.groovy:56)&#xD;
	at com.kms.katalon.core.webservice.keyword.WSBuiltInKeywords.sendRequestAndVerify(WSBuiltInKeywords.groovy:65)&#xD;
	at com.kms.katalon.core.webservice.keyword.WSBuiltInKeywords$sendRequestAndVerify$0.call(Unknown Source)&#xD;
	at iUserCropProduct_Test.run(iUserCropProduct_Test:16)&#xD;
	at com.kms.katalon.core.main.ScriptEngine.run(ScriptEngine.java:194)&#xD;
	at com.kms.katalon.core.main.ScriptEngine.runScriptAsRawText(ScriptEngine.java:119)&#xD;
	at com.kms.katalon.core.main.TestCaseExecutor.runScript(TestCaseExecutor.java:337)&#xD;
	at com.kms.katalon.core.main.TestCaseExecutor.doExecute(TestCaseExecutor.java:328)&#xD;
	at com.kms.katalon.core.main.TestCaseExecutor.processExecutionPhase(TestCaseExecutor.java:307)&#xD;
	at com.kms.katalon.core.main.TestCaseExecutor.accessMainPhase(TestCaseExecutor.java:299)&#xD;
	at com.kms.katalon.core.main.TestCaseExecutor.execute(TestCaseExecutor.java:233)&#xD;
	at com.kms.katalon.core.main.TestSuiteExecutor.accessTestCaseMainPhase(TestSuiteExecutor.java:169)&#xD;
	at com.kms.katalon.core.main.TestSuiteExecutor.accessTestSuiteMainPhase(TestSuiteExecutor.java:142)&#xD;
	at com.kms.katalon.core.main.TestSuiteExecutor.execute(TestSuiteExecutor.java:91)&#xD;
	at com.kms.katalon.core.main.TestCaseMain.startTestSuite(TestCaseMain.java:157)&#xD;
	at com.kms.katalon.core.main.TestCaseMain$startTestSuite$0.call(Unknown Source)&#xD;
	at TempTestSuite1568908277252.run(TempTestSuite1568908277252.groovy:35)&#xD;
Caused by: groovy.json.JsonException: Unable to determine the current character, it is not a string, number, array, or object

The current character read is 'H' with an int value of 72
Unable to determine the current character, it is not a string, number, array, or object
line number 1
index number 0
Header Params are missing.
^&#xD;
	at Script1.run(Script1.groovy:1)&#xD;
	at com.kms.katalon.core.webservice.helper.WebServiceCommonHelper.parseAndGetPropertyValueForJson(WebServiceCommonHelper.java:159)&#xD;
	at com.kms.katalon.core.webservice.keyword.builtin.VerifyElementPropertyValueKeyword$_verifyElementPropertyValue_closure1.doCall(VerifyElementPropertyValueKeyword.groovy:52)&#xD;
	at com.kms.katalon.core.webservice.keyword.builtin.VerifyElementPropertyValueKeyword$_verifyElementPropertyValue_closure1.call(VerifyElementPropertyValueKeyword.groovy)&#xD;
	at com.kms.katalon.core.keyword.internal.KeywordMain.runKeyword(KeywordMain.groovy:68)&#xD;
	... 36 more&#xD;
&#xD;
&#xD;
2019-09-19 21:21:39 - [TEST_STEP][PASSED] - request = getInstance().getCurrentRequest(): null&#xD;
&#xD;
2019-09-19 21:21:39 - [TEST_STEP][PASSED] - response = getInstance().getCurrentResponse(): null&#xD;
&#xD;
2019-09-19 21:21:39 - [TEST_STEP][FAILED] - verifyElementPropertyValue(response, "cropproductinfo[0].cropId", "3fae2c89-2173-4bda-a49b-1c27b5fc5e07"): Unable to verify element property value (Root cause: groovy.json.JsonException: Unable to determine the current character, it is not a string, number, array, or object

The current character read is 'H' with an int value of 72
Unable to determine the current character, it is not a string, number, array, or object
line number 1
index number 0
Header Params are missing.
^&#xD;
	at Script1.run(Script1.groovy:1)&#xD;
	at com.kms.katalon.core.webservice.helper.WebServiceCommonHelper.parseAndGetPropertyValueForJson(WebServiceCommonHelper.java:159)&#xD;
	at com.kms.katalon.core.webservice.keyword.builtin.VerifyElementPropertyValueKeyword$_verifyElementPropertyValue_closure1.doCall(VerifyElementPropertyValueKeyword.groovy:52)&#xD;
	at com.kms.katalon.core.webservice.keyword.builtin.VerifyElementPropertyValueKeyword$_verifyElementPropertyValue_closure1.call(VerifyElementPropertyValueKeyword.groovy)&#xD;
	at com.kms.katalon.core.keyword.internal.KeywordMain.runKeyword(KeywordMain.groovy:68)&#xD;
	at com.kms.katalon.core.webservice.keyword.builtin.VerifyElementPropertyValueKeyword.verifyElementPropertyValue(VerifyElementPropertyValueKeyword.groovy:48)&#xD;
	at com.kms.katalon.core.webservice.keyword.builtin.VerifyElementPropertyValueKeyword.execute(VerifyElementPropertyValueKeyword.groovy:43)&#xD;
	at com.kms.katalon.core.keyword.internal.KeywordExecutor.executeKeywordForPlatform(KeywordExecutor.groovy:56)&#xD;
	at com.kms.katalon.core.webservice.keyword.WSBuiltInKeywords.verifyElementPropertyValue(WSBuiltInKeywords.groovy:123)&#xD;
	at com.kms.katalon.core.webservice.keyword.WSBuiltInKeywords$verifyElementPropertyValue$2.call(Unknown Source)&#xD;
	at WSVerification1568908299576.run(WSVerification1568908299576:15)&#xD;
	at com.kms.katalon.core.main.ScriptEngine.run(ScriptEngine.java:194)&#xD;
	at com.kms.katalon.core.main.ScriptEngine.runScriptAsRawText(ScriptEngine.java:119)&#xD;
	at com.kms.katalon.core.main.WSVerificationExecutor.runScript(WSVerificationExecutor.java:146)&#xD;
	at com.kms.katalon.core.main.WSVerificationExecutor.doExecute(WSVerificationExecutor.java:140)&#xD;
	at com.kms.katalon.core.main.WSVerificationExecutor.processExecutionPhase(WSVerificationExecutor.java:123)&#xD;
	at com.kms.katalon.core.main.WSVerificationExecutor.accessMainPhase(WSVerificationExecutor.java:115)&#xD;
	at com.kms.katalon.core.main.WSVerificationExecutor.execute(WSVerificationExecutor.java:103)&#xD;
	at com.kms.katalon.core.main.TestCaseMain.runWSVerificationScript(TestCaseMain.java:127)&#xD;
	at com.kms.katalon.core.webservice.keyword.builtin.SendRequestAndVerifyKeyword$_sendRequestAndVerify_closure1.doCall(SendRequestAndVerifyKeyword.groovy:55)&#xD;
	at com.kms.katalon.core.webservice.keyword.builtin.SendRequestAndVerifyKeyword$_sendRequestAndVerify_closure1.call(SendRequestAndVerifyKeyword.groovy)&#xD;
	at com.kms.katalon.core.keyword.internal.KeywordMain.runKeyword(KeywordMain.groovy:68)&#xD;
	at com.kms.katalon.core.webservice.keyword.builtin.SendRequestAndVerifyKeyword.sendRequestAndVerify(SendRequestAndVerifyKeyword.groovy:43)&#xD;
	at com.kms.katalon.core.webservice.keyword.builtin.SendRequestAndVerifyKeyword.execute(SendRequestAndVerifyKeyword.groovy:38)&#xD;
	at com.kms.katalon.core.keyword.internal.KeywordExecutor.executeKeywordForPlatform(KeywordExecutor.groovy:56)&#xD;
	at com.kms.katalon.core.webservice.keyword.WSBuiltInKeywords.sendRequestAndVerify(WSBuiltInKeywords.groovy:65)&#xD;
	at com.kms.katalon.core.webservice.keyword.WSBuiltInKeywords$sendRequestAndVerify$0.call(Unknown Source)&#xD;
	at iUserCropProduct_Test.run(iUserCropProduct_Test:16)&#xD;
	at com.kms.katalon.core.main.ScriptEngine.run(ScriptEngine.java:194)&#xD;
	at com.kms.katalon.core.main.ScriptEngine.runScriptAsRawText(ScriptEngine.java:119)&#xD;
	at com.kms.katalon.core.main.TestCaseExecutor.runScript(TestCaseExecutor.java:337)&#xD;
	at com.kms.katalon.core.main.TestCaseExecutor.doExecute(TestCaseExecutor.java:328)&#xD;
	at com.kms.katalon.core.main.TestCaseExecutor.processExecutionPhase(TestCaseExecutor.java:307)&#xD;
	at com.kms.katalon.core.main.TestCaseExecutor.accessMainPhase(TestCaseExecutor.java:299)&#xD;
	at com.kms.katalon.core.main.TestCaseExecutor.execute(TestCaseExecutor.java:233)&#xD;
	at com.kms.katalon.core.main.TestSuiteExecutor.accessTestCaseMainPhase(TestSuiteExecutor.java:169)&#xD;
	at com.kms.katalon.core.main.TestSuiteExecutor.accessTestSuiteMainPhase(TestSuiteExecutor.java:142)&#xD;
	at com.kms.katalon.core.main.TestSuiteExecutor.execute(TestSuiteExecutor.java:91)&#xD;
	at com.kms.katalon.core.main.TestCaseMain.startTestSuite(TestCaseMain.java:157)&#xD;
	at com.kms.katalon.core.main.TestCaseMain$startTestSuite$0.call(Unknown Source)&#xD;
	at TempTestSuite1568908277252.run(TempTestSuite1568908277252.groovy:35)&#xD;
)&#xD;
&#xD;
2019-09-19 21:21:39 - [MESSAGE][FAILED] - Unable to verify element property value (Root cause: groovy.json.JsonException: Unable to determine the current character, it is not a string, number, array, or object

The current character read is 'H' with an int value of 72
Unable to determine the current character, it is not a string, number, array, or object
line number 1
index number 0
Header Params are missing.
^&#xD;
	at Script1.run(Script1.groovy:1)&#xD;
	at com.kms.katalon.core.webservice.helper.WebServiceCommonHelper.parseAndGetPropertyValueForJson(WebServiceCommonHelper.java:159)&#xD;
	at com.kms.katalon.core.webservice.keyword.builtin.VerifyElementPropertyValueKeyword$_verifyElementPropertyValue_closure1.doCall(VerifyElementPropertyValueKeyword.groovy:52)&#xD;
	at com.kms.katalon.core.webservice.keyword.builtin.VerifyElementPropertyValueKeyword$_verifyElementPropertyValue_closure1.call(VerifyElementPropertyValueKeyword.groovy)&#xD;
	at com.kms.katalon.core.keyword.internal.KeywordMain.runKeyword(KeywordMain.groovy:68)&#xD;
	at com.kms.katalon.core.webservice.keyword.builtin.VerifyElementPropertyValueKeyword.verifyElementPropertyValue(VerifyElementPropertyValueKeyword.groovy:48)&#xD;
	at com.kms.katalon.core.webservice.keyword.builtin.VerifyElementPropertyValueKeyword.execute(VerifyElementPropertyValueKeyword.groovy:43)&#xD;
	at com.kms.katalon.core.keyword.internal.KeywordExecutor.executeKeywordForPlatform(KeywordExecutor.groovy:56)&#xD;
	at com.kms.katalon.core.webservice.keyword.WSBuiltInKeywords.verifyElementPropertyValue(WSBuiltInKeywords.groovy:123)&#xD;
	at com.kms.katalon.core.webservice.keyword.WSBuiltInKeywords$verifyElementPropertyValue$2.call(Unknown Source)&#xD;
	at WSVerification1568908299576.run(WSVerification1568908299576:15)&#xD;
	at com.kms.katalon.core.main.ScriptEngine.run(ScriptEngine.java:194)&#xD;
	at com.kms.katalon.core.main.ScriptEngine.runScriptAsRawText(ScriptEngine.java:119)&#xD;
	at com.kms.katalon.core.main.WSVerificationExecutor.runScript(WSVerificationExecutor.java:146)&#xD;
	at com.kms.katalon.core.main.WSVerificationExecutor.doExecute(WSVerificationExecutor.java:140)&#xD;
	at com.kms.katalon.core.main.WSVerificationExecutor.processExecutionPhase(WSVerificationExecutor.java:123)&#xD;
	at com.kms.katalon.core.main.WSVerificationExecutor.accessMainPhase(WSVerificationExecutor.java:115)&#xD;
	at com.kms.katalon.core.main.WSVerificationExecutor.execute(WSVerificationExecutor.java:103)&#xD;
	at com.kms.katalon.core.main.TestCaseMain.runWSVerificationScript(TestCaseMain.java:127)&#xD;
	at com.kms.katalon.core.webservice.keyword.builtin.SendRequestAndVerifyKeyword$_sendRequestAndVerify_closure1.doCall(SendRequestAndVerifyKeyword.groovy:55)&#xD;
	at com.kms.katalon.core.webservice.keyword.builtin.SendRequestAndVerifyKeyword$_sendRequestAndVerify_closure1.call(SendRequestAndVerifyKeyword.groovy)&#xD;
	at com.kms.katalon.core.keyword.internal.KeywordMain.runKeyword(KeywordMain.groovy:68)&#xD;
	at com.kms.katalon.core.webservice.keyword.builtin.SendRequestAndVerifyKeyword.sendRequestAndVerify(SendRequestAndVerifyKeyword.groovy:43)&#xD;
	at com.kms.katalon.core.webservice.keyword.builtin.SendRequestAndVerifyKeyword.execute(SendRequestAndVerifyKeyword.groovy:38)&#xD;
	at com.kms.katalon.core.keyword.internal.KeywordExecutor.executeKeywordForPlatform(KeywordExecutor.groovy:56)&#xD;
	at com.kms.katalon.core.webservice.keyword.WSBuiltInKeywords.sendRequestAndVerify(WSBuiltInKeywords.groovy:65)&#xD;
	at com.kms.katalon.core.webservice.keyword.WSBuiltInKeywords$sendRequestAndVerify$0.call(Unknown Source)&#xD;
	at iUserCropProduct_Test.run(iUserCropProduct_Test:16)&#xD;
	at com.kms.katalon.core.main.ScriptEngine.run(ScriptEngine.java:194)&#xD;
	at com.kms.katalon.core.main.ScriptEngine.runScriptAsRawText(ScriptEngine.java:119)&#xD;
	at com.kms.katalon.core.main.TestCaseExecutor.runScript(TestCaseExecutor.java:337)&#xD;
	at com.kms.katalon.core.main.TestCaseExecutor.doExecute(TestCaseExecutor.java:328)&#xD;
	at com.kms.katalon.core.main.TestCaseExecutor.processExecutionPhase(TestCaseExecutor.java:307)&#xD;
	at com.kms.katalon.core.main.TestCaseExecutor.accessMainPhase(TestCaseExecutor.java:299)&#xD;
	at com.kms.katalon.core.main.TestCaseExecutor.execute(TestCaseExecutor.java:233)&#xD;
	at com.kms.katalon.core.main.TestSuiteExecutor.accessTestCaseMainPhase(TestSuiteExecutor.java:169)&#xD;
	at com.kms.katalon.core.main.TestSuiteExecutor.accessTestSuiteMainPhase(TestSuiteExecutor.java:142)&#xD;
	at com.kms.katalon.core.main.TestSuiteExecutor.execute(TestSuiteExecutor.java:91)&#xD;
	at com.kms.katalon.core.main.TestCaseMain.startTestSuite(TestCaseMain.java:157)&#xD;
	at com.kms.katalon.core.main.TestCaseMain$startTestSuite$0.call(Unknown Source)&#xD;
	at TempTestSuite1568908277252.run(TempTestSuite1568908277252.groovy:35)&#xD;
)&#xD;
&#xD;
2019-09-19 21:21:40 - [MESSAGE][FAILED] - Unable to send request and verify the response (Root cause: com.kms.katalon.core.exception.StepFailedException: Verification failed&#xD;
	at com.kms.katalon.core.webservice.keyword.builtin.SendRequestAndVerifyKeyword$_sendRequestAndVerify_closure1.doCall(SendRequestAndVerifyKeyword.groovy:59)&#xD;
	at com.kms.katalon.core.webservice.keyword.builtin.SendRequestAndVerifyKeyword$_sendRequestAndVerify_closure1.call(SendRequestAndVerifyKeyword.groovy)&#xD;
	at com.kms.katalon.core.keyword.internal.KeywordMain.runKeyword(KeywordMain.groovy:68)&#xD;
	at com.kms.katalon.core.webservice.keyword.builtin.SendRequestAndVerifyKeyword.sendRequestAndVerify(SendRequestAndVerifyKeyword.groovy:43)&#xD;
	at com.kms.katalon.core.webservice.keyword.builtin.SendRequestAndVerifyKeyword.execute(SendRequestAndVerifyKeyword.groovy:38)&#xD;
	at com.kms.katalon.core.keyword.internal.KeywordExecutor.executeKeywordForPlatform(KeywordExecutor.groovy:56)&#xD;
	at com.kms.katalon.core.webservice.keyword.WSBuiltInKeywords.sendRequestAndVerify(WSBuiltInKeywords.groovy:65)&#xD;
	at com.kms.katalon.core.webservice.keyword.WSBuiltInKeywords$sendRequestAndVerify$0.call(Unknown Source)&#xD;
	at iUserCropProduct_Test.run(iUserCropProduct_Test:16)&#xD;
	at com.kms.katalon.core.main.ScriptEngine.run(ScriptEngine.java:194)&#xD;
	at com.kms.katalon.core.main.ScriptEngine.runScriptAsRawText(ScriptEngine.java:119)&#xD;
	at com.kms.katalon.core.main.TestCaseExecutor.runScript(TestCaseExecutor.java:337)&#xD;
	at com.kms.katalon.core.main.TestCaseExecutor.doExecute(TestCaseExecutor.java:328)&#xD;
	at com.kms.katalon.core.main.TestCaseExecutor.processExecutionPhase(TestCaseExecutor.java:307)&#xD;
	at com.kms.katalon.core.main.TestCaseExecutor.accessMainPhase(TestCaseExecutor.java:299)&#xD;
	at com.kms.katalon.core.main.TestCaseExecutor.execute(TestCaseExecutor.java:233)&#xD;
	at com.kms.katalon.core.main.TestSuiteExecutor.accessTestCaseMainPhase(TestSuiteExecutor.java:169)&#xD;
	at com.kms.katalon.core.main.TestSuiteExecutor.accessTestSuiteMainPhase(TestSuiteExecutor.java:142)&#xD;
	at com.kms.katalon.core.main.TestSuiteExecutor.execute(TestSuiteExecutor.java:91)&#xD;
	at com.kms.katalon.core.main.TestCaseMain.startTestSuite(TestCaseMain.java:157)&#xD;
	at com.kms.katalon.core.main.TestCaseMain$startTestSuite$0.call(Unknown Source)&#xD;
	at TempTestSuite1568908277252.run(TempTestSuite1568908277252.groovy:35)&#xD;
)</system-out>
            <system-err>2019-09-19 21:21:39 - [TEST_CASE][FAILED] - Test Cases/iUserCropProduct_Test: Test Cases/iUserCropProduct_Test FAILED.
Reason:
com.kms.katalon.core.exception.StepFailedException: Unable to verify element property value (Root cause: groovy.json.JsonException: Unable to determine the current character, it is not a string, number, array, or object

The current character read is 'H' with an int value of 72
Unable to determine the current character, it is not a string, number, array, or object
line number 1
index number 0
Header Params are missing.
^&#xD;
	at Script1.run(Script1.groovy:1)&#xD;
	at com.kms.katalon.core.webservice.helper.WebServiceCommonHelper.parseAndGetPropertyValueForJson(WebServiceCommonHelper.java:159)&#xD;
	at com.kms.katalon.core.webservice.keyword.builtin.VerifyElementPropertyValueKeyword$_verifyElementPropertyValue_closure1.doCall(VerifyElementPropertyValueKeyword.groovy:52)&#xD;
	at com.kms.katalon.core.webservice.keyword.builtin.VerifyElementPropertyValueKeyword$_verifyElementPropertyValue_closure1.call(VerifyElementPropertyValueKeyword.groovy)&#xD;
	at com.kms.katalon.core.keyword.internal.KeywordMain.runKeyword(KeywordMain.groovy:68)&#xD;
	at com.kms.katalon.core.webservice.keyword.builtin.VerifyElementPropertyValueKeyword.verifyElementPropertyValue(VerifyElementPropertyValueKeyword.groovy:48)&#xD;
	at com.kms.katalon.core.webservice.keyword.builtin.VerifyElementPropertyValueKeyword.execute(VerifyElementPropertyValueKeyword.groovy:43)&#xD;
	at com.kms.katalon.core.keyword.internal.KeywordExecutor.executeKeywordForPlatform(KeywordExecutor.groovy:56)&#xD;
	at com.kms.katalon.core.webservice.keyword.WSBuiltInKeywords.verifyElementPropertyValue(WSBuiltInKeywords.groovy:123)&#xD;
	at com.kms.katalon.core.webservice.keyword.WSBuiltInKeywords$verifyElementPropertyValue$2.call(Unknown Source)&#xD;
	at WSVerification1568908299576.run(WSVerification1568908299576:15)&#xD;
	at com.kms.katalon.core.main.ScriptEngine.run(ScriptEngine.java:194)&#xD;
	at com.kms.katalon.core.main.ScriptEngine.runScriptAsRawText(ScriptEngine.java:119)&#xD;
	at com.kms.katalon.core.main.WSVerificationExecutor.runScript(WSVerificationExecutor.java:146)&#xD;
	at com.kms.katalon.core.main.WSVerificationExecutor.doExecute(WSVerificationExecutor.java:140)&#xD;
	at com.kms.katalon.core.main.WSVerificationExecutor.processExecutionPhase(WSVerificationExecutor.java:123)&#xD;
	at com.kms.katalon.core.main.WSVerificationExecutor.accessMainPhase(WSVerificationExecutor.java:115)&#xD;
	at com.kms.katalon.core.main.WSVerificationExecutor.execute(WSVerificationExecutor.java:103)&#xD;
	at com.kms.katalon.core.main.TestCaseMain.runWSVerificationScript(TestCaseMain.java:127)&#xD;
	at com.kms.katalon.core.webservice.keyword.builtin.SendRequestAndVerifyKeyword$_sendRequestAndVerify_closure1.doCall(SendRequestAndVerifyKeyword.groovy:55)&#xD;
	at com.kms.katalon.core.webservice.keyword.builtin.SendRequestAndVerifyKeyword$_sendRequestAndVerify_closure1.call(SendRequestAndVerifyKeyword.groovy)&#xD;
	at com.kms.katalon.core.keyword.internal.KeywordMain.runKeyword(KeywordMain.groovy:68)&#xD;
	at com.kms.katalon.core.webservice.keyword.builtin.SendRequestAndVerifyKeyword.sendRequestAndVerify(SendRequestAndVerifyKeyword.groovy:43)&#xD;
	at com.kms.katalon.core.webservice.keyword.builtin.SendRequestAndVerifyKeyword.execute(SendRequestAndVerifyKeyword.groovy:38)&#xD;
	at com.kms.katalon.core.keyword.internal.KeywordExecutor.executeKeywordForPlatform(KeywordExecutor.groovy:56)&#xD;
	at com.kms.katalon.core.webservice.keyword.WSBuiltInKeywords.sendRequestAndVerify(WSBuiltInKeywords.groovy:65)&#xD;
	at com.kms.katalon.core.webservice.keyword.WSBuiltInKeywords$sendRequestAndVerify$0.call(Unknown Source)&#xD;
	at iUserCropProduct_Test.run(iUserCropProduct_Test:16)&#xD;
	at com.kms.katalon.core.main.ScriptEngine.run(ScriptEngine.java:194)&#xD;
	at com.kms.katalon.core.main.ScriptEngine.runScriptAsRawText(ScriptEngine.java:119)&#xD;
	at com.kms.katalon.core.main.TestCaseExecutor.runScript(TestCaseExecutor.java:337)&#xD;
	at com.kms.katalon.core.main.TestCaseExecutor.doExecute(TestCaseExecutor.java:328)&#xD;
	at com.kms.katalon.core.main.TestCaseExecutor.processExecutionPhase(TestCaseExecutor.java:307)&#xD;
	at com.kms.katalon.core.main.TestCaseExecutor.accessMainPhase(TestCaseExecutor.java:299)&#xD;
	at com.kms.katalon.core.main.TestCaseExecutor.execute(TestCaseExecutor.java:233)&#xD;
	at com.kms.katalon.core.main.TestSuiteExecutor.accessTestCaseMainPhase(TestSuiteExecutor.java:169)&#xD;
	at com.kms.katalon.core.main.TestSuiteExecutor.accessTestSuiteMainPhase(TestSuiteExecutor.java:142)&#xD;
	at com.kms.katalon.core.main.TestSuiteExecutor.execute(TestSuiteExecutor.java:91)&#xD;
	at com.kms.katalon.core.main.TestCaseMain.startTestSuite(TestCaseMain.java:157)&#xD;
	at com.kms.katalon.core.main.TestCaseMain$startTestSuite$0.call(Unknown Source)&#xD;
	at TempTestSuite1568908277252.run(TempTestSuite1568908277252.groovy:35)&#xD;
)&#xD;
	at com.kms.katalon.core.keyword.internal.KeywordMain.stepFailed(KeywordMain.groovy:50)&#xD;
	at com.kms.katalon.core.keyword.internal.KeywordMain.stepFailed(KeywordMain.groovy)&#xD;
	at com.kms.katalon.core.keyword.internal.KeywordMain.runKeyword(KeywordMain.groovy:70)&#xD;
	at com.kms.katalon.core.webservice.keyword.builtin.VerifyElementPropertyValueKeyword.verifyElementPropertyValue(VerifyElementPropertyValueKeyword.groovy:48)&#xD;
	at com.kms.katalon.core.webservice.keyword.builtin.VerifyElementPropertyValueKeyword.execute(VerifyElementPropertyValueKeyword.groovy:43)&#xD;
	at com.kms.katalon.core.keyword.internal.KeywordExecutor.executeKeywordForPlatform(KeywordExecutor.groovy:56)&#xD;
	at com.kms.katalon.core.webservice.keyword.WSBuiltInKeywords.verifyElementPropertyValue(WSBuiltInKeywords.groovy:123)&#xD;
	at com.kms.katalon.core.webservice.keyword.WSBuiltInKeywords$verifyElementPropertyValue$2.call(Unknown Source)&#xD;
	at WSVerification1568908299576.run(WSVerification1568908299576:15)&#xD;
	at com.kms.katalon.core.main.ScriptEngine.run(ScriptEngine.java:194)&#xD;
	at com.kms.katalon.core.main.ScriptEngine.runScriptAsRawText(ScriptEngine.java:119)&#xD;
	at com.kms.katalon.core.main.WSVerificationExecutor.runScript(WSVerificationExecutor.java:146)&#xD;
	at com.kms.katalon.core.main.WSVerificationExecutor.doExecute(WSVerificationExecutor.java:140)&#xD;
	at com.kms.katalon.core.main.WSVerificationExecutor.processExecutionPhase(WSVerificationExecutor.java:123)&#xD;
	at com.kms.katalon.core.main.WSVerificationExecutor.accessMainPhase(WSVerificationExecutor.java:115)&#xD;
	at com.kms.katalon.core.main.WSVerificationExecutor.execute(WSVerificationExecutor.java:103)&#xD;
	at com.kms.katalon.core.main.TestCaseMain.runWSVerificationScript(TestCaseMain.java:127)&#xD;
	at com.kms.katalon.core.webservice.keyword.builtin.SendRequestAndVerifyKeyword$_sendRequestAndVerify_closure1.doCall(SendRequestAndVerifyKeyword.groovy:55)&#xD;
	at com.kms.katalon.core.webservice.keyword.builtin.SendRequestAndVerifyKeyword$_sendRequestAndVerify_closure1.call(SendRequestAndVerifyKeyword.groovy)&#xD;
	at com.kms.katalon.core.keyword.internal.KeywordMain.runKeyword(KeywordMain.groovy:68)&#xD;
	at com.kms.katalon.core.webservice.keyword.builtin.SendRequestAndVerifyKeyword.sendRequestAndVerify(SendRequestAndVerifyKeyword.groovy:43)&#xD;
	at com.kms.katalon.core.webservice.keyword.builtin.SendRequestAndVerifyKeyword.execute(SendRequestAndVerifyKeyword.groovy:38)&#xD;
	at com.kms.katalon.core.keyword.internal.KeywordExecutor.executeKeywordForPlatform(KeywordExecutor.groovy:56)&#xD;
	at com.kms.katalon.core.webservice.keyword.WSBuiltInKeywords.sendRequestAndVerify(WSBuiltInKeywords.groovy:65)&#xD;
	at com.kms.katalon.core.webservice.keyword.WSBuiltInKeywords$sendRequestAndVerify$0.call(Unknown Source)&#xD;
	at iUserCropProduct_Test.run(iUserCropProduct_Test:16)&#xD;
	at com.kms.katalon.core.main.ScriptEngine.run(ScriptEngine.java:194)&#xD;
	at com.kms.katalon.core.main.ScriptEngine.runScriptAsRawText(ScriptEngine.java:119)&#xD;
	at com.kms.katalon.core.main.TestCaseExecutor.runScript(TestCaseExecutor.java:337)&#xD;
	at com.kms.katalon.core.main.TestCaseExecutor.doExecute(TestCaseExecutor.java:328)&#xD;
	at com.kms.katalon.core.main.TestCaseExecutor.processExecutionPhase(TestCaseExecutor.java:307)&#xD;
	at com.kms.katalon.core.main.TestCaseExecutor.accessMainPhase(TestCaseExecutor.java:299)&#xD;
	at com.kms.katalon.core.main.TestCaseExecutor.execute(TestCaseExecutor.java:233)&#xD;
	at com.kms.katalon.core.main.TestSuiteExecutor.accessTestCaseMainPhase(TestSuiteExecutor.java:169)&#xD;
	at com.kms.katalon.core.main.TestSuiteExecutor.accessTestSuiteMainPhase(TestSuiteExecutor.java:142)&#xD;
	at com.kms.katalon.core.main.TestSuiteExecutor.execute(TestSuiteExecutor.java:91)&#xD;
	at com.kms.katalon.core.main.TestCaseMain.startTestSuite(TestCaseMain.java:157)&#xD;
	at com.kms.katalon.core.main.TestCaseMain$startTestSuite$0.call(Unknown Source)&#xD;
	at TempTestSuite1568908277252.run(TempTestSuite1568908277252.groovy:35)&#xD;
Caused by: groovy.json.JsonException: Unable to determine the current character, it is not a string, number, array, or object

The current character read is 'H' with an int value of 72
Unable to determine the current character, it is not a string, number, array, or object
line number 1
index number 0
Header Params are missing.
^&#xD;
	at Script1.run(Script1.groovy:1)&#xD;
	at com.kms.katalon.core.webservice.helper.WebServiceCommonHelper.parseAndGetPropertyValueForJson(WebServiceCommonHelper.java:159)&#xD;
	at com.kms.katalon.core.webservice.keyword.builtin.VerifyElementPropertyValueKeyword$_verifyElementPropertyValue_closure1.doCall(VerifyElementPropertyValueKeyword.groovy:52)&#xD;
	at com.kms.katalon.core.webservice.keyword.builtin.VerifyElementPropertyValueKeyword$_verifyElementPropertyValue_closure1.call(VerifyElementPropertyValueKeyword.groovy)&#xD;
	at com.kms.katalon.core.keyword.internal.KeywordMain.runKeyword(KeywordMain.groovy:68)&#xD;
	... 36 more</system-err>
        </testcase>
        <testcase name="Test Cases/jUserGeographyDetails_Test" classname="Test Cases/jUserGeographyDetails_Test" status="FAILED">
            <failure type="FAILED" message="Test Cases/jUserGeographyDetails_Test FAILED.&#xA;Reason:&#xA;com.kms.katalon.core.exception.StepFailedException: Expected status code is '200' but actual status code is '404'&#xD;&#xA;&#x9;at com.kms.katalon.core.keyword.internal.KeywordMain.stepFailed(KeywordMain.groovy:50)&#xD;&#xA;&#x9;at com.kms.katalon.core.webservice.keyword.builtin.VerifyResponseStatusCodeKeyword.verifyStatusCode(VerifyResponseStatusCodeKeyword.groovy:52)&#xD;&#xA;&#x9;at com.kms.katalon.core.webservice.keyword.builtin.VerifyResponseStatusCodeKeyword$_verifyResponseStatusCode_closure1.doCall(VerifyResponseStatusCodeKeyword.groovy:42)&#xD;&#xA;&#x9;at com.kms.katalon.core.webservice.keyword.builtin.VerifyResponseStatusCodeKeyword$_verifyResponseStatusCode_closure1.call(VerifyResponseStatusCodeKeyword.groovy)&#xD;&#xA;&#x9;at com.kms.katalon.core.keyword.internal.KeywordMain.runKeyword(KeywordMain.groovy:68)&#xD;&#xA;&#x9;at com.kms.katalon.core.webservice.keyword.builtin.VerifyResponseStatusCodeKeyword.verifyResponseStatusCode(VerifyResponseStatusCodeKeyword.groovy:37)&#xD;&#xA;&#x9;at com.kms.katalon.core.webservice.keyword.builtin.VerifyResponseStatusCodeKeyword.execute(VerifyResponseStatusCodeKeyword.groovy:32)&#xD;&#xA;&#x9;at com.kms.katalon.core.keyword.internal.KeywordExecutor.executeKeywordForPlatform(KeywordExecutor.groovy:56)&#xD;&#xA;&#x9;at com.kms.katalon.core.webservice.keyword.WSBuiltInKeywords.verifyResponseStatusCode(WSBuiltInKeywords.groovy:212)&#xD;&#xA;&#x9;at com.kms.katalon.core.webservice.keyword.WSBuiltInKeywords$verifyResponseStatusCode$1.call(Unknown Source)&#xD;&#xA;&#x9;at WSVerification1568908301004.run(WSVerification1568908301004:17)&#xD;&#xA;&#x9;at com.kms.katalon.core.main.ScriptEngine.run(ScriptEngine.java:194)&#xD;&#xA;&#x9;at com.kms.katalon.core.main.ScriptEngine.runScriptAsRawText(ScriptEngine.java:119)&#xD;&#xA;&#x9;at com.kms.katalon.core.main.WSVerificationExecutor.runScript(WSVerificationExecutor.java:146)&#xD;&#xA;&#x9;at com.kms.katalon.core.main.WSVerificationExecutor.doExecute(WSVerificationExecutor.java:140)&#xD;&#xA;&#x9;at com.kms.katalon.core.main.WSVerificationExecutor.processExecutionPhase(WSVerificationExecutor.java:123)&#xD;&#xA;&#x9;at com.kms.katalon.core.main.WSVerificationExecutor.accessMainPhase(WSVerificationExecutor.java:115)&#xD;&#xA;&#x9;at com.kms.katalon.core.main.WSVerificationExecutor.execute(WSVerificationExecutor.java:103)&#xD;&#xA;&#x9;at com.kms.katalon.core.main.TestCaseMain.runWSVerificationScript(TestCaseMain.java:127)&#xD;&#xA;&#x9;at com.kms.katalon.core.webservice.keyword.builtin.SendRequestAndVerifyKeyword$_sendRequestAndVerify_closure1.doCall(SendRequestAndVerifyKeyword.groovy:55)&#xD;&#xA;&#x9;at com.kms.katalon.core.webservice.keyword.builtin.SendRequestAndVerifyKeyword$_sendRequestAndVerify_closure1.call(SendRequestAndVerifyKeyword.groovy)&#xD;&#xA;&#x9;at com.kms.katalon.core.keyword.internal.KeywordMain.runKeyword(KeywordMain.groovy:68)&#xD;&#xA;&#x9;at com.kms.katalon.core.webservice.keyword.builtin.SendRequestAndVerifyKeyword.sendRequestAndVerify(SendRequestAndVerifyKeyword.groovy:43)&#xD;&#xA;&#x9;at com.kms.katalon.core.webservice.keyword.builtin.SendRequestAndVerifyKeyword.execute(SendRequestAndVerifyKeyword.groovy:38)&#xD;&#xA;&#x9;at com.kms.katalon.core.keyword.internal.KeywordExecutor.executeKeywordForPlatform(KeywordExecutor.groovy:56)&#xD;&#xA;&#x9;at com.kms.katalon.core.webservice.keyword.WSBuiltInKeywords.sendRequestAndVerify(WSBuiltInKeywords.groovy:65)&#xD;&#xA;&#x9;at com.kms.katalon.core.webservice.keyword.WSBuiltInKeywords$sendRequestAndVerify$0.call(Unknown Source)&#xD;&#xA;&#x9;at jUserGeographyDetails_Test.run(jUserGeographyDetails_Test:16)&#xD;&#xA;&#x9;at com.kms.katalon.core.main.ScriptEngine.run(ScriptEngine.java:194)&#xD;&#xA;&#x9;at com.kms.katalon.core.main.ScriptEngine.runScriptAsRawText(ScriptEngine.java:119)&#xD;&#xA;&#x9;at com.kms.katalon.core.main.TestCaseExecutor.runScript(TestCaseExecutor.java:337)&#xD;&#xA;&#x9;at com.kms.katalon.core.main.TestCaseExecutor.doExecute(TestCaseExecutor.java:328)&#xD;&#xA;&#x9;at com.kms.katalon.core.main.TestCaseExecutor.processExecutionPhase(TestCaseExecutor.java:307)&#xD;&#xA;&#x9;at com.kms.katalon.core.main.TestCaseExecutor.accessMainPhase(TestCaseExecutor.java:299)&#xD;&#xA;&#x9;at com.kms.katalon.core.main.TestCaseExecutor.execute(TestCaseExecutor.java:233)&#xD;&#xA;&#x9;at com.kms.katalon.core.main.TestSuiteExecutor.accessTestCaseMainPhase(TestSuiteExecutor.java:169)&#xD;&#xA;&#x9;at com.kms.katalon.core.main.TestSuiteExecutor.accessTestSuiteMainPhase(TestSuiteExecutor.java:142)&#xD;&#xA;&#x9;at com.kms.katalon.core.main.TestSuiteExecutor.execute(TestSuiteExecutor.java:91)&#xD;&#xA;&#x9;at com.kms.katalon.core.main.TestCaseMain.startTestSuite(TestCaseMain.java:157)&#xD;&#xA;&#x9;at com.kms.katalon.core.main.TestCaseMain$startTestSuite$0.call(Unknown Source)&#xD;&#xA;&#x9;at TempTestSuite1568908277252.run(TempTestSuite1568908277252.groovy:35)&#xD;&#xA;"/>
            <system-out>2019-09-19 21:21:40 - [TEST_CASE][FAILED] - Test Cases/jUserGeographyDetails_Test: Test Cases/jUserGeographyDetails_Test FAILED.
Reason:
com.kms.katalon.core.exception.StepFailedException: Expected status code is '200' but actual status code is '404'&#xD;
	at com.kms.katalon.core.keyword.internal.KeywordMain.stepFailed(KeywordMain.groovy:50)&#xD;
	at com.kms.katalon.core.webservice.keyword.builtin.VerifyResponseStatusCodeKeyword.verifyStatusCode(VerifyResponseStatusCodeKeyword.groovy:52)&#xD;
	at com.kms.katalon.core.webservice.keyword.builtin.VerifyResponseStatusCodeKeyword$_verifyResponseStatusCode_closure1.doCall(VerifyResponseStatusCodeKeyword.groovy:42)&#xD;
	at com.kms.katalon.core.webservice.keyword.builtin.VerifyResponseStatusCodeKeyword$_verifyResponseStatusCode_closure1.call(VerifyResponseStatusCodeKeyword.groovy)&#xD;
	at com.kms.katalon.core.keyword.internal.KeywordMain.runKeyword(KeywordMain.groovy:68)&#xD;
	at com.kms.katalon.core.webservice.keyword.builtin.VerifyResponseStatusCodeKeyword.verifyResponseStatusCode(VerifyResponseStatusCodeKeyword.groovy:37)&#xD;
	at com.kms.katalon.core.webservice.keyword.builtin.VerifyResponseStatusCodeKeyword.execute(VerifyResponseStatusCodeKeyword.groovy:32)&#xD;
	at com.kms.katalon.core.keyword.internal.KeywordExecutor.executeKeywordForPlatform(KeywordExecutor.groovy:56)&#xD;
	at com.kms.katalon.core.webservice.keyword.WSBuiltInKeywords.verifyResponseStatusCode(WSBuiltInKeywords.groovy:212)&#xD;
	at com.kms.katalon.core.webservice.keyword.WSBuiltInKeywords$verifyResponseStatusCode$1.call(Unknown Source)&#xD;
	at WSVerification1568908301004.run(WSVerification1568908301004:17)&#xD;
	at com.kms.katalon.core.main.ScriptEngine.run(ScriptEngine.java:194)&#xD;
	at com.kms.katalon.core.main.ScriptEngine.runScriptAsRawText(ScriptEngine.java:119)&#xD;
	at com.kms.katalon.core.main.WSVerificationExecutor.runScript(WSVerificationExecutor.java:146)&#xD;
	at com.kms.katalon.core.main.WSVerificationExecutor.doExecute(WSVerificationExecutor.java:140)&#xD;
	at com.kms.katalon.core.main.WSVerificationExecutor.processExecutionPhase(WSVerificationExecutor.java:123)&#xD;
	at com.kms.katalon.core.main.WSVerificationExecutor.accessMainPhase(WSVerificationExecutor.java:115)&#xD;
	at com.kms.katalon.core.main.WSVerificationExecutor.execute(WSVerificationExecutor.java:103)&#xD;
	at com.kms.katalon.core.main.TestCaseMain.runWSVerificationScript(TestCaseMain.java:127)&#xD;
	at com.kms.katalon.core.webservice.keyword.builtin.SendRequestAndVerifyKeyword$_sendRequestAndVerify_closure1.doCall(SendRequestAndVerifyKeyword.groovy:55)&#xD;
	at com.kms.katalon.core.webservice.keyword.builtin.SendRequestAndVerifyKeyword$_sendRequestAndVerify_closure1.call(SendRequestAndVerifyKeyword.groovy)&#xD;
	at com.kms.katalon.core.keyword.internal.KeywordMain.runKeyword(KeywordMain.groovy:68)&#xD;
	at com.kms.katalon.core.webservice.keyword.builtin.SendRequestAndVerifyKeyword.sendRequestAndVerify(SendRequestAndVerifyKeyword.groovy:43)&#xD;
	at com.kms.katalon.core.webservice.keyword.builtin.SendRequestAndVerifyKeyword.execute(SendRequestAndVerifyKeyword.groovy:38)&#xD;
	at com.kms.katalon.core.keyword.internal.KeywordExecutor.executeKeywordForPlatform(KeywordExecutor.groovy:56)&#xD;
	at com.kms.katalon.core.webservice.keyword.WSBuiltInKeywords.sendRequestAndVerify(WSBuiltInKeywords.groovy:65)&#xD;
	at com.kms.katalon.core.webservice.keyword.WSBuiltInKeywords$sendRequestAndVerify$0.call(Unknown Source)&#xD;
	at jUserGeographyDetails_Test.run(jUserGeographyDetails_Test:16)&#xD;
	at com.kms.katalon.core.main.ScriptEngine.run(ScriptEngine.java:194)&#xD;
	at com.kms.katalon.core.main.ScriptEngine.runScriptAsRawText(ScriptEngine.java:119)&#xD;
	at com.kms.katalon.core.main.TestCaseExecutor.runScript(TestCaseExecutor.java:337)&#xD;
	at com.kms.katalon.core.main.TestCaseExecutor.doExecute(TestCaseExecutor.java:328)&#xD;
	at com.kms.katalon.core.main.TestCaseExecutor.processExecutionPhase(TestCaseExecutor.java:307)&#xD;
	at com.kms.katalon.core.main.TestCaseExecutor.accessMainPhase(TestCaseExecutor.java:299)&#xD;
	at com.kms.katalon.core.main.TestCaseExecutor.execute(TestCaseExecutor.java:233)&#xD;
	at com.kms.katalon.core.main.TestSuiteExecutor.accessTestCaseMainPhase(TestSuiteExecutor.java:169)&#xD;
	at com.kms.katalon.core.main.TestSuiteExecutor.accessTestSuiteMainPhase(TestSuiteExecutor.java:142)&#xD;
	at com.kms.katalon.core.main.TestSuiteExecutor.execute(TestSuiteExecutor.java:91)&#xD;
	at com.kms.katalon.core.main.TestCaseMain.startTestSuite(TestCaseMain.java:157)&#xD;
	at com.kms.katalon.core.main.TestCaseMain$startTestSuite$0.call(Unknown Source)&#xD;
	at TempTestSuite1568908277252.run(TempTestSuite1568908277252.groovy:35)&#xD;
&#xD;
&#xD;
2019-09-19 21:21:40 - [TEST_STEP][FAILED] - sendRequestAndVerify(findTestObject("jUser Geography Details", ["versiontableId":versiontableId, "userId":userid, "uniqueToken":uniquetoken])): Unable to send request and verify the response (Root cause: com.kms.katalon.core.exception.StepFailedException: Verification failed&#xD;
	at com.kms.katalon.core.webservice.keyword.builtin.SendRequestAndVerifyKeyword$_sendRequestAndVerify_closure1.doCall(SendRequestAndVerifyKeyword.groovy:59)&#xD;
	at com.kms.katalon.core.webservice.keyword.builtin.SendRequestAndVerifyKeyword$_sendRequestAndVerify_closure1.call(SendRequestAndVerifyKeyword.groovy)&#xD;
	at com.kms.katalon.core.keyword.internal.KeywordMain.runKeyword(KeywordMain.groovy:68)&#xD;
	at com.kms.katalon.core.webservice.keyword.builtin.SendRequestAndVerifyKeyword.sendRequestAndVerify(SendRequestAndVerifyKeyword.groovy:43)&#xD;
	at com.kms.katalon.core.webservice.keyword.builtin.SendRequestAndVerifyKeyword.execute(SendRequestAndVerifyKeyword.groovy:38)&#xD;
	at com.kms.katalon.core.keyword.internal.KeywordExecutor.executeKeywordForPlatform(KeywordExecutor.groovy:56)&#xD;
	at com.kms.katalon.core.webservice.keyword.WSBuiltInKeywords.sendRequestAndVerify(WSBuiltInKeywords.groovy:65)&#xD;
	at com.kms.katalon.core.webservice.keyword.WSBuiltInKeywords$sendRequestAndVerify$0.call(Unknown Source)&#xD;
	at jUserGeographyDetails_Test.run(jUserGeographyDetails_Test:16)&#xD;
	at com.kms.katalon.core.main.ScriptEngine.run(ScriptEngine.java:194)&#xD;
	at com.kms.katalon.core.main.ScriptEngine.runScriptAsRawText(ScriptEngine.java:119)&#xD;
	at com.kms.katalon.core.main.TestCaseExecutor.runScript(TestCaseExecutor.java:337)&#xD;
	at com.kms.katalon.core.main.TestCaseExecutor.doExecute(TestCaseExecutor.java:328)&#xD;
	at com.kms.katalon.core.main.TestCaseExecutor.processExecutionPhase(TestCaseExecutor.java:307)&#xD;
	at com.kms.katalon.core.main.TestCaseExecutor.accessMainPhase(TestCaseExecutor.java:299)&#xD;
	at com.kms.katalon.core.main.TestCaseExecutor.execute(TestCaseExecutor.java:233)&#xD;
	at com.kms.katalon.core.main.TestSuiteExecutor.accessTestCaseMainPhase(TestSuiteExecutor.java:169)&#xD;
	at com.kms.katalon.core.main.TestSuiteExecutor.accessTestSuiteMainPhase(TestSuiteExecutor.java:142)&#xD;
	at com.kms.katalon.core.main.TestSuiteExecutor.execute(TestSuiteExecutor.java:91)&#xD;
	at com.kms.katalon.core.main.TestCaseMain.startTestSuite(TestCaseMain.java:157)&#xD;
	at com.kms.katalon.core.main.TestCaseMain$startTestSuite$0.call(Unknown Source)&#xD;
	at TempTestSuite1568908277252.run(TempTestSuite1568908277252.groovy:35)&#xD;
)&#xD;
&#xD;
2019-09-19 21:21:40 - [MESSAGE][INFO] - HAR: C:\Users\rajesh.veeranna\Katalon Studio\SmartIndonasia\Reports\20190919_212117\SMARTINDONASIA_API_SmokeTest\20190919_212117\requests\main\17.har&#xD;
&#xD;
2019-09-19 21:21:41 - [TEST_CASE][FAILED] - Start Test Case : Verification: Verification FAILED.
Reason:
com.kms.katalon.core.exception.StepFailedException: Expected status code is '200' but actual status code is '404'&#xD;
	at com.kms.katalon.core.keyword.internal.KeywordMain.stepFailed(KeywordMain.groovy:50)&#xD;
	at com.kms.katalon.core.webservice.keyword.builtin.VerifyResponseStatusCodeKeyword.verifyStatusCode(VerifyResponseStatusCodeKeyword.groovy:52)&#xD;
	at com.kms.katalon.core.webservice.keyword.builtin.VerifyResponseStatusCodeKeyword$_verifyResponseStatusCode_closure1.doCall(VerifyResponseStatusCodeKeyword.groovy:42)&#xD;
	at com.kms.katalon.core.webservice.keyword.builtin.VerifyResponseStatusCodeKeyword$_verifyResponseStatusCode_closure1.call(VerifyResponseStatusCodeKeyword.groovy)&#xD;
	at com.kms.katalon.core.keyword.internal.KeywordMain.runKeyword(KeywordMain.groovy:68)&#xD;
	at com.kms.katalon.core.webservice.keyword.builtin.VerifyResponseStatusCodeKeyword.verifyResponseStatusCode(VerifyResponseStatusCodeKeyword.groovy:37)&#xD;
	at com.kms.katalon.core.webservice.keyword.builtin.VerifyResponseStatusCodeKeyword.execute(VerifyResponseStatusCodeKeyword.groovy:32)&#xD;
	at com.kms.katalon.core.keyword.internal.KeywordExecutor.executeKeywordForPlatform(KeywordExecutor.groovy:56)&#xD;
	at com.kms.katalon.core.webservice.keyword.WSBuiltInKeywords.verifyResponseStatusCode(WSBuiltInKeywords.groovy:212)&#xD;
	at com.kms.katalon.core.webservice.keyword.WSBuiltInKeywords$verifyResponseStatusCode$1.call(Unknown Source)&#xD;
	at WSVerification1568908301004.run(WSVerification1568908301004:17)&#xD;
	at com.kms.katalon.core.main.ScriptEngine.run(ScriptEngine.java:194)&#xD;
	at com.kms.katalon.core.main.ScriptEngine.runScriptAsRawText(ScriptEngine.java:119)&#xD;
	at com.kms.katalon.core.main.WSVerificationExecutor.runScript(WSVerificationExecutor.java:146)&#xD;
	at com.kms.katalon.core.main.WSVerificationExecutor.doExecute(WSVerificationExecutor.java:140)&#xD;
	at com.kms.katalon.core.main.WSVerificationExecutor.processExecutionPhase(WSVerificationExecutor.java:123)&#xD;
	at com.kms.katalon.core.main.WSVerificationExecutor.accessMainPhase(WSVerificationExecutor.java:115)&#xD;
	at com.kms.katalon.core.main.WSVerificationExecutor.execute(WSVerificationExecutor.java:103)&#xD;
	at com.kms.katalon.core.main.TestCaseMain.runWSVerificationScript(TestCaseMain.java:127)&#xD;
	at com.kms.katalon.core.webservice.keyword.builtin.SendRequestAndVerifyKeyword$_sendRequestAndVerify_closure1.doCall(SendRequestAndVerifyKeyword.groovy:55)&#xD;
	at com.kms.katalon.core.webservice.keyword.builtin.SendRequestAndVerifyKeyword$_sendRequestAndVerify_closure1.call(SendRequestAndVerifyKeyword.groovy)&#xD;
	at com.kms.katalon.core.keyword.internal.KeywordMain.runKeyword(KeywordMain.groovy:68)&#xD;
	at com.kms.katalon.core.webservice.keyword.builtin.SendRequestAndVerifyKeyword.sendRequestAndVerify(SendRequestAndVerifyKeyword.groovy:43)&#xD;
	at com.kms.katalon.core.webservice.keyword.builtin.SendRequestAndVerifyKeyword.execute(SendRequestAndVerifyKeyword.groovy:38)&#xD;
	at com.kms.katalon.core.keyword.internal.KeywordExecutor.executeKeywordForPlatform(KeywordExecutor.groovy:56)&#xD;
	at com.kms.katalon.core.webservice.keyword.WSBuiltInKeywords.sendRequestAndVerify(WSBuiltInKeywords.groovy:65)&#xD;
	at com.kms.katalon.core.webservice.keyword.WSBuiltInKeywords$sendRequestAndVerify$0.call(Unknown Source)&#xD;
	at jUserGeographyDetails_Test.run(jUserGeographyDetails_Test:16)&#xD;
	at com.kms.katalon.core.main.ScriptEngine.run(ScriptEngine.java:194)&#xD;
	at com.kms.katalon.core.main.ScriptEngine.runScriptAsRawText(ScriptEngine.java:119)&#xD;
	at com.kms.katalon.core.main.TestCaseExecutor.runScript(TestCaseExecutor.java:337)&#xD;
	at com.kms.katalon.core.main.TestCaseExecutor.doExecute(TestCaseExecutor.java:328)&#xD;
	at com.kms.katalon.core.main.TestCaseExecutor.processExecutionPhase(TestCaseExecutor.java:307)&#xD;
	at com.kms.katalon.core.main.TestCaseExecutor.accessMainPhase(TestCaseExecutor.java:299)&#xD;
	at com.kms.katalon.core.main.TestCaseExecutor.execute(TestCaseExecutor.java:233)&#xD;
	at com.kms.katalon.core.main.TestSuiteExecutor.accessTestCaseMainPhase(TestSuiteExecutor.java:169)&#xD;
	at com.kms.katalon.core.main.TestSuiteExecutor.accessTestSuiteMainPhase(TestSuiteExecutor.java:142)&#xD;
	at com.kms.katalon.core.main.TestSuiteExecutor.execute(TestSuiteExecutor.java:91)&#xD;
	at com.kms.katalon.core.main.TestCaseMain.startTestSuite(TestCaseMain.java:157)&#xD;
	at com.kms.katalon.core.main.TestCaseMain$startTestSuite$0.call(Unknown Source)&#xD;
	at TempTestSuite1568908277252.run(TempTestSuite1568908277252.groovy:35)&#xD;
&#xD;
&#xD;
2019-09-19 21:21:41 - [TEST_STEP][PASSED] - request = getInstance().getCurrentRequest(): null&#xD;
&#xD;
2019-09-19 21:21:41 - [TEST_STEP][PASSED] - response = getInstance().getCurrentResponse(): null&#xD;
&#xD;
2019-09-19 21:21:41 - [TEST_STEP][FAILED] - verifyResponseStatusCode(response, 200): Unable to verify response status code (Root cause: com.kms.katalon.core.exception.StepFailedException: Expected status code is '200' but actual status code is '404'&#xD;
	at com.kms.katalon.core.keyword.internal.KeywordMain.stepFailed(KeywordMain.groovy:50)&#xD;
	at com.kms.katalon.core.webservice.keyword.builtin.VerifyResponseStatusCodeKeyword.verifyStatusCode(VerifyResponseStatusCodeKeyword.groovy:52)&#xD;
	at com.kms.katalon.core.webservice.keyword.builtin.VerifyResponseStatusCodeKeyword$_verifyResponseStatusCode_closure1.doCall(VerifyResponseStatusCodeKeyword.groovy:42)&#xD;
	at com.kms.katalon.core.webservice.keyword.builtin.VerifyResponseStatusCodeKeyword$_verifyResponseStatusCode_closure1.call(VerifyResponseStatusCodeKeyword.groovy)&#xD;
	at com.kms.katalon.core.keyword.internal.KeywordMain.runKeyword(KeywordMain.groovy:68)&#xD;
	at com.kms.katalon.core.webservice.keyword.builtin.VerifyResponseStatusCodeKeyword.verifyResponseStatusCode(VerifyResponseStatusCodeKeyword.groovy:37)&#xD;
	at com.kms.katalon.core.webservice.keyword.builtin.VerifyResponseStatusCodeKeyword.execute(VerifyResponseStatusCodeKeyword.groovy:32)&#xD;
	at com.kms.katalon.core.keyword.internal.KeywordExecutor.executeKeywordForPlatform(KeywordExecutor.groovy:56)&#xD;
	at com.kms.katalon.core.webservice.keyword.WSBuiltInKeywords.verifyResponseStatusCode(WSBuiltInKeywords.groovy:212)&#xD;
	at com.kms.katalon.core.webservice.keyword.WSBuiltInKeywords$verifyResponseStatusCode$1.call(Unknown Source)&#xD;
	at WSVerification1568908301004.run(WSVerification1568908301004:17)&#xD;
	at com.kms.katalon.core.main.ScriptEngine.run(ScriptEngine.java:194)&#xD;
	at com.kms.katalon.core.main.ScriptEngine.runScriptAsRawText(ScriptEngine.java:119)&#xD;
	at com.kms.katalon.core.main.WSVerificationExecutor.runScript(WSVerificationExecutor.java:146)&#xD;
	at com.kms.katalon.core.main.WSVerificationExecutor.doExecute(WSVerificationExecutor.java:140)&#xD;
	at com.kms.katalon.core.main.WSVerificationExecutor.processExecutionPhase(WSVerificationExecutor.java:123)&#xD;
	at com.kms.katalon.core.main.WSVerificationExecutor.accessMainPhase(WSVerificationExecutor.java:115)&#xD;
	at com.kms.katalon.core.main.WSVerificationExecutor.execute(WSVerificationExecutor.java:103)&#xD;
	at com.kms.katalon.core.main.TestCaseMain.runWSVerificationScript(TestCaseMain.java:127)&#xD;
	at com.kms.katalon.core.webservice.keyword.builtin.SendRequestAndVerifyKeyword$_sendRequestAndVerify_closure1.doCall(SendRequestAndVerifyKeyword.groovy:55)&#xD;
	at com.kms.katalon.core.webservice.keyword.builtin.SendRequestAndVerifyKeyword$_sendRequestAndVerify_closure1.call(SendRequestAndVerifyKeyword.groovy)&#xD;
	at com.kms.katalon.core.keyword.internal.KeywordMain.runKeyword(KeywordMain.groovy:68)&#xD;
	at com.kms.katalon.core.webservice.keyword.builtin.SendRequestAndVerifyKeyword.sendRequestAndVerify(SendRequestAndVerifyKeyword.groovy:43)&#xD;
	at com.kms.katalon.core.webservice.keyword.builtin.SendRequestAndVerifyKeyword.execute(SendRequestAndVerifyKeyword.groovy:38)&#xD;
	at com.kms.katalon.core.keyword.internal.KeywordExecutor.executeKeywordForPlatform(KeywordExecutor.groovy:56)&#xD;
	at com.kms.katalon.core.webservice.keyword.WSBuiltInKeywords.sendRequestAndVerify(WSBuiltInKeywords.groovy:65)&#xD;
	at com.kms.katalon.core.webservice.keyword.WSBuiltInKeywords$sendRequestAndVerify$0.call(Unknown Source)&#xD;
	at jUserGeographyDetails_Test.run(jUserGeographyDetails_Test:16)&#xD;
	at com.kms.katalon.core.main.ScriptEngine.run(ScriptEngine.java:194)&#xD;
	at com.kms.katalon.core.main.ScriptEngine.runScriptAsRawText(ScriptEngine.java:119)&#xD;
	at com.kms.katalon.core.main.TestCaseExecutor.runScript(TestCaseExecutor.java:337)&#xD;
	at com.kms.katalon.core.main.TestCaseExecutor.doExecute(TestCaseExecutor.java:328)&#xD;
	at com.kms.katalon.core.main.TestCaseExecutor.processExecutionPhase(TestCaseExecutor.java:307)&#xD;
	at com.kms.katalon.core.main.TestCaseExecutor.accessMainPhase(TestCaseExecutor.java:299)&#xD;
	at com.kms.katalon.core.main.TestCaseExecutor.execute(TestCaseExecutor.java:233)&#xD;
	at com.kms.katalon.core.main.TestSuiteExecutor.accessTestCaseMainPhase(TestSuiteExecutor.java:169)&#xD;
	at com.kms.katalon.core.main.TestSuiteExecutor.accessTestSuiteMainPhase(TestSuiteExecutor.java:142)&#xD;
	at com.kms.katalon.core.main.TestSuiteExecutor.execute(TestSuiteExecutor.java:91)&#xD;
	at com.kms.katalon.core.main.TestCaseMain.startTestSuite(TestCaseMain.java:157)&#xD;
	at com.kms.katalon.core.main.TestCaseMain$startTestSuite$0.call(Unknown Source)&#xD;
	at TempTestSuite1568908277252.run(TempTestSuite1568908277252.groovy:35)&#xD;
)&#xD;
&#xD;
2019-09-19 21:21:41 - [MESSAGE][FAILED] - Expected status code is '200' but actual status code is '404'&#xD;
&#xD;
2019-09-19 21:21:41 - [MESSAGE][FAILED] - Unable to verify response status code (Root cause: com.kms.katalon.core.exception.StepFailedException: Expected status code is '200' but actual status code is '404'&#xD;
	at com.kms.katalon.core.keyword.internal.KeywordMain.stepFailed(KeywordMain.groovy:50)&#xD;
	at com.kms.katalon.core.webservice.keyword.builtin.VerifyResponseStatusCodeKeyword.verifyStatusCode(VerifyResponseStatusCodeKeyword.groovy:52)&#xD;
	at com.kms.katalon.core.webservice.keyword.builtin.VerifyResponseStatusCodeKeyword$_verifyResponseStatusCode_closure1.doCall(VerifyResponseStatusCodeKeyword.groovy:42)&#xD;
	at com.kms.katalon.core.webservice.keyword.builtin.VerifyResponseStatusCodeKeyword$_verifyResponseStatusCode_closure1.call(VerifyResponseStatusCodeKeyword.groovy)&#xD;
	at com.kms.katalon.core.keyword.internal.KeywordMain.runKeyword(KeywordMain.groovy:68)&#xD;
	at com.kms.katalon.core.webservice.keyword.builtin.VerifyResponseStatusCodeKeyword.verifyResponseStatusCode(VerifyResponseStatusCodeKeyword.groovy:37)&#xD;
	at com.kms.katalon.core.webservice.keyword.builtin.VerifyResponseStatusCodeKeyword.execute(VerifyResponseStatusCodeKeyword.groovy:32)&#xD;
	at com.kms.katalon.core.keyword.internal.KeywordExecutor.executeKeywordForPlatform(KeywordExecutor.groovy:56)&#xD;
	at com.kms.katalon.core.webservice.keyword.WSBuiltInKeywords.verifyResponseStatusCode(WSBuiltInKeywords.groovy:212)&#xD;
	at com.kms.katalon.core.webservice.keyword.WSBuiltInKeywords$verifyResponseStatusCode$1.call(Unknown Source)&#xD;
	at WSVerification1568908301004.run(WSVerification1568908301004:17)&#xD;
	at com.kms.katalon.core.main.ScriptEngine.run(ScriptEngine.java:194)&#xD;
	at com.kms.katalon.core.main.ScriptEngine.runScriptAsRawText(ScriptEngine.java:119)&#xD;
	at com.kms.katalon.core.main.WSVerificationExecutor.runScript(WSVerificationExecutor.java:146)&#xD;
	at com.kms.katalon.core.main.WSVerificationExecutor.doExecute(WSVerificationExecutor.java:140)&#xD;
	at com.kms.katalon.core.main.WSVerificationExecutor.processExecutionPhase(WSVerificationExecutor.java:123)&#xD;
	at com.kms.katalon.core.main.WSVerificationExecutor.accessMainPhase(WSVerificationExecutor.java:115)&#xD;
	at com.kms.katalon.core.main.WSVerificationExecutor.execute(WSVerificationExecutor.java:103)&#xD;
	at com.kms.katalon.core.main.TestCaseMain.runWSVerificationScript(TestCaseMain.java:127)&#xD;
	at com.kms.katalon.core.webservice.keyword.builtin.SendRequestAndVerifyKeyword$_sendRequestAndVerify_closure1.doCall(SendRequestAndVerifyKeyword.groovy:55)&#xD;
	at com.kms.katalon.core.webservice.keyword.builtin.SendRequestAndVerifyKeyword$_sendRequestAndVerify_closure1.call(SendRequestAndVerifyKeyword.groovy)&#xD;
	at com.kms.katalon.core.keyword.internal.KeywordMain.runKeyword(KeywordMain.groovy:68)&#xD;
	at com.kms.katalon.core.webservice.keyword.builtin.SendRequestAndVerifyKeyword.sendRequestAndVerify(SendRequestAndVerifyKeyword.groovy:43)&#xD;
	at com.kms.katalon.core.webservice.keyword.builtin.SendRequestAndVerifyKeyword.execute(SendRequestAndVerifyKeyword.groovy:38)&#xD;
	at com.kms.katalon.core.keyword.internal.KeywordExecutor.executeKeywordForPlatform(KeywordExecutor.groovy:56)&#xD;
	at com.kms.katalon.core.webservice.keyword.WSBuiltInKeywords.sendRequestAndVerify(WSBuiltInKeywords.groovy:65)&#xD;
	at com.kms.katalon.core.webservice.keyword.WSBuiltInKeywords$sendRequestAndVerify$0.call(Unknown Source)&#xD;
	at jUserGeographyDetails_Test.run(jUserGeographyDetails_Test:16)&#xD;
	at com.kms.katalon.core.main.ScriptEngine.run(ScriptEngine.java:194)&#xD;
	at com.kms.katalon.core.main.ScriptEngine.runScriptAsRawText(ScriptEngine.java:119)&#xD;
	at com.kms.katalon.core.main.TestCaseExecutor.runScript(TestCaseExecutor.java:337)&#xD;
	at com.kms.katalon.core.main.TestCaseExecutor.doExecute(TestCaseExecutor.java:328)&#xD;
	at com.kms.katalon.core.main.TestCaseExecutor.processExecutionPhase(TestCaseExecutor.java:307)&#xD;
	at com.kms.katalon.core.main.TestCaseExecutor.accessMainPhase(TestCaseExecutor.java:299)&#xD;
	at com.kms.katalon.core.main.TestCaseExecutor.execute(TestCaseExecutor.java:233)&#xD;
	at com.kms.katalon.core.main.TestSuiteExecutor.accessTestCaseMainPhase(TestSuiteExecutor.java:169)&#xD;
	at com.kms.katalon.core.main.TestSuiteExecutor.accessTestSuiteMainPhase(TestSuiteExecutor.java:142)&#xD;
	at com.kms.katalon.core.main.TestSuiteExecutor.execute(TestSuiteExecutor.java:91)&#xD;
	at com.kms.katalon.core.main.TestCaseMain.startTestSuite(TestCaseMain.java:157)&#xD;
	at com.kms.katalon.core.main.TestCaseMain$startTestSuite$0.call(Unknown Source)&#xD;
	at TempTestSuite1568908277252.run(TempTestSuite1568908277252.groovy:35)&#xD;
)&#xD;
&#xD;
2019-09-19 21:21:41 - [MESSAGE][FAILED] - Unable to send request and verify the response (Root cause: com.kms.katalon.core.exception.StepFailedException: Verification failed&#xD;
	at com.kms.katalon.core.webservice.keyword.builtin.SendRequestAndVerifyKeyword$_sendRequestAndVerify_closure1.doCall(SendRequestAndVerifyKeyword.groovy:59)&#xD;
	at com.kms.katalon.core.webservice.keyword.builtin.SendRequestAndVerifyKeyword$_sendRequestAndVerify_closure1.call(SendRequestAndVerifyKeyword.groovy)&#xD;
	at com.kms.katalon.core.keyword.internal.KeywordMain.runKeyword(KeywordMain.groovy:68)&#xD;
	at com.kms.katalon.core.webservice.keyword.builtin.SendRequestAndVerifyKeyword.sendRequestAndVerify(SendRequestAndVerifyKeyword.groovy:43)&#xD;
	at com.kms.katalon.core.webservice.keyword.builtin.SendRequestAndVerifyKeyword.execute(SendRequestAndVerifyKeyword.groovy:38)&#xD;
	at com.kms.katalon.core.keyword.internal.KeywordExecutor.executeKeywordForPlatform(KeywordExecutor.groovy:56)&#xD;
	at com.kms.katalon.core.webservice.keyword.WSBuiltInKeywords.sendRequestAndVerify(WSBuiltInKeywords.groovy:65)&#xD;
	at com.kms.katalon.core.webservice.keyword.WSBuiltInKeywords$sendRequestAndVerify$0.call(Unknown Source)&#xD;
	at jUserGeographyDetails_Test.run(jUserGeographyDetails_Test:16)&#xD;
	at com.kms.katalon.core.main.ScriptEngine.run(ScriptEngine.java:194)&#xD;
	at com.kms.katalon.core.main.ScriptEngine.runScriptAsRawText(ScriptEngine.java:119)&#xD;
	at com.kms.katalon.core.main.TestCaseExecutor.runScript(TestCaseExecutor.java:337)&#xD;
	at com.kms.katalon.core.main.TestCaseExecutor.doExecute(TestCaseExecutor.java:328)&#xD;
	at com.kms.katalon.core.main.TestCaseExecutor.processExecutionPhase(TestCaseExecutor.java:307)&#xD;
	at com.kms.katalon.core.main.TestCaseExecutor.accessMainPhase(TestCaseExecutor.java:299)&#xD;
	at com.kms.katalon.core.main.TestCaseExecutor.execute(TestCaseExecutor.java:233)&#xD;
	at com.kms.katalon.core.main.TestSuiteExecutor.accessTestCaseMainPhase(TestSuiteExecutor.java:169)&#xD;
	at com.kms.katalon.core.main.TestSuiteExecutor.accessTestSuiteMainPhase(TestSuiteExecutor.java:142)&#xD;
	at com.kms.katalon.core.main.TestSuiteExecutor.execute(TestSuiteExecutor.java:91)&#xD;
	at com.kms.katalon.core.main.TestCaseMain.startTestSuite(TestCaseMain.java:157)&#xD;
	at com.kms.katalon.core.main.TestCaseMain$startTestSuite$0.call(Unknown Source)&#xD;
	at TempTestSuite1568908277252.run(TempTestSuite1568908277252.groovy:35)&#xD;
)</system-out>
            <system-err>2019-09-19 21:21:40 - [TEST_CASE][FAILED] - Test Cases/jUserGeographyDetails_Test: Test Cases/jUserGeographyDetails_Test FAILED.
Reason:
com.kms.katalon.core.exception.StepFailedException: Expected status code is '200' but actual status code is '404'&#xD;
	at com.kms.katalon.core.keyword.internal.KeywordMain.stepFailed(KeywordMain.groovy:50)&#xD;
	at com.kms.katalon.core.webservice.keyword.builtin.VerifyResponseStatusCodeKeyword.verifyStatusCode(VerifyResponseStatusCodeKeyword.groovy:52)&#xD;
	at com.kms.katalon.core.webservice.keyword.builtin.VerifyResponseStatusCodeKeyword$_verifyResponseStatusCode_closure1.doCall(VerifyResponseStatusCodeKeyword.groovy:42)&#xD;
	at com.kms.katalon.core.webservice.keyword.builtin.VerifyResponseStatusCodeKeyword$_verifyResponseStatusCode_closure1.call(VerifyResponseStatusCodeKeyword.groovy)&#xD;
	at com.kms.katalon.core.keyword.internal.KeywordMain.runKeyword(KeywordMain.groovy:68)&#xD;
	at com.kms.katalon.core.webservice.keyword.builtin.VerifyResponseStatusCodeKeyword.verifyResponseStatusCode(VerifyResponseStatusCodeKeyword.groovy:37)&#xD;
	at com.kms.katalon.core.webservice.keyword.builtin.VerifyResponseStatusCodeKeyword.execute(VerifyResponseStatusCodeKeyword.groovy:32)&#xD;
	at com.kms.katalon.core.keyword.internal.KeywordExecutor.executeKeywordForPlatform(KeywordExecutor.groovy:56)&#xD;
	at com.kms.katalon.core.webservice.keyword.WSBuiltInKeywords.verifyResponseStatusCode(WSBuiltInKeywords.groovy:212)&#xD;
	at com.kms.katalon.core.webservice.keyword.WSBuiltInKeywords$verifyResponseStatusCode$1.call(Unknown Source)&#xD;
	at WSVerification1568908301004.run(WSVerification1568908301004:17)&#xD;
	at com.kms.katalon.core.main.ScriptEngine.run(ScriptEngine.java:194)&#xD;
	at com.kms.katalon.core.main.ScriptEngine.runScriptAsRawText(ScriptEngine.java:119)&#xD;
	at com.kms.katalon.core.main.WSVerificationExecutor.runScript(WSVerificationExecutor.java:146)&#xD;
	at com.kms.katalon.core.main.WSVerificationExecutor.doExecute(WSVerificationExecutor.java:140)&#xD;
	at com.kms.katalon.core.main.WSVerificationExecutor.processExecutionPhase(WSVerificationExecutor.java:123)&#xD;
	at com.kms.katalon.core.main.WSVerificationExecutor.accessMainPhase(WSVerificationExecutor.java:115)&#xD;
	at com.kms.katalon.core.main.WSVerificationExecutor.execute(WSVerificationExecutor.java:103)&#xD;
	at com.kms.katalon.core.main.TestCaseMain.runWSVerificationScript(TestCaseMain.java:127)&#xD;
	at com.kms.katalon.core.webservice.keyword.builtin.SendRequestAndVerifyKeyword$_sendRequestAndVerify_closure1.doCall(SendRequestAndVerifyKeyword.groovy:55)&#xD;
	at com.kms.katalon.core.webservice.keyword.builtin.SendRequestAndVerifyKeyword$_sendRequestAndVerify_closure1.call(SendRequestAndVerifyKeyword.groovy)&#xD;
	at com.kms.katalon.core.keyword.internal.KeywordMain.runKeyword(KeywordMain.groovy:68)&#xD;
	at com.kms.katalon.core.webservice.keyword.builtin.SendRequestAndVerifyKeyword.sendRequestAndVerify(SendRequestAndVerifyKeyword.groovy:43)&#xD;
	at com.kms.katalon.core.webservice.keyword.builtin.SendRequestAndVerifyKeyword.execute(SendRequestAndVerifyKeyword.groovy:38)&#xD;
	at com.kms.katalon.core.keyword.internal.KeywordExecutor.executeKeywordForPlatform(KeywordExecutor.groovy:56)&#xD;
	at com.kms.katalon.core.webservice.keyword.WSBuiltInKeywords.sendRequestAndVerify(WSBuiltInKeywords.groovy:65)&#xD;
	at com.kms.katalon.core.webservice.keyword.WSBuiltInKeywords$sendRequestAndVerify$0.call(Unknown Source)&#xD;
	at jUserGeographyDetails_Test.run(jUserGeographyDetails_Test:16)&#xD;
	at com.kms.katalon.core.main.ScriptEngine.run(ScriptEngine.java:194)&#xD;
	at com.kms.katalon.core.main.ScriptEngine.runScriptAsRawText(ScriptEngine.java:119)&#xD;
	at com.kms.katalon.core.main.TestCaseExecutor.runScript(TestCaseExecutor.java:337)&#xD;
	at com.kms.katalon.core.main.TestCaseExecutor.doExecute(TestCaseExecutor.java:328)&#xD;
	at com.kms.katalon.core.main.TestCaseExecutor.processExecutionPhase(TestCaseExecutor.java:307)&#xD;
	at com.kms.katalon.core.main.TestCaseExecutor.accessMainPhase(TestCaseExecutor.java:299)&#xD;
	at com.kms.katalon.core.main.TestCaseExecutor.execute(TestCaseExecutor.java:233)&#xD;
	at com.kms.katalon.core.main.TestSuiteExecutor.accessTestCaseMainPhase(TestSuiteExecutor.java:169)&#xD;
	at com.kms.katalon.core.main.TestSuiteExecutor.accessTestSuiteMainPhase(TestSuiteExecutor.java:142)&#xD;
	at com.kms.katalon.core.main.TestSuiteExecutor.execute(TestSuiteExecutor.java:91)&#xD;
	at com.kms.katalon.core.main.TestCaseMain.startTestSuite(TestCaseMain.java:157)&#xD;
	at com.kms.katalon.core.main.TestCaseMain$startTestSuite$0.call(Unknown Source)&#xD;
	at TempTestSuite1568908277252.run(TempTestSuite1568908277252.groovy:35)</system-err>
        </testcase>
        <testcase name="Test Cases/kUserTimeline_Test" classname="Test Cases/kUserTimeline_Test" status="FAILED">
            <failure type="FAILED" message="Test Cases/kUserTimeline_Test FAILED.&#xA;Reason:&#xA;com.kms.katalon.core.exception.StepFailedException: Expected status code is '200' but actual status code is '404'&#xD;&#xA;&#x9;at com.kms.katalon.core.keyword.internal.KeywordMain.stepFailed(KeywordMain.groovy:50)&#xD;&#xA;&#x9;at com.kms.katalon.core.webservice.keyword.builtin.VerifyResponseStatusCodeKeyword.verifyStatusCode(VerifyResponseStatusCodeKeyword.groovy:52)&#xD;&#xA;&#x9;at com.kms.katalon.core.webservice.keyword.builtin.VerifyResponseStatusCodeKeyword$_verifyResponseStatusCode_closure1.doCall(VerifyResponseStatusCodeKeyword.groovy:42)&#xD;&#xA;&#x9;at com.kms.katalon.core.webservice.keyword.builtin.VerifyResponseStatusCodeKeyword$_verifyResponseStatusCode_closure1.call(VerifyResponseStatusCodeKeyword.groovy)&#xD;&#xA;&#x9;at com.kms.katalon.core.keyword.internal.KeywordMain.runKeyword(KeywordMain.groovy:68)&#xD;&#xA;&#x9;at com.kms.katalon.core.webservice.keyword.builtin.VerifyResponseStatusCodeKeyword.verifyResponseStatusCode(VerifyResponseStatusCodeKeyword.groovy:37)&#xD;&#xA;&#x9;at com.kms.katalon.core.webservice.keyword.builtin.VerifyResponseStatusCodeKeyword.execute(VerifyResponseStatusCodeKeyword.groovy:32)&#xD;&#xA;&#x9;at com.kms.katalon.core.keyword.internal.KeywordExecutor.executeKeywordForPlatform(KeywordExecutor.groovy:56)&#xD;&#xA;&#x9;at com.kms.katalon.core.webservice.keyword.WSBuiltInKeywords.verifyResponseStatusCode(WSBuiltInKeywords.groovy:212)&#xD;&#xA;&#x9;at com.kms.katalon.core.webservice.keyword.WSBuiltInKeywords$verifyResponseStatusCode$1.call(Unknown Source)&#xD;&#xA;&#x9;at WSVerification1568908302221.run(WSVerification1568908302221:17)&#xD;&#xA;&#x9;at com.kms.katalon.core.main.ScriptEngine.run(ScriptEngine.java:194)&#xD;&#xA;&#x9;at com.kms.katalon.core.main.ScriptEngine.runScriptAsRawText(ScriptEngine.java:119)&#xD;&#xA;&#x9;at com.kms.katalon.core.main.WSVerificationExecutor.runScript(WSVerificationExecutor.java:146)&#xD;&#xA;&#x9;at com.kms.katalon.core.main.WSVerificationExecutor.doExecute(WSVerificationExecutor.java:140)&#xD;&#xA;&#x9;at com.kms.katalon.core.main.WSVerificationExecutor.processExecutionPhase(WSVerificationExecutor.java:123)&#xD;&#xA;&#x9;at com.kms.katalon.core.main.WSVerificationExecutor.accessMainPhase(WSVerificationExecutor.java:115)&#xD;&#xA;&#x9;at com.kms.katalon.core.main.WSVerificationExecutor.execute(WSVerificationExecutor.java:103)&#xD;&#xA;&#x9;at com.kms.katalon.core.main.TestCaseMain.runWSVerificationScript(TestCaseMain.java:127)&#xD;&#xA;&#x9;at com.kms.katalon.core.webservice.keyword.builtin.SendRequestAndVerifyKeyword$_sendRequestAndVerify_closure1.doCall(SendRequestAndVerifyKeyword.groovy:55)&#xD;&#xA;&#x9;at com.kms.katalon.core.webservice.keyword.builtin.SendRequestAndVerifyKeyword$_sendRequestAndVerify_closure1.call(SendRequestAndVerifyKeyword.groovy)&#xD;&#xA;&#x9;at com.kms.katalon.core.keyword.internal.KeywordMain.runKeyword(KeywordMain.groovy:68)&#xD;&#xA;&#x9;at com.kms.katalon.core.webservice.keyword.builtin.SendRequestAndVerifyKeyword.sendRequestAndVerify(SendRequestAndVerifyKeyword.groovy:43)&#xD;&#xA;&#x9;at com.kms.katalon.core.webservice.keyword.builtin.SendRequestAndVerifyKeyword.execute(SendRequestAndVerifyKeyword.groovy:38)&#xD;&#xA;&#x9;at com.kms.katalon.core.keyword.internal.KeywordExecutor.executeKeywordForPlatform(KeywordExecutor.groovy:56)&#xD;&#xA;&#x9;at com.kms.katalon.core.webservice.keyword.WSBuiltInKeywords.sendRequestAndVerify(WSBuiltInKeywords.groovy:65)&#xD;&#xA;&#x9;at com.kms.katalon.core.webservice.keyword.WSBuiltInKeywords$sendRequestAndVerify$0.call(Unknown Source)&#xD;&#xA;&#x9;at kUserTimeline_Test.run(kUserTimeline_Test:16)&#xD;&#xA;&#x9;at com.kms.katalon.core.main.ScriptEngine.run(ScriptEngine.java:194)&#xD;&#xA;&#x9;at com.kms.katalon.core.main.ScriptEngine.runScriptAsRawText(ScriptEngine.java:119)&#xD;&#xA;&#x9;at com.kms.katalon.core.main.TestCaseExecutor.runScript(TestCaseExecutor.java:337)&#xD;&#xA;&#x9;at com.kms.katalon.core.main.TestCaseExecutor.doExecute(TestCaseExecutor.java:328)&#xD;&#xA;&#x9;at com.kms.katalon.core.main.TestCaseExecutor.processExecutionPhase(TestCaseExecutor.java:307)&#xD;&#xA;&#x9;at com.kms.katalon.core.main.TestCaseExecutor.accessMainPhase(TestCaseExecutor.java:299)&#xD;&#xA;&#x9;at com.kms.katalon.core.main.TestCaseExecutor.execute(TestCaseExecutor.java:233)&#xD;&#xA;&#x9;at com.kms.katalon.core.main.TestSuiteExecutor.accessTestCaseMainPhase(TestSuiteExecutor.java:169)&#xD;&#xA;&#x9;at com.kms.katalon.core.main.TestSuiteExecutor.accessTestSuiteMainPhase(TestSuiteExecutor.java:142)&#xD;&#xA;&#x9;at com.kms.katalon.core.main.TestSuiteExecutor.execute(TestSuiteExecutor.java:91)&#xD;&#xA;&#x9;at com.kms.katalon.core.main.TestCaseMain.startTestSuite(TestCaseMain.java:157)&#xD;&#xA;&#x9;at com.kms.katalon.core.main.TestCaseMain$startTestSuite$0.call(Unknown Source)&#xD;&#xA;&#x9;at TempTestSuite1568908277252.run(TempTestSuite1568908277252.groovy:35)&#xD;&#xA;"/>
            <system-out>2019-09-19 21:21:41 - [TEST_CASE][FAILED] - Test Cases/kUserTimeline_Test: Test Cases/kUserTimeline_Test FAILED.
Reason:
com.kms.katalon.core.exception.StepFailedException: Expected status code is '200' but actual status code is '404'&#xD;
	at com.kms.katalon.core.keyword.internal.KeywordMain.stepFailed(KeywordMain.groovy:50)&#xD;
	at com.kms.katalon.core.webservice.keyword.builtin.VerifyResponseStatusCodeKeyword.verifyStatusCode(VerifyResponseStatusCodeKeyword.groovy:52)&#xD;
	at com.kms.katalon.core.webservice.keyword.builtin.VerifyResponseStatusCodeKeyword$_verifyResponseStatusCode_closure1.doCall(VerifyResponseStatusCodeKeyword.groovy:42)&#xD;
	at com.kms.katalon.core.webservice.keyword.builtin.VerifyResponseStatusCodeKeyword$_verifyResponseStatusCode_closure1.call(VerifyResponseStatusCodeKeyword.groovy)&#xD;
	at com.kms.katalon.core.keyword.internal.KeywordMain.runKeyword(KeywordMain.groovy:68)&#xD;
	at com.kms.katalon.core.webservice.keyword.builtin.VerifyResponseStatusCodeKeyword.verifyResponseStatusCode(VerifyResponseStatusCodeKeyword.groovy:37)&#xD;
	at com.kms.katalon.core.webservice.keyword.builtin.VerifyResponseStatusCodeKeyword.execute(VerifyResponseStatusCodeKeyword.groovy:32)&#xD;
	at com.kms.katalon.core.keyword.internal.KeywordExecutor.executeKeywordForPlatform(KeywordExecutor.groovy:56)&#xD;
	at com.kms.katalon.core.webservice.keyword.WSBuiltInKeywords.verifyResponseStatusCode(WSBuiltInKeywords.groovy:212)&#xD;
	at com.kms.katalon.core.webservice.keyword.WSBuiltInKeywords$verifyResponseStatusCode$1.call(Unknown Source)&#xD;
	at WSVerification1568908302221.run(WSVerification1568908302221:17)&#xD;
	at com.kms.katalon.core.main.ScriptEngine.run(ScriptEngine.java:194)&#xD;
	at com.kms.katalon.core.main.ScriptEngine.runScriptAsRawText(ScriptEngine.java:119)&#xD;
	at com.kms.katalon.core.main.WSVerificationExecutor.runScript(WSVerificationExecutor.java:146)&#xD;
	at com.kms.katalon.core.main.WSVerificationExecutor.doExecute(WSVerificationExecutor.java:140)&#xD;
	at com.kms.katalon.core.main.WSVerificationExecutor.processExecutionPhase(WSVerificationExecutor.java:123)&#xD;
	at com.kms.katalon.core.main.WSVerificationExecutor.accessMainPhase(WSVerificationExecutor.java:115)&#xD;
	at com.kms.katalon.core.main.WSVerificationExecutor.execute(WSVerificationExecutor.java:103)&#xD;
	at com.kms.katalon.core.main.TestCaseMain.runWSVerificationScript(TestCaseMain.java:127)&#xD;
	at com.kms.katalon.core.webservice.keyword.builtin.SendRequestAndVerifyKeyword$_sendRequestAndVerify_closure1.doCall(SendRequestAndVerifyKeyword.groovy:55)&#xD;
	at com.kms.katalon.core.webservice.keyword.builtin.SendRequestAndVerifyKeyword$_sendRequestAndVerify_closure1.call(SendRequestAndVerifyKeyword.groovy)&#xD;
	at com.kms.katalon.core.keyword.internal.KeywordMain.runKeyword(KeywordMain.groovy:68)&#xD;
	at com.kms.katalon.core.webservice.keyword.builtin.SendRequestAndVerifyKeyword.sendRequestAndVerify(SendRequestAndVerifyKeyword.groovy:43)&#xD;
	at com.kms.katalon.core.webservice.keyword.builtin.SendRequestAndVerifyKeyword.execute(SendRequestAndVerifyKeyword.groovy:38)&#xD;
	at com.kms.katalon.core.keyword.internal.KeywordExecutor.executeKeywordForPlatform(KeywordExecutor.groovy:56)&#xD;
	at com.kms.katalon.core.webservice.keyword.WSBuiltInKeywords.sendRequestAndVerify(WSBuiltInKeywords.groovy:65)&#xD;
	at com.kms.katalon.core.webservice.keyword.WSBuiltInKeywords$sendRequestAndVerify$0.call(Unknown Source)&#xD;
	at kUserTimeline_Test.run(kUserTimeline_Test:16)&#xD;
	at com.kms.katalon.core.main.ScriptEngine.run(ScriptEngine.java:194)&#xD;
	at com.kms.katalon.core.main.ScriptEngine.runScriptAsRawText(ScriptEngine.java:119)&#xD;
	at com.kms.katalon.core.main.TestCaseExecutor.runScript(TestCaseExecutor.java:337)&#xD;
	at com.kms.katalon.core.main.TestCaseExecutor.doExecute(TestCaseExecutor.java:328)&#xD;
	at com.kms.katalon.core.main.TestCaseExecutor.processExecutionPhase(TestCaseExecutor.java:307)&#xD;
	at com.kms.katalon.core.main.TestCaseExecutor.accessMainPhase(TestCaseExecutor.java:299)&#xD;
	at com.kms.katalon.core.main.TestCaseExecutor.execute(TestCaseExecutor.java:233)&#xD;
	at com.kms.katalon.core.main.TestSuiteExecutor.accessTestCaseMainPhase(TestSuiteExecutor.java:169)&#xD;
	at com.kms.katalon.core.main.TestSuiteExecutor.accessTestSuiteMainPhase(TestSuiteExecutor.java:142)&#xD;
	at com.kms.katalon.core.main.TestSuiteExecutor.execute(TestSuiteExecutor.java:91)&#xD;
	at com.kms.katalon.core.main.TestCaseMain.startTestSuite(TestCaseMain.java:157)&#xD;
	at com.kms.katalon.core.main.TestCaseMain$startTestSuite$0.call(Unknown Source)&#xD;
	at TempTestSuite1568908277252.run(TempTestSuite1568908277252.groovy:35)&#xD;
&#xD;
&#xD;
2019-09-19 21:21:41 - [TEST_STEP][FAILED] - sendRequestAndVerify(findTestObject("kUserTimeline", ["fromdaTe":fromdaTe, "todaTe":todaTe, "userId":userid, "uniqueToken":uniquetoken])): Unable to send request and verify the response (Root cause: com.kms.katalon.core.exception.StepFailedException: Verification failed&#xD;
	at com.kms.katalon.core.webservice.keyword.builtin.SendRequestAndVerifyKeyword$_sendRequestAndVerify_closure1.doCall(SendRequestAndVerifyKeyword.groovy:59)&#xD;
	at com.kms.katalon.core.webservice.keyword.builtin.SendRequestAndVerifyKeyword$_sendRequestAndVerify_closure1.call(SendRequestAndVerifyKeyword.groovy)&#xD;
	at com.kms.katalon.core.keyword.internal.KeywordMain.runKeyword(KeywordMain.groovy:68)&#xD;
	at com.kms.katalon.core.webservice.keyword.builtin.SendRequestAndVerifyKeyword.sendRequestAndVerify(SendRequestAndVerifyKeyword.groovy:43)&#xD;
	at com.kms.katalon.core.webservice.keyword.builtin.SendRequestAndVerifyKeyword.execute(SendRequestAndVerifyKeyword.groovy:38)&#xD;
	at com.kms.katalon.core.keyword.internal.KeywordExecutor.executeKeywordForPlatform(KeywordExecutor.groovy:56)&#xD;
	at com.kms.katalon.core.webservice.keyword.WSBuiltInKeywords.sendRequestAndVerify(WSBuiltInKeywords.groovy:65)&#xD;
	at com.kms.katalon.core.webservice.keyword.WSBuiltInKeywords$sendRequestAndVerify$0.call(Unknown Source)&#xD;
	at kUserTimeline_Test.run(kUserTimeline_Test:16)&#xD;
	at com.kms.katalon.core.main.ScriptEngine.run(ScriptEngine.java:194)&#xD;
	at com.kms.katalon.core.main.ScriptEngine.runScriptAsRawText(ScriptEngine.java:119)&#xD;
	at com.kms.katalon.core.main.TestCaseExecutor.runScript(TestCaseExecutor.java:337)&#xD;
	at com.kms.katalon.core.main.TestCaseExecutor.doExecute(TestCaseExecutor.java:328)&#xD;
	at com.kms.katalon.core.main.TestCaseExecutor.processExecutionPhase(TestCaseExecutor.java:307)&#xD;
	at com.kms.katalon.core.main.TestCaseExecutor.accessMainPhase(TestCaseExecutor.java:299)&#xD;
	at com.kms.katalon.core.main.TestCaseExecutor.execute(TestCaseExecutor.java:233)&#xD;
	at com.kms.katalon.core.main.TestSuiteExecutor.accessTestCaseMainPhase(TestSuiteExecutor.java:169)&#xD;
	at com.kms.katalon.core.main.TestSuiteExecutor.accessTestSuiteMainPhase(TestSuiteExecutor.java:142)&#xD;
	at com.kms.katalon.core.main.TestSuiteExecutor.execute(TestSuiteExecutor.java:91)&#xD;
	at com.kms.katalon.core.main.TestCaseMain.startTestSuite(TestCaseMain.java:157)&#xD;
	at com.kms.katalon.core.main.TestCaseMain$startTestSuite$0.call(Unknown Source)&#xD;
	at TempTestSuite1568908277252.run(TempTestSuite1568908277252.groovy:35)&#xD;
)&#xD;
&#xD;
2019-09-19 21:21:42 - [MESSAGE][INFO] - HAR: C:\Users\rajesh.veeranna\Katalon Studio\SmartIndonasia\Reports\20190919_212117\SMARTINDONASIA_API_SmokeTest\20190919_212117\requests\main\18.har&#xD;
&#xD;
2019-09-19 21:21:42 - [TEST_CASE][FAILED] - Start Test Case : Verification: Verification FAILED.
Reason:
com.kms.katalon.core.exception.StepFailedException: Expected status code is '200' but actual status code is '404'&#xD;
	at com.kms.katalon.core.keyword.internal.KeywordMain.stepFailed(KeywordMain.groovy:50)&#xD;
	at com.kms.katalon.core.webservice.keyword.builtin.VerifyResponseStatusCodeKeyword.verifyStatusCode(VerifyResponseStatusCodeKeyword.groovy:52)&#xD;
	at com.kms.katalon.core.webservice.keyword.builtin.VerifyResponseStatusCodeKeyword$_verifyResponseStatusCode_closure1.doCall(VerifyResponseStatusCodeKeyword.groovy:42)&#xD;
	at com.kms.katalon.core.webservice.keyword.builtin.VerifyResponseStatusCodeKeyword$_verifyResponseStatusCode_closure1.call(VerifyResponseStatusCodeKeyword.groovy)&#xD;
	at com.kms.katalon.core.keyword.internal.KeywordMain.runKeyword(KeywordMain.groovy:68)&#xD;
	at com.kms.katalon.core.webservice.keyword.builtin.VerifyResponseStatusCodeKeyword.verifyResponseStatusCode(VerifyResponseStatusCodeKeyword.groovy:37)&#xD;
	at com.kms.katalon.core.webservice.keyword.builtin.VerifyResponseStatusCodeKeyword.execute(VerifyResponseStatusCodeKeyword.groovy:32)&#xD;
	at com.kms.katalon.core.keyword.internal.KeywordExecutor.executeKeywordForPlatform(KeywordExecutor.groovy:56)&#xD;
	at com.kms.katalon.core.webservice.keyword.WSBuiltInKeywords.verifyResponseStatusCode(WSBuiltInKeywords.groovy:212)&#xD;
	at com.kms.katalon.core.webservice.keyword.WSBuiltInKeywords$verifyResponseStatusCode$1.call(Unknown Source)&#xD;
	at WSVerification1568908302221.run(WSVerification1568908302221:17)&#xD;
	at com.kms.katalon.core.main.ScriptEngine.run(ScriptEngine.java:194)&#xD;
	at com.kms.katalon.core.main.ScriptEngine.runScriptAsRawText(ScriptEngine.java:119)&#xD;
	at com.kms.katalon.core.main.WSVerificationExecutor.runScript(WSVerificationExecutor.java:146)&#xD;
	at com.kms.katalon.core.main.WSVerificationExecutor.doExecute(WSVerificationExecutor.java:140)&#xD;
	at com.kms.katalon.core.main.WSVerificationExecutor.processExecutionPhase(WSVerificationExecutor.java:123)&#xD;
	at com.kms.katalon.core.main.WSVerificationExecutor.accessMainPhase(WSVerificationExecutor.java:115)&#xD;
	at com.kms.katalon.core.main.WSVerificationExecutor.execute(WSVerificationExecutor.java:103)&#xD;
	at com.kms.katalon.core.main.TestCaseMain.runWSVerificationScript(TestCaseMain.java:127)&#xD;
	at com.kms.katalon.core.webservice.keyword.builtin.SendRequestAndVerifyKeyword$_sendRequestAndVerify_closure1.doCall(SendRequestAndVerifyKeyword.groovy:55)&#xD;
	at com.kms.katalon.core.webservice.keyword.builtin.SendRequestAndVerifyKeyword$_sendRequestAndVerify_closure1.call(SendRequestAndVerifyKeyword.groovy)&#xD;
	at com.kms.katalon.core.keyword.internal.KeywordMain.runKeyword(KeywordMain.groovy:68)&#xD;
	at com.kms.katalon.core.webservice.keyword.builtin.SendRequestAndVerifyKeyword.sendRequestAndVerify(SendRequestAndVerifyKeyword.groovy:43)&#xD;
	at com.kms.katalon.core.webservice.keyword.builtin.SendRequestAndVerifyKeyword.execute(SendRequestAndVerifyKeyword.groovy:38)&#xD;
	at com.kms.katalon.core.keyword.internal.KeywordExecutor.executeKeywordForPlatform(KeywordExecutor.groovy:56)&#xD;
	at com.kms.katalon.core.webservice.keyword.WSBuiltInKeywords.sendRequestAndVerify(WSBuiltInKeywords.groovy:65)&#xD;
	at com.kms.katalon.core.webservice.keyword.WSBuiltInKeywords$sendRequestAndVerify$0.call(Unknown Source)&#xD;
	at kUserTimeline_Test.run(kUserTimeline_Test:16)&#xD;
	at com.kms.katalon.core.main.ScriptEngine.run(ScriptEngine.java:194)&#xD;
	at com.kms.katalon.core.main.ScriptEngine.runScriptAsRawText(ScriptEngine.java:119)&#xD;
	at com.kms.katalon.core.main.TestCaseExecutor.runScript(TestCaseExecutor.java:337)&#xD;
	at com.kms.katalon.core.main.TestCaseExecutor.doExecute(TestCaseExecutor.java:328)&#xD;
	at com.kms.katalon.core.main.TestCaseExecutor.processExecutionPhase(TestCaseExecutor.java:307)&#xD;
	at com.kms.katalon.core.main.TestCaseExecutor.accessMainPhase(TestCaseExecutor.java:299)&#xD;
	at com.kms.katalon.core.main.TestCaseExecutor.execute(TestCaseExecutor.java:233)&#xD;
	at com.kms.katalon.core.main.TestSuiteExecutor.accessTestCaseMainPhase(TestSuiteExecutor.java:169)&#xD;
	at com.kms.katalon.core.main.TestSuiteExecutor.accessTestSuiteMainPhase(TestSuiteExecutor.java:142)&#xD;
	at com.kms.katalon.core.main.TestSuiteExecutor.execute(TestSuiteExecutor.java:91)&#xD;
	at com.kms.katalon.core.main.TestCaseMain.startTestSuite(TestCaseMain.java:157)&#xD;
	at com.kms.katalon.core.main.TestCaseMain$startTestSuite$0.call(Unknown Source)&#xD;
	at TempTestSuite1568908277252.run(TempTestSuite1568908277252.groovy:35)&#xD;
&#xD;
&#xD;
2019-09-19 21:21:42 - [TEST_STEP][PASSED] - request = getInstance().getCurrentRequest(): null&#xD;
&#xD;
2019-09-19 21:21:42 - [TEST_STEP][PASSED] - response = getInstance().getCurrentResponse(): null&#xD;
&#xD;
2019-09-19 21:21:42 - [TEST_STEP][FAILED] - verifyResponseStatusCode(response, 200): Unable to verify response status code (Root cause: com.kms.katalon.core.exception.StepFailedException: Expected status code is '200' but actual status code is '404'&#xD;
	at com.kms.katalon.core.keyword.internal.KeywordMain.stepFailed(KeywordMain.groovy:50)&#xD;
	at com.kms.katalon.core.webservice.keyword.builtin.VerifyResponseStatusCodeKeyword.verifyStatusCode(VerifyResponseStatusCodeKeyword.groovy:52)&#xD;
	at com.kms.katalon.core.webservice.keyword.builtin.VerifyResponseStatusCodeKeyword$_verifyResponseStatusCode_closure1.doCall(VerifyResponseStatusCodeKeyword.groovy:42)&#xD;
	at com.kms.katalon.core.webservice.keyword.builtin.VerifyResponseStatusCodeKeyword$_verifyResponseStatusCode_closure1.call(VerifyResponseStatusCodeKeyword.groovy)&#xD;
	at com.kms.katalon.core.keyword.internal.KeywordMain.runKeyword(KeywordMain.groovy:68)&#xD;
	at com.kms.katalon.core.webservice.keyword.builtin.VerifyResponseStatusCodeKeyword.verifyResponseStatusCode(VerifyResponseStatusCodeKeyword.groovy:37)&#xD;
	at com.kms.katalon.core.webservice.keyword.builtin.VerifyResponseStatusCodeKeyword.execute(VerifyResponseStatusCodeKeyword.groovy:32)&#xD;
	at com.kms.katalon.core.keyword.internal.KeywordExecutor.executeKeywordForPlatform(KeywordExecutor.groovy:56)&#xD;
	at com.kms.katalon.core.webservice.keyword.WSBuiltInKeywords.verifyResponseStatusCode(WSBuiltInKeywords.groovy:212)&#xD;
	at com.kms.katalon.core.webservice.keyword.WSBuiltInKeywords$verifyResponseStatusCode$1.call(Unknown Source)&#xD;
	at WSVerification1568908302221.run(WSVerification1568908302221:17)&#xD;
	at com.kms.katalon.core.main.ScriptEngine.run(ScriptEngine.java:194)&#xD;
	at com.kms.katalon.core.main.ScriptEngine.runScriptAsRawText(ScriptEngine.java:119)&#xD;
	at com.kms.katalon.core.main.WSVerificationExecutor.runScript(WSVerificationExecutor.java:146)&#xD;
	at com.kms.katalon.core.main.WSVerificationExecutor.doExecute(WSVerificationExecutor.java:140)&#xD;
	at com.kms.katalon.core.main.WSVerificationExecutor.processExecutionPhase(WSVerificationExecutor.java:123)&#xD;
	at com.kms.katalon.core.main.WSVerificationExecutor.accessMainPhase(WSVerificationExecutor.java:115)&#xD;
	at com.kms.katalon.core.main.WSVerificationExecutor.execute(WSVerificationExecutor.java:103)&#xD;
	at com.kms.katalon.core.main.TestCaseMain.runWSVerificationScript(TestCaseMain.java:127)&#xD;
	at com.kms.katalon.core.webservice.keyword.builtin.SendRequestAndVerifyKeyword$_sendRequestAndVerify_closure1.doCall(SendRequestAndVerifyKeyword.groovy:55)&#xD;
	at com.kms.katalon.core.webservice.keyword.builtin.SendRequestAndVerifyKeyword$_sendRequestAndVerify_closure1.call(SendRequestAndVerifyKeyword.groovy)&#xD;
	at com.kms.katalon.core.keyword.internal.KeywordMain.runKeyword(KeywordMain.groovy:68)&#xD;
	at com.kms.katalon.core.webservice.keyword.builtin.SendRequestAndVerifyKeyword.sendRequestAndVerify(SendRequestAndVerifyKeyword.groovy:43)&#xD;
	at com.kms.katalon.core.webservice.keyword.builtin.SendRequestAndVerifyKeyword.execute(SendRequestAndVerifyKeyword.groovy:38)&#xD;
	at com.kms.katalon.core.keyword.internal.KeywordExecutor.executeKeywordForPlatform(KeywordExecutor.groovy:56)&#xD;
	at com.kms.katalon.core.webservice.keyword.WSBuiltInKeywords.sendRequestAndVerify(WSBuiltInKeywords.groovy:65)&#xD;
	at com.kms.katalon.core.webservice.keyword.WSBuiltInKeywords$sendRequestAndVerify$0.call(Unknown Source)&#xD;
	at kUserTimeline_Test.run(kUserTimeline_Test:16)&#xD;
	at com.kms.katalon.core.main.ScriptEngine.run(ScriptEngine.java:194)&#xD;
	at com.kms.katalon.core.main.ScriptEngine.runScriptAsRawText(ScriptEngine.java:119)&#xD;
	at com.kms.katalon.core.main.TestCaseExecutor.runScript(TestCaseExecutor.java:337)&#xD;
	at com.kms.katalon.core.main.TestCaseExecutor.doExecute(TestCaseExecutor.java:328)&#xD;
	at com.kms.katalon.core.main.TestCaseExecutor.processExecutionPhase(TestCaseExecutor.java:307)&#xD;
	at com.kms.katalon.core.main.TestCaseExecutor.accessMainPhase(TestCaseExecutor.java:299)&#xD;
	at com.kms.katalon.core.main.TestCaseExecutor.execute(TestCaseExecutor.java:233)&#xD;
	at com.kms.katalon.core.main.TestSuiteExecutor.accessTestCaseMainPhase(TestSuiteExecutor.java:169)&#xD;
	at com.kms.katalon.core.main.TestSuiteExecutor.accessTestSuiteMainPhase(TestSuiteExecutor.java:142)&#xD;
	at com.kms.katalon.core.main.TestSuiteExecutor.execute(TestSuiteExecutor.java:91)&#xD;
	at com.kms.katalon.core.main.TestCaseMain.startTestSuite(TestCaseMain.java:157)&#xD;
	at com.kms.katalon.core.main.TestCaseMain$startTestSuite$0.call(Unknown Source)&#xD;
	at TempTestSuite1568908277252.run(TempTestSuite1568908277252.groovy:35)&#xD;
)&#xD;
&#xD;
2019-09-19 21:21:42 - [MESSAGE][FAILED] - Expected status code is '200' but actual status code is '404'&#xD;
&#xD;
2019-09-19 21:21:42 - [MESSAGE][FAILED] - Unable to verify response status code (Root cause: com.kms.katalon.core.exception.StepFailedException: Expected status code is '200' but actual status code is '404'&#xD;
	at com.kms.katalon.core.keyword.internal.KeywordMain.stepFailed(KeywordMain.groovy:50)&#xD;
	at com.kms.katalon.core.webservice.keyword.builtin.VerifyResponseStatusCodeKeyword.verifyStatusCode(VerifyResponseStatusCodeKeyword.groovy:52)&#xD;
	at com.kms.katalon.core.webservice.keyword.builtin.VerifyResponseStatusCodeKeyword$_verifyResponseStatusCode_closure1.doCall(VerifyResponseStatusCodeKeyword.groovy:42)&#xD;
	at com.kms.katalon.core.webservice.keyword.builtin.VerifyResponseStatusCodeKeyword$_verifyResponseStatusCode_closure1.call(VerifyResponseStatusCodeKeyword.groovy)&#xD;
	at com.kms.katalon.core.keyword.internal.KeywordMain.runKeyword(KeywordMain.groovy:68)&#xD;
	at com.kms.katalon.core.webservice.keyword.builtin.VerifyResponseStatusCodeKeyword.verifyResponseStatusCode(VerifyResponseStatusCodeKeyword.groovy:37)&#xD;
	at com.kms.katalon.core.webservice.keyword.builtin.VerifyResponseStatusCodeKeyword.execute(VerifyResponseStatusCodeKeyword.groovy:32)&#xD;
	at com.kms.katalon.core.keyword.internal.KeywordExecutor.executeKeywordForPlatform(KeywordExecutor.groovy:56)&#xD;
	at com.kms.katalon.core.webservice.keyword.WSBuiltInKeywords.verifyResponseStatusCode(WSBuiltInKeywords.groovy:212)&#xD;
	at com.kms.katalon.core.webservice.keyword.WSBuiltInKeywords$verifyResponseStatusCode$1.call(Unknown Source)&#xD;
	at WSVerification1568908302221.run(WSVerification1568908302221:17)&#xD;
	at com.kms.katalon.core.main.ScriptEngine.run(ScriptEngine.java:194)&#xD;
	at com.kms.katalon.core.main.ScriptEngine.runScriptAsRawText(ScriptEngine.java:119)&#xD;
	at com.kms.katalon.core.main.WSVerificationExecutor.runScript(WSVerificationExecutor.java:146)&#xD;
	at com.kms.katalon.core.main.WSVerificationExecutor.doExecute(WSVerificationExecutor.java:140)&#xD;
	at com.kms.katalon.core.main.WSVerificationExecutor.processExecutionPhase(WSVerificationExecutor.java:123)&#xD;
	at com.kms.katalon.core.main.WSVerificationExecutor.accessMainPhase(WSVerificationExecutor.java:115)&#xD;
	at com.kms.katalon.core.main.WSVerificationExecutor.execute(WSVerificationExecutor.java:103)&#xD;
	at com.kms.katalon.core.main.TestCaseMain.runWSVerificationScript(TestCaseMain.java:127)&#xD;
	at com.kms.katalon.core.webservice.keyword.builtin.SendRequestAndVerifyKeyword$_sendRequestAndVerify_closure1.doCall(SendRequestAndVerifyKeyword.groovy:55)&#xD;
	at com.kms.katalon.core.webservice.keyword.builtin.SendRequestAndVerifyKeyword$_sendRequestAndVerify_closure1.call(SendRequestAndVerifyKeyword.groovy)&#xD;
	at com.kms.katalon.core.keyword.internal.KeywordMain.runKeyword(KeywordMain.groovy:68)&#xD;
	at com.kms.katalon.core.webservice.keyword.builtin.SendRequestAndVerifyKeyword.sendRequestAndVerify(SendRequestAndVerifyKeyword.groovy:43)&#xD;
	at com.kms.katalon.core.webservice.keyword.builtin.SendRequestAndVerifyKeyword.execute(SendRequestAndVerifyKeyword.groovy:38)&#xD;
	at com.kms.katalon.core.keyword.internal.KeywordExecutor.executeKeywordForPlatform(KeywordExecutor.groovy:56)&#xD;
	at com.kms.katalon.core.webservice.keyword.WSBuiltInKeywords.sendRequestAndVerify(WSBuiltInKeywords.groovy:65)&#xD;
	at com.kms.katalon.core.webservice.keyword.WSBuiltInKeywords$sendRequestAndVerify$0.call(Unknown Source)&#xD;
	at kUserTimeline_Test.run(kUserTimeline_Test:16)&#xD;
	at com.kms.katalon.core.main.ScriptEngine.run(ScriptEngine.java:194)&#xD;
	at com.kms.katalon.core.main.ScriptEngine.runScriptAsRawText(ScriptEngine.java:119)&#xD;
	at com.kms.katalon.core.main.TestCaseExecutor.runScript(TestCaseExecutor.java:337)&#xD;
	at com.kms.katalon.core.main.TestCaseExecutor.doExecute(TestCaseExecutor.java:328)&#xD;
	at com.kms.katalon.core.main.TestCaseExecutor.processExecutionPhase(TestCaseExecutor.java:307)&#xD;
	at com.kms.katalon.core.main.TestCaseExecutor.accessMainPhase(TestCaseExecutor.java:299)&#xD;
	at com.kms.katalon.core.main.TestCaseExecutor.execute(TestCaseExecutor.java:233)&#xD;
	at com.kms.katalon.core.main.TestSuiteExecutor.accessTestCaseMainPhase(TestSuiteExecutor.java:169)&#xD;
	at com.kms.katalon.core.main.TestSuiteExecutor.accessTestSuiteMainPhase(TestSuiteExecutor.java:142)&#xD;
	at com.kms.katalon.core.main.TestSuiteExecutor.execute(TestSuiteExecutor.java:91)&#xD;
	at com.kms.katalon.core.main.TestCaseMain.startTestSuite(TestCaseMain.java:157)&#xD;
	at com.kms.katalon.core.main.TestCaseMain$startTestSuite$0.call(Unknown Source)&#xD;
	at TempTestSuite1568908277252.run(TempTestSuite1568908277252.groovy:35)&#xD;
)&#xD;
&#xD;
2019-09-19 21:21:42 - [MESSAGE][FAILED] - Unable to send request and verify the response (Root cause: com.kms.katalon.core.exception.StepFailedException: Verification failed&#xD;
	at com.kms.katalon.core.webservice.keyword.builtin.SendRequestAndVerifyKeyword$_sendRequestAndVerify_closure1.doCall(SendRequestAndVerifyKeyword.groovy:59)&#xD;
	at com.kms.katalon.core.webservice.keyword.builtin.SendRequestAndVerifyKeyword$_sendRequestAndVerify_closure1.call(SendRequestAndVerifyKeyword.groovy)&#xD;
	at com.kms.katalon.core.keyword.internal.KeywordMain.runKeyword(KeywordMain.groovy:68)&#xD;
	at com.kms.katalon.core.webservice.keyword.builtin.SendRequestAndVerifyKeyword.sendRequestAndVerify(SendRequestAndVerifyKeyword.groovy:43)&#xD;
	at com.kms.katalon.core.webservice.keyword.builtin.SendRequestAndVerifyKeyword.execute(SendRequestAndVerifyKeyword.groovy:38)&#xD;
	at com.kms.katalon.core.keyword.internal.KeywordExecutor.executeKeywordForPlatform(KeywordExecutor.groovy:56)&#xD;
	at com.kms.katalon.core.webservice.keyword.WSBuiltInKeywords.sendRequestAndVerify(WSBuiltInKeywords.groovy:65)&#xD;
	at com.kms.katalon.core.webservice.keyword.WSBuiltInKeywords$sendRequestAndVerify$0.call(Unknown Source)&#xD;
	at kUserTimeline_Test.run(kUserTimeline_Test:16)&#xD;
	at com.kms.katalon.core.main.ScriptEngine.run(ScriptEngine.java:194)&#xD;
	at com.kms.katalon.core.main.ScriptEngine.runScriptAsRawText(ScriptEngine.java:119)&#xD;
	at com.kms.katalon.core.main.TestCaseExecutor.runScript(TestCaseExecutor.java:337)&#xD;
	at com.kms.katalon.core.main.TestCaseExecutor.doExecute(TestCaseExecutor.java:328)&#xD;
	at com.kms.katalon.core.main.TestCaseExecutor.processExecutionPhase(TestCaseExecutor.java:307)&#xD;
	at com.kms.katalon.core.main.TestCaseExecutor.accessMainPhase(TestCaseExecutor.java:299)&#xD;
	at com.kms.katalon.core.main.TestCaseExecutor.execute(TestCaseExecutor.java:233)&#xD;
	at com.kms.katalon.core.main.TestSuiteExecutor.accessTestCaseMainPhase(TestSuiteExecutor.java:169)&#xD;
	at com.kms.katalon.core.main.TestSuiteExecutor.accessTestSuiteMainPhase(TestSuiteExecutor.java:142)&#xD;
	at com.kms.katalon.core.main.TestSuiteExecutor.execute(TestSuiteExecutor.java:91)&#xD;
	at com.kms.katalon.core.main.TestCaseMain.startTestSuite(TestCaseMain.java:157)&#xD;
	at com.kms.katalon.core.main.TestCaseMain$startTestSuite$0.call(Unknown Source)&#xD;
	at TempTestSuite1568908277252.run(TempTestSuite1568908277252.groovy:35)&#xD;
)</system-out>
            <system-err>2019-09-19 21:21:41 - [TEST_CASE][FAILED] - Test Cases/kUserTimeline_Test: Test Cases/kUserTimeline_Test FAILED.
Reason:
com.kms.katalon.core.exception.StepFailedException: Expected status code is '200' but actual status code is '404'&#xD;
	at com.kms.katalon.core.keyword.internal.KeywordMain.stepFailed(KeywordMain.groovy:50)&#xD;
	at com.kms.katalon.core.webservice.keyword.builtin.VerifyResponseStatusCodeKeyword.verifyStatusCode(VerifyResponseStatusCodeKeyword.groovy:52)&#xD;
	at com.kms.katalon.core.webservice.keyword.builtin.VerifyResponseStatusCodeKeyword$_verifyResponseStatusCode_closure1.doCall(VerifyResponseStatusCodeKeyword.groovy:42)&#xD;
	at com.kms.katalon.core.webservice.keyword.builtin.VerifyResponseStatusCodeKeyword$_verifyResponseStatusCode_closure1.call(VerifyResponseStatusCodeKeyword.groovy)&#xD;
	at com.kms.katalon.core.keyword.internal.KeywordMain.runKeyword(KeywordMain.groovy:68)&#xD;
	at com.kms.katalon.core.webservice.keyword.builtin.VerifyResponseStatusCodeKeyword.verifyResponseStatusCode(VerifyResponseStatusCodeKeyword.groovy:37)&#xD;
	at com.kms.katalon.core.webservice.keyword.builtin.VerifyResponseStatusCodeKeyword.execute(VerifyResponseStatusCodeKeyword.groovy:32)&#xD;
	at com.kms.katalon.core.keyword.internal.KeywordExecutor.executeKeywordForPlatform(KeywordExecutor.groovy:56)&#xD;
	at com.kms.katalon.core.webservice.keyword.WSBuiltInKeywords.verifyResponseStatusCode(WSBuiltInKeywords.groovy:212)&#xD;
	at com.kms.katalon.core.webservice.keyword.WSBuiltInKeywords$verifyResponseStatusCode$1.call(Unknown Source)&#xD;
	at WSVerification1568908302221.run(WSVerification1568908302221:17)&#xD;
	at com.kms.katalon.core.main.ScriptEngine.run(ScriptEngine.java:194)&#xD;
	at com.kms.katalon.core.main.ScriptEngine.runScriptAsRawText(ScriptEngine.java:119)&#xD;
	at com.kms.katalon.core.main.WSVerificationExecutor.runScript(WSVerificationExecutor.java:146)&#xD;
	at com.kms.katalon.core.main.WSVerificationExecutor.doExecute(WSVerificationExecutor.java:140)&#xD;
	at com.kms.katalon.core.main.WSVerificationExecutor.processExecutionPhase(WSVerificationExecutor.java:123)&#xD;
	at com.kms.katalon.core.main.WSVerificationExecutor.accessMainPhase(WSVerificationExecutor.java:115)&#xD;
	at com.kms.katalon.core.main.WSVerificationExecutor.execute(WSVerificationExecutor.java:103)&#xD;
	at com.kms.katalon.core.main.TestCaseMain.runWSVerificationScript(TestCaseMain.java:127)&#xD;
	at com.kms.katalon.core.webservice.keyword.builtin.SendRequestAndVerifyKeyword$_sendRequestAndVerify_closure1.doCall(SendRequestAndVerifyKeyword.groovy:55)&#xD;
	at com.kms.katalon.core.webservice.keyword.builtin.SendRequestAndVerifyKeyword$_sendRequestAndVerify_closure1.call(SendRequestAndVerifyKeyword.groovy)&#xD;
	at com.kms.katalon.core.keyword.internal.KeywordMain.runKeyword(KeywordMain.groovy:68)&#xD;
	at com.kms.katalon.core.webservice.keyword.builtin.SendRequestAndVerifyKeyword.sendRequestAndVerify(SendRequestAndVerifyKeyword.groovy:43)&#xD;
	at com.kms.katalon.core.webservice.keyword.builtin.SendRequestAndVerifyKeyword.execute(SendRequestAndVerifyKeyword.groovy:38)&#xD;
	at com.kms.katalon.core.keyword.internal.KeywordExecutor.executeKeywordForPlatform(KeywordExecutor.groovy:56)&#xD;
	at com.kms.katalon.core.webservice.keyword.WSBuiltInKeywords.sendRequestAndVerify(WSBuiltInKeywords.groovy:65)&#xD;
	at com.kms.katalon.core.webservice.keyword.WSBuiltInKeywords$sendRequestAndVerify$0.call(Unknown Source)&#xD;
	at kUserTimeline_Test.run(kUserTimeline_Test:16)&#xD;
	at com.kms.katalon.core.main.ScriptEngine.run(ScriptEngine.java:194)&#xD;
	at com.kms.katalon.core.main.ScriptEngine.runScriptAsRawText(ScriptEngine.java:119)&#xD;
	at com.kms.katalon.core.main.TestCaseExecutor.runScript(TestCaseExecutor.java:337)&#xD;
	at com.kms.katalon.core.main.TestCaseExecutor.doExecute(TestCaseExecutor.java:328)&#xD;
	at com.kms.katalon.core.main.TestCaseExecutor.processExecutionPhase(TestCaseExecutor.java:307)&#xD;
	at com.kms.katalon.core.main.TestCaseExecutor.accessMainPhase(TestCaseExecutor.java:299)&#xD;
	at com.kms.katalon.core.main.TestCaseExecutor.execute(TestCaseExecutor.java:233)&#xD;
	at com.kms.katalon.core.main.TestSuiteExecutor.accessTestCaseMainPhase(TestSuiteExecutor.java:169)&#xD;
	at com.kms.katalon.core.main.TestSuiteExecutor.accessTestSuiteMainPhase(TestSuiteExecutor.java:142)&#xD;
	at com.kms.katalon.core.main.TestSuiteExecutor.execute(TestSuiteExecutor.java:91)&#xD;
	at com.kms.katalon.core.main.TestCaseMain.startTestSuite(TestCaseMain.java:157)&#xD;
	at com.kms.katalon.core.main.TestCaseMain$startTestSuite$0.call(Unknown Source)&#xD;
	at TempTestSuite1568908277252.run(TempTestSuite1568908277252.groovy:35)</system-err>
        </testcase>
        <testcase name="Test Cases/lSeverityMaster_Test" classname="Test Cases/lSeverityMaster_Test" status="FAILED">
            <failure type="FAILED" message="Test Cases/lSeverityMaster_Test FAILED.&#xA;Reason:&#xA;com.kms.katalon.core.exception.StepFailedException: Expected status code is '200' but actual status code is '404'&#xD;&#xA;&#x9;at com.kms.katalon.core.keyword.internal.KeywordMain.stepFailed(KeywordMain.groovy:50)&#xD;&#xA;&#x9;at com.kms.katalon.core.webservice.keyword.builtin.VerifyResponseStatusCodeKeyword.verifyStatusCode(VerifyResponseStatusCodeKeyword.groovy:52)&#xD;&#xA;&#x9;at com.kms.katalon.core.webservice.keyword.builtin.VerifyResponseStatusCodeKeyword$_verifyResponseStatusCode_closure1.doCall(VerifyResponseStatusCodeKeyword.groovy:42)&#xD;&#xA;&#x9;at com.kms.katalon.core.webservice.keyword.builtin.VerifyResponseStatusCodeKeyword$_verifyResponseStatusCode_closure1.call(VerifyResponseStatusCodeKeyword.groovy)&#xD;&#xA;&#x9;at com.kms.katalon.core.keyword.internal.KeywordMain.runKeyword(KeywordMain.groovy:68)&#xD;&#xA;&#x9;at com.kms.katalon.core.webservice.keyword.builtin.VerifyResponseStatusCodeKeyword.verifyResponseStatusCode(VerifyResponseStatusCodeKeyword.groovy:37)&#xD;&#xA;&#x9;at com.kms.katalon.core.webservice.keyword.builtin.VerifyResponseStatusCodeKeyword.execute(VerifyResponseStatusCodeKeyword.groovy:32)&#xD;&#xA;&#x9;at com.kms.katalon.core.keyword.internal.KeywordExecutor.executeKeywordForPlatform(KeywordExecutor.groovy:56)&#xD;&#xA;&#x9;at com.kms.katalon.core.webservice.keyword.WSBuiltInKeywords.verifyResponseStatusCode(WSBuiltInKeywords.groovy:212)&#xD;&#xA;&#x9;at com.kms.katalon.core.webservice.keyword.WSBuiltInKeywords$verifyResponseStatusCode$1.call(Unknown Source)&#xD;&#xA;&#x9;at WSVerification1568908304352.run(WSVerification1568908304352:17)&#xD;&#xA;&#x9;at com.kms.katalon.core.main.ScriptEngine.run(ScriptEngine.java:194)&#xD;&#xA;&#x9;at com.kms.katalon.core.main.ScriptEngine.runScriptAsRawText(ScriptEngine.java:119)&#xD;&#xA;&#x9;at com.kms.katalon.core.main.WSVerificationExecutor.runScript(WSVerificationExecutor.java:146)&#xD;&#xA;&#x9;at com.kms.katalon.core.main.WSVerificationExecutor.doExecute(WSVerificationExecutor.java:140)&#xD;&#xA;&#x9;at com.kms.katalon.core.main.WSVerificationExecutor.processExecutionPhase(WSVerificationExecutor.java:123)&#xD;&#xA;&#x9;at com.kms.katalon.core.main.WSVerificationExecutor.accessMainPhase(WSVerificationExecutor.java:115)&#xD;&#xA;&#x9;at com.kms.katalon.core.main.WSVerificationExecutor.execute(WSVerificationExecutor.java:103)&#xD;&#xA;&#x9;at com.kms.katalon.core.main.TestCaseMain.runWSVerificationScript(TestCaseMain.java:127)&#xD;&#xA;&#x9;at com.kms.katalon.core.webservice.keyword.builtin.SendRequestAndVerifyKeyword$_sendRequestAndVerify_closure1.doCall(SendRequestAndVerifyKeyword.groovy:55)&#xD;&#xA;&#x9;at com.kms.katalon.core.webservice.keyword.builtin.SendRequestAndVerifyKeyword$_sendRequestAndVerify_closure1.call(SendRequestAndVerifyKeyword.groovy)&#xD;&#xA;&#x9;at com.kms.katalon.core.keyword.internal.KeywordMain.runKeyword(KeywordMain.groovy:68)&#xD;&#xA;&#x9;at com.kms.katalon.core.webservice.keyword.builtin.SendRequestAndVerifyKeyword.sendRequestAndVerify(SendRequestAndVerifyKeyword.groovy:43)&#xD;&#xA;&#x9;at com.kms.katalon.core.webservice.keyword.builtin.SendRequestAndVerifyKeyword.execute(SendRequestAndVerifyKeyword.groovy:38)&#xD;&#xA;&#x9;at com.kms.katalon.core.keyword.internal.KeywordExecutor.executeKeywordForPlatform(KeywordExecutor.groovy:56)&#xD;&#xA;&#x9;at com.kms.katalon.core.webservice.keyword.WSBuiltInKeywords.sendRequestAndVerify(WSBuiltInKeywords.groovy:65)&#xD;&#xA;&#x9;at com.kms.katalon.core.webservice.keyword.WSBuiltInKeywords$sendRequestAndVerify$0.call(Unknown Source)&#xD;&#xA;&#x9;at lSeverityMaster_Test.run(lSeverityMaster_Test:16)&#xD;&#xA;&#x9;at com.kms.katalon.core.main.ScriptEngine.run(ScriptEngine.java:194)&#xD;&#xA;&#x9;at com.kms.katalon.core.main.ScriptEngine.runScriptAsRawText(ScriptEngine.java:119)&#xD;&#xA;&#x9;at com.kms.katalon.core.main.TestCaseExecutor.runScript(TestCaseExecutor.java:337)&#xD;&#xA;&#x9;at com.kms.katalon.core.main.TestCaseExecutor.doExecute(TestCaseExecutor.java:328)&#xD;&#xA;&#x9;at com.kms.katalon.core.main.TestCaseExecutor.processExecutionPhase(TestCaseExecutor.java:307)&#xD;&#xA;&#x9;at com.kms.katalon.core.main.TestCaseExecutor.accessMainPhase(TestCaseExecutor.java:299)&#xD;&#xA;&#x9;at com.kms.katalon.core.main.TestCaseExecutor.execute(TestCaseExecutor.java:233)&#xD;&#xA;&#x9;at com.kms.katalon.core.main.TestSuiteExecutor.accessTestCaseMainPhase(TestSuiteExecutor.java:169)&#xD;&#xA;&#x9;at com.kms.katalon.core.main.TestSuiteExecutor.accessTestSuiteMainPhase(TestSuiteExecutor.java:142)&#xD;&#xA;&#x9;at com.kms.katalon.core.main.TestSuiteExecutor.execute(TestSuiteExecutor.java:91)&#xD;&#xA;&#x9;at com.kms.katalon.core.main.TestCaseMain.startTestSuite(TestCaseMain.java:157)&#xD;&#xA;&#x9;at com.kms.katalon.core.main.TestCaseMain$startTestSuite$0.call(Unknown Source)&#xD;&#xA;&#x9;at TempTestSuite1568908277252.run(TempTestSuite1568908277252.groovy:35)&#xD;&#xA;"/>
            <system-out>2019-09-19 21:21:43 - [TEST_CASE][FAILED] - Test Cases/lSeverityMaster_Test: Test Cases/lSeverityMaster_Test FAILED.
Reason:
com.kms.katalon.core.exception.StepFailedException: Expected status code is '200' but actual status code is '404'&#xD;
	at com.kms.katalon.core.keyword.internal.KeywordMain.stepFailed(KeywordMain.groovy:50)&#xD;
	at com.kms.katalon.core.webservice.keyword.builtin.VerifyResponseStatusCodeKeyword.verifyStatusCode(VerifyResponseStatusCodeKeyword.groovy:52)&#xD;
	at com.kms.katalon.core.webservice.keyword.builtin.VerifyResponseStatusCodeKeyword$_verifyResponseStatusCode_closure1.doCall(VerifyResponseStatusCodeKeyword.groovy:42)&#xD;
	at com.kms.katalon.core.webservice.keyword.builtin.VerifyResponseStatusCodeKeyword$_verifyResponseStatusCode_closure1.call(VerifyResponseStatusCodeKeyword.groovy)&#xD;
	at com.kms.katalon.core.keyword.internal.KeywordMain.runKeyword(KeywordMain.groovy:68)&#xD;
	at com.kms.katalon.core.webservice.keyword.builtin.VerifyResponseStatusCodeKeyword.verifyResponseStatusCode(VerifyResponseStatusCodeKeyword.groovy:37)&#xD;
	at com.kms.katalon.core.webservice.keyword.builtin.VerifyResponseStatusCodeKeyword.execute(VerifyResponseStatusCodeKeyword.groovy:32)&#xD;
	at com.kms.katalon.core.keyword.internal.KeywordExecutor.executeKeywordForPlatform(KeywordExecutor.groovy:56)&#xD;
	at com.kms.katalon.core.webservice.keyword.WSBuiltInKeywords.verifyResponseStatusCode(WSBuiltInKeywords.groovy:212)&#xD;
	at com.kms.katalon.core.webservice.keyword.WSBuiltInKeywords$verifyResponseStatusCode$1.call(Unknown Source)&#xD;
	at WSVerification1568908304352.run(WSVerification1568908304352:17)&#xD;
	at com.kms.katalon.core.main.ScriptEngine.run(ScriptEngine.java:194)&#xD;
	at com.kms.katalon.core.main.ScriptEngine.runScriptAsRawText(ScriptEngine.java:119)&#xD;
	at com.kms.katalon.core.main.WSVerificationExecutor.runScript(WSVerificationExecutor.java:146)&#xD;
	at com.kms.katalon.core.main.WSVerificationExecutor.doExecute(WSVerificationExecutor.java:140)&#xD;
	at com.kms.katalon.core.main.WSVerificationExecutor.processExecutionPhase(WSVerificationExecutor.java:123)&#xD;
	at com.kms.katalon.core.main.WSVerificationExecutor.accessMainPhase(WSVerificationExecutor.java:115)&#xD;
	at com.kms.katalon.core.main.WSVerificationExecutor.execute(WSVerificationExecutor.java:103)&#xD;
	at com.kms.katalon.core.main.TestCaseMain.runWSVerificationScript(TestCaseMain.java:127)&#xD;
	at com.kms.katalon.core.webservice.keyword.builtin.SendRequestAndVerifyKeyword$_sendRequestAndVerify_closure1.doCall(SendRequestAndVerifyKeyword.groovy:55)&#xD;
	at com.kms.katalon.core.webservice.keyword.builtin.SendRequestAndVerifyKeyword$_sendRequestAndVerify_closure1.call(SendRequestAndVerifyKeyword.groovy)&#xD;
	at com.kms.katalon.core.keyword.internal.KeywordMain.runKeyword(KeywordMain.groovy:68)&#xD;
	at com.kms.katalon.core.webservice.keyword.builtin.SendRequestAndVerifyKeyword.sendRequestAndVerify(SendRequestAndVerifyKeyword.groovy:43)&#xD;
	at com.kms.katalon.core.webservice.keyword.builtin.SendRequestAndVerifyKeyword.execute(SendRequestAndVerifyKeyword.groovy:38)&#xD;
	at com.kms.katalon.core.keyword.internal.KeywordExecutor.executeKeywordForPlatform(KeywordExecutor.groovy:56)&#xD;
	at com.kms.katalon.core.webservice.keyword.WSBuiltInKeywords.sendRequestAndVerify(WSBuiltInKeywords.groovy:65)&#xD;
	at com.kms.katalon.core.webservice.keyword.WSBuiltInKeywords$sendRequestAndVerify$0.call(Unknown Source)&#xD;
	at lSeverityMaster_Test.run(lSeverityMaster_Test:16)&#xD;
	at com.kms.katalon.core.main.ScriptEngine.run(ScriptEngine.java:194)&#xD;
	at com.kms.katalon.core.main.ScriptEngine.runScriptAsRawText(ScriptEngine.java:119)&#xD;
	at com.kms.katalon.core.main.TestCaseExecutor.runScript(TestCaseExecutor.java:337)&#xD;
	at com.kms.katalon.core.main.TestCaseExecutor.doExecute(TestCaseExecutor.java:328)&#xD;
	at com.kms.katalon.core.main.TestCaseExecutor.processExecutionPhase(TestCaseExecutor.java:307)&#xD;
	at com.kms.katalon.core.main.TestCaseExecutor.accessMainPhase(TestCaseExecutor.java:299)&#xD;
	at com.kms.katalon.core.main.TestCaseExecutor.execute(TestCaseExecutor.java:233)&#xD;
	at com.kms.katalon.core.main.TestSuiteExecutor.accessTestCaseMainPhase(TestSuiteExecutor.java:169)&#xD;
	at com.kms.katalon.core.main.TestSuiteExecutor.accessTestSuiteMainPhase(TestSuiteExecutor.java:142)&#xD;
	at com.kms.katalon.core.main.TestSuiteExecutor.execute(TestSuiteExecutor.java:91)&#xD;
	at com.kms.katalon.core.main.TestCaseMain.startTestSuite(TestCaseMain.java:157)&#xD;
	at com.kms.katalon.core.main.TestCaseMain$startTestSuite$0.call(Unknown Source)&#xD;
	at TempTestSuite1568908277252.run(TempTestSuite1568908277252.groovy:35)&#xD;
&#xD;
&#xD;
2019-09-19 21:21:44 - [TEST_STEP][FAILED] - sendRequestAndVerify(findTestObject("lSeverity Master", ["versiontableId":versiontableId, "userId":userid, "uniqueToken":uniquetoken])): Unable to send request and verify the response (Root cause: com.kms.katalon.core.exception.StepFailedException: Verification failed&#xD;
	at com.kms.katalon.core.webservice.keyword.builtin.SendRequestAndVerifyKeyword$_sendRequestAndVerify_closure1.doCall(SendRequestAndVerifyKeyword.groovy:59)&#xD;
	at com.kms.katalon.core.webservice.keyword.builtin.SendRequestAndVerifyKeyword$_sendRequestAndVerify_closure1.call(SendRequestAndVerifyKeyword.groovy)&#xD;
	at com.kms.katalon.core.keyword.internal.KeywordMain.runKeyword(KeywordMain.groovy:68)&#xD;
	at com.kms.katalon.core.webservice.keyword.builtin.SendRequestAndVerifyKeyword.sendRequestAndVerify(SendRequestAndVerifyKeyword.groovy:43)&#xD;
	at com.kms.katalon.core.webservice.keyword.builtin.SendRequestAndVerifyKeyword.execute(SendRequestAndVerifyKeyword.groovy:38)&#xD;
	at com.kms.katalon.core.keyword.internal.KeywordExecutor.executeKeywordForPlatform(KeywordExecutor.groovy:56)&#xD;
	at com.kms.katalon.core.webservice.keyword.WSBuiltInKeywords.sendRequestAndVerify(WSBuiltInKeywords.groovy:65)&#xD;
	at com.kms.katalon.core.webservice.keyword.WSBuiltInKeywords$sendRequestAndVerify$0.call(Unknown Source)&#xD;
	at lSeverityMaster_Test.run(lSeverityMaster_Test:16)&#xD;
	at com.kms.katalon.core.main.ScriptEngine.run(ScriptEngine.java:194)&#xD;
	at com.kms.katalon.core.main.ScriptEngine.runScriptAsRawText(ScriptEngine.java:119)&#xD;
	at com.kms.katalon.core.main.TestCaseExecutor.runScript(TestCaseExecutor.java:337)&#xD;
	at com.kms.katalon.core.main.TestCaseExecutor.doExecute(TestCaseExecutor.java:328)&#xD;
	at com.kms.katalon.core.main.TestCaseExecutor.processExecutionPhase(TestCaseExecutor.java:307)&#xD;
	at com.kms.katalon.core.main.TestCaseExecutor.accessMainPhase(TestCaseExecutor.java:299)&#xD;
	at com.kms.katalon.core.main.TestCaseExecutor.execute(TestCaseExecutor.java:233)&#xD;
	at com.kms.katalon.core.main.TestSuiteExecutor.accessTestCaseMainPhase(TestSuiteExecutor.java:169)&#xD;
	at com.kms.katalon.core.main.TestSuiteExecutor.accessTestSuiteMainPhase(TestSuiteExecutor.java:142)&#xD;
	at com.kms.katalon.core.main.TestSuiteExecutor.execute(TestSuiteExecutor.java:91)&#xD;
	at com.kms.katalon.core.main.TestCaseMain.startTestSuite(TestCaseMain.java:157)&#xD;
	at com.kms.katalon.core.main.TestCaseMain$startTestSuite$0.call(Unknown Source)&#xD;
	at TempTestSuite1568908277252.run(TempTestSuite1568908277252.groovy:35)&#xD;
)&#xD;
&#xD;
2019-09-19 21:21:44 - [MESSAGE][INFO] - HAR: C:\Users\rajesh.veeranna\Katalon Studio\SmartIndonasia\Reports\20190919_212117\SMARTINDONASIA_API_SmokeTest\20190919_212117\requests\main\19.har&#xD;
&#xD;
2019-09-19 21:21:44 - [TEST_CASE][FAILED] - Start Test Case : Verification: Verification FAILED.
Reason:
com.kms.katalon.core.exception.StepFailedException: Expected status code is '200' but actual status code is '404'&#xD;
	at com.kms.katalon.core.keyword.internal.KeywordMain.stepFailed(KeywordMain.groovy:50)&#xD;
	at com.kms.katalon.core.webservice.keyword.builtin.VerifyResponseStatusCodeKeyword.verifyStatusCode(VerifyResponseStatusCodeKeyword.groovy:52)&#xD;
	at com.kms.katalon.core.webservice.keyword.builtin.VerifyResponseStatusCodeKeyword$_verifyResponseStatusCode_closure1.doCall(VerifyResponseStatusCodeKeyword.groovy:42)&#xD;
	at com.kms.katalon.core.webservice.keyword.builtin.VerifyResponseStatusCodeKeyword$_verifyResponseStatusCode_closure1.call(VerifyResponseStatusCodeKeyword.groovy)&#xD;
	at com.kms.katalon.core.keyword.internal.KeywordMain.runKeyword(KeywordMain.groovy:68)&#xD;
	at com.kms.katalon.core.webservice.keyword.builtin.VerifyResponseStatusCodeKeyword.verifyResponseStatusCode(VerifyResponseStatusCodeKeyword.groovy:37)&#xD;
	at com.kms.katalon.core.webservice.keyword.builtin.VerifyResponseStatusCodeKeyword.execute(VerifyResponseStatusCodeKeyword.groovy:32)&#xD;
	at com.kms.katalon.core.keyword.internal.KeywordExecutor.executeKeywordForPlatform(KeywordExecutor.groovy:56)&#xD;
	at com.kms.katalon.core.webservice.keyword.WSBuiltInKeywords.verifyResponseStatusCode(WSBuiltInKeywords.groovy:212)&#xD;
	at com.kms.katalon.core.webservice.keyword.WSBuiltInKeywords$verifyResponseStatusCode$1.call(Unknown Source)&#xD;
	at WSVerification1568908304352.run(WSVerification1568908304352:17)&#xD;
	at com.kms.katalon.core.main.ScriptEngine.run(ScriptEngine.java:194)&#xD;
	at com.kms.katalon.core.main.ScriptEngine.runScriptAsRawText(ScriptEngine.java:119)&#xD;
	at com.kms.katalon.core.main.WSVerificationExecutor.runScript(WSVerificationExecutor.java:146)&#xD;
	at com.kms.katalon.core.main.WSVerificationExecutor.doExecute(WSVerificationExecutor.java:140)&#xD;
	at com.kms.katalon.core.main.WSVerificationExecutor.processExecutionPhase(WSVerificationExecutor.java:123)&#xD;
	at com.kms.katalon.core.main.WSVerificationExecutor.accessMainPhase(WSVerificationExecutor.java:115)&#xD;
	at com.kms.katalon.core.main.WSVerificationExecutor.execute(WSVerificationExecutor.java:103)&#xD;
	at com.kms.katalon.core.main.TestCaseMain.runWSVerificationScript(TestCaseMain.java:127)&#xD;
	at com.kms.katalon.core.webservice.keyword.builtin.SendRequestAndVerifyKeyword$_sendRequestAndVerify_closure1.doCall(SendRequestAndVerifyKeyword.groovy:55)&#xD;
	at com.kms.katalon.core.webservice.keyword.builtin.SendRequestAndVerifyKeyword$_sendRequestAndVerify_closure1.call(SendRequestAndVerifyKeyword.groovy)&#xD;
	at com.kms.katalon.core.keyword.internal.KeywordMain.runKeyword(KeywordMain.groovy:68)&#xD;
	at com.kms.katalon.core.webservice.keyword.builtin.SendRequestAndVerifyKeyword.sendRequestAndVerify(SendRequestAndVerifyKeyword.groovy:43)&#xD;
	at com.kms.katalon.core.webservice.keyword.builtin.SendRequestAndVerifyKeyword.execute(SendRequestAndVerifyKeyword.groovy:38)&#xD;
	at com.kms.katalon.core.keyword.internal.KeywordExecutor.executeKeywordForPlatform(KeywordExecutor.groovy:56)&#xD;
	at com.kms.katalon.core.webservice.keyword.WSBuiltInKeywords.sendRequestAndVerify(WSBuiltInKeywords.groovy:65)&#xD;
	at com.kms.katalon.core.webservice.keyword.WSBuiltInKeywords$sendRequestAndVerify$0.call(Unknown Source)&#xD;
	at lSeverityMaster_Test.run(lSeverityMaster_Test:16)&#xD;
	at com.kms.katalon.core.main.ScriptEngine.run(ScriptEngine.java:194)&#xD;
	at com.kms.katalon.core.main.ScriptEngine.runScriptAsRawText(ScriptEngine.java:119)&#xD;
	at com.kms.katalon.core.main.TestCaseExecutor.runScript(TestCaseExecutor.java:337)&#xD;
	at com.kms.katalon.core.main.TestCaseExecutor.doExecute(TestCaseExecutor.java:328)&#xD;
	at com.kms.katalon.core.main.TestCaseExecutor.processExecutionPhase(TestCaseExecutor.java:307)&#xD;
	at com.kms.katalon.core.main.TestCaseExecutor.accessMainPhase(TestCaseExecutor.java:299)&#xD;
	at com.kms.katalon.core.main.TestCaseExecutor.execute(TestCaseExecutor.java:233)&#xD;
	at com.kms.katalon.core.main.TestSuiteExecutor.accessTestCaseMainPhase(TestSuiteExecutor.java:169)&#xD;
	at com.kms.katalon.core.main.TestSuiteExecutor.accessTestSuiteMainPhase(TestSuiteExecutor.java:142)&#xD;
	at com.kms.katalon.core.main.TestSuiteExecutor.execute(TestSuiteExecutor.java:91)&#xD;
	at com.kms.katalon.core.main.TestCaseMain.startTestSuite(TestCaseMain.java:157)&#xD;
	at com.kms.katalon.core.main.TestCaseMain$startTestSuite$0.call(Unknown Source)&#xD;
	at TempTestSuite1568908277252.run(TempTestSuite1568908277252.groovy:35)&#xD;
&#xD;
&#xD;
2019-09-19 21:21:44 - [TEST_STEP][PASSED] - request = getInstance().getCurrentRequest(): null&#xD;
&#xD;
2019-09-19 21:21:44 - [TEST_STEP][PASSED] - response = getInstance().getCurrentResponse(): null&#xD;
&#xD;
2019-09-19 21:21:44 - [TEST_STEP][FAILED] - verifyResponseStatusCode(response, 200): Unable to verify response status code (Root cause: com.kms.katalon.core.exception.StepFailedException: Expected status code is '200' but actual status code is '404'&#xD;
	at com.kms.katalon.core.keyword.internal.KeywordMain.stepFailed(KeywordMain.groovy:50)&#xD;
	at com.kms.katalon.core.webservice.keyword.builtin.VerifyResponseStatusCodeKeyword.verifyStatusCode(VerifyResponseStatusCodeKeyword.groovy:52)&#xD;
	at com.kms.katalon.core.webservice.keyword.builtin.VerifyResponseStatusCodeKeyword$_verifyResponseStatusCode_closure1.doCall(VerifyResponseStatusCodeKeyword.groovy:42)&#xD;
	at com.kms.katalon.core.webservice.keyword.builtin.VerifyResponseStatusCodeKeyword$_verifyResponseStatusCode_closure1.call(VerifyResponseStatusCodeKeyword.groovy)&#xD;
	at com.kms.katalon.core.keyword.internal.KeywordMain.runKeyword(KeywordMain.groovy:68)&#xD;
	at com.kms.katalon.core.webservice.keyword.builtin.VerifyResponseStatusCodeKeyword.verifyResponseStatusCode(VerifyResponseStatusCodeKeyword.groovy:37)&#xD;
	at com.kms.katalon.core.webservice.keyword.builtin.VerifyResponseStatusCodeKeyword.execute(VerifyResponseStatusCodeKeyword.groovy:32)&#xD;
	at com.kms.katalon.core.keyword.internal.KeywordExecutor.executeKeywordForPlatform(KeywordExecutor.groovy:56)&#xD;
	at com.kms.katalon.core.webservice.keyword.WSBuiltInKeywords.verifyResponseStatusCode(WSBuiltInKeywords.groovy:212)&#xD;
	at com.kms.katalon.core.webservice.keyword.WSBuiltInKeywords$verifyResponseStatusCode$1.call(Unknown Source)&#xD;
	at WSVerification1568908304352.run(WSVerification1568908304352:17)&#xD;
	at com.kms.katalon.core.main.ScriptEngine.run(ScriptEngine.java:194)&#xD;
	at com.kms.katalon.core.main.ScriptEngine.runScriptAsRawText(ScriptEngine.java:119)&#xD;
	at com.kms.katalon.core.main.WSVerificationExecutor.runScript(WSVerificationExecutor.java:146)&#xD;
	at com.kms.katalon.core.main.WSVerificationExecutor.doExecute(WSVerificationExecutor.java:140)&#xD;
	at com.kms.katalon.core.main.WSVerificationExecutor.processExecutionPhase(WSVerificationExecutor.java:123)&#xD;
	at com.kms.katalon.core.main.WSVerificationExecutor.accessMainPhase(WSVerificationExecutor.java:115)&#xD;
	at com.kms.katalon.core.main.WSVerificationExecutor.execute(WSVerificationExecutor.java:103)&#xD;
	at com.kms.katalon.core.main.TestCaseMain.runWSVerificationScript(TestCaseMain.java:127)&#xD;
	at com.kms.katalon.core.webservice.keyword.builtin.SendRequestAndVerifyKeyword$_sendRequestAndVerify_closure1.doCall(SendRequestAndVerifyKeyword.groovy:55)&#xD;
	at com.kms.katalon.core.webservice.keyword.builtin.SendRequestAndVerifyKeyword$_sendRequestAndVerify_closure1.call(SendRequestAndVerifyKeyword.groovy)&#xD;
	at com.kms.katalon.core.keyword.internal.KeywordMain.runKeyword(KeywordMain.groovy:68)&#xD;
	at com.kms.katalon.core.webservice.keyword.builtin.SendRequestAndVerifyKeyword.sendRequestAndVerify(SendRequestAndVerifyKeyword.groovy:43)&#xD;
	at com.kms.katalon.core.webservice.keyword.builtin.SendRequestAndVerifyKeyword.execute(SendRequestAndVerifyKeyword.groovy:38)&#xD;
	at com.kms.katalon.core.keyword.internal.KeywordExecutor.executeKeywordForPlatform(KeywordExecutor.groovy:56)&#xD;
	at com.kms.katalon.core.webservice.keyword.WSBuiltInKeywords.sendRequestAndVerify(WSBuiltInKeywords.groovy:65)&#xD;
	at com.kms.katalon.core.webservice.keyword.WSBuiltInKeywords$sendRequestAndVerify$0.call(Unknown Source)&#xD;
	at lSeverityMaster_Test.run(lSeverityMaster_Test:16)&#xD;
	at com.kms.katalon.core.main.ScriptEngine.run(ScriptEngine.java:194)&#xD;
	at com.kms.katalon.core.main.ScriptEngine.runScriptAsRawText(ScriptEngine.java:119)&#xD;
	at com.kms.katalon.core.main.TestCaseExecutor.runScript(TestCaseExecutor.java:337)&#xD;
	at com.kms.katalon.core.main.TestCaseExecutor.doExecute(TestCaseExecutor.java:328)&#xD;
	at com.kms.katalon.core.main.TestCaseExecutor.processExecutionPhase(TestCaseExecutor.java:307)&#xD;
	at com.kms.katalon.core.main.TestCaseExecutor.accessMainPhase(TestCaseExecutor.java:299)&#xD;
	at com.kms.katalon.core.main.TestCaseExecutor.execute(TestCaseExecutor.java:233)&#xD;
	at com.kms.katalon.core.main.TestSuiteExecutor.accessTestCaseMainPhase(TestSuiteExecutor.java:169)&#xD;
	at com.kms.katalon.core.main.TestSuiteExecutor.accessTestSuiteMainPhase(TestSuiteExecutor.java:142)&#xD;
	at com.kms.katalon.core.main.TestSuiteExecutor.execute(TestSuiteExecutor.java:91)&#xD;
	at com.kms.katalon.core.main.TestCaseMain.startTestSuite(TestCaseMain.java:157)&#xD;
	at com.kms.katalon.core.main.TestCaseMain$startTestSuite$0.call(Unknown Source)&#xD;
	at TempTestSuite1568908277252.run(TempTestSuite1568908277252.groovy:35)&#xD;
)&#xD;
&#xD;
2019-09-19 21:21:44 - [MESSAGE][FAILED] - Expected status code is '200' but actual status code is '404'&#xD;
&#xD;
2019-09-19 21:21:44 - [MESSAGE][FAILED] - Unable to verify response status code (Root cause: com.kms.katalon.core.exception.StepFailedException: Expected status code is '200' but actual status code is '404'&#xD;
	at com.kms.katalon.core.keyword.internal.KeywordMain.stepFailed(KeywordMain.groovy:50)&#xD;
	at com.kms.katalon.core.webservice.keyword.builtin.VerifyResponseStatusCodeKeyword.verifyStatusCode(VerifyResponseStatusCodeKeyword.groovy:52)&#xD;
	at com.kms.katalon.core.webservice.keyword.builtin.VerifyResponseStatusCodeKeyword$_verifyResponseStatusCode_closure1.doCall(VerifyResponseStatusCodeKeyword.groovy:42)&#xD;
	at com.kms.katalon.core.webservice.keyword.builtin.VerifyResponseStatusCodeKeyword$_verifyResponseStatusCode_closure1.call(VerifyResponseStatusCodeKeyword.groovy)&#xD;
	at com.kms.katalon.core.keyword.internal.KeywordMain.runKeyword(KeywordMain.groovy:68)&#xD;
	at com.kms.katalon.core.webservice.keyword.builtin.VerifyResponseStatusCodeKeyword.verifyResponseStatusCode(VerifyResponseStatusCodeKeyword.groovy:37)&#xD;
	at com.kms.katalon.core.webservice.keyword.builtin.VerifyResponseStatusCodeKeyword.execute(VerifyResponseStatusCodeKeyword.groovy:32)&#xD;
	at com.kms.katalon.core.keyword.internal.KeywordExecutor.executeKeywordForPlatform(KeywordExecutor.groovy:56)&#xD;
	at com.kms.katalon.core.webservice.keyword.WSBuiltInKeywords.verifyResponseStatusCode(WSBuiltInKeywords.groovy:212)&#xD;
	at com.kms.katalon.core.webservice.keyword.WSBuiltInKeywords$verifyResponseStatusCode$1.call(Unknown Source)&#xD;
	at WSVerification1568908304352.run(WSVerification1568908304352:17)&#xD;
	at com.kms.katalon.core.main.ScriptEngine.run(ScriptEngine.java:194)&#xD;
	at com.kms.katalon.core.main.ScriptEngine.runScriptAsRawText(ScriptEngine.java:119)&#xD;
	at com.kms.katalon.core.main.WSVerificationExecutor.runScript(WSVerificationExecutor.java:146)&#xD;
	at com.kms.katalon.core.main.WSVerificationExecutor.doExecute(WSVerificationExecutor.java:140)&#xD;
	at com.kms.katalon.core.main.WSVerificationExecutor.processExecutionPhase(WSVerificationExecutor.java:123)&#xD;
	at com.kms.katalon.core.main.WSVerificationExecutor.accessMainPhase(WSVerificationExecutor.java:115)&#xD;
	at com.kms.katalon.core.main.WSVerificationExecutor.execute(WSVerificationExecutor.java:103)&#xD;
	at com.kms.katalon.core.main.TestCaseMain.runWSVerificationScript(TestCaseMain.java:127)&#xD;
	at com.kms.katalon.core.webservice.keyword.builtin.SendRequestAndVerifyKeyword$_sendRequestAndVerify_closure1.doCall(SendRequestAndVerifyKeyword.groovy:55)&#xD;
	at com.kms.katalon.core.webservice.keyword.builtin.SendRequestAndVerifyKeyword$_sendRequestAndVerify_closure1.call(SendRequestAndVerifyKeyword.groovy)&#xD;
	at com.kms.katalon.core.keyword.internal.KeywordMain.runKeyword(KeywordMain.groovy:68)&#xD;
	at com.kms.katalon.core.webservice.keyword.builtin.SendRequestAndVerifyKeyword.sendRequestAndVerify(SendRequestAndVerifyKeyword.groovy:43)&#xD;
	at com.kms.katalon.core.webservice.keyword.builtin.SendRequestAndVerifyKeyword.execute(SendRequestAndVerifyKeyword.groovy:38)&#xD;
	at com.kms.katalon.core.keyword.internal.KeywordExecutor.executeKeywordForPlatform(KeywordExecutor.groovy:56)&#xD;
	at com.kms.katalon.core.webservice.keyword.WSBuiltInKeywords.sendRequestAndVerify(WSBuiltInKeywords.groovy:65)&#xD;
	at com.kms.katalon.core.webservice.keyword.WSBuiltInKeywords$sendRequestAndVerify$0.call(Unknown Source)&#xD;
	at lSeverityMaster_Test.run(lSeverityMaster_Test:16)&#xD;
	at com.kms.katalon.core.main.ScriptEngine.run(ScriptEngine.java:194)&#xD;
	at com.kms.katalon.core.main.ScriptEngine.runScriptAsRawText(ScriptEngine.java:119)&#xD;
	at com.kms.katalon.core.main.TestCaseExecutor.runScript(TestCaseExecutor.java:337)&#xD;
	at com.kms.katalon.core.main.TestCaseExecutor.doExecute(TestCaseExecutor.java:328)&#xD;
	at com.kms.katalon.core.main.TestCaseExecutor.processExecutionPhase(TestCaseExecutor.java:307)&#xD;
	at com.kms.katalon.core.main.TestCaseExecutor.accessMainPhase(TestCaseExecutor.java:299)&#xD;
	at com.kms.katalon.core.main.TestCaseExecutor.execute(TestCaseExecutor.java:233)&#xD;
	at com.kms.katalon.core.main.TestSuiteExecutor.accessTestCaseMainPhase(TestSuiteExecutor.java:169)&#xD;
	at com.kms.katalon.core.main.TestSuiteExecutor.accessTestSuiteMainPhase(TestSuiteExecutor.java:142)&#xD;
	at com.kms.katalon.core.main.TestSuiteExecutor.execute(TestSuiteExecutor.java:91)&#xD;
	at com.kms.katalon.core.main.TestCaseMain.startTestSuite(TestCaseMain.java:157)&#xD;
	at com.kms.katalon.core.main.TestCaseMain$startTestSuite$0.call(Unknown Source)&#xD;
	at TempTestSuite1568908277252.run(TempTestSuite1568908277252.groovy:35)&#xD;
)&#xD;
&#xD;
2019-09-19 21:21:45 - [MESSAGE][FAILED] - Unable to send request and verify the response (Root cause: com.kms.katalon.core.exception.StepFailedException: Verification failed&#xD;
	at com.kms.katalon.core.webservice.keyword.builtin.SendRequestAndVerifyKeyword$_sendRequestAndVerify_closure1.doCall(SendRequestAndVerifyKeyword.groovy:59)&#xD;
	at com.kms.katalon.core.webservice.keyword.builtin.SendRequestAndVerifyKeyword$_sendRequestAndVerify_closure1.call(SendRequestAndVerifyKeyword.groovy)&#xD;
	at com.kms.katalon.core.keyword.internal.KeywordMain.runKeyword(KeywordMain.groovy:68)&#xD;
	at com.kms.katalon.core.webservice.keyword.builtin.SendRequestAndVerifyKeyword.sendRequestAndVerify(SendRequestAndVerifyKeyword.groovy:43)&#xD;
	at com.kms.katalon.core.webservice.keyword.builtin.SendRequestAndVerifyKeyword.execute(SendRequestAndVerifyKeyword.groovy:38)&#xD;
	at com.kms.katalon.core.keyword.internal.KeywordExecutor.executeKeywordForPlatform(KeywordExecutor.groovy:56)&#xD;
	at com.kms.katalon.core.webservice.keyword.WSBuiltInKeywords.sendRequestAndVerify(WSBuiltInKeywords.groovy:65)&#xD;
	at com.kms.katalon.core.webservice.keyword.WSBuiltInKeywords$sendRequestAndVerify$0.call(Unknown Source)&#xD;
	at lSeverityMaster_Test.run(lSeverityMaster_Test:16)&#xD;
	at com.kms.katalon.core.main.ScriptEngine.run(ScriptEngine.java:194)&#xD;
	at com.kms.katalon.core.main.ScriptEngine.runScriptAsRawText(ScriptEngine.java:119)&#xD;
	at com.kms.katalon.core.main.TestCaseExecutor.runScript(TestCaseExecutor.java:337)&#xD;
	at com.kms.katalon.core.main.TestCaseExecutor.doExecute(TestCaseExecutor.java:328)&#xD;
	at com.kms.katalon.core.main.TestCaseExecutor.processExecutionPhase(TestCaseExecutor.java:307)&#xD;
	at com.kms.katalon.core.main.TestCaseExecutor.accessMainPhase(TestCaseExecutor.java:299)&#xD;
	at com.kms.katalon.core.main.TestCaseExecutor.execute(TestCaseExecutor.java:233)&#xD;
	at com.kms.katalon.core.main.TestSuiteExecutor.accessTestCaseMainPhase(TestSuiteExecutor.java:169)&#xD;
	at com.kms.katalon.core.main.TestSuiteExecutor.accessTestSuiteMainPhase(TestSuiteExecutor.java:142)&#xD;
	at com.kms.katalon.core.main.TestSuiteExecutor.execute(TestSuiteExecutor.java:91)&#xD;
	at com.kms.katalon.core.main.TestCaseMain.startTestSuite(TestCaseMain.java:157)&#xD;
	at com.kms.katalon.core.main.TestCaseMain$startTestSuite$0.call(Unknown Source)&#xD;
	at TempTestSuite1568908277252.run(TempTestSuite1568908277252.groovy:35)&#xD;
)</system-out>
            <system-err>2019-09-19 21:21:43 - [TEST_CASE][FAILED] - Test Cases/lSeverityMaster_Test: Test Cases/lSeverityMaster_Test FAILED.
Reason:
com.kms.katalon.core.exception.StepFailedException: Expected status code is '200' but actual status code is '404'&#xD;
	at com.kms.katalon.core.keyword.internal.KeywordMain.stepFailed(KeywordMain.groovy:50)&#xD;
	at com.kms.katalon.core.webservice.keyword.builtin.VerifyResponseStatusCodeKeyword.verifyStatusCode(VerifyResponseStatusCodeKeyword.groovy:52)&#xD;
	at com.kms.katalon.core.webservice.keyword.builtin.VerifyResponseStatusCodeKeyword$_verifyResponseStatusCode_closure1.doCall(VerifyResponseStatusCodeKeyword.groovy:42)&#xD;
	at com.kms.katalon.core.webservice.keyword.builtin.VerifyResponseStatusCodeKeyword$_verifyResponseStatusCode_closure1.call(VerifyResponseStatusCodeKeyword.groovy)&#xD;
	at com.kms.katalon.core.keyword.internal.KeywordMain.runKeyword(KeywordMain.groovy:68)&#xD;
	at com.kms.katalon.core.webservice.keyword.builtin.VerifyResponseStatusCodeKeyword.verifyResponseStatusCode(VerifyResponseStatusCodeKeyword.groovy:37)&#xD;
	at com.kms.katalon.core.webservice.keyword.builtin.VerifyResponseStatusCodeKeyword.execute(VerifyResponseStatusCodeKeyword.groovy:32)&#xD;
	at com.kms.katalon.core.keyword.internal.KeywordExecutor.executeKeywordForPlatform(KeywordExecutor.groovy:56)&#xD;
	at com.kms.katalon.core.webservice.keyword.WSBuiltInKeywords.verifyResponseStatusCode(WSBuiltInKeywords.groovy:212)&#xD;
	at com.kms.katalon.core.webservice.keyword.WSBuiltInKeywords$verifyResponseStatusCode$1.call(Unknown Source)&#xD;
	at WSVerification1568908304352.run(WSVerification1568908304352:17)&#xD;
	at com.kms.katalon.core.main.ScriptEngine.run(ScriptEngine.java:194)&#xD;
	at com.kms.katalon.core.main.ScriptEngine.runScriptAsRawText(ScriptEngine.java:119)&#xD;
	at com.kms.katalon.core.main.WSVerificationExecutor.runScript(WSVerificationExecutor.java:146)&#xD;
	at com.kms.katalon.core.main.WSVerificationExecutor.doExecute(WSVerificationExecutor.java:140)&#xD;
	at com.kms.katalon.core.main.WSVerificationExecutor.processExecutionPhase(WSVerificationExecutor.java:123)&#xD;
	at com.kms.katalon.core.main.WSVerificationExecutor.accessMainPhase(WSVerificationExecutor.java:115)&#xD;
	at com.kms.katalon.core.main.WSVerificationExecutor.execute(WSVerificationExecutor.java:103)&#xD;
	at com.kms.katalon.core.main.TestCaseMain.runWSVerificationScript(TestCaseMain.java:127)&#xD;
	at com.kms.katalon.core.webservice.keyword.builtin.SendRequestAndVerifyKeyword$_sendRequestAndVerify_closure1.doCall(SendRequestAndVerifyKeyword.groovy:55)&#xD;
	at com.kms.katalon.core.webservice.keyword.builtin.SendRequestAndVerifyKeyword$_sendRequestAndVerify_closure1.call(SendRequestAndVerifyKeyword.groovy)&#xD;
	at com.kms.katalon.core.keyword.internal.KeywordMain.runKeyword(KeywordMain.groovy:68)&#xD;
	at com.kms.katalon.core.webservice.keyword.builtin.SendRequestAndVerifyKeyword.sendRequestAndVerify(SendRequestAndVerifyKeyword.groovy:43)&#xD;
	at com.kms.katalon.core.webservice.keyword.builtin.SendRequestAndVerifyKeyword.execute(SendRequestAndVerifyKeyword.groovy:38)&#xD;
	at com.kms.katalon.core.keyword.internal.KeywordExecutor.executeKeywordForPlatform(KeywordExecutor.groovy:56)&#xD;
	at com.kms.katalon.core.webservice.keyword.WSBuiltInKeywords.sendRequestAndVerify(WSBuiltInKeywords.groovy:65)&#xD;
	at com.kms.katalon.core.webservice.keyword.WSBuiltInKeywords$sendRequestAndVerify$0.call(Unknown Source)&#xD;
	at lSeverityMaster_Test.run(lSeverityMaster_Test:16)&#xD;
	at com.kms.katalon.core.main.ScriptEngine.run(ScriptEngine.java:194)&#xD;
	at com.kms.katalon.core.main.ScriptEngine.runScriptAsRawText(ScriptEngine.java:119)&#xD;
	at com.kms.katalon.core.main.TestCaseExecutor.runScript(TestCaseExecutor.java:337)&#xD;
	at com.kms.katalon.core.main.TestCaseExecutor.doExecute(TestCaseExecutor.java:328)&#xD;
	at com.kms.katalon.core.main.TestCaseExecutor.processExecutionPhase(TestCaseExecutor.java:307)&#xD;
	at com.kms.katalon.core.main.TestCaseExecutor.accessMainPhase(TestCaseExecutor.java:299)&#xD;
	at com.kms.katalon.core.main.TestCaseExecutor.execute(TestCaseExecutor.java:233)&#xD;
	at com.kms.katalon.core.main.TestSuiteExecutor.accessTestCaseMainPhase(TestSuiteExecutor.java:169)&#xD;
	at com.kms.katalon.core.main.TestSuiteExecutor.accessTestSuiteMainPhase(TestSuiteExecutor.java:142)&#xD;
	at com.kms.katalon.core.main.TestSuiteExecutor.execute(TestSuiteExecutor.java:91)&#xD;
	at com.kms.katalon.core.main.TestCaseMain.startTestSuite(TestCaseMain.java:157)&#xD;
	at com.kms.katalon.core.main.TestCaseMain$startTestSuite$0.call(Unknown Source)&#xD;
	at TempTestSuite1568908277252.run(TempTestSuite1568908277252.groovy:35)</system-err>
        </testcase>
        <testcase name="Test Cases/mQuestionAnswerMaster_Test" classname="Test Cases/mQuestionAnswerMaster_Test" status="FAILED">
            <failure type="FAILED" message="Test Cases/mQuestionAnswerMaster_Test FAILED.&#xA;Reason:&#xA;com.kms.katalon.core.exception.StepFailedException: Expected status code is '200' but actual status code is '404'&#xD;&#xA;&#x9;at com.kms.katalon.core.keyword.internal.KeywordMain.stepFailed(KeywordMain.groovy:50)&#xD;&#xA;&#x9;at com.kms.katalon.core.webservice.keyword.builtin.VerifyResponseStatusCodeKeyword.verifyStatusCode(VerifyResponseStatusCodeKeyword.groovy:52)&#xD;&#xA;&#x9;at com.kms.katalon.core.webservice.keyword.builtin.VerifyResponseStatusCodeKeyword$_verifyResponseStatusCode_closure1.doCall(VerifyResponseStatusCodeKeyword.groovy:42)&#xD;&#xA;&#x9;at com.kms.katalon.core.webservice.keyword.builtin.VerifyResponseStatusCodeKeyword$_verifyResponseStatusCode_closure1.call(VerifyResponseStatusCodeKeyword.groovy)&#xD;&#xA;&#x9;at com.kms.katalon.core.keyword.internal.KeywordMain.runKeyword(KeywordMain.groovy:68)&#xD;&#xA;&#x9;at com.kms.katalon.core.webservice.keyword.builtin.VerifyResponseStatusCodeKeyword.verifyResponseStatusCode(VerifyResponseStatusCodeKeyword.groovy:37)&#xD;&#xA;&#x9;at com.kms.katalon.core.webservice.keyword.builtin.VerifyResponseStatusCodeKeyword.execute(VerifyResponseStatusCodeKeyword.groovy:32)&#xD;&#xA;&#x9;at com.kms.katalon.core.keyword.internal.KeywordExecutor.executeKeywordForPlatform(KeywordExecutor.groovy:56)&#xD;&#xA;&#x9;at com.kms.katalon.core.webservice.keyword.WSBuiltInKeywords.verifyResponseStatusCode(WSBuiltInKeywords.groovy:212)&#xD;&#xA;&#x9;at com.kms.katalon.core.webservice.keyword.WSBuiltInKeywords$verifyResponseStatusCode$1.call(Unknown Source)&#xD;&#xA;&#x9;at WSVerification1568908305909.run(WSVerification1568908305909:16)&#xD;&#xA;&#x9;at com.kms.katalon.core.main.ScriptEngine.run(ScriptEngine.java:194)&#xD;&#xA;&#x9;at com.kms.katalon.core.main.ScriptEngine.runScriptAsRawText(ScriptEngine.java:119)&#xD;&#xA;&#x9;at com.kms.katalon.core.main.WSVerificationExecutor.runScript(WSVerificationExecutor.java:146)&#xD;&#xA;&#x9;at com.kms.katalon.core.main.WSVerificationExecutor.doExecute(WSVerificationExecutor.java:140)&#xD;&#xA;&#x9;at com.kms.katalon.core.main.WSVerificationExecutor.processExecutionPhase(WSVerificationExecutor.java:123)&#xD;&#xA;&#x9;at com.kms.katalon.core.main.WSVerificationExecutor.accessMainPhase(WSVerificationExecutor.java:115)&#xD;&#xA;&#x9;at com.kms.katalon.core.main.WSVerificationExecutor.execute(WSVerificationExecutor.java:103)&#xD;&#xA;&#x9;at com.kms.katalon.core.main.TestCaseMain.runWSVerificationScript(TestCaseMain.java:127)&#xD;&#xA;&#x9;at com.kms.katalon.core.webservice.keyword.builtin.SendRequestAndVerifyKeyword$_sendRequestAndVerify_closure1.doCall(SendRequestAndVerifyKeyword.groovy:55)&#xD;&#xA;&#x9;at com.kms.katalon.core.webservice.keyword.builtin.SendRequestAndVerifyKeyword$_sendRequestAndVerify_closure1.call(SendRequestAndVerifyKeyword.groovy)&#xD;&#xA;&#x9;at com.kms.katalon.core.keyword.internal.KeywordMain.runKeyword(KeywordMain.groovy:68)&#xD;&#xA;&#x9;at com.kms.katalon.core.webservice.keyword.builtin.SendRequestAndVerifyKeyword.sendRequestAndVerify(SendRequestAndVerifyKeyword.groovy:43)&#xD;&#xA;&#x9;at com.kms.katalon.core.webservice.keyword.builtin.SendRequestAndVerifyKeyword.execute(SendRequestAndVerifyKeyword.groovy:38)&#xD;&#xA;&#x9;at com.kms.katalon.core.keyword.internal.KeywordExecutor.executeKeywordForPlatform(KeywordExecutor.groovy:56)&#xD;&#xA;&#x9;at com.kms.katalon.core.webservice.keyword.WSBuiltInKeywords.sendRequestAndVerify(WSBuiltInKeywords.groovy:65)&#xD;&#xA;&#x9;at com.kms.katalon.core.webservice.keyword.WSBuiltInKeywords$sendRequestAndVerify$0.call(Unknown Source)&#xD;&#xA;&#x9;at mQuestionAnswerMaster_Test.run(mQuestionAnswerMaster_Test:16)&#xD;&#xA;&#x9;at com.kms.katalon.core.main.ScriptEngine.run(ScriptEngine.java:194)&#xD;&#xA;&#x9;at com.kms.katalon.core.main.ScriptEngine.runScriptAsRawText(ScriptEngine.java:119)&#xD;&#xA;&#x9;at com.kms.katalon.core.main.TestCaseExecutor.runScript(TestCaseExecutor.java:337)&#xD;&#xA;&#x9;at com.kms.katalon.core.main.TestCaseExecutor.doExecute(TestCaseExecutor.java:328)&#xD;&#xA;&#x9;at com.kms.katalon.core.main.TestCaseExecutor.processExecutionPhase(TestCaseExecutor.java:307)&#xD;&#xA;&#x9;at com.kms.katalon.core.main.TestCaseExecutor.accessMainPhase(TestCaseExecutor.java:299)&#xD;&#xA;&#x9;at com.kms.katalon.core.main.TestCaseExecutor.execute(TestCaseExecutor.java:233)&#xD;&#xA;&#x9;at com.kms.katalon.core.main.TestSuiteExecutor.accessTestCaseMainPhase(TestSuiteExecutor.java:169)&#xD;&#xA;&#x9;at com.kms.katalon.core.main.TestSuiteExecutor.accessTestSuiteMainPhase(TestSuiteExecutor.java:142)&#xD;&#xA;&#x9;at com.kms.katalon.core.main.TestSuiteExecutor.execute(TestSuiteExecutor.java:91)&#xD;&#xA;&#x9;at com.kms.katalon.core.main.TestCaseMain.startTestSuite(TestCaseMain.java:157)&#xD;&#xA;&#x9;at com.kms.katalon.core.main.TestCaseMain$startTestSuite$0.call(Unknown Source)&#xD;&#xA;&#x9;at TempTestSuite1568908277252.run(TempTestSuite1568908277252.groovy:35)&#xD;&#xA;"/>
            <system-out>2019-09-19 21:21:45 - [TEST_CASE][FAILED] - Test Cases/mQuestionAnswerMaster_Test: Test Cases/mQuestionAnswerMaster_Test FAILED.
Reason:
com.kms.katalon.core.exception.StepFailedException: Expected status code is '200' but actual status code is '404'&#xD;
	at com.kms.katalon.core.keyword.internal.KeywordMain.stepFailed(KeywordMain.groovy:50)&#xD;
	at com.kms.katalon.core.webservice.keyword.builtin.VerifyResponseStatusCodeKeyword.verifyStatusCode(VerifyResponseStatusCodeKeyword.groovy:52)&#xD;
	at com.kms.katalon.core.webservice.keyword.builtin.VerifyResponseStatusCodeKeyword$_verifyResponseStatusCode_closure1.doCall(VerifyResponseStatusCodeKeyword.groovy:42)&#xD;
	at com.kms.katalon.core.webservice.keyword.builtin.VerifyResponseStatusCodeKeyword$_verifyResponseStatusCode_closure1.call(VerifyResponseStatusCodeKeyword.groovy)&#xD;
	at com.kms.katalon.core.keyword.internal.KeywordMain.runKeyword(KeywordMain.groovy:68)&#xD;
	at com.kms.katalon.core.webservice.keyword.builtin.VerifyResponseStatusCodeKeyword.verifyResponseStatusCode(VerifyResponseStatusCodeKeyword.groovy:37)&#xD;
	at com.kms.katalon.core.webservice.keyword.builtin.VerifyResponseStatusCodeKeyword.execute(VerifyResponseStatusCodeKeyword.groovy:32)&#xD;
	at com.kms.katalon.core.keyword.internal.KeywordExecutor.executeKeywordForPlatform(KeywordExecutor.groovy:56)&#xD;
	at com.kms.katalon.core.webservice.keyword.WSBuiltInKeywords.verifyResponseStatusCode(WSBuiltInKeywords.groovy:212)&#xD;
	at com.kms.katalon.core.webservice.keyword.WSBuiltInKeywords$verifyResponseStatusCode$1.call(Unknown Source)&#xD;
	at WSVerification1568908305909.run(WSVerification1568908305909:16)&#xD;
	at com.kms.katalon.core.main.ScriptEngine.run(ScriptEngine.java:194)&#xD;
	at com.kms.katalon.core.main.ScriptEngine.runScriptAsRawText(ScriptEngine.java:119)&#xD;
	at com.kms.katalon.core.main.WSVerificationExecutor.runScript(WSVerificationExecutor.java:146)&#xD;
	at com.kms.katalon.core.main.WSVerificationExecutor.doExecute(WSVerificationExecutor.java:140)&#xD;
	at com.kms.katalon.core.main.WSVerificationExecutor.processExecutionPhase(WSVerificationExecutor.java:123)&#xD;
	at com.kms.katalon.core.main.WSVerificationExecutor.accessMainPhase(WSVerificationExecutor.java:115)&#xD;
	at com.kms.katalon.core.main.WSVerificationExecutor.execute(WSVerificationExecutor.java:103)&#xD;
	at com.kms.katalon.core.main.TestCaseMain.runWSVerificationScript(TestCaseMain.java:127)&#xD;
	at com.kms.katalon.core.webservice.keyword.builtin.SendRequestAndVerifyKeyword$_sendRequestAndVerify_closure1.doCall(SendRequestAndVerifyKeyword.groovy:55)&#xD;
	at com.kms.katalon.core.webservice.keyword.builtin.SendRequestAndVerifyKeyword$_sendRequestAndVerify_closure1.call(SendRequestAndVerifyKeyword.groovy)&#xD;
	at com.kms.katalon.core.keyword.internal.KeywordMain.runKeyword(KeywordMain.groovy:68)&#xD;
	at com.kms.katalon.core.webservice.keyword.builtin.SendRequestAndVerifyKeyword.sendRequestAndVerify(SendRequestAndVerifyKeyword.groovy:43)&#xD;
	at com.kms.katalon.core.webservice.keyword.builtin.SendRequestAndVerifyKeyword.execute(SendRequestAndVerifyKeyword.groovy:38)&#xD;
	at com.kms.katalon.core.keyword.internal.KeywordExecutor.executeKeywordForPlatform(KeywordExecutor.groovy:56)&#xD;
	at com.kms.katalon.core.webservice.keyword.WSBuiltInKeywords.sendRequestAndVerify(WSBuiltInKeywords.groovy:65)&#xD;
	at com.kms.katalon.core.webservice.keyword.WSBuiltInKeywords$sendRequestAndVerify$0.call(Unknown Source)&#xD;
	at mQuestionAnswerMaster_Test.run(mQuestionAnswerMaster_Test:16)&#xD;
	at com.kms.katalon.core.main.ScriptEngine.run(ScriptEngine.java:194)&#xD;
	at com.kms.katalon.core.main.ScriptEngine.runScriptAsRawText(ScriptEngine.java:119)&#xD;
	at com.kms.katalon.core.main.TestCaseExecutor.runScript(TestCaseExecutor.java:337)&#xD;
	at com.kms.katalon.core.main.TestCaseExecutor.doExecute(TestCaseExecutor.java:328)&#xD;
	at com.kms.katalon.core.main.TestCaseExecutor.processExecutionPhase(TestCaseExecutor.java:307)&#xD;
	at com.kms.katalon.core.main.TestCaseExecutor.accessMainPhase(TestCaseExecutor.java:299)&#xD;
	at com.kms.katalon.core.main.TestCaseExecutor.execute(TestCaseExecutor.java:233)&#xD;
	at com.kms.katalon.core.main.TestSuiteExecutor.accessTestCaseMainPhase(TestSuiteExecutor.java:169)&#xD;
	at com.kms.katalon.core.main.TestSuiteExecutor.accessTestSuiteMainPhase(TestSuiteExecutor.java:142)&#xD;
	at com.kms.katalon.core.main.TestSuiteExecutor.execute(TestSuiteExecutor.java:91)&#xD;
	at com.kms.katalon.core.main.TestCaseMain.startTestSuite(TestCaseMain.java:157)&#xD;
	at com.kms.katalon.core.main.TestCaseMain$startTestSuite$0.call(Unknown Source)&#xD;
	at TempTestSuite1568908277252.run(TempTestSuite1568908277252.groovy:35)&#xD;
&#xD;
&#xD;
2019-09-19 21:21:45 - [TEST_STEP][FAILED] - sendRequestAndVerify(findTestObject("mQuestion Answer Master", ["lobID":lobID, "userId":userid, "uniqueToken":uniquetoken])): Unable to send request and verify the response (Root cause: com.kms.katalon.core.exception.StepFailedException: Verification failed&#xD;
	at com.kms.katalon.core.webservice.keyword.builtin.SendRequestAndVerifyKeyword$_sendRequestAndVerify_closure1.doCall(SendRequestAndVerifyKeyword.groovy:59)&#xD;
	at com.kms.katalon.core.webservice.keyword.builtin.SendRequestAndVerifyKeyword$_sendRequestAndVerify_closure1.call(SendRequestAndVerifyKeyword.groovy)&#xD;
	at com.kms.katalon.core.keyword.internal.KeywordMain.runKeyword(KeywordMain.groovy:68)&#xD;
	at com.kms.katalon.core.webservice.keyword.builtin.SendRequestAndVerifyKeyword.sendRequestAndVerify(SendRequestAndVerifyKeyword.groovy:43)&#xD;
	at com.kms.katalon.core.webservice.keyword.builtin.SendRequestAndVerifyKeyword.execute(SendRequestAndVerifyKeyword.groovy:38)&#xD;
	at com.kms.katalon.core.keyword.internal.KeywordExecutor.executeKeywordForPlatform(KeywordExecutor.groovy:56)&#xD;
	at com.kms.katalon.core.webservice.keyword.WSBuiltInKeywords.sendRequestAndVerify(WSBuiltInKeywords.groovy:65)&#xD;
	at com.kms.katalon.core.webservice.keyword.WSBuiltInKeywords$sendRequestAndVerify$0.call(Unknown Source)&#xD;
	at mQuestionAnswerMaster_Test.run(mQuestionAnswerMaster_Test:16)&#xD;
	at com.kms.katalon.core.main.ScriptEngine.run(ScriptEngine.java:194)&#xD;
	at com.kms.katalon.core.main.ScriptEngine.runScriptAsRawText(ScriptEngine.java:119)&#xD;
	at com.kms.katalon.core.main.TestCaseExecutor.runScript(TestCaseExecutor.java:337)&#xD;
	at com.kms.katalon.core.main.TestCaseExecutor.doExecute(TestCaseExecutor.java:328)&#xD;
	at com.kms.katalon.core.main.TestCaseExecutor.processExecutionPhase(TestCaseExecutor.java:307)&#xD;
	at com.kms.katalon.core.main.TestCaseExecutor.accessMainPhase(TestCaseExecutor.java:299)&#xD;
	at com.kms.katalon.core.main.TestCaseExecutor.execute(TestCaseExecutor.java:233)&#xD;
	at com.kms.katalon.core.main.TestSuiteExecutor.accessTestCaseMainPhase(TestSuiteExecutor.java:169)&#xD;
	at com.kms.katalon.core.main.TestSuiteExecutor.accessTestSuiteMainPhase(TestSuiteExecutor.java:142)&#xD;
	at com.kms.katalon.core.main.TestSuiteExecutor.execute(TestSuiteExecutor.java:91)&#xD;
	at com.kms.katalon.core.main.TestCaseMain.startTestSuite(TestCaseMain.java:157)&#xD;
	at com.kms.katalon.core.main.TestCaseMain$startTestSuite$0.call(Unknown Source)&#xD;
	at TempTestSuite1568908277252.run(TempTestSuite1568908277252.groovy:35)&#xD;
)&#xD;
&#xD;
2019-09-19 21:21:45 - [MESSAGE][INFO] - HAR: C:\Users\rajesh.veeranna\Katalon Studio\SmartIndonasia\Reports\20190919_212117\SMARTINDONASIA_API_SmokeTest\20190919_212117\requests\main\20.har&#xD;
&#xD;
2019-09-19 21:21:45 - [TEST_CASE][FAILED] - Start Test Case : Verification: Verification FAILED.
Reason:
com.kms.katalon.core.exception.StepFailedException: Expected status code is '200' but actual status code is '404'&#xD;
	at com.kms.katalon.core.keyword.internal.KeywordMain.stepFailed(KeywordMain.groovy:50)&#xD;
	at com.kms.katalon.core.webservice.keyword.builtin.VerifyResponseStatusCodeKeyword.verifyStatusCode(VerifyResponseStatusCodeKeyword.groovy:52)&#xD;
	at com.kms.katalon.core.webservice.keyword.builtin.VerifyResponseStatusCodeKeyword$_verifyResponseStatusCode_closure1.doCall(VerifyResponseStatusCodeKeyword.groovy:42)&#xD;
	at com.kms.katalon.core.webservice.keyword.builtin.VerifyResponseStatusCodeKeyword$_verifyResponseStatusCode_closure1.call(VerifyResponseStatusCodeKeyword.groovy)&#xD;
	at com.kms.katalon.core.keyword.internal.KeywordMain.runKeyword(KeywordMain.groovy:68)&#xD;
	at com.kms.katalon.core.webservice.keyword.builtin.VerifyResponseStatusCodeKeyword.verifyResponseStatusCode(VerifyResponseStatusCodeKeyword.groovy:37)&#xD;
	at com.kms.katalon.core.webservice.keyword.builtin.VerifyResponseStatusCodeKeyword.execute(VerifyResponseStatusCodeKeyword.groovy:32)&#xD;
	at com.kms.katalon.core.keyword.internal.KeywordExecutor.executeKeywordForPlatform(KeywordExecutor.groovy:56)&#xD;
	at com.kms.katalon.core.webservice.keyword.WSBuiltInKeywords.verifyResponseStatusCode(WSBuiltInKeywords.groovy:212)&#xD;
	at com.kms.katalon.core.webservice.keyword.WSBuiltInKeywords$verifyResponseStatusCode$1.call(Unknown Source)&#xD;
	at WSVerification1568908305909.run(WSVerification1568908305909:16)&#xD;
	at com.kms.katalon.core.main.ScriptEngine.run(ScriptEngine.java:194)&#xD;
	at com.kms.katalon.core.main.ScriptEngine.runScriptAsRawText(ScriptEngine.java:119)&#xD;
	at com.kms.katalon.core.main.WSVerificationExecutor.runScript(WSVerificationExecutor.java:146)&#xD;
	at com.kms.katalon.core.main.WSVerificationExecutor.doExecute(WSVerificationExecutor.java:140)&#xD;
	at com.kms.katalon.core.main.WSVerificationExecutor.processExecutionPhase(WSVerificationExecutor.java:123)&#xD;
	at com.kms.katalon.core.main.WSVerificationExecutor.accessMainPhase(WSVerificationExecutor.java:115)&#xD;
	at com.kms.katalon.core.main.WSVerificationExecutor.execute(WSVerificationExecutor.java:103)&#xD;
	at com.kms.katalon.core.main.TestCaseMain.runWSVerificationScript(TestCaseMain.java:127)&#xD;
	at com.kms.katalon.core.webservice.keyword.builtin.SendRequestAndVerifyKeyword$_sendRequestAndVerify_closure1.doCall(SendRequestAndVerifyKeyword.groovy:55)&#xD;
	at com.kms.katalon.core.webservice.keyword.builtin.SendRequestAndVerifyKeyword$_sendRequestAndVerify_closure1.call(SendRequestAndVerifyKeyword.groovy)&#xD;
	at com.kms.katalon.core.keyword.internal.KeywordMain.runKeyword(KeywordMain.groovy:68)&#xD;
	at com.kms.katalon.core.webservice.keyword.builtin.SendRequestAndVerifyKeyword.sendRequestAndVerify(SendRequestAndVerifyKeyword.groovy:43)&#xD;
	at com.kms.katalon.core.webservice.keyword.builtin.SendRequestAndVerifyKeyword.execute(SendRequestAndVerifyKeyword.groovy:38)&#xD;
	at com.kms.katalon.core.keyword.internal.KeywordExecutor.executeKeywordForPlatform(KeywordExecutor.groovy:56)&#xD;
	at com.kms.katalon.core.webservice.keyword.WSBuiltInKeywords.sendRequestAndVerify(WSBuiltInKeywords.groovy:65)&#xD;
	at com.kms.katalon.core.webservice.keyword.WSBuiltInKeywords$sendRequestAndVerify$0.call(Unknown Source)&#xD;
	at mQuestionAnswerMaster_Test.run(mQuestionAnswerMaster_Test:16)&#xD;
	at com.kms.katalon.core.main.ScriptEngine.run(ScriptEngine.java:194)&#xD;
	at com.kms.katalon.core.main.ScriptEngine.runScriptAsRawText(ScriptEngine.java:119)&#xD;
	at com.kms.katalon.core.main.TestCaseExecutor.runScript(TestCaseExecutor.java:337)&#xD;
	at com.kms.katalon.core.main.TestCaseExecutor.doExecute(TestCaseExecutor.java:328)&#xD;
	at com.kms.katalon.core.main.TestCaseExecutor.processExecutionPhase(TestCaseExecutor.java:307)&#xD;
	at com.kms.katalon.core.main.TestCaseExecutor.accessMainPhase(TestCaseExecutor.java:299)&#xD;
	at com.kms.katalon.core.main.TestCaseExecutor.execute(TestCaseExecutor.java:233)&#xD;
	at com.kms.katalon.core.main.TestSuiteExecutor.accessTestCaseMainPhase(TestSuiteExecutor.java:169)&#xD;
	at com.kms.katalon.core.main.TestSuiteExecutor.accessTestSuiteMainPhase(TestSuiteExecutor.java:142)&#xD;
	at com.kms.katalon.core.main.TestSuiteExecutor.execute(TestSuiteExecutor.java:91)&#xD;
	at com.kms.katalon.core.main.TestCaseMain.startTestSuite(TestCaseMain.java:157)&#xD;
	at com.kms.katalon.core.main.TestCaseMain$startTestSuite$0.call(Unknown Source)&#xD;
	at TempTestSuite1568908277252.run(TempTestSuite1568908277252.groovy:35)&#xD;
&#xD;
&#xD;
2019-09-19 21:21:46 - [TEST_STEP][PASSED] - request = getInstance().getCurrentRequest(): null&#xD;
&#xD;
2019-09-19 21:21:46 - [TEST_STEP][PASSED] - response = getInstance().getCurrentResponse(): null&#xD;
&#xD;
2019-09-19 21:21:46 - [TEST_STEP][FAILED] - verifyResponseStatusCode(response, 200): Unable to verify response status code (Root cause: com.kms.katalon.core.exception.StepFailedException: Expected status code is '200' but actual status code is '404'&#xD;
	at com.kms.katalon.core.keyword.internal.KeywordMain.stepFailed(KeywordMain.groovy:50)&#xD;
	at com.kms.katalon.core.webservice.keyword.builtin.VerifyResponseStatusCodeKeyword.verifyStatusCode(VerifyResponseStatusCodeKeyword.groovy:52)&#xD;
	at com.kms.katalon.core.webservice.keyword.builtin.VerifyResponseStatusCodeKeyword$_verifyResponseStatusCode_closure1.doCall(VerifyResponseStatusCodeKeyword.groovy:42)&#xD;
	at com.kms.katalon.core.webservice.keyword.builtin.VerifyResponseStatusCodeKeyword$_verifyResponseStatusCode_closure1.call(VerifyResponseStatusCodeKeyword.groovy)&#xD;
	at com.kms.katalon.core.keyword.internal.KeywordMain.runKeyword(KeywordMain.groovy:68)&#xD;
	at com.kms.katalon.core.webservice.keyword.builtin.VerifyResponseStatusCodeKeyword.verifyResponseStatusCode(VerifyResponseStatusCodeKeyword.groovy:37)&#xD;
	at com.kms.katalon.core.webservice.keyword.builtin.VerifyResponseStatusCodeKeyword.execute(VerifyResponseStatusCodeKeyword.groovy:32)&#xD;
	at com.kms.katalon.core.keyword.internal.KeywordExecutor.executeKeywordForPlatform(KeywordExecutor.groovy:56)&#xD;
	at com.kms.katalon.core.webservice.keyword.WSBuiltInKeywords.verifyResponseStatusCode(WSBuiltInKeywords.groovy:212)&#xD;
	at com.kms.katalon.core.webservice.keyword.WSBuiltInKeywords$verifyResponseStatusCode$1.call(Unknown Source)&#xD;
	at WSVerification1568908305909.run(WSVerification1568908305909:16)&#xD;
	at com.kms.katalon.core.main.ScriptEngine.run(ScriptEngine.java:194)&#xD;
	at com.kms.katalon.core.main.ScriptEngine.runScriptAsRawText(ScriptEngine.java:119)&#xD;
	at com.kms.katalon.core.main.WSVerificationExecutor.runScript(WSVerificationExecutor.java:146)&#xD;
	at com.kms.katalon.core.main.WSVerificationExecutor.doExecute(WSVerificationExecutor.java:140)&#xD;
	at com.kms.katalon.core.main.WSVerificationExecutor.processExecutionPhase(WSVerificationExecutor.java:123)&#xD;
	at com.kms.katalon.core.main.WSVerificationExecutor.accessMainPhase(WSVerificationExecutor.java:115)&#xD;
	at com.kms.katalon.core.main.WSVerificationExecutor.execute(WSVerificationExecutor.java:103)&#xD;
	at com.kms.katalon.core.main.TestCaseMain.runWSVerificationScript(TestCaseMain.java:127)&#xD;
	at com.kms.katalon.core.webservice.keyword.builtin.SendRequestAndVerifyKeyword$_sendRequestAndVerify_closure1.doCall(SendRequestAndVerifyKeyword.groovy:55)&#xD;
	at com.kms.katalon.core.webservice.keyword.builtin.SendRequestAndVerifyKeyword$_sendRequestAndVerify_closure1.call(SendRequestAndVerifyKeyword.groovy)&#xD;
	at com.kms.katalon.core.keyword.internal.KeywordMain.runKeyword(KeywordMain.groovy:68)&#xD;
	at com.kms.katalon.core.webservice.keyword.builtin.SendRequestAndVerifyKeyword.sendRequestAndVerify(SendRequestAndVerifyKeyword.groovy:43)&#xD;
	at com.kms.katalon.core.webservice.keyword.builtin.SendRequestAndVerifyKeyword.execute(SendRequestAndVerifyKeyword.groovy:38)&#xD;
	at com.kms.katalon.core.keyword.internal.KeywordExecutor.executeKeywordForPlatform(KeywordExecutor.groovy:56)&#xD;
	at com.kms.katalon.core.webservice.keyword.WSBuiltInKeywords.sendRequestAndVerify(WSBuiltInKeywords.groovy:65)&#xD;
	at com.kms.katalon.core.webservice.keyword.WSBuiltInKeywords$sendRequestAndVerify$0.call(Unknown Source)&#xD;
	at mQuestionAnswerMaster_Test.run(mQuestionAnswerMaster_Test:16)&#xD;
	at com.kms.katalon.core.main.ScriptEngine.run(ScriptEngine.java:194)&#xD;
	at com.kms.katalon.core.main.ScriptEngine.runScriptAsRawText(ScriptEngine.java:119)&#xD;
	at com.kms.katalon.core.main.TestCaseExecutor.runScript(TestCaseExecutor.java:337)&#xD;
	at com.kms.katalon.core.main.TestCaseExecutor.doExecute(TestCaseExecutor.java:328)&#xD;
	at com.kms.katalon.core.main.TestCaseExecutor.processExecutionPhase(TestCaseExecutor.java:307)&#xD;
	at com.kms.katalon.core.main.TestCaseExecutor.accessMainPhase(TestCaseExecutor.java:299)&#xD;
	at com.kms.katalon.core.main.TestCaseExecutor.execute(TestCaseExecutor.java:233)&#xD;
	at com.kms.katalon.core.main.TestSuiteExecutor.accessTestCaseMainPhase(TestSuiteExecutor.java:169)&#xD;
	at com.kms.katalon.core.main.TestSuiteExecutor.accessTestSuiteMainPhase(TestSuiteExecutor.java:142)&#xD;
	at com.kms.katalon.core.main.TestSuiteExecutor.execute(TestSuiteExecutor.java:91)&#xD;
	at com.kms.katalon.core.main.TestCaseMain.startTestSuite(TestCaseMain.java:157)&#xD;
	at com.kms.katalon.core.main.TestCaseMain$startTestSuite$0.call(Unknown Source)&#xD;
	at TempTestSuite1568908277252.run(TempTestSuite1568908277252.groovy:35)&#xD;
)&#xD;
&#xD;
2019-09-19 21:21:46 - [MESSAGE][FAILED] - Expected status code is '200' but actual status code is '404'&#xD;
&#xD;
2019-09-19 21:21:46 - [MESSAGE][FAILED] - Unable to verify response status code (Root cause: com.kms.katalon.core.exception.StepFailedException: Expected status code is '200' but actual status code is '404'&#xD;
	at com.kms.katalon.core.keyword.internal.KeywordMain.stepFailed(KeywordMain.groovy:50)&#xD;
	at com.kms.katalon.core.webservice.keyword.builtin.VerifyResponseStatusCodeKeyword.verifyStatusCode(VerifyResponseStatusCodeKeyword.groovy:52)&#xD;
	at com.kms.katalon.core.webservice.keyword.builtin.VerifyResponseStatusCodeKeyword$_verifyResponseStatusCode_closure1.doCall(VerifyResponseStatusCodeKeyword.groovy:42)&#xD;
	at com.kms.katalon.core.webservice.keyword.builtin.VerifyResponseStatusCodeKeyword$_verifyResponseStatusCode_closure1.call(VerifyResponseStatusCodeKeyword.groovy)&#xD;
	at com.kms.katalon.core.keyword.internal.KeywordMain.runKeyword(KeywordMain.groovy:68)&#xD;
	at com.kms.katalon.core.webservice.keyword.builtin.VerifyResponseStatusCodeKeyword.verifyResponseStatusCode(VerifyResponseStatusCodeKeyword.groovy:37)&#xD;
	at com.kms.katalon.core.webservice.keyword.builtin.VerifyResponseStatusCodeKeyword.execute(VerifyResponseStatusCodeKeyword.groovy:32)&#xD;
	at com.kms.katalon.core.keyword.internal.KeywordExecutor.executeKeywordForPlatform(KeywordExecutor.groovy:56)&#xD;
	at com.kms.katalon.core.webservice.keyword.WSBuiltInKeywords.verifyResponseStatusCode(WSBuiltInKeywords.groovy:212)&#xD;
	at com.kms.katalon.core.webservice.keyword.WSBuiltInKeywords$verifyResponseStatusCode$1.call(Unknown Source)&#xD;
	at WSVerification1568908305909.run(WSVerification1568908305909:16)&#xD;
	at com.kms.katalon.core.main.ScriptEngine.run(ScriptEngine.java:194)&#xD;
	at com.kms.katalon.core.main.ScriptEngine.runScriptAsRawText(ScriptEngine.java:119)&#xD;
	at com.kms.katalon.core.main.WSVerificationExecutor.runScript(WSVerificationExecutor.java:146)&#xD;
	at com.kms.katalon.core.main.WSVerificationExecutor.doExecute(WSVerificationExecutor.java:140)&#xD;
	at com.kms.katalon.core.main.WSVerificationExecutor.processExecutionPhase(WSVerificationExecutor.java:123)&#xD;
	at com.kms.katalon.core.main.WSVerificationExecutor.accessMainPhase(WSVerificationExecutor.java:115)&#xD;
	at com.kms.katalon.core.main.WSVerificationExecutor.execute(WSVerificationExecutor.java:103)&#xD;
	at com.kms.katalon.core.main.TestCaseMain.runWSVerificationScript(TestCaseMain.java:127)&#xD;
	at com.kms.katalon.core.webservice.keyword.builtin.SendRequestAndVerifyKeyword$_sendRequestAndVerify_closure1.doCall(SendRequestAndVerifyKeyword.groovy:55)&#xD;
	at com.kms.katalon.core.webservice.keyword.builtin.SendRequestAndVerifyKeyword$_sendRequestAndVerify_closure1.call(SendRequestAndVerifyKeyword.groovy)&#xD;
	at com.kms.katalon.core.keyword.internal.KeywordMain.runKeyword(KeywordMain.groovy:68)&#xD;
	at com.kms.katalon.core.webservice.keyword.builtin.SendRequestAndVerifyKeyword.sendRequestAndVerify(SendRequestAndVerifyKeyword.groovy:43)&#xD;
	at com.kms.katalon.core.webservice.keyword.builtin.SendRequestAndVerifyKeyword.execute(SendRequestAndVerifyKeyword.groovy:38)&#xD;
	at com.kms.katalon.core.keyword.internal.KeywordExecutor.executeKeywordForPlatform(KeywordExecutor.groovy:56)&#xD;
	at com.kms.katalon.core.webservice.keyword.WSBuiltInKeywords.sendRequestAndVerify(WSBuiltInKeywords.groovy:65)&#xD;
	at com.kms.katalon.core.webservice.keyword.WSBuiltInKeywords$sendRequestAndVerify$0.call(Unknown Source)&#xD;
	at mQuestionAnswerMaster_Test.run(mQuestionAnswerMaster_Test:16)&#xD;
	at com.kms.katalon.core.main.ScriptEngine.run(ScriptEngine.java:194)&#xD;
	at com.kms.katalon.core.main.ScriptEngine.runScriptAsRawText(ScriptEngine.java:119)&#xD;
	at com.kms.katalon.core.main.TestCaseExecutor.runScript(TestCaseExecutor.java:337)&#xD;
	at com.kms.katalon.core.main.TestCaseExecutor.doExecute(TestCaseExecutor.java:328)&#xD;
	at com.kms.katalon.core.main.TestCaseExecutor.processExecutionPhase(TestCaseExecutor.java:307)&#xD;
	at com.kms.katalon.core.main.TestCaseExecutor.accessMainPhase(TestCaseExecutor.java:299)&#xD;
	at com.kms.katalon.core.main.TestCaseExecutor.execute(TestCaseExecutor.java:233)&#xD;
	at com.kms.katalon.core.main.TestSuiteExecutor.accessTestCaseMainPhase(TestSuiteExecutor.java:169)&#xD;
	at com.kms.katalon.core.main.TestSuiteExecutor.accessTestSuiteMainPhase(TestSuiteExecutor.java:142)&#xD;
	at com.kms.katalon.core.main.TestSuiteExecutor.execute(TestSuiteExecutor.java:91)&#xD;
	at com.kms.katalon.core.main.TestCaseMain.startTestSuite(TestCaseMain.java:157)&#xD;
	at com.kms.katalon.core.main.TestCaseMain$startTestSuite$0.call(Unknown Source)&#xD;
	at TempTestSuite1568908277252.run(TempTestSuite1568908277252.groovy:35)&#xD;
)&#xD;
&#xD;
2019-09-19 21:21:48 - [MESSAGE][FAILED] - Unable to send request and verify the response (Root cause: com.kms.katalon.core.exception.StepFailedException: Verification failed&#xD;
	at com.kms.katalon.core.webservice.keyword.builtin.SendRequestAndVerifyKeyword$_sendRequestAndVerify_closure1.doCall(SendRequestAndVerifyKeyword.groovy:59)&#xD;
	at com.kms.katalon.core.webservice.keyword.builtin.SendRequestAndVerifyKeyword$_sendRequestAndVerify_closure1.call(SendRequestAndVerifyKeyword.groovy)&#xD;
	at com.kms.katalon.core.keyword.internal.KeywordMain.runKeyword(KeywordMain.groovy:68)&#xD;
	at com.kms.katalon.core.webservice.keyword.builtin.SendRequestAndVerifyKeyword.sendRequestAndVerify(SendRequestAndVerifyKeyword.groovy:43)&#xD;
	at com.kms.katalon.core.webservice.keyword.builtin.SendRequestAndVerifyKeyword.execute(SendRequestAndVerifyKeyword.groovy:38)&#xD;
	at com.kms.katalon.core.keyword.internal.KeywordExecutor.executeKeywordForPlatform(KeywordExecutor.groovy:56)&#xD;
	at com.kms.katalon.core.webservice.keyword.WSBuiltInKeywords.sendRequestAndVerify(WSBuiltInKeywords.groovy:65)&#xD;
	at com.kms.katalon.core.webservice.keyword.WSBuiltInKeywords$sendRequestAndVerify$0.call(Unknown Source)&#xD;
	at mQuestionAnswerMaster_Test.run(mQuestionAnswerMaster_Test:16)&#xD;
	at com.kms.katalon.core.main.ScriptEngine.run(ScriptEngine.java:194)&#xD;
	at com.kms.katalon.core.main.ScriptEngine.runScriptAsRawText(ScriptEngine.java:119)&#xD;
	at com.kms.katalon.core.main.TestCaseExecutor.runScript(TestCaseExecutor.java:337)&#xD;
	at com.kms.katalon.core.main.TestCaseExecutor.doExecute(TestCaseExecutor.java:328)&#xD;
	at com.kms.katalon.core.main.TestCaseExecutor.processExecutionPhase(TestCaseExecutor.java:307)&#xD;
	at com.kms.katalon.core.main.TestCaseExecutor.accessMainPhase(TestCaseExecutor.java:299)&#xD;
	at com.kms.katalon.core.main.TestCaseExecutor.execute(TestCaseExecutor.java:233)&#xD;
	at com.kms.katalon.core.main.TestSuiteExecutor.accessTestCaseMainPhase(TestSuiteExecutor.java:169)&#xD;
	at com.kms.katalon.core.main.TestSuiteExecutor.accessTestSuiteMainPhase(TestSuiteExecutor.java:142)&#xD;
	at com.kms.katalon.core.main.TestSuiteExecutor.execute(TestSuiteExecutor.java:91)&#xD;
	at com.kms.katalon.core.main.TestCaseMain.startTestSuite(TestCaseMain.java:157)&#xD;
	at com.kms.katalon.core.main.TestCaseMain$startTestSuite$0.call(Unknown Source)&#xD;
	at TempTestSuite1568908277252.run(TempTestSuite1568908277252.groovy:35)&#xD;
)</system-out>
            <system-err>2019-09-19 21:21:45 - [TEST_CASE][FAILED] - Test Cases/mQuestionAnswerMaster_Test: Test Cases/mQuestionAnswerMaster_Test FAILED.
Reason:
com.kms.katalon.core.exception.StepFailedException: Expected status code is '200' but actual status code is '404'&#xD;
	at com.kms.katalon.core.keyword.internal.KeywordMain.stepFailed(KeywordMain.groovy:50)&#xD;
	at com.kms.katalon.core.webservice.keyword.builtin.VerifyResponseStatusCodeKeyword.verifyStatusCode(VerifyResponseStatusCodeKeyword.groovy:52)&#xD;
	at com.kms.katalon.core.webservice.keyword.builtin.VerifyResponseStatusCodeKeyword$_verifyResponseStatusCode_closure1.doCall(VerifyResponseStatusCodeKeyword.groovy:42)&#xD;
	at com.kms.katalon.core.webservice.keyword.builtin.VerifyResponseStatusCodeKeyword$_verifyResponseStatusCode_closure1.call(VerifyResponseStatusCodeKeyword.groovy)&#xD;
	at com.kms.katalon.core.keyword.internal.KeywordMain.runKeyword(KeywordMain.groovy:68)&#xD;
	at com.kms.katalon.core.webservice.keyword.builtin.VerifyResponseStatusCodeKeyword.verifyResponseStatusCode(VerifyResponseStatusCodeKeyword.groovy:37)&#xD;
	at com.kms.katalon.core.webservice.keyword.builtin.VerifyResponseStatusCodeKeyword.execute(VerifyResponseStatusCodeKeyword.groovy:32)&#xD;
	at com.kms.katalon.core.keyword.internal.KeywordExecutor.executeKeywordForPlatform(KeywordExecutor.groovy:56)&#xD;
	at com.kms.katalon.core.webservice.keyword.WSBuiltInKeywords.verifyResponseStatusCode(WSBuiltInKeywords.groovy:212)&#xD;
	at com.kms.katalon.core.webservice.keyword.WSBuiltInKeywords$verifyResponseStatusCode$1.call(Unknown Source)&#xD;
	at WSVerification1568908305909.run(WSVerification1568908305909:16)&#xD;
	at com.kms.katalon.core.main.ScriptEngine.run(ScriptEngine.java:194)&#xD;
	at com.kms.katalon.core.main.ScriptEngine.runScriptAsRawText(ScriptEngine.java:119)&#xD;
	at com.kms.katalon.core.main.WSVerificationExecutor.runScript(WSVerificationExecutor.java:146)&#xD;
	at com.kms.katalon.core.main.WSVerificationExecutor.doExecute(WSVerificationExecutor.java:140)&#xD;
	at com.kms.katalon.core.main.WSVerificationExecutor.processExecutionPhase(WSVerificationExecutor.java:123)&#xD;
	at com.kms.katalon.core.main.WSVerificationExecutor.accessMainPhase(WSVerificationExecutor.java:115)&#xD;
	at com.kms.katalon.core.main.WSVerificationExecutor.execute(WSVerificationExecutor.java:103)&#xD;
	at com.kms.katalon.core.main.TestCaseMain.runWSVerificationScript(TestCaseMain.java:127)&#xD;
	at com.kms.katalon.core.webservice.keyword.builtin.SendRequestAndVerifyKeyword$_sendRequestAndVerify_closure1.doCall(SendRequestAndVerifyKeyword.groovy:55)&#xD;
	at com.kms.katalon.core.webservice.keyword.builtin.SendRequestAndVerifyKeyword$_sendRequestAndVerify_closure1.call(SendRequestAndVerifyKeyword.groovy)&#xD;
	at com.kms.katalon.core.keyword.internal.KeywordMain.runKeyword(KeywordMain.groovy:68)&#xD;
	at com.kms.katalon.core.webservice.keyword.builtin.SendRequestAndVerifyKeyword.sendRequestAndVerify(SendRequestAndVerifyKeyword.groovy:43)&#xD;
	at com.kms.katalon.core.webservice.keyword.builtin.SendRequestAndVerifyKeyword.execute(SendRequestAndVerifyKeyword.groovy:38)&#xD;
	at com.kms.katalon.core.keyword.internal.KeywordExecutor.executeKeywordForPlatform(KeywordExecutor.groovy:56)&#xD;
	at com.kms.katalon.core.webservice.keyword.WSBuiltInKeywords.sendRequestAndVerify(WSBuiltInKeywords.groovy:65)&#xD;
	at com.kms.katalon.core.webservice.keyword.WSBuiltInKeywords$sendRequestAndVerify$0.call(Unknown Source)&#xD;
	at mQuestionAnswerMaster_Test.run(mQuestionAnswerMaster_Test:16)&#xD;
	at com.kms.katalon.core.main.ScriptEngine.run(ScriptEngine.java:194)&#xD;
	at com.kms.katalon.core.main.ScriptEngine.runScriptAsRawText(ScriptEngine.java:119)&#xD;
	at com.kms.katalon.core.main.TestCaseExecutor.runScript(TestCaseExecutor.java:337)&#xD;
	at com.kms.katalon.core.main.TestCaseExecutor.doExecute(TestCaseExecutor.java:328)&#xD;
	at com.kms.katalon.core.main.TestCaseExecutor.processExecutionPhase(TestCaseExecutor.java:307)&#xD;
	at com.kms.katalon.core.main.TestCaseExecutor.accessMainPhase(TestCaseExecutor.java:299)&#xD;
	at com.kms.katalon.core.main.TestCaseExecutor.execute(TestCaseExecutor.java:233)&#xD;
	at com.kms.katalon.core.main.TestSuiteExecutor.accessTestCaseMainPhase(TestSuiteExecutor.java:169)&#xD;
	at com.kms.katalon.core.main.TestSuiteExecutor.accessTestSuiteMainPhase(TestSuiteExecutor.java:142)&#xD;
	at com.kms.katalon.core.main.TestSuiteExecutor.execute(TestSuiteExecutor.java:91)&#xD;
	at com.kms.katalon.core.main.TestCaseMain.startTestSuite(TestCaseMain.java:157)&#xD;
	at com.kms.katalon.core.main.TestCaseMain$startTestSuite$0.call(Unknown Source)&#xD;
	at TempTestSuite1568908277252.run(TempTestSuite1568908277252.groovy:35)</system-err>
        </testcase>
        <testcase name="Test Cases/nHolidayMaster_Test" classname="Test Cases/nHolidayMaster_Test" status="PASSED">
            <system-out>2019-09-19 21:21:48 - [TEST_CASE][PASSED] - Test Cases/nHolidayMaster_Test: Test Cases/nHolidayMaster_Test&#xD;
&#xD;
2019-09-19 21:21:48 - [TEST_STEP][PASSED] - sendRequestAndVerify(findTestObject("nHoliday Master", ["versiontableId":versiontableId, "uniqueToken":uniquetoken, "userId":userid])): Send request and verify the response successfully&#xD;
&#xD;
2019-09-19 21:21:48 - [MESSAGE][INFO] - HAR: C:\Users\rajesh.veeranna\Katalon Studio\SmartIndonasia\Reports\20190919_212117\SMARTINDONASIA_API_SmokeTest\20190919_212117\requests\main\21.har&#xD;
&#xD;
2019-09-19 21:21:48 - [TEST_CASE][PASSED] - Start Test Case : Verification: Verification accomplished successfully&#xD;
&#xD;
2019-09-19 21:21:49 - [TEST_STEP][PASSED] - request = getInstance().getCurrentRequest(): null&#xD;
&#xD;
2019-09-19 21:21:49 - [TEST_STEP][PASSED] - response = getInstance().getCurrentResponse(): null&#xD;
&#xD;
2019-09-19 21:21:49 - [TEST_STEP][PASSED] - verifyElementPropertyValue(response, "holidaysinfo[0].holidayId", "86858bb1-4d53-49cf-bccc-0477e5cb0a8f"): Verify element property value successfully&#xD;
&#xD;
2019-09-19 21:21:49 - [MESSAGE][PASSED] - Verify element property value successfully&#xD;
&#xD;
2019-09-19 21:21:49 - [TEST_STEP][PASSED] - verifyElementPropertyValue(response, "holidaysinfo[19].holidayId", "e6aed40f-28bf-4dfe-9fae-fbe32678c0c8"): Verify element property value successfully&#xD;
&#xD;
2019-09-19 21:21:49 - [MESSAGE][PASSED] - Verify element property value successfully&#xD;
&#xD;
2019-09-19 21:21:49 - [TEST_STEP][PASSED] - verifyResponseStatusCode(response, 200): Verify response status code successfully&#xD;
&#xD;
2019-09-19 21:21:49 - [MESSAGE][PASSED] - Verify response status code successfully&#xD;
&#xD;
2019-09-19 21:21:49 - [TEST_STEP][PASSED] - getStatusCode()).isEqualTo(200): null&#xD;
&#xD;
2019-09-19 21:21:49 - [MESSAGE][PASSED] - Verify response successfully&#xD;
&#xD;
2019-09-19 21:21:49 - [MESSAGE][PASSED] - Send request and verify the response successfully</system-out>
            <system-err></system-err>
        </testcase>
        <testcase name="Test Cases/oRefrenceMaster_Test" classname="Test Cases/oRefrenceMaster_Test" status="FAILED">
            <failure type="FAILED" message="Test Cases/oRefrenceMaster_Test FAILED.&#xA;Reason:&#xA;com.kms.katalon.core.exception.StepFailedException: Expected status code is '200' but actual status code is '404'&#xD;&#xA;&#x9;at com.kms.katalon.core.keyword.internal.KeywordMain.stepFailed(KeywordMain.groovy:50)&#xD;&#xA;&#x9;at com.kms.katalon.core.webservice.keyword.builtin.VerifyResponseStatusCodeKeyword.verifyStatusCode(VerifyResponseStatusCodeKeyword.groovy:52)&#xD;&#xA;&#x9;at com.kms.katalon.core.webservice.keyword.builtin.VerifyResponseStatusCodeKeyword$_verifyResponseStatusCode_closure1.doCall(VerifyResponseStatusCodeKeyword.groovy:42)&#xD;&#xA;&#x9;at com.kms.katalon.core.webservice.keyword.builtin.VerifyResponseStatusCodeKeyword$_verifyResponseStatusCode_closure1.call(VerifyResponseStatusCodeKeyword.groovy)&#xD;&#xA;&#x9;at com.kms.katalon.core.keyword.internal.KeywordMain.runKeyword(KeywordMain.groovy:68)&#xD;&#xA;&#x9;at com.kms.katalon.core.webservice.keyword.builtin.VerifyResponseStatusCodeKeyword.verifyResponseStatusCode(VerifyResponseStatusCodeKeyword.groovy:37)&#xD;&#xA;&#x9;at com.kms.katalon.core.webservice.keyword.builtin.VerifyResponseStatusCodeKeyword.execute(VerifyResponseStatusCodeKeyword.groovy:32)&#xD;&#xA;&#x9;at com.kms.katalon.core.keyword.internal.KeywordExecutor.executeKeywordForPlatform(KeywordExecutor.groovy:56)&#xD;&#xA;&#x9;at com.kms.katalon.core.webservice.keyword.WSBuiltInKeywords.verifyResponseStatusCode(WSBuiltInKeywords.groovy:212)&#xD;&#xA;&#x9;at com.kms.katalon.core.webservice.keyword.WSBuiltInKeywords$verifyResponseStatusCode$1.call(Unknown Source)&#xD;&#xA;&#x9;at WSVerification1568908310083.run(WSVerification1568908310083:15)&#xD;&#xA;&#x9;at com.kms.katalon.core.main.ScriptEngine.run(ScriptEngine.java:194)&#xD;&#xA;&#x9;at com.kms.katalon.core.main.ScriptEngine.runScriptAsRawText(ScriptEngine.java:119)&#xD;&#xA;&#x9;at com.kms.katalon.core.main.WSVerificationExecutor.runScript(WSVerificationExecutor.java:146)&#xD;&#xA;&#x9;at com.kms.katalon.core.main.WSVerificationExecutor.doExecute(WSVerificationExecutor.java:140)&#xD;&#xA;&#x9;at com.kms.katalon.core.main.WSVerificationExecutor.processExecutionPhase(WSVerificationExecutor.java:123)&#xD;&#xA;&#x9;at com.kms.katalon.core.main.WSVerificationExecutor.accessMainPhase(WSVerificationExecutor.java:115)&#xD;&#xA;&#x9;at com.kms.katalon.core.main.WSVerificationExecutor.execute(WSVerificationExecutor.java:103)&#xD;&#xA;&#x9;at com.kms.katalon.core.main.TestCaseMain.runWSVerificationScript(TestCaseMain.java:127)&#xD;&#xA;&#x9;at com.kms.katalon.core.webservice.keyword.builtin.SendRequestAndVerifyKeyword$_sendRequestAndVerify_closure1.doCall(SendRequestAndVerifyKeyword.groovy:55)&#xD;&#xA;&#x9;at com.kms.katalon.core.webservice.keyword.builtin.SendRequestAndVerifyKeyword$_sendRequestAndVerify_closure1.call(SendRequestAndVerifyKeyword.groovy)&#xD;&#xA;&#x9;at com.kms.katalon.core.keyword.internal.KeywordMain.runKeyword(KeywordMain.groovy:68)&#xD;&#xA;&#x9;at com.kms.katalon.core.webservice.keyword.builtin.SendRequestAndVerifyKeyword.sendRequestAndVerify(SendRequestAndVerifyKeyword.groovy:43)&#xD;&#xA;&#x9;at com.kms.katalon.core.webservice.keyword.builtin.SendRequestAndVerifyKeyword.execute(SendRequestAndVerifyKeyword.groovy:38)&#xD;&#xA;&#x9;at com.kms.katalon.core.keyword.internal.KeywordExecutor.executeKeywordForPlatform(KeywordExecutor.groovy:56)&#xD;&#xA;&#x9;at com.kms.katalon.core.webservice.keyword.WSBuiltInKeywords.sendRequestAndVerify(WSBuiltInKeywords.groovy:65)&#xD;&#xA;&#x9;at com.kms.katalon.core.webservice.keyword.WSBuiltInKeywords$sendRequestAndVerify$0.call(Unknown Source)&#xD;&#xA;&#x9;at oRefrenceMaster_Test.run(oRefrenceMaster_Test:16)&#xD;&#xA;&#x9;at com.kms.katalon.core.main.ScriptEngine.run(ScriptEngine.java:194)&#xD;&#xA;&#x9;at com.kms.katalon.core.main.ScriptEngine.runScriptAsRawText(ScriptEngine.java:119)&#xD;&#xA;&#x9;at com.kms.katalon.core.main.TestCaseExecutor.runScript(TestCaseExecutor.java:337)&#xD;&#xA;&#x9;at com.kms.katalon.core.main.TestCaseExecutor.doExecute(TestCaseExecutor.java:328)&#xD;&#xA;&#x9;at com.kms.katalon.core.main.TestCaseExecutor.processExecutionPhase(TestCaseExecutor.java:307)&#xD;&#xA;&#x9;at com.kms.katalon.core.main.TestCaseExecutor.accessMainPhase(TestCaseExecutor.java:299)&#xD;&#xA;&#x9;at com.kms.katalon.core.main.TestCaseExecutor.execute(TestCaseExecutor.java:233)&#xD;&#xA;&#x9;at com.kms.katalon.core.main.TestSuiteExecutor.accessTestCaseMainPhase(TestSuiteExecutor.java:169)&#xD;&#xA;&#x9;at com.kms.katalon.core.main.TestSuiteExecutor.accessTestSuiteMainPhase(TestSuiteExecutor.java:142)&#xD;&#xA;&#x9;at com.kms.katalon.core.main.TestSuiteExecutor.execute(TestSuiteExecutor.java:91)&#xD;&#xA;&#x9;at com.kms.katalon.core.main.TestCaseMain.startTestSuite(TestCaseMain.java:157)&#xD;&#xA;&#x9;at com.kms.katalon.core.main.TestCaseMain$startTestSuite$0.call(Unknown Source)&#xD;&#xA;&#x9;at TempTestSuite1568908277252.run(TempTestSuite1568908277252.groovy:35)&#xD;&#xA;"/>
            <system-out>2019-09-19 21:21:49 - [TEST_CASE][FAILED] - Test Cases/oRefrenceMaster_Test: Test Cases/oRefrenceMaster_Test FAILED.
Reason:
com.kms.katalon.core.exception.StepFailedException: Expected status code is '200' but actual status code is '404'&#xD;
	at com.kms.katalon.core.keyword.internal.KeywordMain.stepFailed(KeywordMain.groovy:50)&#xD;
	at com.kms.katalon.core.webservice.keyword.builtin.VerifyResponseStatusCodeKeyword.verifyStatusCode(VerifyResponseStatusCodeKeyword.groovy:52)&#xD;
	at com.kms.katalon.core.webservice.keyword.builtin.VerifyResponseStatusCodeKeyword$_verifyResponseStatusCode_closure1.doCall(VerifyResponseStatusCodeKeyword.groovy:42)&#xD;
	at com.kms.katalon.core.webservice.keyword.builtin.VerifyResponseStatusCodeKeyword$_verifyResponseStatusCode_closure1.call(VerifyResponseStatusCodeKeyword.groovy)&#xD;
	at com.kms.katalon.core.keyword.internal.KeywordMain.runKeyword(KeywordMain.groovy:68)&#xD;
	at com.kms.katalon.core.webservice.keyword.builtin.VerifyResponseStatusCodeKeyword.verifyResponseStatusCode(VerifyResponseStatusCodeKeyword.groovy:37)&#xD;
	at com.kms.katalon.core.webservice.keyword.builtin.VerifyResponseStatusCodeKeyword.execute(VerifyResponseStatusCodeKeyword.groovy:32)&#xD;
	at com.kms.katalon.core.keyword.internal.KeywordExecutor.executeKeywordForPlatform(KeywordExecutor.groovy:56)&#xD;
	at com.kms.katalon.core.webservice.keyword.WSBuiltInKeywords.verifyResponseStatusCode(WSBuiltInKeywords.groovy:212)&#xD;
	at com.kms.katalon.core.webservice.keyword.WSBuiltInKeywords$verifyResponseStatusCode$1.call(Unknown Source)&#xD;
	at WSVerification1568908310083.run(WSVerification1568908310083:15)&#xD;
	at com.kms.katalon.core.main.ScriptEngine.run(ScriptEngine.java:194)&#xD;
	at com.kms.katalon.core.main.ScriptEngine.runScriptAsRawText(ScriptEngine.java:119)&#xD;
	at com.kms.katalon.core.main.WSVerificationExecutor.runScript(WSVerificationExecutor.java:146)&#xD;
	at com.kms.katalon.core.main.WSVerificationExecutor.doExecute(WSVerificationExecutor.java:140)&#xD;
	at com.kms.katalon.core.main.WSVerificationExecutor.processExecutionPhase(WSVerificationExecutor.java:123)&#xD;
	at com.kms.katalon.core.main.WSVerificationExecutor.accessMainPhase(WSVerificationExecutor.java:115)&#xD;
	at com.kms.katalon.core.main.WSVerificationExecutor.execute(WSVerificationExecutor.java:103)&#xD;
	at com.kms.katalon.core.main.TestCaseMain.runWSVerificationScript(TestCaseMain.java:127)&#xD;
	at com.kms.katalon.core.webservice.keyword.builtin.SendRequestAndVerifyKeyword$_sendRequestAndVerify_closure1.doCall(SendRequestAndVerifyKeyword.groovy:55)&#xD;
	at com.kms.katalon.core.webservice.keyword.builtin.SendRequestAndVerifyKeyword$_sendRequestAndVerify_closure1.call(SendRequestAndVerifyKeyword.groovy)&#xD;
	at com.kms.katalon.core.keyword.internal.KeywordMain.runKeyword(KeywordMain.groovy:68)&#xD;
	at com.kms.katalon.core.webservice.keyword.builtin.SendRequestAndVerifyKeyword.sendRequestAndVerify(SendRequestAndVerifyKeyword.groovy:43)&#xD;
	at com.kms.katalon.core.webservice.keyword.builtin.SendRequestAndVerifyKeyword.execute(SendRequestAndVerifyKeyword.groovy:38)&#xD;
	at com.kms.katalon.core.keyword.internal.KeywordExecutor.executeKeywordForPlatform(KeywordExecutor.groovy:56)&#xD;
	at com.kms.katalon.core.webservice.keyword.WSBuiltInKeywords.sendRequestAndVerify(WSBuiltInKeywords.groovy:65)&#xD;
	at com.kms.katalon.core.webservice.keyword.WSBuiltInKeywords$sendRequestAndVerify$0.call(Unknown Source)&#xD;
	at oRefrenceMaster_Test.run(oRefrenceMaster_Test:16)&#xD;
	at com.kms.katalon.core.main.ScriptEngine.run(ScriptEngine.java:194)&#xD;
	at com.kms.katalon.core.main.ScriptEngine.runScriptAsRawText(ScriptEngine.java:119)&#xD;
	at com.kms.katalon.core.main.TestCaseExecutor.runScript(TestCaseExecutor.java:337)&#xD;
	at com.kms.katalon.core.main.TestCaseExecutor.doExecute(TestCaseExecutor.java:328)&#xD;
	at com.kms.katalon.core.main.TestCaseExecutor.processExecutionPhase(TestCaseExecutor.java:307)&#xD;
	at com.kms.katalon.core.main.TestCaseExecutor.accessMainPhase(TestCaseExecutor.java:299)&#xD;
	at com.kms.katalon.core.main.TestCaseExecutor.execute(TestCaseExecutor.java:233)&#xD;
	at com.kms.katalon.core.main.TestSuiteExecutor.accessTestCaseMainPhase(TestSuiteExecutor.java:169)&#xD;
	at com.kms.katalon.core.main.TestSuiteExecutor.accessTestSuiteMainPhase(TestSuiteExecutor.java:142)&#xD;
	at com.kms.katalon.core.main.TestSuiteExecutor.execute(TestSuiteExecutor.java:91)&#xD;
	at com.kms.katalon.core.main.TestCaseMain.startTestSuite(TestCaseMain.java:157)&#xD;
	at com.kms.katalon.core.main.TestCaseMain$startTestSuite$0.call(Unknown Source)&#xD;
	at TempTestSuite1568908277252.run(TempTestSuite1568908277252.groovy:35)&#xD;
&#xD;
&#xD;
2019-09-19 21:21:49 - [TEST_STEP][FAILED] - sendRequestAndVerify(findTestObject("oRefrence Master", ["uniqueToken":uniquetoken, "userId":userid])): Unable to send request and verify the response (Root cause: com.kms.katalon.core.exception.StepFailedException: Verification failed&#xD;
	at com.kms.katalon.core.webservice.keyword.builtin.SendRequestAndVerifyKeyword$_sendRequestAndVerify_closure1.doCall(SendRequestAndVerifyKeyword.groovy:59)&#xD;
	at com.kms.katalon.core.webservice.keyword.builtin.SendRequestAndVerifyKeyword$_sendRequestAndVerify_closure1.call(SendRequestAndVerifyKeyword.groovy)&#xD;
	at com.kms.katalon.core.keyword.internal.KeywordMain.runKeyword(KeywordMain.groovy:68)&#xD;
	at com.kms.katalon.core.webservice.keyword.builtin.SendRequestAndVerifyKeyword.sendRequestAndVerify(SendRequestAndVerifyKeyword.groovy:43)&#xD;
	at com.kms.katalon.core.webservice.keyword.builtin.SendRequestAndVerifyKeyword.execute(SendRequestAndVerifyKeyword.groovy:38)&#xD;
	at com.kms.katalon.core.keyword.internal.KeywordExecutor.executeKeywordForPlatform(KeywordExecutor.groovy:56)&#xD;
	at com.kms.katalon.core.webservice.keyword.WSBuiltInKeywords.sendRequestAndVerify(WSBuiltInKeywords.groovy:65)&#xD;
	at com.kms.katalon.core.webservice.keyword.WSBuiltInKeywords$sendRequestAndVerify$0.call(Unknown Source)&#xD;
	at oRefrenceMaster_Test.run(oRefrenceMaster_Test:16)&#xD;
	at com.kms.katalon.core.main.ScriptEngine.run(ScriptEngine.java:194)&#xD;
	at com.kms.katalon.core.main.ScriptEngine.runScriptAsRawText(ScriptEngine.java:119)&#xD;
	at com.kms.katalon.core.main.TestCaseExecutor.runScript(TestCaseExecutor.java:337)&#xD;
	at com.kms.katalon.core.main.TestCaseExecutor.doExecute(TestCaseExecutor.java:328)&#xD;
	at com.kms.katalon.core.main.TestCaseExecutor.processExecutionPhase(TestCaseExecutor.java:307)&#xD;
	at com.kms.katalon.core.main.TestCaseExecutor.accessMainPhase(TestCaseExecutor.java:299)&#xD;
	at com.kms.katalon.core.main.TestCaseExecutor.execute(TestCaseExecutor.java:233)&#xD;
	at com.kms.katalon.core.main.TestSuiteExecutor.accessTestCaseMainPhase(TestSuiteExecutor.java:169)&#xD;
	at com.kms.katalon.core.main.TestSuiteExecutor.accessTestSuiteMainPhase(TestSuiteExecutor.java:142)&#xD;
	at com.kms.katalon.core.main.TestSuiteExecutor.execute(TestSuiteExecutor.java:91)&#xD;
	at com.kms.katalon.core.main.TestCaseMain.startTestSuite(TestCaseMain.java:157)&#xD;
	at com.kms.katalon.core.main.TestCaseMain$startTestSuite$0.call(Unknown Source)&#xD;
	at TempTestSuite1568908277252.run(TempTestSuite1568908277252.groovy:35)&#xD;
)&#xD;
&#xD;
2019-09-19 21:21:50 - [MESSAGE][INFO] - HAR: C:\Users\rajesh.veeranna\Katalon Studio\SmartIndonasia\Reports\20190919_212117\SMARTINDONASIA_API_SmokeTest\20190919_212117\requests\main\22.har&#xD;
&#xD;
2019-09-19 21:21:50 - [TEST_CASE][FAILED] - Start Test Case : Verification: Verification FAILED.
Reason:
com.kms.katalon.core.exception.StepFailedException: Expected status code is '200' but actual status code is '404'&#xD;
	at com.kms.katalon.core.keyword.internal.KeywordMain.stepFailed(KeywordMain.groovy:50)&#xD;
	at com.kms.katalon.core.webservice.keyword.builtin.VerifyResponseStatusCodeKeyword.verifyStatusCode(VerifyResponseStatusCodeKeyword.groovy:52)&#xD;
	at com.kms.katalon.core.webservice.keyword.builtin.VerifyResponseStatusCodeKeyword$_verifyResponseStatusCode_closure1.doCall(VerifyResponseStatusCodeKeyword.groovy:42)&#xD;
	at com.kms.katalon.core.webservice.keyword.builtin.VerifyResponseStatusCodeKeyword$_verifyResponseStatusCode_closure1.call(VerifyResponseStatusCodeKeyword.groovy)&#xD;
	at com.kms.katalon.core.keyword.internal.KeywordMain.runKeyword(KeywordMain.groovy:68)&#xD;
	at com.kms.katalon.core.webservice.keyword.builtin.VerifyResponseStatusCodeKeyword.verifyResponseStatusCode(VerifyResponseStatusCodeKeyword.groovy:37)&#xD;
	at com.kms.katalon.core.webservice.keyword.builtin.VerifyResponseStatusCodeKeyword.execute(VerifyResponseStatusCodeKeyword.groovy:32)&#xD;
	at com.kms.katalon.core.keyword.internal.KeywordExecutor.executeKeywordForPlatform(KeywordExecutor.groovy:56)&#xD;
	at com.kms.katalon.core.webservice.keyword.WSBuiltInKeywords.verifyResponseStatusCode(WSBuiltInKeywords.groovy:212)&#xD;
	at com.kms.katalon.core.webservice.keyword.WSBuiltInKeywords$verifyResponseStatusCode$1.call(Unknown Source)&#xD;
	at WSVerification1568908310083.run(WSVerification1568908310083:15)&#xD;
	at com.kms.katalon.core.main.ScriptEngine.run(ScriptEngine.java:194)&#xD;
	at com.kms.katalon.core.main.ScriptEngine.runScriptAsRawText(ScriptEngine.java:119)&#xD;
	at com.kms.katalon.core.main.WSVerificationExecutor.runScript(WSVerificationExecutor.java:146)&#xD;
	at com.kms.katalon.core.main.WSVerificationExecutor.doExecute(WSVerificationExecutor.java:140)&#xD;
	at com.kms.katalon.core.main.WSVerificationExecutor.processExecutionPhase(WSVerificationExecutor.java:123)&#xD;
	at com.kms.katalon.core.main.WSVerificationExecutor.accessMainPhase(WSVerificationExecutor.java:115)&#xD;
	at com.kms.katalon.core.main.WSVerificationExecutor.execute(WSVerificationExecutor.java:103)&#xD;
	at com.kms.katalon.core.main.TestCaseMain.runWSVerificationScript(TestCaseMain.java:127)&#xD;
	at com.kms.katalon.core.webservice.keyword.builtin.SendRequestAndVerifyKeyword$_sendRequestAndVerify_closure1.doCall(SendRequestAndVerifyKeyword.groovy:55)&#xD;
	at com.kms.katalon.core.webservice.keyword.builtin.SendRequestAndVerifyKeyword$_sendRequestAndVerify_closure1.call(SendRequestAndVerifyKeyword.groovy)&#xD;
	at com.kms.katalon.core.keyword.internal.KeywordMain.runKeyword(KeywordMain.groovy:68)&#xD;
	at com.kms.katalon.core.webservice.keyword.builtin.SendRequestAndVerifyKeyword.sendRequestAndVerify(SendRequestAndVerifyKeyword.groovy:43)&#xD;
	at com.kms.katalon.core.webservice.keyword.builtin.SendRequestAndVerifyKeyword.execute(SendRequestAndVerifyKeyword.groovy:38)&#xD;
	at com.kms.katalon.core.keyword.internal.KeywordExecutor.executeKeywordForPlatform(KeywordExecutor.groovy:56)&#xD;
	at com.kms.katalon.core.webservice.keyword.WSBuiltInKeywords.sendRequestAndVerify(WSBuiltInKeywords.groovy:65)&#xD;
	at com.kms.katalon.core.webservice.keyword.WSBuiltInKeywords$sendRequestAndVerify$0.call(Unknown Source)&#xD;
	at oRefrenceMaster_Test.run(oRefrenceMaster_Test:16)&#xD;
	at com.kms.katalon.core.main.ScriptEngine.run(ScriptEngine.java:194)&#xD;
	at com.kms.katalon.core.main.ScriptEngine.runScriptAsRawText(ScriptEngine.java:119)&#xD;
	at com.kms.katalon.core.main.TestCaseExecutor.runScript(TestCaseExecutor.java:337)&#xD;
	at com.kms.katalon.core.main.TestCaseExecutor.doExecute(TestCaseExecutor.java:328)&#xD;
	at com.kms.katalon.core.main.TestCaseExecutor.processExecutionPhase(TestCaseExecutor.java:307)&#xD;
	at com.kms.katalon.core.main.TestCaseExecutor.accessMainPhase(TestCaseExecutor.java:299)&#xD;
	at com.kms.katalon.core.main.TestCaseExecutor.execute(TestCaseExecutor.java:233)&#xD;
	at com.kms.katalon.core.main.TestSuiteExecutor.accessTestCaseMainPhase(TestSuiteExecutor.java:169)&#xD;
	at com.kms.katalon.core.main.TestSuiteExecutor.accessTestSuiteMainPhase(TestSuiteExecutor.java:142)&#xD;
	at com.kms.katalon.core.main.TestSuiteExecutor.execute(TestSuiteExecutor.java:91)&#xD;
	at com.kms.katalon.core.main.TestCaseMain.startTestSuite(TestCaseMain.java:157)&#xD;
	at com.kms.katalon.core.main.TestCaseMain$startTestSuite$0.call(Unknown Source)&#xD;
	at TempTestSuite1568908277252.run(TempTestSuite1568908277252.groovy:35)&#xD;
&#xD;
&#xD;
2019-09-19 21:21:50 - [TEST_STEP][PASSED] - request = getInstance().getCurrentRequest(): null&#xD;
&#xD;
2019-09-19 21:21:50 - [TEST_STEP][PASSED] - response = getInstance().getCurrentResponse(): null&#xD;
&#xD;
2019-09-19 21:21:50 - [TEST_STEP][FAILED] - verifyResponseStatusCode(response, 200): Unable to verify response status code (Root cause: com.kms.katalon.core.exception.StepFailedException: Expected status code is '200' but actual status code is '404'&#xD;
	at com.kms.katalon.core.keyword.internal.KeywordMain.stepFailed(KeywordMain.groovy:50)&#xD;
	at com.kms.katalon.core.webservice.keyword.builtin.VerifyResponseStatusCodeKeyword.verifyStatusCode(VerifyResponseStatusCodeKeyword.groovy:52)&#xD;
	at com.kms.katalon.core.webservice.keyword.builtin.VerifyResponseStatusCodeKeyword$_verifyResponseStatusCode_closure1.doCall(VerifyResponseStatusCodeKeyword.groovy:42)&#xD;
	at com.kms.katalon.core.webservice.keyword.builtin.VerifyResponseStatusCodeKeyword$_verifyResponseStatusCode_closure1.call(VerifyResponseStatusCodeKeyword.groovy)&#xD;
	at com.kms.katalon.core.keyword.internal.KeywordMain.runKeyword(KeywordMain.groovy:68)&#xD;
	at com.kms.katalon.core.webservice.keyword.builtin.VerifyResponseStatusCodeKeyword.verifyResponseStatusCode(VerifyResponseStatusCodeKeyword.groovy:37)&#xD;
	at com.kms.katalon.core.webservice.keyword.builtin.VerifyResponseStatusCodeKeyword.execute(VerifyResponseStatusCodeKeyword.groovy:32)&#xD;
	at com.kms.katalon.core.keyword.internal.KeywordExecutor.executeKeywordForPlatform(KeywordExecutor.groovy:56)&#xD;
	at com.kms.katalon.core.webservice.keyword.WSBuiltInKeywords.verifyResponseStatusCode(WSBuiltInKeywords.groovy:212)&#xD;
	at com.kms.katalon.core.webservice.keyword.WSBuiltInKeywords$verifyResponseStatusCode$1.call(Unknown Source)&#xD;
	at WSVerification1568908310083.run(WSVerification1568908310083:15)&#xD;
	at com.kms.katalon.core.main.ScriptEngine.run(ScriptEngine.java:194)&#xD;
	at com.kms.katalon.core.main.ScriptEngine.runScriptAsRawText(ScriptEngine.java:119)&#xD;
	at com.kms.katalon.core.main.WSVerificationExecutor.runScript(WSVerificationExecutor.java:146)&#xD;
	at com.kms.katalon.core.main.WSVerificationExecutor.doExecute(WSVerificationExecutor.java:140)&#xD;
	at com.kms.katalon.core.main.WSVerificationExecutor.processExecutionPhase(WSVerificationExecutor.java:123)&#xD;
	at com.kms.katalon.core.main.WSVerificationExecutor.accessMainPhase(WSVerificationExecutor.java:115)&#xD;
	at com.kms.katalon.core.main.WSVerificationExecutor.execute(WSVerificationExecutor.java:103)&#xD;
	at com.kms.katalon.core.main.TestCaseMain.runWSVerificationScript(TestCaseMain.java:127)&#xD;
	at com.kms.katalon.core.webservice.keyword.builtin.SendRequestAndVerifyKeyword$_sendRequestAndVerify_closure1.doCall(SendRequestAndVerifyKeyword.groovy:55)&#xD;
	at com.kms.katalon.core.webservice.keyword.builtin.SendRequestAndVerifyKeyword$_sendRequestAndVerify_closure1.call(SendRequestAndVerifyKeyword.groovy)&#xD;
	at com.kms.katalon.core.keyword.internal.KeywordMain.runKeyword(KeywordMain.groovy:68)&#xD;
	at com.kms.katalon.core.webservice.keyword.builtin.SendRequestAndVerifyKeyword.sendRequestAndVerify(SendRequestAndVerifyKeyword.groovy:43)&#xD;
	at com.kms.katalon.core.webservice.keyword.builtin.SendRequestAndVerifyKeyword.execute(SendRequestAndVerifyKeyword.groovy:38)&#xD;
	at com.kms.katalon.core.keyword.internal.KeywordExecutor.executeKeywordForPlatform(KeywordExecutor.groovy:56)&#xD;
	at com.kms.katalon.core.webservice.keyword.WSBuiltInKeywords.sendRequestAndVerify(WSBuiltInKeywords.groovy:65)&#xD;
	at com.kms.katalon.core.webservice.keyword.WSBuiltInKeywords$sendRequestAndVerify$0.call(Unknown Source)&#xD;
	at oRefrenceMaster_Test.run(oRefrenceMaster_Test:16)&#xD;
	at com.kms.katalon.core.main.ScriptEngine.run(ScriptEngine.java:194)&#xD;
	at com.kms.katalon.core.main.ScriptEngine.runScriptAsRawText(ScriptEngine.java:119)&#xD;
	at com.kms.katalon.core.main.TestCaseExecutor.runScript(TestCaseExecutor.java:337)&#xD;
	at com.kms.katalon.core.main.TestCaseExecutor.doExecute(TestCaseExecutor.java:328)&#xD;
	at com.kms.katalon.core.main.TestCaseExecutor.processExecutionPhase(TestCaseExecutor.java:307)&#xD;
	at com.kms.katalon.core.main.TestCaseExecutor.accessMainPhase(TestCaseExecutor.java:299)&#xD;
	at com.kms.katalon.core.main.TestCaseExecutor.execute(TestCaseExecutor.java:233)&#xD;
	at com.kms.katalon.core.main.TestSuiteExecutor.accessTestCaseMainPhase(TestSuiteExecutor.java:169)&#xD;
	at com.kms.katalon.core.main.TestSuiteExecutor.accessTestSuiteMainPhase(TestSuiteExecutor.java:142)&#xD;
	at com.kms.katalon.core.main.TestSuiteExecutor.execute(TestSuiteExecutor.java:91)&#xD;
	at com.kms.katalon.core.main.TestCaseMain.startTestSuite(TestCaseMain.java:157)&#xD;
	at com.kms.katalon.core.main.TestCaseMain$startTestSuite$0.call(Unknown Source)&#xD;
	at TempTestSuite1568908277252.run(TempTestSuite1568908277252.groovy:35)&#xD;
)&#xD;
&#xD;
2019-09-19 21:21:50 - [MESSAGE][FAILED] - Expected status code is '200' but actual status code is '404'&#xD;
&#xD;
2019-09-19 21:21:50 - [MESSAGE][FAILED] - Unable to verify response status code (Root cause: com.kms.katalon.core.exception.StepFailedException: Expected status code is '200' but actual status code is '404'&#xD;
	at com.kms.katalon.core.keyword.internal.KeywordMain.stepFailed(KeywordMain.groovy:50)&#xD;
	at com.kms.katalon.core.webservice.keyword.builtin.VerifyResponseStatusCodeKeyword.verifyStatusCode(VerifyResponseStatusCodeKeyword.groovy:52)&#xD;
	at com.kms.katalon.core.webservice.keyword.builtin.VerifyResponseStatusCodeKeyword$_verifyResponseStatusCode_closure1.doCall(VerifyResponseStatusCodeKeyword.groovy:42)&#xD;
	at com.kms.katalon.core.webservice.keyword.builtin.VerifyResponseStatusCodeKeyword$_verifyResponseStatusCode_closure1.call(VerifyResponseStatusCodeKeyword.groovy)&#xD;
	at com.kms.katalon.core.keyword.internal.KeywordMain.runKeyword(KeywordMain.groovy:68)&#xD;
	at com.kms.katalon.core.webservice.keyword.builtin.VerifyResponseStatusCodeKeyword.verifyResponseStatusCode(VerifyResponseStatusCodeKeyword.groovy:37)&#xD;
	at com.kms.katalon.core.webservice.keyword.builtin.VerifyResponseStatusCodeKeyword.execute(VerifyResponseStatusCodeKeyword.groovy:32)&#xD;
	at com.kms.katalon.core.keyword.internal.KeywordExecutor.executeKeywordForPlatform(KeywordExecutor.groovy:56)&#xD;
	at com.kms.katalon.core.webservice.keyword.WSBuiltInKeywords.verifyResponseStatusCode(WSBuiltInKeywords.groovy:212)&#xD;
	at com.kms.katalon.core.webservice.keyword.WSBuiltInKeywords$verifyResponseStatusCode$1.call(Unknown Source)&#xD;
	at WSVerification1568908310083.run(WSVerification1568908310083:15)&#xD;
	at com.kms.katalon.core.main.ScriptEngine.run(ScriptEngine.java:194)&#xD;
	at com.kms.katalon.core.main.ScriptEngine.runScriptAsRawText(ScriptEngine.java:119)&#xD;
	at com.kms.katalon.core.main.WSVerificationExecutor.runScript(WSVerificationExecutor.java:146)&#xD;
	at com.kms.katalon.core.main.WSVerificationExecutor.doExecute(WSVerificationExecutor.java:140)&#xD;
	at com.kms.katalon.core.main.WSVerificationExecutor.processExecutionPhase(WSVerificationExecutor.java:123)&#xD;
	at com.kms.katalon.core.main.WSVerificationExecutor.accessMainPhase(WSVerificationExecutor.java:115)&#xD;
	at com.kms.katalon.core.main.WSVerificationExecutor.execute(WSVerificationExecutor.java:103)&#xD;
	at com.kms.katalon.core.main.TestCaseMain.runWSVerificationScript(TestCaseMain.java:127)&#xD;
	at com.kms.katalon.core.webservice.keyword.builtin.SendRequestAndVerifyKeyword$_sendRequestAndVerify_closure1.doCall(SendRequestAndVerifyKeyword.groovy:55)&#xD;
	at com.kms.katalon.core.webservice.keyword.builtin.SendRequestAndVerifyKeyword$_sendRequestAndVerify_closure1.call(SendRequestAndVerifyKeyword.groovy)&#xD;
	at com.kms.katalon.core.keyword.internal.KeywordMain.runKeyword(KeywordMain.groovy:68)&#xD;
	at com.kms.katalon.core.webservice.keyword.builtin.SendRequestAndVerifyKeyword.sendRequestAndVerify(SendRequestAndVerifyKeyword.groovy:43)&#xD;
	at com.kms.katalon.core.webservice.keyword.builtin.SendRequestAndVerifyKeyword.execute(SendRequestAndVerifyKeyword.groovy:38)&#xD;
	at com.kms.katalon.core.keyword.internal.KeywordExecutor.executeKeywordForPlatform(KeywordExecutor.groovy:56)&#xD;
	at com.kms.katalon.core.webservice.keyword.WSBuiltInKeywords.sendRequestAndVerify(WSBuiltInKeywords.groovy:65)&#xD;
	at com.kms.katalon.core.webservice.keyword.WSBuiltInKeywords$sendRequestAndVerify$0.call(Unknown Source)&#xD;
	at oRefrenceMaster_Test.run(oRefrenceMaster_Test:16)&#xD;
	at com.kms.katalon.core.main.ScriptEngine.run(ScriptEngine.java:194)&#xD;
	at com.kms.katalon.core.main.ScriptEngine.runScriptAsRawText(ScriptEngine.java:119)&#xD;
	at com.kms.katalon.core.main.TestCaseExecutor.runScript(TestCaseExecutor.java:337)&#xD;
	at com.kms.katalon.core.main.TestCaseExecutor.doExecute(TestCaseExecutor.java:328)&#xD;
	at com.kms.katalon.core.main.TestCaseExecutor.processExecutionPhase(TestCaseExecutor.java:307)&#xD;
	at com.kms.katalon.core.main.TestCaseExecutor.accessMainPhase(TestCaseExecutor.java:299)&#xD;
	at com.kms.katalon.core.main.TestCaseExecutor.execute(TestCaseExecutor.java:233)&#xD;
	at com.kms.katalon.core.main.TestSuiteExecutor.accessTestCaseMainPhase(TestSuiteExecutor.java:169)&#xD;
	at com.kms.katalon.core.main.TestSuiteExecutor.accessTestSuiteMainPhase(TestSuiteExecutor.java:142)&#xD;
	at com.kms.katalon.core.main.TestSuiteExecutor.execute(TestSuiteExecutor.java:91)&#xD;
	at com.kms.katalon.core.main.TestCaseMain.startTestSuite(TestCaseMain.java:157)&#xD;
	at com.kms.katalon.core.main.TestCaseMain$startTestSuite$0.call(Unknown Source)&#xD;
	at TempTestSuite1568908277252.run(TempTestSuite1568908277252.groovy:35)&#xD;
)&#xD;
&#xD;
2019-09-19 21:21:51 - [MESSAGE][FAILED] - Unable to send request and verify the response (Root cause: com.kms.katalon.core.exception.StepFailedException: Verification failed&#xD;
	at com.kms.katalon.core.webservice.keyword.builtin.SendRequestAndVerifyKeyword$_sendRequestAndVerify_closure1.doCall(SendRequestAndVerifyKeyword.groovy:59)&#xD;
	at com.kms.katalon.core.webservice.keyword.builtin.SendRequestAndVerifyKeyword$_sendRequestAndVerify_closure1.call(SendRequestAndVerifyKeyword.groovy)&#xD;
	at com.kms.katalon.core.keyword.internal.KeywordMain.runKeyword(KeywordMain.groovy:68)&#xD;
	at com.kms.katalon.core.webservice.keyword.builtin.SendRequestAndVerifyKeyword.sendRequestAndVerify(SendRequestAndVerifyKeyword.groovy:43)&#xD;
	at com.kms.katalon.core.webservice.keyword.builtin.SendRequestAndVerifyKeyword.execute(SendRequestAndVerifyKeyword.groovy:38)&#xD;
	at com.kms.katalon.core.keyword.internal.KeywordExecutor.executeKeywordForPlatform(KeywordExecutor.groovy:56)&#xD;
	at com.kms.katalon.core.webservice.keyword.WSBuiltInKeywords.sendRequestAndVerify(WSBuiltInKeywords.groovy:65)&#xD;
	at com.kms.katalon.core.webservice.keyword.WSBuiltInKeywords$sendRequestAndVerify$0.call(Unknown Source)&#xD;
	at oRefrenceMaster_Test.run(oRefrenceMaster_Test:16)&#xD;
	at com.kms.katalon.core.main.ScriptEngine.run(ScriptEngine.java:194)&#xD;
	at com.kms.katalon.core.main.ScriptEngine.runScriptAsRawText(ScriptEngine.java:119)&#xD;
	at com.kms.katalon.core.main.TestCaseExecutor.runScript(TestCaseExecutor.java:337)&#xD;
	at com.kms.katalon.core.main.TestCaseExecutor.doExecute(TestCaseExecutor.java:328)&#xD;
	at com.kms.katalon.core.main.TestCaseExecutor.processExecutionPhase(TestCaseExecutor.java:307)&#xD;
	at com.kms.katalon.core.main.TestCaseExecutor.accessMainPhase(TestCaseExecutor.java:299)&#xD;
	at com.kms.katalon.core.main.TestCaseExecutor.execute(TestCaseExecutor.java:233)&#xD;
	at com.kms.katalon.core.main.TestSuiteExecutor.accessTestCaseMainPhase(TestSuiteExecutor.java:169)&#xD;
	at com.kms.katalon.core.main.TestSuiteExecutor.accessTestSuiteMainPhase(TestSuiteExecutor.java:142)&#xD;
	at com.kms.katalon.core.main.TestSuiteExecutor.execute(TestSuiteExecutor.java:91)&#xD;
	at com.kms.katalon.core.main.TestCaseMain.startTestSuite(TestCaseMain.java:157)&#xD;
	at com.kms.katalon.core.main.TestCaseMain$startTestSuite$0.call(Unknown Source)&#xD;
	at TempTestSuite1568908277252.run(TempTestSuite1568908277252.groovy:35)&#xD;
)</system-out>
            <system-err>2019-09-19 21:21:49 - [TEST_CASE][FAILED] - Test Cases/oRefrenceMaster_Test: Test Cases/oRefrenceMaster_Test FAILED.
Reason:
com.kms.katalon.core.exception.StepFailedException: Expected status code is '200' but actual status code is '404'&#xD;
	at com.kms.katalon.core.keyword.internal.KeywordMain.stepFailed(KeywordMain.groovy:50)&#xD;
	at com.kms.katalon.core.webservice.keyword.builtin.VerifyResponseStatusCodeKeyword.verifyStatusCode(VerifyResponseStatusCodeKeyword.groovy:52)&#xD;
	at com.kms.katalon.core.webservice.keyword.builtin.VerifyResponseStatusCodeKeyword$_verifyResponseStatusCode_closure1.doCall(VerifyResponseStatusCodeKeyword.groovy:42)&#xD;
	at com.kms.katalon.core.webservice.keyword.builtin.VerifyResponseStatusCodeKeyword$_verifyResponseStatusCode_closure1.call(VerifyResponseStatusCodeKeyword.groovy)&#xD;
	at com.kms.katalon.core.keyword.internal.KeywordMain.runKeyword(KeywordMain.groovy:68)&#xD;
	at com.kms.katalon.core.webservice.keyword.builtin.VerifyResponseStatusCodeKeyword.verifyResponseStatusCode(VerifyResponseStatusCodeKeyword.groovy:37)&#xD;
	at com.kms.katalon.core.webservice.keyword.builtin.VerifyResponseStatusCodeKeyword.execute(VerifyResponseStatusCodeKeyword.groovy:32)&#xD;
	at com.kms.katalon.core.keyword.internal.KeywordExecutor.executeKeywordForPlatform(KeywordExecutor.groovy:56)&#xD;
	at com.kms.katalon.core.webservice.keyword.WSBuiltInKeywords.verifyResponseStatusCode(WSBuiltInKeywords.groovy:212)&#xD;
	at com.kms.katalon.core.webservice.keyword.WSBuiltInKeywords$verifyResponseStatusCode$1.call(Unknown Source)&#xD;
	at WSVerification1568908310083.run(WSVerification1568908310083:15)&#xD;
	at com.kms.katalon.core.main.ScriptEngine.run(ScriptEngine.java:194)&#xD;
	at com.kms.katalon.core.main.ScriptEngine.runScriptAsRawText(ScriptEngine.java:119)&#xD;
	at com.kms.katalon.core.main.WSVerificationExecutor.runScript(WSVerificationExecutor.java:146)&#xD;
	at com.kms.katalon.core.main.WSVerificationExecutor.doExecute(WSVerificationExecutor.java:140)&#xD;
	at com.kms.katalon.core.main.WSVerificationExecutor.processExecutionPhase(WSVerificationExecutor.java:123)&#xD;
	at com.kms.katalon.core.main.WSVerificationExecutor.accessMainPhase(WSVerificationExecutor.java:115)&#xD;
	at com.kms.katalon.core.main.WSVerificationExecutor.execute(WSVerificationExecutor.java:103)&#xD;
	at com.kms.katalon.core.main.TestCaseMain.runWSVerificationScript(TestCaseMain.java:127)&#xD;
	at com.kms.katalon.core.webservice.keyword.builtin.SendRequestAndVerifyKeyword$_sendRequestAndVerify_closure1.doCall(SendRequestAndVerifyKeyword.groovy:55)&#xD;
	at com.kms.katalon.core.webservice.keyword.builtin.SendRequestAndVerifyKeyword$_sendRequestAndVerify_closure1.call(SendRequestAndVerifyKeyword.groovy)&#xD;
	at com.kms.katalon.core.keyword.internal.KeywordMain.runKeyword(KeywordMain.groovy:68)&#xD;
	at com.kms.katalon.core.webservice.keyword.builtin.SendRequestAndVerifyKeyword.sendRequestAndVerify(SendRequestAndVerifyKeyword.groovy:43)&#xD;
	at com.kms.katalon.core.webservice.keyword.builtin.SendRequestAndVerifyKeyword.execute(SendRequestAndVerifyKeyword.groovy:38)&#xD;
	at com.kms.katalon.core.keyword.internal.KeywordExecutor.executeKeywordForPlatform(KeywordExecutor.groovy:56)&#xD;
	at com.kms.katalon.core.webservice.keyword.WSBuiltInKeywords.sendRequestAndVerify(WSBuiltInKeywords.groovy:65)&#xD;
	at com.kms.katalon.core.webservice.keyword.WSBuiltInKeywords$sendRequestAndVerify$0.call(Unknown Source)&#xD;
	at oRefrenceMaster_Test.run(oRefrenceMaster_Test:16)&#xD;
	at com.kms.katalon.core.main.ScriptEngine.run(ScriptEngine.java:194)&#xD;
	at com.kms.katalon.core.main.ScriptEngine.runScriptAsRawText(ScriptEngine.java:119)&#xD;
	at com.kms.katalon.core.main.TestCaseExecutor.runScript(TestCaseExecutor.java:337)&#xD;
	at com.kms.katalon.core.main.TestCaseExecutor.doExecute(TestCaseExecutor.java:328)&#xD;
	at com.kms.katalon.core.main.TestCaseExecutor.processExecutionPhase(TestCaseExecutor.java:307)&#xD;
	at com.kms.katalon.core.main.TestCaseExecutor.accessMainPhase(TestCaseExecutor.java:299)&#xD;
	at com.kms.katalon.core.main.TestCaseExecutor.execute(TestCaseExecutor.java:233)&#xD;
	at com.kms.katalon.core.main.TestSuiteExecutor.accessTestCaseMainPhase(TestSuiteExecutor.java:169)&#xD;
	at com.kms.katalon.core.main.TestSuiteExecutor.accessTestSuiteMainPhase(TestSuiteExecutor.java:142)&#xD;
	at com.kms.katalon.core.main.TestSuiteExecutor.execute(TestSuiteExecutor.java:91)&#xD;
	at com.kms.katalon.core.main.TestCaseMain.startTestSuite(TestCaseMain.java:157)&#xD;
	at com.kms.katalon.core.main.TestCaseMain$startTestSuite$0.call(Unknown Source)&#xD;
	at TempTestSuite1568908277252.run(TempTestSuite1568908277252.groovy:35)</system-err>
        </testcase>
        <testcase name="Test Cases/pLobByUser_Test" classname="Test Cases/pLobByUser_Test" status="FAILED">
            <failure type="FAILED" message="Test Cases/pLobByUser_Test FAILED.&#xA;Reason:&#xA;com.kms.katalon.core.exception.StepFailedException: Expected status code is '200' but actual status code is '404'&#xD;&#xA;&#x9;at com.kms.katalon.core.keyword.internal.KeywordMain.stepFailed(KeywordMain.groovy:50)&#xD;&#xA;&#x9;at com.kms.katalon.core.webservice.keyword.builtin.VerifyResponseStatusCodeKeyword.verifyStatusCode(VerifyResponseStatusCodeKeyword.groovy:52)&#xD;&#xA;&#x9;at com.kms.katalon.core.webservice.keyword.builtin.VerifyResponseStatusCodeKeyword$_verifyResponseStatusCode_closure1.doCall(VerifyResponseStatusCodeKeyword.groovy:42)&#xD;&#xA;&#x9;at com.kms.katalon.core.webservice.keyword.builtin.VerifyResponseStatusCodeKeyword$_verifyResponseStatusCode_closure1.call(VerifyResponseStatusCodeKeyword.groovy)&#xD;&#xA;&#x9;at com.kms.katalon.core.keyword.internal.KeywordMain.runKeyword(KeywordMain.groovy:68)&#xD;&#xA;&#x9;at com.kms.katalon.core.webservice.keyword.builtin.VerifyResponseStatusCodeKeyword.verifyResponseStatusCode(VerifyResponseStatusCodeKeyword.groovy:37)&#xD;&#xA;&#x9;at com.kms.katalon.core.webservice.keyword.builtin.VerifyResponseStatusCodeKeyword.execute(VerifyResponseStatusCodeKeyword.groovy:32)&#xD;&#xA;&#x9;at com.kms.katalon.core.keyword.internal.KeywordExecutor.executeKeywordForPlatform(KeywordExecutor.groovy:56)&#xD;&#xA;&#x9;at com.kms.katalon.core.webservice.keyword.WSBuiltInKeywords.verifyResponseStatusCode(WSBuiltInKeywords.groovy:212)&#xD;&#xA;&#x9;at com.kms.katalon.core.webservice.keyword.WSBuiltInKeywords$verifyResponseStatusCode$1.call(Unknown Source)&#xD;&#xA;&#x9;at WSVerification1568908312367.run(WSVerification1568908312367:15)&#xD;&#xA;&#x9;at com.kms.katalon.core.main.ScriptEngine.run(ScriptEngine.java:194)&#xD;&#xA;&#x9;at com.kms.katalon.core.main.ScriptEngine.runScriptAsRawText(ScriptEngine.java:119)&#xD;&#xA;&#x9;at com.kms.katalon.core.main.WSVerificationExecutor.runScript(WSVerificationExecutor.java:146)&#xD;&#xA;&#x9;at com.kms.katalon.core.main.WSVerificationExecutor.doExecute(WSVerificationExecutor.java:140)&#xD;&#xA;&#x9;at com.kms.katalon.core.main.WSVerificationExecutor.processExecutionPhase(WSVerificationExecutor.java:123)&#xD;&#xA;&#x9;at com.kms.katalon.core.main.WSVerificationExecutor.accessMainPhase(WSVerificationExecutor.java:115)&#xD;&#xA;&#x9;at com.kms.katalon.core.main.WSVerificationExecutor.execute(WSVerificationExecutor.java:103)&#xD;&#xA;&#x9;at com.kms.katalon.core.main.TestCaseMain.runWSVerificationScript(TestCaseMain.java:127)&#xD;&#xA;&#x9;at com.kms.katalon.core.webservice.keyword.builtin.SendRequestAndVerifyKeyword$_sendRequestAndVerify_closure1.doCall(SendRequestAndVerifyKeyword.groovy:55)&#xD;&#xA;&#x9;at com.kms.katalon.core.webservice.keyword.builtin.SendRequestAndVerifyKeyword$_sendRequestAndVerify_closure1.call(SendRequestAndVerifyKeyword.groovy)&#xD;&#xA;&#x9;at com.kms.katalon.core.keyword.internal.KeywordMain.runKeyword(KeywordMain.groovy:68)&#xD;&#xA;&#x9;at com.kms.katalon.core.webservice.keyword.builtin.SendRequestAndVerifyKeyword.sendRequestAndVerify(SendRequestAndVerifyKeyword.groovy:43)&#xD;&#xA;&#x9;at com.kms.katalon.core.webservice.keyword.builtin.SendRequestAndVerifyKeyword.execute(SendRequestAndVerifyKeyword.groovy:38)&#xD;&#xA;&#x9;at com.kms.katalon.core.keyword.internal.KeywordExecutor.executeKeywordForPlatform(KeywordExecutor.groovy:56)&#xD;&#xA;&#x9;at com.kms.katalon.core.webservice.keyword.WSBuiltInKeywords.sendRequestAndVerify(WSBuiltInKeywords.groovy:65)&#xD;&#xA;&#x9;at com.kms.katalon.core.webservice.keyword.WSBuiltInKeywords$sendRequestAndVerify$0.call(Unknown Source)&#xD;&#xA;&#x9;at pLobByUser_Test.run(pLobByUser_Test:16)&#xD;&#xA;&#x9;at com.kms.katalon.core.main.ScriptEngine.run(ScriptEngine.java:194)&#xD;&#xA;&#x9;at com.kms.katalon.core.main.ScriptEngine.runScriptAsRawText(ScriptEngine.java:119)&#xD;&#xA;&#x9;at com.kms.katalon.core.main.TestCaseExecutor.runScript(TestCaseExecutor.java:337)&#xD;&#xA;&#x9;at com.kms.katalon.core.main.TestCaseExecutor.doExecute(TestCaseExecutor.java:328)&#xD;&#xA;&#x9;at com.kms.katalon.core.main.TestCaseExecutor.processExecutionPhase(TestCaseExecutor.java:307)&#xD;&#xA;&#x9;at com.kms.katalon.core.main.TestCaseExecutor.accessMainPhase(TestCaseExecutor.java:299)&#xD;&#xA;&#x9;at com.kms.katalon.core.main.TestCaseExecutor.execute(TestCaseExecutor.java:233)&#xD;&#xA;&#x9;at com.kms.katalon.core.main.TestSuiteExecutor.accessTestCaseMainPhase(TestSuiteExecutor.java:169)&#xD;&#xA;&#x9;at com.kms.katalon.core.main.TestSuiteExecutor.accessTestSuiteMainPhase(TestSuiteExecutor.java:142)&#xD;&#xA;&#x9;at com.kms.katalon.core.main.TestSuiteExecutor.execute(TestSuiteExecutor.java:91)&#xD;&#xA;&#x9;at com.kms.katalon.core.main.TestCaseMain.startTestSuite(TestCaseMain.java:157)&#xD;&#xA;&#x9;at com.kms.katalon.core.main.TestCaseMain$startTestSuite$0.call(Unknown Source)&#xD;&#xA;&#x9;at TempTestSuite1568908277252.run(TempTestSuite1568908277252.groovy:35)&#xD;&#xA;"/>
            <system-out>2019-09-19 21:21:51 - [TEST_CASE][FAILED] - Test Cases/pLobByUser_Test: Test Cases/pLobByUser_Test FAILED.
Reason:
com.kms.katalon.core.exception.StepFailedException: Expected status code is '200' but actual status code is '404'&#xD;
	at com.kms.katalon.core.keyword.internal.KeywordMain.stepFailed(KeywordMain.groovy:50)&#xD;
	at com.kms.katalon.core.webservice.keyword.builtin.VerifyResponseStatusCodeKeyword.verifyStatusCode(VerifyResponseStatusCodeKeyword.groovy:52)&#xD;
	at com.kms.katalon.core.webservice.keyword.builtin.VerifyResponseStatusCodeKeyword$_verifyResponseStatusCode_closure1.doCall(VerifyResponseStatusCodeKeyword.groovy:42)&#xD;
	at com.kms.katalon.core.webservice.keyword.builtin.VerifyResponseStatusCodeKeyword$_verifyResponseStatusCode_closure1.call(VerifyResponseStatusCodeKeyword.groovy)&#xD;
	at com.kms.katalon.core.keyword.internal.KeywordMain.runKeyword(KeywordMain.groovy:68)&#xD;
	at com.kms.katalon.core.webservice.keyword.builtin.VerifyResponseStatusCodeKeyword.verifyResponseStatusCode(VerifyResponseStatusCodeKeyword.groovy:37)&#xD;
	at com.kms.katalon.core.webservice.keyword.builtin.VerifyResponseStatusCodeKeyword.execute(VerifyResponseStatusCodeKeyword.groovy:32)&#xD;
	at com.kms.katalon.core.keyword.internal.KeywordExecutor.executeKeywordForPlatform(KeywordExecutor.groovy:56)&#xD;
	at com.kms.katalon.core.webservice.keyword.WSBuiltInKeywords.verifyResponseStatusCode(WSBuiltInKeywords.groovy:212)&#xD;
	at com.kms.katalon.core.webservice.keyword.WSBuiltInKeywords$verifyResponseStatusCode$1.call(Unknown Source)&#xD;
	at WSVerification1568908312367.run(WSVerification1568908312367:15)&#xD;
	at com.kms.katalon.core.main.ScriptEngine.run(ScriptEngine.java:194)&#xD;
	at com.kms.katalon.core.main.ScriptEngine.runScriptAsRawText(ScriptEngine.java:119)&#xD;
	at com.kms.katalon.core.main.WSVerificationExecutor.runScript(WSVerificationExecutor.java:146)&#xD;
	at com.kms.katalon.core.main.WSVerificationExecutor.doExecute(WSVerificationExecutor.java:140)&#xD;
	at com.kms.katalon.core.main.WSVerificationExecutor.processExecutionPhase(WSVerificationExecutor.java:123)&#xD;
	at com.kms.katalon.core.main.WSVerificationExecutor.accessMainPhase(WSVerificationExecutor.java:115)&#xD;
	at com.kms.katalon.core.main.WSVerificationExecutor.execute(WSVerificationExecutor.java:103)&#xD;
	at com.kms.katalon.core.main.TestCaseMain.runWSVerificationScript(TestCaseMain.java:127)&#xD;
	at com.kms.katalon.core.webservice.keyword.builtin.SendRequestAndVerifyKeyword$_sendRequestAndVerify_closure1.doCall(SendRequestAndVerifyKeyword.groovy:55)&#xD;
	at com.kms.katalon.core.webservice.keyword.builtin.SendRequestAndVerifyKeyword$_sendRequestAndVerify_closure1.call(SendRequestAndVerifyKeyword.groovy)&#xD;
	at com.kms.katalon.core.keyword.internal.KeywordMain.runKeyword(KeywordMain.groovy:68)&#xD;
	at com.kms.katalon.core.webservice.keyword.builtin.SendRequestAndVerifyKeyword.sendRequestAndVerify(SendRequestAndVerifyKeyword.groovy:43)&#xD;
	at com.kms.katalon.core.webservice.keyword.builtin.SendRequestAndVerifyKeyword.execute(SendRequestAndVerifyKeyword.groovy:38)&#xD;
	at com.kms.katalon.core.keyword.internal.KeywordExecutor.executeKeywordForPlatform(KeywordExecutor.groovy:56)&#xD;
	at com.kms.katalon.core.webservice.keyword.WSBuiltInKeywords.sendRequestAndVerify(WSBuiltInKeywords.groovy:65)&#xD;
	at com.kms.katalon.core.webservice.keyword.WSBuiltInKeywords$sendRequestAndVerify$0.call(Unknown Source)&#xD;
	at pLobByUser_Test.run(pLobByUser_Test:16)&#xD;
	at com.kms.katalon.core.main.ScriptEngine.run(ScriptEngine.java:194)&#xD;
	at com.kms.katalon.core.main.ScriptEngine.runScriptAsRawText(ScriptEngine.java:119)&#xD;
	at com.kms.katalon.core.main.TestCaseExecutor.runScript(TestCaseExecutor.java:337)&#xD;
	at com.kms.katalon.core.main.TestCaseExecutor.doExecute(TestCaseExecutor.java:328)&#xD;
	at com.kms.katalon.core.main.TestCaseExecutor.processExecutionPhase(TestCaseExecutor.java:307)&#xD;
	at com.kms.katalon.core.main.TestCaseExecutor.accessMainPhase(TestCaseExecutor.java:299)&#xD;
	at com.kms.katalon.core.main.TestCaseExecutor.execute(TestCaseExecutor.java:233)&#xD;
	at com.kms.katalon.core.main.TestSuiteExecutor.accessTestCaseMainPhase(TestSuiteExecutor.java:169)&#xD;
	at com.kms.katalon.core.main.TestSuiteExecutor.accessTestSuiteMainPhase(TestSuiteExecutor.java:142)&#xD;
	at com.kms.katalon.core.main.TestSuiteExecutor.execute(TestSuiteExecutor.java:91)&#xD;
	at com.kms.katalon.core.main.TestCaseMain.startTestSuite(TestCaseMain.java:157)&#xD;
	at com.kms.katalon.core.main.TestCaseMain$startTestSuite$0.call(Unknown Source)&#xD;
	at TempTestSuite1568908277252.run(TempTestSuite1568908277252.groovy:35)&#xD;
&#xD;
&#xD;
2019-09-19 21:21:52 - [TEST_STEP][FAILED] - sendRequestAndVerify(findTestObject("pLob By User", ["uniqueToken":uniquetoken, "userId":userid])): Unable to send request and verify the response (Root cause: com.kms.katalon.core.exception.StepFailedException: Verification failed&#xD;
	at com.kms.katalon.core.webservice.keyword.builtin.SendRequestAndVerifyKeyword$_sendRequestAndVerify_closure1.doCall(SendRequestAndVerifyKeyword.groovy:59)&#xD;
	at com.kms.katalon.core.webservice.keyword.builtin.SendRequestAndVerifyKeyword$_sendRequestAndVerify_closure1.call(SendRequestAndVerifyKeyword.groovy)&#xD;
	at com.kms.katalon.core.keyword.internal.KeywordMain.runKeyword(KeywordMain.groovy:68)&#xD;
	at com.kms.katalon.core.webservice.keyword.builtin.SendRequestAndVerifyKeyword.sendRequestAndVerify(SendRequestAndVerifyKeyword.groovy:43)&#xD;
	at com.kms.katalon.core.webservice.keyword.builtin.SendRequestAndVerifyKeyword.execute(SendRequestAndVerifyKeyword.groovy:38)&#xD;
	at com.kms.katalon.core.keyword.internal.KeywordExecutor.executeKeywordForPlatform(KeywordExecutor.groovy:56)&#xD;
	at com.kms.katalon.core.webservice.keyword.WSBuiltInKeywords.sendRequestAndVerify(WSBuiltInKeywords.groovy:65)&#xD;
	at com.kms.katalon.core.webservice.keyword.WSBuiltInKeywords$sendRequestAndVerify$0.call(Unknown Source)&#xD;
	at pLobByUser_Test.run(pLobByUser_Test:16)&#xD;
	at com.kms.katalon.core.main.ScriptEngine.run(ScriptEngine.java:194)&#xD;
	at com.kms.katalon.core.main.ScriptEngine.runScriptAsRawText(ScriptEngine.java:119)&#xD;
	at com.kms.katalon.core.main.TestCaseExecutor.runScript(TestCaseExecutor.java:337)&#xD;
	at com.kms.katalon.core.main.TestCaseExecutor.doExecute(TestCaseExecutor.java:328)&#xD;
	at com.kms.katalon.core.main.TestCaseExecutor.processExecutionPhase(TestCaseExecutor.java:307)&#xD;
	at com.kms.katalon.core.main.TestCaseExecutor.accessMainPhase(TestCaseExecutor.java:299)&#xD;
	at com.kms.katalon.core.main.TestCaseExecutor.execute(TestCaseExecutor.java:233)&#xD;
	at com.kms.katalon.core.main.TestSuiteExecutor.accessTestCaseMainPhase(TestSuiteExecutor.java:169)&#xD;
	at com.kms.katalon.core.main.TestSuiteExecutor.accessTestSuiteMainPhase(TestSuiteExecutor.java:142)&#xD;
	at com.kms.katalon.core.main.TestSuiteExecutor.execute(TestSuiteExecutor.java:91)&#xD;
	at com.kms.katalon.core.main.TestCaseMain.startTestSuite(TestCaseMain.java:157)&#xD;
	at com.kms.katalon.core.main.TestCaseMain$startTestSuite$0.call(Unknown Source)&#xD;
	at TempTestSuite1568908277252.run(TempTestSuite1568908277252.groovy:35)&#xD;
)&#xD;
&#xD;
2019-09-19 21:21:52 - [MESSAGE][INFO] - HAR: C:\Users\rajesh.veeranna\Katalon Studio\SmartIndonasia\Reports\20190919_212117\SMARTINDONASIA_API_SmokeTest\20190919_212117\requests\main\23.har&#xD;
&#xD;
2019-09-19 21:21:52 - [TEST_CASE][FAILED] - Start Test Case : Verification: Verification FAILED.
Reason:
com.kms.katalon.core.exception.StepFailedException: Expected status code is '200' but actual status code is '404'&#xD;
	at com.kms.katalon.core.keyword.internal.KeywordMain.stepFailed(KeywordMain.groovy:50)&#xD;
	at com.kms.katalon.core.webservice.keyword.builtin.VerifyResponseStatusCodeKeyword.verifyStatusCode(VerifyResponseStatusCodeKeyword.groovy:52)&#xD;
	at com.kms.katalon.core.webservice.keyword.builtin.VerifyResponseStatusCodeKeyword$_verifyResponseStatusCode_closure1.doCall(VerifyResponseStatusCodeKeyword.groovy:42)&#xD;
	at com.kms.katalon.core.webservice.keyword.builtin.VerifyResponseStatusCodeKeyword$_verifyResponseStatusCode_closure1.call(VerifyResponseStatusCodeKeyword.groovy)&#xD;
	at com.kms.katalon.core.keyword.internal.KeywordMain.runKeyword(KeywordMain.groovy:68)&#xD;
	at com.kms.katalon.core.webservice.keyword.builtin.VerifyResponseStatusCodeKeyword.verifyResponseStatusCode(VerifyResponseStatusCodeKeyword.groovy:37)&#xD;
	at com.kms.katalon.core.webservice.keyword.builtin.VerifyResponseStatusCodeKeyword.execute(VerifyResponseStatusCodeKeyword.groovy:32)&#xD;
	at com.kms.katalon.core.keyword.internal.KeywordExecutor.executeKeywordForPlatform(KeywordExecutor.groovy:56)&#xD;
	at com.kms.katalon.core.webservice.keyword.WSBuiltInKeywords.verifyResponseStatusCode(WSBuiltInKeywords.groovy:212)&#xD;
	at com.kms.katalon.core.webservice.keyword.WSBuiltInKeywords$verifyResponseStatusCode$1.call(Unknown Source)&#xD;
	at WSVerification1568908312367.run(WSVerification1568908312367:15)&#xD;
	at com.kms.katalon.core.main.ScriptEngine.run(ScriptEngine.java:194)&#xD;
	at com.kms.katalon.core.main.ScriptEngine.runScriptAsRawText(ScriptEngine.java:119)&#xD;
	at com.kms.katalon.core.main.WSVerificationExecutor.runScript(WSVerificationExecutor.java:146)&#xD;
	at com.kms.katalon.core.main.WSVerificationExecutor.doExecute(WSVerificationExecutor.java:140)&#xD;
	at com.kms.katalon.core.main.WSVerificationExecutor.processExecutionPhase(WSVerificationExecutor.java:123)&#xD;
	at com.kms.katalon.core.main.WSVerificationExecutor.accessMainPhase(WSVerificationExecutor.java:115)&#xD;
	at com.kms.katalon.core.main.WSVerificationExecutor.execute(WSVerificationExecutor.java:103)&#xD;
	at com.kms.katalon.core.main.TestCaseMain.runWSVerificationScript(TestCaseMain.java:127)&#xD;
	at com.kms.katalon.core.webservice.keyword.builtin.SendRequestAndVerifyKeyword$_sendRequestAndVerify_closure1.doCall(SendRequestAndVerifyKeyword.groovy:55)&#xD;
	at com.kms.katalon.core.webservice.keyword.builtin.SendRequestAndVerifyKeyword$_sendRequestAndVerify_closure1.call(SendRequestAndVerifyKeyword.groovy)&#xD;
	at com.kms.katalon.core.keyword.internal.KeywordMain.runKeyword(KeywordMain.groovy:68)&#xD;
	at com.kms.katalon.core.webservice.keyword.builtin.SendRequestAndVerifyKeyword.sendRequestAndVerify(SendRequestAndVerifyKeyword.groovy:43)&#xD;
	at com.kms.katalon.core.webservice.keyword.builtin.SendRequestAndVerifyKeyword.execute(SendRequestAndVerifyKeyword.groovy:38)&#xD;
	at com.kms.katalon.core.keyword.internal.KeywordExecutor.executeKeywordForPlatform(KeywordExecutor.groovy:56)&#xD;
	at com.kms.katalon.core.webservice.keyword.WSBuiltInKeywords.sendRequestAndVerify(WSBuiltInKeywords.groovy:65)&#xD;
	at com.kms.katalon.core.webservice.keyword.WSBuiltInKeywords$sendRequestAndVerify$0.call(Unknown Source)&#xD;
	at pLobByUser_Test.run(pLobByUser_Test:16)&#xD;
	at com.kms.katalon.core.main.ScriptEngine.run(ScriptEngine.java:194)&#xD;
	at com.kms.katalon.core.main.ScriptEngine.runScriptAsRawText(ScriptEngine.java:119)&#xD;
	at com.kms.katalon.core.main.TestCaseExecutor.runScript(TestCaseExecutor.java:337)&#xD;
	at com.kms.katalon.core.main.TestCaseExecutor.doExecute(TestCaseExecutor.java:328)&#xD;
	at com.kms.katalon.core.main.TestCaseExecutor.processExecutionPhase(TestCaseExecutor.java:307)&#xD;
	at com.kms.katalon.core.main.TestCaseExecutor.accessMainPhase(TestCaseExecutor.java:299)&#xD;
	at com.kms.katalon.core.main.TestCaseExecutor.execute(TestCaseExecutor.java:233)&#xD;
	at com.kms.katalon.core.main.TestSuiteExecutor.accessTestCaseMainPhase(TestSuiteExecutor.java:169)&#xD;
	at com.kms.katalon.core.main.TestSuiteExecutor.accessTestSuiteMainPhase(TestSuiteExecutor.java:142)&#xD;
	at com.kms.katalon.core.main.TestSuiteExecutor.execute(TestSuiteExecutor.java:91)&#xD;
	at com.kms.katalon.core.main.TestCaseMain.startTestSuite(TestCaseMain.java:157)&#xD;
	at com.kms.katalon.core.main.TestCaseMain$startTestSuite$0.call(Unknown Source)&#xD;
	at TempTestSuite1568908277252.run(TempTestSuite1568908277252.groovy:35)&#xD;
&#xD;
&#xD;
2019-09-19 21:21:52 - [TEST_STEP][PASSED] - request = getInstance().getCurrentRequest(): null&#xD;
&#xD;
2019-09-19 21:21:52 - [TEST_STEP][PASSED] - response = getInstance().getCurrentResponse(): null&#xD;
&#xD;
2019-09-19 21:21:52 - [TEST_STEP][FAILED] - verifyResponseStatusCode(response, 200): Unable to verify response status code (Root cause: com.kms.katalon.core.exception.StepFailedException: Expected status code is '200' but actual status code is '404'&#xD;
	at com.kms.katalon.core.keyword.internal.KeywordMain.stepFailed(KeywordMain.groovy:50)&#xD;
	at com.kms.katalon.core.webservice.keyword.builtin.VerifyResponseStatusCodeKeyword.verifyStatusCode(VerifyResponseStatusCodeKeyword.groovy:52)&#xD;
	at com.kms.katalon.core.webservice.keyword.builtin.VerifyResponseStatusCodeKeyword$_verifyResponseStatusCode_closure1.doCall(VerifyResponseStatusCodeKeyword.groovy:42)&#xD;
	at com.kms.katalon.core.webservice.keyword.builtin.VerifyResponseStatusCodeKeyword$_verifyResponseStatusCode_closure1.call(VerifyResponseStatusCodeKeyword.groovy)&#xD;
	at com.kms.katalon.core.keyword.internal.KeywordMain.runKeyword(KeywordMain.groovy:68)&#xD;
	at com.kms.katalon.core.webservice.keyword.builtin.VerifyResponseStatusCodeKeyword.verifyResponseStatusCode(VerifyResponseStatusCodeKeyword.groovy:37)&#xD;
	at com.kms.katalon.core.webservice.keyword.builtin.VerifyResponseStatusCodeKeyword.execute(VerifyResponseStatusCodeKeyword.groovy:32)&#xD;
	at com.kms.katalon.core.keyword.internal.KeywordExecutor.executeKeywordForPlatform(KeywordExecutor.groovy:56)&#xD;
	at com.kms.katalon.core.webservice.keyword.WSBuiltInKeywords.verifyResponseStatusCode(WSBuiltInKeywords.groovy:212)&#xD;
	at com.kms.katalon.core.webservice.keyword.WSBuiltInKeywords$verifyResponseStatusCode$1.call(Unknown Source)&#xD;
	at WSVerification1568908312367.run(WSVerification1568908312367:15)&#xD;
	at com.kms.katalon.core.main.ScriptEngine.run(ScriptEngine.java:194)&#xD;
	at com.kms.katalon.core.main.ScriptEngine.runScriptAsRawText(ScriptEngine.java:119)&#xD;
	at com.kms.katalon.core.main.WSVerificationExecutor.runScript(WSVerificationExecutor.java:146)&#xD;
	at com.kms.katalon.core.main.WSVerificationExecutor.doExecute(WSVerificationExecutor.java:140)&#xD;
	at com.kms.katalon.core.main.WSVerificationExecutor.processExecutionPhase(WSVerificationExecutor.java:123)&#xD;
	at com.kms.katalon.core.main.WSVerificationExecutor.accessMainPhase(WSVerificationExecutor.java:115)&#xD;
	at com.kms.katalon.core.main.WSVerificationExecutor.execute(WSVerificationExecutor.java:103)&#xD;
	at com.kms.katalon.core.main.TestCaseMain.runWSVerificationScript(TestCaseMain.java:127)&#xD;
	at com.kms.katalon.core.webservice.keyword.builtin.SendRequestAndVerifyKeyword$_sendRequestAndVerify_closure1.doCall(SendRequestAndVerifyKeyword.groovy:55)&#xD;
	at com.kms.katalon.core.webservice.keyword.builtin.SendRequestAndVerifyKeyword$_sendRequestAndVerify_closure1.call(SendRequestAndVerifyKeyword.groovy)&#xD;
	at com.kms.katalon.core.keyword.internal.KeywordMain.runKeyword(KeywordMain.groovy:68)&#xD;
	at com.kms.katalon.core.webservice.keyword.builtin.SendRequestAndVerifyKeyword.sendRequestAndVerify(SendRequestAndVerifyKeyword.groovy:43)&#xD;
	at com.kms.katalon.core.webservice.keyword.builtin.SendRequestAndVerifyKeyword.execute(SendRequestAndVerifyKeyword.groovy:38)&#xD;
	at com.kms.katalon.core.keyword.internal.KeywordExecutor.executeKeywordForPlatform(KeywordExecutor.groovy:56)&#xD;
	at com.kms.katalon.core.webservice.keyword.WSBuiltInKeywords.sendRequestAndVerify(WSBuiltInKeywords.groovy:65)&#xD;
	at com.kms.katalon.core.webservice.keyword.WSBuiltInKeywords$sendRequestAndVerify$0.call(Unknown Source)&#xD;
	at pLobByUser_Test.run(pLobByUser_Test:16)&#xD;
	at com.kms.katalon.core.main.ScriptEngine.run(ScriptEngine.java:194)&#xD;
	at com.kms.katalon.core.main.ScriptEngine.runScriptAsRawText(ScriptEngine.java:119)&#xD;
	at com.kms.katalon.core.main.TestCaseExecutor.runScript(TestCaseExecutor.java:337)&#xD;
	at com.kms.katalon.core.main.TestCaseExecutor.doExecute(TestCaseExecutor.java:328)&#xD;
	at com.kms.katalon.core.main.TestCaseExecutor.processExecutionPhase(TestCaseExecutor.java:307)&#xD;
	at com.kms.katalon.core.main.TestCaseExecutor.accessMainPhase(TestCaseExecutor.java:299)&#xD;
	at com.kms.katalon.core.main.TestCaseExecutor.execute(TestCaseExecutor.java:233)&#xD;
	at com.kms.katalon.core.main.TestSuiteExecutor.accessTestCaseMainPhase(TestSuiteExecutor.java:169)&#xD;
	at com.kms.katalon.core.main.TestSuiteExecutor.accessTestSuiteMainPhase(TestSuiteExecutor.java:142)&#xD;
	at com.kms.katalon.core.main.TestSuiteExecutor.execute(TestSuiteExecutor.java:91)&#xD;
	at com.kms.katalon.core.main.TestCaseMain.startTestSuite(TestCaseMain.java:157)&#xD;
	at com.kms.katalon.core.main.TestCaseMain$startTestSuite$0.call(Unknown Source)&#xD;
	at TempTestSuite1568908277252.run(TempTestSuite1568908277252.groovy:35)&#xD;
)&#xD;
&#xD;
2019-09-19 21:21:52 - [MESSAGE][FAILED] - Expected status code is '200' but actual status code is '404'&#xD;
&#xD;
2019-09-19 21:21:52 - [MESSAGE][FAILED] - Unable to verify response status code (Root cause: com.kms.katalon.core.exception.StepFailedException: Expected status code is '200' but actual status code is '404'&#xD;
	at com.kms.katalon.core.keyword.internal.KeywordMain.stepFailed(KeywordMain.groovy:50)&#xD;
	at com.kms.katalon.core.webservice.keyword.builtin.VerifyResponseStatusCodeKeyword.verifyStatusCode(VerifyResponseStatusCodeKeyword.groovy:52)&#xD;
	at com.kms.katalon.core.webservice.keyword.builtin.VerifyResponseStatusCodeKeyword$_verifyResponseStatusCode_closure1.doCall(VerifyResponseStatusCodeKeyword.groovy:42)&#xD;
	at com.kms.katalon.core.webservice.keyword.builtin.VerifyResponseStatusCodeKeyword$_verifyResponseStatusCode_closure1.call(VerifyResponseStatusCodeKeyword.groovy)&#xD;
	at com.kms.katalon.core.keyword.internal.KeywordMain.runKeyword(KeywordMain.groovy:68)&#xD;
	at com.kms.katalon.core.webservice.keyword.builtin.VerifyResponseStatusCodeKeyword.verifyResponseStatusCode(VerifyResponseStatusCodeKeyword.groovy:37)&#xD;
	at com.kms.katalon.core.webservice.keyword.builtin.VerifyResponseStatusCodeKeyword.execute(VerifyResponseStatusCodeKeyword.groovy:32)&#xD;
	at com.kms.katalon.core.keyword.internal.KeywordExecutor.executeKeywordForPlatform(KeywordExecutor.groovy:56)&#xD;
	at com.kms.katalon.core.webservice.keyword.WSBuiltInKeywords.verifyResponseStatusCode(WSBuiltInKeywords.groovy:212)&#xD;
	at com.kms.katalon.core.webservice.keyword.WSBuiltInKeywords$verifyResponseStatusCode$1.call(Unknown Source)&#xD;
	at WSVerification1568908312367.run(WSVerification1568908312367:15)&#xD;
	at com.kms.katalon.core.main.ScriptEngine.run(ScriptEngine.java:194)&#xD;
	at com.kms.katalon.core.main.ScriptEngine.runScriptAsRawText(ScriptEngine.java:119)&#xD;
	at com.kms.katalon.core.main.WSVerificationExecutor.runScript(WSVerificationExecutor.java:146)&#xD;
	at com.kms.katalon.core.main.WSVerificationExecutor.doExecute(WSVerificationExecutor.java:140)&#xD;
	at com.kms.katalon.core.main.WSVerificationExecutor.processExecutionPhase(WSVerificationExecutor.java:123)&#xD;
	at com.kms.katalon.core.main.WSVerificationExecutor.accessMainPhase(WSVerificationExecutor.java:115)&#xD;
	at com.kms.katalon.core.main.WSVerificationExecutor.execute(WSVerificationExecutor.java:103)&#xD;
	at com.kms.katalon.core.main.TestCaseMain.runWSVerificationScript(TestCaseMain.java:127)&#xD;
	at com.kms.katalon.core.webservice.keyword.builtin.SendRequestAndVerifyKeyword$_sendRequestAndVerify_closure1.doCall(SendRequestAndVerifyKeyword.groovy:55)&#xD;
	at com.kms.katalon.core.webservice.keyword.builtin.SendRequestAndVerifyKeyword$_sendRequestAndVerify_closure1.call(SendRequestAndVerifyKeyword.groovy)&#xD;
	at com.kms.katalon.core.keyword.internal.KeywordMain.runKeyword(KeywordMain.groovy:68)&#xD;
	at com.kms.katalon.core.webservice.keyword.builtin.SendRequestAndVerifyKeyword.sendRequestAndVerify(SendRequestAndVerifyKeyword.groovy:43)&#xD;
	at com.kms.katalon.core.webservice.keyword.builtin.SendRequestAndVerifyKeyword.execute(SendRequestAndVerifyKeyword.groovy:38)&#xD;
	at com.kms.katalon.core.keyword.internal.KeywordExecutor.executeKeywordForPlatform(KeywordExecutor.groovy:56)&#xD;
	at com.kms.katalon.core.webservice.keyword.WSBuiltInKeywords.sendRequestAndVerify(WSBuiltInKeywords.groovy:65)&#xD;
	at com.kms.katalon.core.webservice.keyword.WSBuiltInKeywords$sendRequestAndVerify$0.call(Unknown Source)&#xD;
	at pLobByUser_Test.run(pLobByUser_Test:16)&#xD;
	at com.kms.katalon.core.main.ScriptEngine.run(ScriptEngine.java:194)&#xD;
	at com.kms.katalon.core.main.ScriptEngine.runScriptAsRawText(ScriptEngine.java:119)&#xD;
	at com.kms.katalon.core.main.TestCaseExecutor.runScript(TestCaseExecutor.java:337)&#xD;
	at com.kms.katalon.core.main.TestCaseExecutor.doExecute(TestCaseExecutor.java:328)&#xD;
	at com.kms.katalon.core.main.TestCaseExecutor.processExecutionPhase(TestCaseExecutor.java:307)&#xD;
	at com.kms.katalon.core.main.TestCaseExecutor.accessMainPhase(TestCaseExecutor.java:299)&#xD;
	at com.kms.katalon.core.main.TestCaseExecutor.execute(TestCaseExecutor.java:233)&#xD;
	at com.kms.katalon.core.main.TestSuiteExecutor.accessTestCaseMainPhase(TestSuiteExecutor.java:169)&#xD;
	at com.kms.katalon.core.main.TestSuiteExecutor.accessTestSuiteMainPhase(TestSuiteExecutor.java:142)&#xD;
	at com.kms.katalon.core.main.TestSuiteExecutor.execute(TestSuiteExecutor.java:91)&#xD;
	at com.kms.katalon.core.main.TestCaseMain.startTestSuite(TestCaseMain.java:157)&#xD;
	at com.kms.katalon.core.main.TestCaseMain$startTestSuite$0.call(Unknown Source)&#xD;
	at TempTestSuite1568908277252.run(TempTestSuite1568908277252.groovy:35)&#xD;
)&#xD;
&#xD;
2019-09-19 21:21:53 - [MESSAGE][FAILED] - Unable to send request and verify the response (Root cause: com.kms.katalon.core.exception.StepFailedException: Verification failed&#xD;
	at com.kms.katalon.core.webservice.keyword.builtin.SendRequestAndVerifyKeyword$_sendRequestAndVerify_closure1.doCall(SendRequestAndVerifyKeyword.groovy:59)&#xD;
	at com.kms.katalon.core.webservice.keyword.builtin.SendRequestAndVerifyKeyword$_sendRequestAndVerify_closure1.call(SendRequestAndVerifyKeyword.groovy)&#xD;
	at com.kms.katalon.core.keyword.internal.KeywordMain.runKeyword(KeywordMain.groovy:68)&#xD;
	at com.kms.katalon.core.webservice.keyword.builtin.SendRequestAndVerifyKeyword.sendRequestAndVerify(SendRequestAndVerifyKeyword.groovy:43)&#xD;
	at com.kms.katalon.core.webservice.keyword.builtin.SendRequestAndVerifyKeyword.execute(SendRequestAndVerifyKeyword.groovy:38)&#xD;
	at com.kms.katalon.core.keyword.internal.KeywordExecutor.executeKeywordForPlatform(KeywordExecutor.groovy:56)&#xD;
	at com.kms.katalon.core.webservice.keyword.WSBuiltInKeywords.sendRequestAndVerify(WSBuiltInKeywords.groovy:65)&#xD;
	at com.kms.katalon.core.webservice.keyword.WSBuiltInKeywords$sendRequestAndVerify$0.call(Unknown Source)&#xD;
	at pLobByUser_Test.run(pLobByUser_Test:16)&#xD;
	at com.kms.katalon.core.main.ScriptEngine.run(ScriptEngine.java:194)&#xD;
	at com.kms.katalon.core.main.ScriptEngine.runScriptAsRawText(ScriptEngine.java:119)&#xD;
	at com.kms.katalon.core.main.TestCaseExecutor.runScript(TestCaseExecutor.java:337)&#xD;
	at com.kms.katalon.core.main.TestCaseExecutor.doExecute(TestCaseExecutor.java:328)&#xD;
	at com.kms.katalon.core.main.TestCaseExecutor.processExecutionPhase(TestCaseExecutor.java:307)&#xD;
	at com.kms.katalon.core.main.TestCaseExecutor.accessMainPhase(TestCaseExecutor.java:299)&#xD;
	at com.kms.katalon.core.main.TestCaseExecutor.execute(TestCaseExecutor.java:233)&#xD;
	at com.kms.katalon.core.main.TestSuiteExecutor.accessTestCaseMainPhase(TestSuiteExecutor.java:169)&#xD;
	at com.kms.katalon.core.main.TestSuiteExecutor.accessTestSuiteMainPhase(TestSuiteExecutor.java:142)&#xD;
	at com.kms.katalon.core.main.TestSuiteExecutor.execute(TestSuiteExecutor.java:91)&#xD;
	at com.kms.katalon.core.main.TestCaseMain.startTestSuite(TestCaseMain.java:157)&#xD;
	at com.kms.katalon.core.main.TestCaseMain$startTestSuite$0.call(Unknown Source)&#xD;
	at TempTestSuite1568908277252.run(TempTestSuite1568908277252.groovy:35)&#xD;
)</system-out>
            <system-err>2019-09-19 21:21:51 - [TEST_CASE][FAILED] - Test Cases/pLobByUser_Test: Test Cases/pLobByUser_Test FAILED.
Reason:
com.kms.katalon.core.exception.StepFailedException: Expected status code is '200' but actual status code is '404'&#xD;
	at com.kms.katalon.core.keyword.internal.KeywordMain.stepFailed(KeywordMain.groovy:50)&#xD;
	at com.kms.katalon.core.webservice.keyword.builtin.VerifyResponseStatusCodeKeyword.verifyStatusCode(VerifyResponseStatusCodeKeyword.groovy:52)&#xD;
	at com.kms.katalon.core.webservice.keyword.builtin.VerifyResponseStatusCodeKeyword$_verifyResponseStatusCode_closure1.doCall(VerifyResponseStatusCodeKeyword.groovy:42)&#xD;
	at com.kms.katalon.core.webservice.keyword.builtin.VerifyResponseStatusCodeKeyword$_verifyResponseStatusCode_closure1.call(VerifyResponseStatusCodeKeyword.groovy)&#xD;
	at com.kms.katalon.core.keyword.internal.KeywordMain.runKeyword(KeywordMain.groovy:68)&#xD;
	at com.kms.katalon.core.webservice.keyword.builtin.VerifyResponseStatusCodeKeyword.verifyResponseStatusCode(VerifyResponseStatusCodeKeyword.groovy:37)&#xD;
	at com.kms.katalon.core.webservice.keyword.builtin.VerifyResponseStatusCodeKeyword.execute(VerifyResponseStatusCodeKeyword.groovy:32)&#xD;
	at com.kms.katalon.core.keyword.internal.KeywordExecutor.executeKeywordForPlatform(KeywordExecutor.groovy:56)&#xD;
	at com.kms.katalon.core.webservice.keyword.WSBuiltInKeywords.verifyResponseStatusCode(WSBuiltInKeywords.groovy:212)&#xD;
	at com.kms.katalon.core.webservice.keyword.WSBuiltInKeywords$verifyResponseStatusCode$1.call(Unknown Source)&#xD;
	at WSVerification1568908312367.run(WSVerification1568908312367:15)&#xD;
	at com.kms.katalon.core.main.ScriptEngine.run(ScriptEngine.java:194)&#xD;
	at com.kms.katalon.core.main.ScriptEngine.runScriptAsRawText(ScriptEngine.java:119)&#xD;
	at com.kms.katalon.core.main.WSVerificationExecutor.runScript(WSVerificationExecutor.java:146)&#xD;
	at com.kms.katalon.core.main.WSVerificationExecutor.doExecute(WSVerificationExecutor.java:140)&#xD;
	at com.kms.katalon.core.main.WSVerificationExecutor.processExecutionPhase(WSVerificationExecutor.java:123)&#xD;
	at com.kms.katalon.core.main.WSVerificationExecutor.accessMainPhase(WSVerificationExecutor.java:115)&#xD;
	at com.kms.katalon.core.main.WSVerificationExecutor.execute(WSVerificationExecutor.java:103)&#xD;
	at com.kms.katalon.core.main.TestCaseMain.runWSVerificationScript(TestCaseMain.java:127)&#xD;
	at com.kms.katalon.core.webservice.keyword.builtin.SendRequestAndVerifyKeyword$_sendRequestAndVerify_closure1.doCall(SendRequestAndVerifyKeyword.groovy:55)&#xD;
	at com.kms.katalon.core.webservice.keyword.builtin.SendRequestAndVerifyKeyword$_sendRequestAndVerify_closure1.call(SendRequestAndVerifyKeyword.groovy)&#xD;
	at com.kms.katalon.core.keyword.internal.KeywordMain.runKeyword(KeywordMain.groovy:68)&#xD;
	at com.kms.katalon.core.webservice.keyword.builtin.SendRequestAndVerifyKeyword.sendRequestAndVerify(SendRequestAndVerifyKeyword.groovy:43)&#xD;
	at com.kms.katalon.core.webservice.keyword.builtin.SendRequestAndVerifyKeyword.execute(SendRequestAndVerifyKeyword.groovy:38)&#xD;
	at com.kms.katalon.core.keyword.internal.KeywordExecutor.executeKeywordForPlatform(KeywordExecutor.groovy:56)&#xD;
	at com.kms.katalon.core.webservice.keyword.WSBuiltInKeywords.sendRequestAndVerify(WSBuiltInKeywords.groovy:65)&#xD;
	at com.kms.katalon.core.webservice.keyword.WSBuiltInKeywords$sendRequestAndVerify$0.call(Unknown Source)&#xD;
	at pLobByUser_Test.run(pLobByUser_Test:16)&#xD;
	at com.kms.katalon.core.main.ScriptEngine.run(ScriptEngine.java:194)&#xD;
	at com.kms.katalon.core.main.ScriptEngine.runScriptAsRawText(ScriptEngine.java:119)&#xD;
	at com.kms.katalon.core.main.TestCaseExecutor.runScript(TestCaseExecutor.java:337)&#xD;
	at com.kms.katalon.core.main.TestCaseExecutor.doExecute(TestCaseExecutor.java:328)&#xD;
	at com.kms.katalon.core.main.TestCaseExecutor.processExecutionPhase(TestCaseExecutor.java:307)&#xD;
	at com.kms.katalon.core.main.TestCaseExecutor.accessMainPhase(TestCaseExecutor.java:299)&#xD;
	at com.kms.katalon.core.main.TestCaseExecutor.execute(TestCaseExecutor.java:233)&#xD;
	at com.kms.katalon.core.main.TestSuiteExecutor.accessTestCaseMainPhase(TestSuiteExecutor.java:169)&#xD;
	at com.kms.katalon.core.main.TestSuiteExecutor.accessTestSuiteMainPhase(TestSuiteExecutor.java:142)&#xD;
	at com.kms.katalon.core.main.TestSuiteExecutor.execute(TestSuiteExecutor.java:91)&#xD;
	at com.kms.katalon.core.main.TestCaseMain.startTestSuite(TestCaseMain.java:157)&#xD;
	at com.kms.katalon.core.main.TestCaseMain$startTestSuite$0.call(Unknown Source)&#xD;
	at TempTestSuite1568908277252.run(TempTestSuite1568908277252.groovy:35)</system-err>
        </testcase>
        <testcase name="Test Cases/qActivityHistory_Test" classname="Test Cases/qActivityHistory_Test" status="FAILED">
            <failure type="FAILED" message="Test Cases/qActivityHistory_Test FAILED.&#xA;Reason:&#xA;com.kms.katalon.core.exception.StepFailedException: Expected status code is '200' but actual status code is '404'&#xD;&#xA;&#x9;at com.kms.katalon.core.keyword.internal.KeywordMain.stepFailed(KeywordMain.groovy:50)&#xD;&#xA;&#x9;at com.kms.katalon.core.webservice.keyword.builtin.VerifyResponseStatusCodeKeyword.verifyStatusCode(VerifyResponseStatusCodeKeyword.groovy:52)&#xD;&#xA;&#x9;at com.kms.katalon.core.webservice.keyword.builtin.VerifyResponseStatusCodeKeyword$_verifyResponseStatusCode_closure1.doCall(VerifyResponseStatusCodeKeyword.groovy:42)&#xD;&#xA;&#x9;at com.kms.katalon.core.webservice.keyword.builtin.VerifyResponseStatusCodeKeyword$_verifyResponseStatusCode_closure1.call(VerifyResponseStatusCodeKeyword.groovy)&#xD;&#xA;&#x9;at com.kms.katalon.core.keyword.internal.KeywordMain.runKeyword(KeywordMain.groovy:68)&#xD;&#xA;&#x9;at com.kms.katalon.core.webservice.keyword.builtin.VerifyResponseStatusCodeKeyword.verifyResponseStatusCode(VerifyResponseStatusCodeKeyword.groovy:37)&#xD;&#xA;&#x9;at com.kms.katalon.core.webservice.keyword.builtin.VerifyResponseStatusCodeKeyword.execute(VerifyResponseStatusCodeKeyword.groovy:32)&#xD;&#xA;&#x9;at com.kms.katalon.core.keyword.internal.KeywordExecutor.executeKeywordForPlatform(KeywordExecutor.groovy:56)&#xD;&#xA;&#x9;at com.kms.katalon.core.webservice.keyword.WSBuiltInKeywords.verifyResponseStatusCode(WSBuiltInKeywords.groovy:212)&#xD;&#xA;&#x9;at com.kms.katalon.core.webservice.keyword.WSBuiltInKeywords$verifyResponseStatusCode$1.call(Unknown Source)&#xD;&#xA;&#x9;at WSVerification1568908313423.run(WSVerification1568908313423:15)&#xD;&#xA;&#x9;at com.kms.katalon.core.main.ScriptEngine.run(ScriptEngine.java:194)&#xD;&#xA;&#x9;at com.kms.katalon.core.main.ScriptEngine.runScriptAsRawText(ScriptEngine.java:119)&#xD;&#xA;&#x9;at com.kms.katalon.core.main.WSVerificationExecutor.runScript(WSVerificationExecutor.java:146)&#xD;&#xA;&#x9;at com.kms.katalon.core.main.WSVerificationExecutor.doExecute(WSVerificationExecutor.java:140)&#xD;&#xA;&#x9;at com.kms.katalon.core.main.WSVerificationExecutor.processExecutionPhase(WSVerificationExecutor.java:123)&#xD;&#xA;&#x9;at com.kms.katalon.core.main.WSVerificationExecutor.accessMainPhase(WSVerificationExecutor.java:115)&#xD;&#xA;&#x9;at com.kms.katalon.core.main.WSVerificationExecutor.execute(WSVerificationExecutor.java:103)&#xD;&#xA;&#x9;at com.kms.katalon.core.main.TestCaseMain.runWSVerificationScript(TestCaseMain.java:127)&#xD;&#xA;&#x9;at com.kms.katalon.core.webservice.keyword.builtin.SendRequestAndVerifyKeyword$_sendRequestAndVerify_closure1.doCall(SendRequestAndVerifyKeyword.groovy:55)&#xD;&#xA;&#x9;at com.kms.katalon.core.webservice.keyword.builtin.SendRequestAndVerifyKeyword$_sendRequestAndVerify_closure1.call(SendRequestAndVerifyKeyword.groovy)&#xD;&#xA;&#x9;at com.kms.katalon.core.keyword.internal.KeywordMain.runKeyword(KeywordMain.groovy:68)&#xD;&#xA;&#x9;at com.kms.katalon.core.webservice.keyword.builtin.SendRequestAndVerifyKeyword.sendRequestAndVerify(SendRequestAndVerifyKeyword.groovy:43)&#xD;&#xA;&#x9;at com.kms.katalon.core.webservice.keyword.builtin.SendRequestAndVerifyKeyword.execute(SendRequestAndVerifyKeyword.groovy:38)&#xD;&#xA;&#x9;at com.kms.katalon.core.keyword.internal.KeywordExecutor.executeKeywordForPlatform(KeywordExecutor.groovy:56)&#xD;&#xA;&#x9;at com.kms.katalon.core.webservice.keyword.WSBuiltInKeywords.sendRequestAndVerify(WSBuiltInKeywords.groovy:65)&#xD;&#xA;&#x9;at com.kms.katalon.core.webservice.keyword.WSBuiltInKeywords$sendRequestAndVerify$0.call(Unknown Source)&#xD;&#xA;&#x9;at qActivityHistory_Test.run(qActivityHistory_Test:16)&#xD;&#xA;&#x9;at com.kms.katalon.core.main.ScriptEngine.run(ScriptEngine.java:194)&#xD;&#xA;&#x9;at com.kms.katalon.core.main.ScriptEngine.runScriptAsRawText(ScriptEngine.java:119)&#xD;&#xA;&#x9;at com.kms.katalon.core.main.TestCaseExecutor.runScript(TestCaseExecutor.java:337)&#xD;&#xA;&#x9;at com.kms.katalon.core.main.TestCaseExecutor.doExecute(TestCaseExecutor.java:328)&#xD;&#xA;&#x9;at com.kms.katalon.core.main.TestCaseExecutor.processExecutionPhase(TestCaseExecutor.java:307)&#xD;&#xA;&#x9;at com.kms.katalon.core.main.TestCaseExecutor.accessMainPhase(TestCaseExecutor.java:299)&#xD;&#xA;&#x9;at com.kms.katalon.core.main.TestCaseExecutor.execute(TestCaseExecutor.java:233)&#xD;&#xA;&#x9;at com.kms.katalon.core.main.TestSuiteExecutor.accessTestCaseMainPhase(TestSuiteExecutor.java:169)&#xD;&#xA;&#x9;at com.kms.katalon.core.main.TestSuiteExecutor.accessTestSuiteMainPhase(TestSuiteExecutor.java:142)&#xD;&#xA;&#x9;at com.kms.katalon.core.main.TestSuiteExecutor.execute(TestSuiteExecutor.java:91)&#xD;&#xA;&#x9;at com.kms.katalon.core.main.TestCaseMain.startTestSuite(TestCaseMain.java:157)&#xD;&#xA;&#x9;at com.kms.katalon.core.main.TestCaseMain$startTestSuite$0.call(Unknown Source)&#xD;&#xA;&#x9;at TempTestSuite1568908277252.run(TempTestSuite1568908277252.groovy:35)&#xD;&#xA;"/>
            <system-out>2019-09-19 21:21:53 - [TEST_CASE][FAILED] - Test Cases/qActivityHistory_Test: Test Cases/qActivityHistory_Test FAILED.
Reason:
com.kms.katalon.core.exception.StepFailedException: Expected status code is '200' but actual status code is '404'&#xD;
	at com.kms.katalon.core.keyword.internal.KeywordMain.stepFailed(KeywordMain.groovy:50)&#xD;
	at com.kms.katalon.core.webservice.keyword.builtin.VerifyResponseStatusCodeKeyword.verifyStatusCode(VerifyResponseStatusCodeKeyword.groovy:52)&#xD;
	at com.kms.katalon.core.webservice.keyword.builtin.VerifyResponseStatusCodeKeyword$_verifyResponseStatusCode_closure1.doCall(VerifyResponseStatusCodeKeyword.groovy:42)&#xD;
	at com.kms.katalon.core.webservice.keyword.builtin.VerifyResponseStatusCodeKeyword$_verifyResponseStatusCode_closure1.call(VerifyResponseStatusCodeKeyword.groovy)&#xD;
	at com.kms.katalon.core.keyword.internal.KeywordMain.runKeyword(KeywordMain.groovy:68)&#xD;
	at com.kms.katalon.core.webservice.keyword.builtin.VerifyResponseStatusCodeKeyword.verifyResponseStatusCode(VerifyResponseStatusCodeKeyword.groovy:37)&#xD;
	at com.kms.katalon.core.webservice.keyword.builtin.VerifyResponseStatusCodeKeyword.execute(VerifyResponseStatusCodeKeyword.groovy:32)&#xD;
	at com.kms.katalon.core.keyword.internal.KeywordExecutor.executeKeywordForPlatform(KeywordExecutor.groovy:56)&#xD;
	at com.kms.katalon.core.webservice.keyword.WSBuiltInKeywords.verifyResponseStatusCode(WSBuiltInKeywords.groovy:212)&#xD;
	at com.kms.katalon.core.webservice.keyword.WSBuiltInKeywords$verifyResponseStatusCode$1.call(Unknown Source)&#xD;
	at WSVerification1568908313423.run(WSVerification1568908313423:15)&#xD;
	at com.kms.katalon.core.main.ScriptEngine.run(ScriptEngine.java:194)&#xD;
	at com.kms.katalon.core.main.ScriptEngine.runScriptAsRawText(ScriptEngine.java:119)&#xD;
	at com.kms.katalon.core.main.WSVerificationExecutor.runScript(WSVerificationExecutor.java:146)&#xD;
	at com.kms.katalon.core.main.WSVerificationExecutor.doExecute(WSVerificationExecutor.java:140)&#xD;
	at com.kms.katalon.core.main.WSVerificationExecutor.processExecutionPhase(WSVerificationExecutor.java:123)&#xD;
	at com.kms.katalon.core.main.WSVerificationExecutor.accessMainPhase(WSVerificationExecutor.java:115)&#xD;
	at com.kms.katalon.core.main.WSVerificationExecutor.execute(WSVerificationExecutor.java:103)&#xD;
	at com.kms.katalon.core.main.TestCaseMain.runWSVerificationScript(TestCaseMain.java:127)&#xD;
	at com.kms.katalon.core.webservice.keyword.builtin.SendRequestAndVerifyKeyword$_sendRequestAndVerify_closure1.doCall(SendRequestAndVerifyKeyword.groovy:55)&#xD;
	at com.kms.katalon.core.webservice.keyword.builtin.SendRequestAndVerifyKeyword$_sendRequestAndVerify_closure1.call(SendRequestAndVerifyKeyword.groovy)&#xD;
	at com.kms.katalon.core.keyword.internal.KeywordMain.runKeyword(KeywordMain.groovy:68)&#xD;
	at com.kms.katalon.core.webservice.keyword.builtin.SendRequestAndVerifyKeyword.sendRequestAndVerify(SendRequestAndVerifyKeyword.groovy:43)&#xD;
	at com.kms.katalon.core.webservice.keyword.builtin.SendRequestAndVerifyKeyword.execute(SendRequestAndVerifyKeyword.groovy:38)&#xD;
	at com.kms.katalon.core.keyword.internal.KeywordExecutor.executeKeywordForPlatform(KeywordExecutor.groovy:56)&#xD;
	at com.kms.katalon.core.webservice.keyword.WSBuiltInKeywords.sendRequestAndVerify(WSBuiltInKeywords.groovy:65)&#xD;
	at com.kms.katalon.core.webservice.keyword.WSBuiltInKeywords$sendRequestAndVerify$0.call(Unknown Source)&#xD;
	at qActivityHistory_Test.run(qActivityHistory_Test:16)&#xD;
	at com.kms.katalon.core.main.ScriptEngine.run(ScriptEngine.java:194)&#xD;
	at com.kms.katalon.core.main.ScriptEngine.runScriptAsRawText(ScriptEngine.java:119)&#xD;
	at com.kms.katalon.core.main.TestCaseExecutor.runScript(TestCaseExecutor.java:337)&#xD;
	at com.kms.katalon.core.main.TestCaseExecutor.doExecute(TestCaseExecutor.java:328)&#xD;
	at com.kms.katalon.core.main.TestCaseExecutor.processExecutionPhase(TestCaseExecutor.java:307)&#xD;
	at com.kms.katalon.core.main.TestCaseExecutor.accessMainPhase(TestCaseExecutor.java:299)&#xD;
	at com.kms.katalon.core.main.TestCaseExecutor.execute(TestCaseExecutor.java:233)&#xD;
	at com.kms.katalon.core.main.TestSuiteExecutor.accessTestCaseMainPhase(TestSuiteExecutor.java:169)&#xD;
	at com.kms.katalon.core.main.TestSuiteExecutor.accessTestSuiteMainPhase(TestSuiteExecutor.java:142)&#xD;
	at com.kms.katalon.core.main.TestSuiteExecutor.execute(TestSuiteExecutor.java:91)&#xD;
	at com.kms.katalon.core.main.TestCaseMain.startTestSuite(TestCaseMain.java:157)&#xD;
	at com.kms.katalon.core.main.TestCaseMain$startTestSuite$0.call(Unknown Source)&#xD;
	at TempTestSuite1568908277252.run(TempTestSuite1568908277252.groovy:35)&#xD;
&#xD;
&#xD;
2019-09-19 21:21:53 - [TEST_STEP][FAILED] - sendRequestAndVerify(findTestObject("qActivity History", ["userId":userid, "uniqueToken":uniquetoken])): Unable to send request and verify the response (Root cause: com.kms.katalon.core.exception.StepFailedException: Verification failed&#xD;
	at com.kms.katalon.core.webservice.keyword.builtin.SendRequestAndVerifyKeyword$_sendRequestAndVerify_closure1.doCall(SendRequestAndVerifyKeyword.groovy:59)&#xD;
	at com.kms.katalon.core.webservice.keyword.builtin.SendRequestAndVerifyKeyword$_sendRequestAndVerify_closure1.call(SendRequestAndVerifyKeyword.groovy)&#xD;
	at com.kms.katalon.core.keyword.internal.KeywordMain.runKeyword(KeywordMain.groovy:68)&#xD;
	at com.kms.katalon.core.webservice.keyword.builtin.SendRequestAndVerifyKeyword.sendRequestAndVerify(SendRequestAndVerifyKeyword.groovy:43)&#xD;
	at com.kms.katalon.core.webservice.keyword.builtin.SendRequestAndVerifyKeyword.execute(SendRequestAndVerifyKeyword.groovy:38)&#xD;
	at com.kms.katalon.core.keyword.internal.KeywordExecutor.executeKeywordForPlatform(KeywordExecutor.groovy:56)&#xD;
	at com.kms.katalon.core.webservice.keyword.WSBuiltInKeywords.sendRequestAndVerify(WSBuiltInKeywords.groovy:65)&#xD;
	at com.kms.katalon.core.webservice.keyword.WSBuiltInKeywords$sendRequestAndVerify$0.call(Unknown Source)&#xD;
	at qActivityHistory_Test.run(qActivityHistory_Test:16)&#xD;
	at com.kms.katalon.core.main.ScriptEngine.run(ScriptEngine.java:194)&#xD;
	at com.kms.katalon.core.main.ScriptEngine.runScriptAsRawText(ScriptEngine.java:119)&#xD;
	at com.kms.katalon.core.main.TestCaseExecutor.runScript(TestCaseExecutor.java:337)&#xD;
	at com.kms.katalon.core.main.TestCaseExecutor.doExecute(TestCaseExecutor.java:328)&#xD;
	at com.kms.katalon.core.main.TestCaseExecutor.processExecutionPhase(TestCaseExecutor.java:307)&#xD;
	at com.kms.katalon.core.main.TestCaseExecutor.accessMainPhase(TestCaseExecutor.java:299)&#xD;
	at com.kms.katalon.core.main.TestCaseExecutor.execute(TestCaseExecutor.java:233)&#xD;
	at com.kms.katalon.core.main.TestSuiteExecutor.accessTestCaseMainPhase(TestSuiteExecutor.java:169)&#xD;
	at com.kms.katalon.core.main.TestSuiteExecutor.accessTestSuiteMainPhase(TestSuiteExecutor.java:142)&#xD;
	at com.kms.katalon.core.main.TestSuiteExecutor.execute(TestSuiteExecutor.java:91)&#xD;
	at com.kms.katalon.core.main.TestCaseMain.startTestSuite(TestCaseMain.java:157)&#xD;
	at com.kms.katalon.core.main.TestCaseMain$startTestSuite$0.call(Unknown Source)&#xD;
	at TempTestSuite1568908277252.run(TempTestSuite1568908277252.groovy:35)&#xD;
)&#xD;
&#xD;
2019-09-19 21:21:53 - [MESSAGE][INFO] - HAR: C:\Users\rajesh.veeranna\Katalon Studio\SmartIndonasia\Reports\20190919_212117\SMARTINDONASIA_API_SmokeTest\20190919_212117\requests\main\24.har&#xD;
&#xD;
2019-09-19 21:21:53 - [TEST_CASE][FAILED] - Start Test Case : Verification: Verification FAILED.
Reason:
com.kms.katalon.core.exception.StepFailedException: Expected status code is '200' but actual status code is '404'&#xD;
	at com.kms.katalon.core.keyword.internal.KeywordMain.stepFailed(KeywordMain.groovy:50)&#xD;
	at com.kms.katalon.core.webservice.keyword.builtin.VerifyResponseStatusCodeKeyword.verifyStatusCode(VerifyResponseStatusCodeKeyword.groovy:52)&#xD;
	at com.kms.katalon.core.webservice.keyword.builtin.VerifyResponseStatusCodeKeyword$_verifyResponseStatusCode_closure1.doCall(VerifyResponseStatusCodeKeyword.groovy:42)&#xD;
	at com.kms.katalon.core.webservice.keyword.builtin.VerifyResponseStatusCodeKeyword$_verifyResponseStatusCode_closure1.call(VerifyResponseStatusCodeKeyword.groovy)&#xD;
	at com.kms.katalon.core.keyword.internal.KeywordMain.runKeyword(KeywordMain.groovy:68)&#xD;
	at com.kms.katalon.core.webservice.keyword.builtin.VerifyResponseStatusCodeKeyword.verifyResponseStatusCode(VerifyResponseStatusCodeKeyword.groovy:37)&#xD;
	at com.kms.katalon.core.webservice.keyword.builtin.VerifyResponseStatusCodeKeyword.execute(VerifyResponseStatusCodeKeyword.groovy:32)&#xD;
	at com.kms.katalon.core.keyword.internal.KeywordExecutor.executeKeywordForPlatform(KeywordExecutor.groovy:56)&#xD;
	at com.kms.katalon.core.webservice.keyword.WSBuiltInKeywords.verifyResponseStatusCode(WSBuiltInKeywords.groovy:212)&#xD;
	at com.kms.katalon.core.webservice.keyword.WSBuiltInKeywords$verifyResponseStatusCode$1.call(Unknown Source)&#xD;
	at WSVerification1568908313423.run(WSVerification1568908313423:15)&#xD;
	at com.kms.katalon.core.main.ScriptEngine.run(ScriptEngine.java:194)&#xD;
	at com.kms.katalon.core.main.ScriptEngine.runScriptAsRawText(ScriptEngine.java:119)&#xD;
	at com.kms.katalon.core.main.WSVerificationExecutor.runScript(WSVerificationExecutor.java:146)&#xD;
	at com.kms.katalon.core.main.WSVerificationExecutor.doExecute(WSVerificationExecutor.java:140)&#xD;
	at com.kms.katalon.core.main.WSVerificationExecutor.processExecutionPhase(WSVerificationExecutor.java:123)&#xD;
	at com.kms.katalon.core.main.WSVerificationExecutor.accessMainPhase(WSVerificationExecutor.java:115)&#xD;
	at com.kms.katalon.core.main.WSVerificationExecutor.execute(WSVerificationExecutor.java:103)&#xD;
	at com.kms.katalon.core.main.TestCaseMain.runWSVerificationScript(TestCaseMain.java:127)&#xD;
	at com.kms.katalon.core.webservice.keyword.builtin.SendRequestAndVerifyKeyword$_sendRequestAndVerify_closure1.doCall(SendRequestAndVerifyKeyword.groovy:55)&#xD;
	at com.kms.katalon.core.webservice.keyword.builtin.SendRequestAndVerifyKeyword$_sendRequestAndVerify_closure1.call(SendRequestAndVerifyKeyword.groovy)&#xD;
	at com.kms.katalon.core.keyword.internal.KeywordMain.runKeyword(KeywordMain.groovy:68)&#xD;
	at com.kms.katalon.core.webservice.keyword.builtin.SendRequestAndVerifyKeyword.sendRequestAndVerify(SendRequestAndVerifyKeyword.groovy:43)&#xD;
	at com.kms.katalon.core.webservice.keyword.builtin.SendRequestAndVerifyKeyword.execute(SendRequestAndVerifyKeyword.groovy:38)&#xD;
	at com.kms.katalon.core.keyword.internal.KeywordExecutor.executeKeywordForPlatform(KeywordExecutor.groovy:56)&#xD;
	at com.kms.katalon.core.webservice.keyword.WSBuiltInKeywords.sendRequestAndVerify(WSBuiltInKeywords.groovy:65)&#xD;
	at com.kms.katalon.core.webservice.keyword.WSBuiltInKeywords$sendRequestAndVerify$0.call(Unknown Source)&#xD;
	at qActivityHistory_Test.run(qActivityHistory_Test:16)&#xD;
	at com.kms.katalon.core.main.ScriptEngine.run(ScriptEngine.java:194)&#xD;
	at com.kms.katalon.core.main.ScriptEngine.runScriptAsRawText(ScriptEngine.java:119)&#xD;
	at com.kms.katalon.core.main.TestCaseExecutor.runScript(TestCaseExecutor.java:337)&#xD;
	at com.kms.katalon.core.main.TestCaseExecutor.doExecute(TestCaseExecutor.java:328)&#xD;
	at com.kms.katalon.core.main.TestCaseExecutor.processExecutionPhase(TestCaseExecutor.java:307)&#xD;
	at com.kms.katalon.core.main.TestCaseExecutor.accessMainPhase(TestCaseExecutor.java:299)&#xD;
	at com.kms.katalon.core.main.TestCaseExecutor.execute(TestCaseExecutor.java:233)&#xD;
	at com.kms.katalon.core.main.TestSuiteExecutor.accessTestCaseMainPhase(TestSuiteExecutor.java:169)&#xD;
	at com.kms.katalon.core.main.TestSuiteExecutor.accessTestSuiteMainPhase(TestSuiteExecutor.java:142)&#xD;
	at com.kms.katalon.core.main.TestSuiteExecutor.execute(TestSuiteExecutor.java:91)&#xD;
	at com.kms.katalon.core.main.TestCaseMain.startTestSuite(TestCaseMain.java:157)&#xD;
	at com.kms.katalon.core.main.TestCaseMain$startTestSuite$0.call(Unknown Source)&#xD;
	at TempTestSuite1568908277252.run(TempTestSuite1568908277252.groovy:35)&#xD;
&#xD;
&#xD;
2019-09-19 21:21:53 - [TEST_STEP][PASSED] - request = getInstance().getCurrentRequest(): null&#xD;
&#xD;
2019-09-19 21:21:53 - [TEST_STEP][PASSED] - response = getInstance().getCurrentResponse(): null&#xD;
&#xD;
2019-09-19 21:21:53 - [TEST_STEP][FAILED] - verifyResponseStatusCode(response, 200): Unable to verify response status code (Root cause: com.kms.katalon.core.exception.StepFailedException: Expected status code is '200' but actual status code is '404'&#xD;
	at com.kms.katalon.core.keyword.internal.KeywordMain.stepFailed(KeywordMain.groovy:50)&#xD;
	at com.kms.katalon.core.webservice.keyword.builtin.VerifyResponseStatusCodeKeyword.verifyStatusCode(VerifyResponseStatusCodeKeyword.groovy:52)&#xD;
	at com.kms.katalon.core.webservice.keyword.builtin.VerifyResponseStatusCodeKeyword$_verifyResponseStatusCode_closure1.doCall(VerifyResponseStatusCodeKeyword.groovy:42)&#xD;
	at com.kms.katalon.core.webservice.keyword.builtin.VerifyResponseStatusCodeKeyword$_verifyResponseStatusCode_closure1.call(VerifyResponseStatusCodeKeyword.groovy)&#xD;
	at com.kms.katalon.core.keyword.internal.KeywordMain.runKeyword(KeywordMain.groovy:68)&#xD;
	at com.kms.katalon.core.webservice.keyword.builtin.VerifyResponseStatusCodeKeyword.verifyResponseStatusCode(VerifyResponseStatusCodeKeyword.groovy:37)&#xD;
	at com.kms.katalon.core.webservice.keyword.builtin.VerifyResponseStatusCodeKeyword.execute(VerifyResponseStatusCodeKeyword.groovy:32)&#xD;
	at com.kms.katalon.core.keyword.internal.KeywordExecutor.executeKeywordForPlatform(KeywordExecutor.groovy:56)&#xD;
	at com.kms.katalon.core.webservice.keyword.WSBuiltInKeywords.verifyResponseStatusCode(WSBuiltInKeywords.groovy:212)&#xD;
	at com.kms.katalon.core.webservice.keyword.WSBuiltInKeywords$verifyResponseStatusCode$1.call(Unknown Source)&#xD;
	at WSVerification1568908313423.run(WSVerification1568908313423:15)&#xD;
	at com.kms.katalon.core.main.ScriptEngine.run(ScriptEngine.java:194)&#xD;
	at com.kms.katalon.core.main.ScriptEngine.runScriptAsRawText(ScriptEngine.java:119)&#xD;
	at com.kms.katalon.core.main.WSVerificationExecutor.runScript(WSVerificationExecutor.java:146)&#xD;
	at com.kms.katalon.core.main.WSVerificationExecutor.doExecute(WSVerificationExecutor.java:140)&#xD;
	at com.kms.katalon.core.main.WSVerificationExecutor.processExecutionPhase(WSVerificationExecutor.java:123)&#xD;
	at com.kms.katalon.core.main.WSVerificationExecutor.accessMainPhase(WSVerificationExecutor.java:115)&#xD;
	at com.kms.katalon.core.main.WSVerificationExecutor.execute(WSVerificationExecutor.java:103)&#xD;
	at com.kms.katalon.core.main.TestCaseMain.runWSVerificationScript(TestCaseMain.java:127)&#xD;
	at com.kms.katalon.core.webservice.keyword.builtin.SendRequestAndVerifyKeyword$_sendRequestAndVerify_closure1.doCall(SendRequestAndVerifyKeyword.groovy:55)&#xD;
	at com.kms.katalon.core.webservice.keyword.builtin.SendRequestAndVerifyKeyword$_sendRequestAndVerify_closure1.call(SendRequestAndVerifyKeyword.groovy)&#xD;
	at com.kms.katalon.core.keyword.internal.KeywordMain.runKeyword(KeywordMain.groovy:68)&#xD;
	at com.kms.katalon.core.webservice.keyword.builtin.SendRequestAndVerifyKeyword.sendRequestAndVerify(SendRequestAndVerifyKeyword.groovy:43)&#xD;
	at com.kms.katalon.core.webservice.keyword.builtin.SendRequestAndVerifyKeyword.execute(SendRequestAndVerifyKeyword.groovy:38)&#xD;
	at com.kms.katalon.core.keyword.internal.KeywordExecutor.executeKeywordForPlatform(KeywordExecutor.groovy:56)&#xD;
	at com.kms.katalon.core.webservice.keyword.WSBuiltInKeywords.sendRequestAndVerify(WSBuiltInKeywords.groovy:65)&#xD;
	at com.kms.katalon.core.webservice.keyword.WSBuiltInKeywords$sendRequestAndVerify$0.call(Unknown Source)&#xD;
	at qActivityHistory_Test.run(qActivityHistory_Test:16)&#xD;
	at com.kms.katalon.core.main.ScriptEngine.run(ScriptEngine.java:194)&#xD;
	at com.kms.katalon.core.main.ScriptEngine.runScriptAsRawText(ScriptEngine.java:119)&#xD;
	at com.kms.katalon.core.main.TestCaseExecutor.runScript(TestCaseExecutor.java:337)&#xD;
	at com.kms.katalon.core.main.TestCaseExecutor.doExecute(TestCaseExecutor.java:328)&#xD;
	at com.kms.katalon.core.main.TestCaseExecutor.processExecutionPhase(TestCaseExecutor.java:307)&#xD;
	at com.kms.katalon.core.main.TestCaseExecutor.accessMainPhase(TestCaseExecutor.java:299)&#xD;
	at com.kms.katalon.core.main.TestCaseExecutor.execute(TestCaseExecutor.java:233)&#xD;
	at com.kms.katalon.core.main.TestSuiteExecutor.accessTestCaseMainPhase(TestSuiteExecutor.java:169)&#xD;
	at com.kms.katalon.core.main.TestSuiteExecutor.accessTestSuiteMainPhase(TestSuiteExecutor.java:142)&#xD;
	at com.kms.katalon.core.main.TestSuiteExecutor.execute(TestSuiteExecutor.java:91)&#xD;
	at com.kms.katalon.core.main.TestCaseMain.startTestSuite(TestCaseMain.java:157)&#xD;
	at com.kms.katalon.core.main.TestCaseMain$startTestSuite$0.call(Unknown Source)&#xD;
	at TempTestSuite1568908277252.run(TempTestSuite1568908277252.groovy:35)&#xD;
)&#xD;
&#xD;
2019-09-19 21:21:53 - [MESSAGE][FAILED] - Expected status code is '200' but actual status code is '404'&#xD;
&#xD;
2019-09-19 21:21:53 - [MESSAGE][FAILED] - Unable to verify response status code (Root cause: com.kms.katalon.core.exception.StepFailedException: Expected status code is '200' but actual status code is '404'&#xD;
	at com.kms.katalon.core.keyword.internal.KeywordMain.stepFailed(KeywordMain.groovy:50)&#xD;
	at com.kms.katalon.core.webservice.keyword.builtin.VerifyResponseStatusCodeKeyword.verifyStatusCode(VerifyResponseStatusCodeKeyword.groovy:52)&#xD;
	at com.kms.katalon.core.webservice.keyword.builtin.VerifyResponseStatusCodeKeyword$_verifyResponseStatusCode_closure1.doCall(VerifyResponseStatusCodeKeyword.groovy:42)&#xD;
	at com.kms.katalon.core.webservice.keyword.builtin.VerifyResponseStatusCodeKeyword$_verifyResponseStatusCode_closure1.call(VerifyResponseStatusCodeKeyword.groovy)&#xD;
	at com.kms.katalon.core.keyword.internal.KeywordMain.runKeyword(KeywordMain.groovy:68)&#xD;
	at com.kms.katalon.core.webservice.keyword.builtin.VerifyResponseStatusCodeKeyword.verifyResponseStatusCode(VerifyResponseStatusCodeKeyword.groovy:37)&#xD;
	at com.kms.katalon.core.webservice.keyword.builtin.VerifyResponseStatusCodeKeyword.execute(VerifyResponseStatusCodeKeyword.groovy:32)&#xD;
	at com.kms.katalon.core.keyword.internal.KeywordExecutor.executeKeywordForPlatform(KeywordExecutor.groovy:56)&#xD;
	at com.kms.katalon.core.webservice.keyword.WSBuiltInKeywords.verifyResponseStatusCode(WSBuiltInKeywords.groovy:212)&#xD;
	at com.kms.katalon.core.webservice.keyword.WSBuiltInKeywords$verifyResponseStatusCode$1.call(Unknown Source)&#xD;
	at WSVerification1568908313423.run(WSVerification1568908313423:15)&#xD;
	at com.kms.katalon.core.main.ScriptEngine.run(ScriptEngine.java:194)&#xD;
	at com.kms.katalon.core.main.ScriptEngine.runScriptAsRawText(ScriptEngine.java:119)&#xD;
	at com.kms.katalon.core.main.WSVerificationExecutor.runScript(WSVerificationExecutor.java:146)&#xD;
	at com.kms.katalon.core.main.WSVerificationExecutor.doExecute(WSVerificationExecutor.java:140)&#xD;
	at com.kms.katalon.core.main.WSVerificationExecutor.processExecutionPhase(WSVerificationExecutor.java:123)&#xD;
	at com.kms.katalon.core.main.WSVerificationExecutor.accessMainPhase(WSVerificationExecutor.java:115)&#xD;
	at com.kms.katalon.core.main.WSVerificationExecutor.execute(WSVerificationExecutor.java:103)&#xD;
	at com.kms.katalon.core.main.TestCaseMain.runWSVerificationScript(TestCaseMain.java:127)&#xD;
	at com.kms.katalon.core.webservice.keyword.builtin.SendRequestAndVerifyKeyword$_sendRequestAndVerify_closure1.doCall(SendRequestAndVerifyKeyword.groovy:55)&#xD;
	at com.kms.katalon.core.webservice.keyword.builtin.SendRequestAndVerifyKeyword$_sendRequestAndVerify_closure1.call(SendRequestAndVerifyKeyword.groovy)&#xD;
	at com.kms.katalon.core.keyword.internal.KeywordMain.runKeyword(KeywordMain.groovy:68)&#xD;
	at com.kms.katalon.core.webservice.keyword.builtin.SendRequestAndVerifyKeyword.sendRequestAndVerify(SendRequestAndVerifyKeyword.groovy:43)&#xD;
	at com.kms.katalon.core.webservice.keyword.builtin.SendRequestAndVerifyKeyword.execute(SendRequestAndVerifyKeyword.groovy:38)&#xD;
	at com.kms.katalon.core.keyword.internal.KeywordExecutor.executeKeywordForPlatform(KeywordExecutor.groovy:56)&#xD;
	at com.kms.katalon.core.webservice.keyword.WSBuiltInKeywords.sendRequestAndVerify(WSBuiltInKeywords.groovy:65)&#xD;
	at com.kms.katalon.core.webservice.keyword.WSBuiltInKeywords$sendRequestAndVerify$0.call(Unknown Source)&#xD;
	at qActivityHistory_Test.run(qActivityHistory_Test:16)&#xD;
	at com.kms.katalon.core.main.ScriptEngine.run(ScriptEngine.java:194)&#xD;
	at com.kms.katalon.core.main.ScriptEngine.runScriptAsRawText(ScriptEngine.java:119)&#xD;
	at com.kms.katalon.core.main.TestCaseExecutor.runScript(TestCaseExecutor.java:337)&#xD;
	at com.kms.katalon.core.main.TestCaseExecutor.doExecute(TestCaseExecutor.java:328)&#xD;
	at com.kms.katalon.core.main.TestCaseExecutor.processExecutionPhase(TestCaseExecutor.java:307)&#xD;
	at com.kms.katalon.core.main.TestCaseExecutor.accessMainPhase(TestCaseExecutor.java:299)&#xD;
	at com.kms.katalon.core.main.TestCaseExecutor.execute(TestCaseExecutor.java:233)&#xD;
	at com.kms.katalon.core.main.TestSuiteExecutor.accessTestCaseMainPhase(TestSuiteExecutor.java:169)&#xD;
	at com.kms.katalon.core.main.TestSuiteExecutor.accessTestSuiteMainPhase(TestSuiteExecutor.java:142)&#xD;
	at com.kms.katalon.core.main.TestSuiteExecutor.execute(TestSuiteExecutor.java:91)&#xD;
	at com.kms.katalon.core.main.TestCaseMain.startTestSuite(TestCaseMain.java:157)&#xD;
	at com.kms.katalon.core.main.TestCaseMain$startTestSuite$0.call(Unknown Source)&#xD;
	at TempTestSuite1568908277252.run(TempTestSuite1568908277252.groovy:35)&#xD;
)&#xD;
&#xD;
2019-09-19 21:21:54 - [MESSAGE][FAILED] - Unable to send request and verify the response (Root cause: com.kms.katalon.core.exception.StepFailedException: Verification failed&#xD;
	at com.kms.katalon.core.webservice.keyword.builtin.SendRequestAndVerifyKeyword$_sendRequestAndVerify_closure1.doCall(SendRequestAndVerifyKeyword.groovy:59)&#xD;
	at com.kms.katalon.core.webservice.keyword.builtin.SendRequestAndVerifyKeyword$_sendRequestAndVerify_closure1.call(SendRequestAndVerifyKeyword.groovy)&#xD;
	at com.kms.katalon.core.keyword.internal.KeywordMain.runKeyword(KeywordMain.groovy:68)&#xD;
	at com.kms.katalon.core.webservice.keyword.builtin.SendRequestAndVerifyKeyword.sendRequestAndVerify(SendRequestAndVerifyKeyword.groovy:43)&#xD;
	at com.kms.katalon.core.webservice.keyword.builtin.SendRequestAndVerifyKeyword.execute(SendRequestAndVerifyKeyword.groovy:38)&#xD;
	at com.kms.katalon.core.keyword.internal.KeywordExecutor.executeKeywordForPlatform(KeywordExecutor.groovy:56)&#xD;
	at com.kms.katalon.core.webservice.keyword.WSBuiltInKeywords.sendRequestAndVerify(WSBuiltInKeywords.groovy:65)&#xD;
	at com.kms.katalon.core.webservice.keyword.WSBuiltInKeywords$sendRequestAndVerify$0.call(Unknown Source)&#xD;
	at qActivityHistory_Test.run(qActivityHistory_Test:16)&#xD;
	at com.kms.katalon.core.main.ScriptEngine.run(ScriptEngine.java:194)&#xD;
	at com.kms.katalon.core.main.ScriptEngine.runScriptAsRawText(ScriptEngine.java:119)&#xD;
	at com.kms.katalon.core.main.TestCaseExecutor.runScript(TestCaseExecutor.java:337)&#xD;
	at com.kms.katalon.core.main.TestCaseExecutor.doExecute(TestCaseExecutor.java:328)&#xD;
	at com.kms.katalon.core.main.TestCaseExecutor.processExecutionPhase(TestCaseExecutor.java:307)&#xD;
	at com.kms.katalon.core.main.TestCaseExecutor.accessMainPhase(TestCaseExecutor.java:299)&#xD;
	at com.kms.katalon.core.main.TestCaseExecutor.execute(TestCaseExecutor.java:233)&#xD;
	at com.kms.katalon.core.main.TestSuiteExecutor.accessTestCaseMainPhase(TestSuiteExecutor.java:169)&#xD;
	at com.kms.katalon.core.main.TestSuiteExecutor.accessTestSuiteMainPhase(TestSuiteExecutor.java:142)&#xD;
	at com.kms.katalon.core.main.TestSuiteExecutor.execute(TestSuiteExecutor.java:91)&#xD;
	at com.kms.katalon.core.main.TestCaseMain.startTestSuite(TestCaseMain.java:157)&#xD;
	at com.kms.katalon.core.main.TestCaseMain$startTestSuite$0.call(Unknown Source)&#xD;
	at TempTestSuite1568908277252.run(TempTestSuite1568908277252.groovy:35)&#xD;
)</system-out>
            <system-err>2019-09-19 21:21:53 - [TEST_CASE][FAILED] - Test Cases/qActivityHistory_Test: Test Cases/qActivityHistory_Test FAILED.
Reason:
com.kms.katalon.core.exception.StepFailedException: Expected status code is '200' but actual status code is '404'&#xD;
	at com.kms.katalon.core.keyword.internal.KeywordMain.stepFailed(KeywordMain.groovy:50)&#xD;
	at com.kms.katalon.core.webservice.keyword.builtin.VerifyResponseStatusCodeKeyword.verifyStatusCode(VerifyResponseStatusCodeKeyword.groovy:52)&#xD;
	at com.kms.katalon.core.webservice.keyword.builtin.VerifyResponseStatusCodeKeyword$_verifyResponseStatusCode_closure1.doCall(VerifyResponseStatusCodeKeyword.groovy:42)&#xD;
	at com.kms.katalon.core.webservice.keyword.builtin.VerifyResponseStatusCodeKeyword$_verifyResponseStatusCode_closure1.call(VerifyResponseStatusCodeKeyword.groovy)&#xD;
	at com.kms.katalon.core.keyword.internal.KeywordMain.runKeyword(KeywordMain.groovy:68)&#xD;
	at com.kms.katalon.core.webservice.keyword.builtin.VerifyResponseStatusCodeKeyword.verifyResponseStatusCode(VerifyResponseStatusCodeKeyword.groovy:37)&#xD;
	at com.kms.katalon.core.webservice.keyword.builtin.VerifyResponseStatusCodeKeyword.execute(VerifyResponseStatusCodeKeyword.groovy:32)&#xD;
	at com.kms.katalon.core.keyword.internal.KeywordExecutor.executeKeywordForPlatform(KeywordExecutor.groovy:56)&#xD;
	at com.kms.katalon.core.webservice.keyword.WSBuiltInKeywords.verifyResponseStatusCode(WSBuiltInKeywords.groovy:212)&#xD;
	at com.kms.katalon.core.webservice.keyword.WSBuiltInKeywords$verifyResponseStatusCode$1.call(Unknown Source)&#xD;
	at WSVerification1568908313423.run(WSVerification1568908313423:15)&#xD;
	at com.kms.katalon.core.main.ScriptEngine.run(ScriptEngine.java:194)&#xD;
	at com.kms.katalon.core.main.ScriptEngine.runScriptAsRawText(ScriptEngine.java:119)&#xD;
	at com.kms.katalon.core.main.WSVerificationExecutor.runScript(WSVerificationExecutor.java:146)&#xD;
	at com.kms.katalon.core.main.WSVerificationExecutor.doExecute(WSVerificationExecutor.java:140)&#xD;
	at com.kms.katalon.core.main.WSVerificationExecutor.processExecutionPhase(WSVerificationExecutor.java:123)&#xD;
	at com.kms.katalon.core.main.WSVerificationExecutor.accessMainPhase(WSVerificationExecutor.java:115)&#xD;
	at com.kms.katalon.core.main.WSVerificationExecutor.execute(WSVerificationExecutor.java:103)&#xD;
	at com.kms.katalon.core.main.TestCaseMain.runWSVerificationScript(TestCaseMain.java:127)&#xD;
	at com.kms.katalon.core.webservice.keyword.builtin.SendRequestAndVerifyKeyword$_sendRequestAndVerify_closure1.doCall(SendRequestAndVerifyKeyword.groovy:55)&#xD;
	at com.kms.katalon.core.webservice.keyword.builtin.SendRequestAndVerifyKeyword$_sendRequestAndVerify_closure1.call(SendRequestAndVerifyKeyword.groovy)&#xD;
	at com.kms.katalon.core.keyword.internal.KeywordMain.runKeyword(KeywordMain.groovy:68)&#xD;
	at com.kms.katalon.core.webservice.keyword.builtin.SendRequestAndVerifyKeyword.sendRequestAndVerify(SendRequestAndVerifyKeyword.groovy:43)&#xD;
	at com.kms.katalon.core.webservice.keyword.builtin.SendRequestAndVerifyKeyword.execute(SendRequestAndVerifyKeyword.groovy:38)&#xD;
	at com.kms.katalon.core.keyword.internal.KeywordExecutor.executeKeywordForPlatform(KeywordExecutor.groovy:56)&#xD;
	at com.kms.katalon.core.webservice.keyword.WSBuiltInKeywords.sendRequestAndVerify(WSBuiltInKeywords.groovy:65)&#xD;
	at com.kms.katalon.core.webservice.keyword.WSBuiltInKeywords$sendRequestAndVerify$0.call(Unknown Source)&#xD;
	at qActivityHistory_Test.run(qActivityHistory_Test:16)&#xD;
	at com.kms.katalon.core.main.ScriptEngine.run(ScriptEngine.java:194)&#xD;
	at com.kms.katalon.core.main.ScriptEngine.runScriptAsRawText(ScriptEngine.java:119)&#xD;
	at com.kms.katalon.core.main.TestCaseExecutor.runScript(TestCaseExecutor.java:337)&#xD;
	at com.kms.katalon.core.main.TestCaseExecutor.doExecute(TestCaseExecutor.java:328)&#xD;
	at com.kms.katalon.core.main.TestCaseExecutor.processExecutionPhase(TestCaseExecutor.java:307)&#xD;
	at com.kms.katalon.core.main.TestCaseExecutor.accessMainPhase(TestCaseExecutor.java:299)&#xD;
	at com.kms.katalon.core.main.TestCaseExecutor.execute(TestCaseExecutor.java:233)&#xD;
	at com.kms.katalon.core.main.TestSuiteExecutor.accessTestCaseMainPhase(TestSuiteExecutor.java:169)&#xD;
	at com.kms.katalon.core.main.TestSuiteExecutor.accessTestSuiteMainPhase(TestSuiteExecutor.java:142)&#xD;
	at com.kms.katalon.core.main.TestSuiteExecutor.execute(TestSuiteExecutor.java:91)&#xD;
	at com.kms.katalon.core.main.TestCaseMain.startTestSuite(TestCaseMain.java:157)&#xD;
	at com.kms.katalon.core.main.TestCaseMain$startTestSuite$0.call(Unknown Source)&#xD;
	at TempTestSuite1568908277252.run(TempTestSuite1568908277252.groovy:35)</system-err>
        </testcase>
        <testcase name="Test Cases/RoleAccessUser_Test" classname="Test Cases/RoleAccessUser_Test" status="FAILED">
            <failure type="FAILED" message="Test Cases/RoleAccessUser_Test FAILED.&#xA;Reason:&#xA;com.kms.katalon.core.exception.StepFailedException: Expected status code is '200' but actual status code is '404'&#xD;&#xA;&#x9;at com.kms.katalon.core.keyword.internal.KeywordMain.stepFailed(KeywordMain.groovy:50)&#xD;&#xA;&#x9;at com.kms.katalon.core.webservice.keyword.builtin.VerifyResponseStatusCodeKeyword.verifyStatusCode(VerifyResponseStatusCodeKeyword.groovy:52)&#xD;&#xA;&#x9;at com.kms.katalon.core.webservice.keyword.builtin.VerifyResponseStatusCodeKeyword$_verifyResponseStatusCode_closure1.doCall(VerifyResponseStatusCodeKeyword.groovy:42)&#xD;&#xA;&#x9;at com.kms.katalon.core.webservice.keyword.builtin.VerifyResponseStatusCodeKeyword$_verifyResponseStatusCode_closure1.call(VerifyResponseStatusCodeKeyword.groovy)&#xD;&#xA;&#x9;at com.kms.katalon.core.keyword.internal.KeywordMain.runKeyword(KeywordMain.groovy:68)&#xD;&#xA;&#x9;at com.kms.katalon.core.webservice.keyword.builtin.VerifyResponseStatusCodeKeyword.verifyResponseStatusCode(VerifyResponseStatusCodeKeyword.groovy:37)&#xD;&#xA;&#x9;at com.kms.katalon.core.webservice.keyword.builtin.VerifyResponseStatusCodeKeyword.execute(VerifyResponseStatusCodeKeyword.groovy:32)&#xD;&#xA;&#x9;at com.kms.katalon.core.keyword.internal.KeywordExecutor.executeKeywordForPlatform(KeywordExecutor.groovy:56)&#xD;&#xA;&#x9;at com.kms.katalon.core.webservice.keyword.WSBuiltInKeywords.verifyResponseStatusCode(WSBuiltInKeywords.groovy:212)&#xD;&#xA;&#x9;at com.kms.katalon.core.webservice.keyword.WSBuiltInKeywords$verifyResponseStatusCode$1.call(Unknown Source)&#xD;&#xA;&#x9;at WSVerification1568908314793.run(WSVerification1568908314793:16)&#xD;&#xA;&#x9;at com.kms.katalon.core.main.ScriptEngine.run(ScriptEngine.java:194)&#xD;&#xA;&#x9;at com.kms.katalon.core.main.ScriptEngine.runScriptAsRawText(ScriptEngine.java:119)&#xD;&#xA;&#x9;at com.kms.katalon.core.main.WSVerificationExecutor.runScript(WSVerificationExecutor.java:146)&#xD;&#xA;&#x9;at com.kms.katalon.core.main.WSVerificationExecutor.doExecute(WSVerificationExecutor.java:140)&#xD;&#xA;&#x9;at com.kms.katalon.core.main.WSVerificationExecutor.processExecutionPhase(WSVerificationExecutor.java:123)&#xD;&#xA;&#x9;at com.kms.katalon.core.main.WSVerificationExecutor.accessMainPhase(WSVerificationExecutor.java:115)&#xD;&#xA;&#x9;at com.kms.katalon.core.main.WSVerificationExecutor.execute(WSVerificationExecutor.java:103)&#xD;&#xA;&#x9;at com.kms.katalon.core.main.TestCaseMain.runWSVerificationScript(TestCaseMain.java:127)&#xD;&#xA;&#x9;at com.kms.katalon.core.webservice.keyword.builtin.SendRequestAndVerifyKeyword$_sendRequestAndVerify_closure1.doCall(SendRequestAndVerifyKeyword.groovy:55)&#xD;&#xA;&#x9;at com.kms.katalon.core.webservice.keyword.builtin.SendRequestAndVerifyKeyword$_sendRequestAndVerify_closure1.call(SendRequestAndVerifyKeyword.groovy)&#xD;&#xA;&#x9;at com.kms.katalon.core.keyword.internal.KeywordMain.runKeyword(KeywordMain.groovy:68)&#xD;&#xA;&#x9;at com.kms.katalon.core.webservice.keyword.builtin.SendRequestAndVerifyKeyword.sendRequestAndVerify(SendRequestAndVerifyKeyword.groovy:43)&#xD;&#xA;&#x9;at com.kms.katalon.core.webservice.keyword.builtin.SendRequestAndVerifyKeyword.execute(SendRequestAndVerifyKeyword.groovy:38)&#xD;&#xA;&#x9;at com.kms.katalon.core.keyword.internal.KeywordExecutor.executeKeywordForPlatform(KeywordExecutor.groovy:56)&#xD;&#xA;&#x9;at com.kms.katalon.core.webservice.keyword.WSBuiltInKeywords.sendRequestAndVerify(WSBuiltInKeywords.groovy:65)&#xD;&#xA;&#x9;at com.kms.katalon.core.webservice.keyword.WSBuiltInKeywords$sendRequestAndVerify$0.call(Unknown Source)&#xD;&#xA;&#x9;at RoleAccessUser_Test.run(RoleAccessUser_Test:18)&#xD;&#xA;&#x9;at com.kms.katalon.core.main.ScriptEngine.run(ScriptEngine.java:194)&#xD;&#xA;&#x9;at com.kms.katalon.core.main.ScriptEngine.runScriptAsRawText(ScriptEngine.java:119)&#xD;&#xA;&#x9;at com.kms.katalon.core.main.TestCaseExecutor.runScript(TestCaseExecutor.java:337)&#xD;&#xA;&#x9;at com.kms.katalon.core.main.TestCaseExecutor.doExecute(TestCaseExecutor.java:328)&#xD;&#xA;&#x9;at com.kms.katalon.core.main.TestCaseExecutor.processExecutionPhase(TestCaseExecutor.java:307)&#xD;&#xA;&#x9;at com.kms.katalon.core.main.TestCaseExecutor.accessMainPhase(TestCaseExecutor.java:299)&#xD;&#xA;&#x9;at com.kms.katalon.core.main.TestCaseExecutor.execute(TestCaseExecutor.java:233)&#xD;&#xA;&#x9;at com.kms.katalon.core.main.TestSuiteExecutor.accessTestCaseMainPhase(TestSuiteExecutor.java:169)&#xD;&#xA;&#x9;at com.kms.katalon.core.main.TestSuiteExecutor.accessTestSuiteMainPhase(TestSuiteExecutor.java:142)&#xD;&#xA;&#x9;at com.kms.katalon.core.main.TestSuiteExecutor.execute(TestSuiteExecutor.java:91)&#xD;&#xA;&#x9;at com.kms.katalon.core.main.TestCaseMain.startTestSuite(TestCaseMain.java:157)&#xD;&#xA;&#x9;at com.kms.katalon.core.main.TestCaseMain$startTestSuite$0.call(Unknown Source)&#xD;&#xA;&#x9;at TempTestSuite1568908277252.run(TempTestSuite1568908277252.groovy:35)&#xD;&#xA;"/>
            <system-out>2019-09-19 21:21:54 - [TEST_CASE][FAILED] - Test Cases/RoleAccessUser_Test: Test Cases/RoleAccessUser_Test FAILED.
Reason:
com.kms.katalon.core.exception.StepFailedException: Expected status code is '200' but actual status code is '404'&#xD;
	at com.kms.katalon.core.keyword.internal.KeywordMain.stepFailed(KeywordMain.groovy:50)&#xD;
	at com.kms.katalon.core.webservice.keyword.builtin.VerifyResponseStatusCodeKeyword.verifyStatusCode(VerifyResponseStatusCodeKeyword.groovy:52)&#xD;
	at com.kms.katalon.core.webservice.keyword.builtin.VerifyResponseStatusCodeKeyword$_verifyResponseStatusCode_closure1.doCall(VerifyResponseStatusCodeKeyword.groovy:42)&#xD;
	at com.kms.katalon.core.webservice.keyword.builtin.VerifyResponseStatusCodeKeyword$_verifyResponseStatusCode_closure1.call(VerifyResponseStatusCodeKeyword.groovy)&#xD;
	at com.kms.katalon.core.keyword.internal.KeywordMain.runKeyword(KeywordMain.groovy:68)&#xD;
	at com.kms.katalon.core.webservice.keyword.builtin.VerifyResponseStatusCodeKeyword.verifyResponseStatusCode(VerifyResponseStatusCodeKeyword.groovy:37)&#xD;
	at com.kms.katalon.core.webservice.keyword.builtin.VerifyResponseStatusCodeKeyword.execute(VerifyResponseStatusCodeKeyword.groovy:32)&#xD;
	at com.kms.katalon.core.keyword.internal.KeywordExecutor.executeKeywordForPlatform(KeywordExecutor.groovy:56)&#xD;
	at com.kms.katalon.core.webservice.keyword.WSBuiltInKeywords.verifyResponseStatusCode(WSBuiltInKeywords.groovy:212)&#xD;
	at com.kms.katalon.core.webservice.keyword.WSBuiltInKeywords$verifyResponseStatusCode$1.call(Unknown Source)&#xD;
	at WSVerification1568908314793.run(WSVerification1568908314793:16)&#xD;
	at com.kms.katalon.core.main.ScriptEngine.run(ScriptEngine.java:194)&#xD;
	at com.kms.katalon.core.main.ScriptEngine.runScriptAsRawText(ScriptEngine.java:119)&#xD;
	at com.kms.katalon.core.main.WSVerificationExecutor.runScript(WSVerificationExecutor.java:146)&#xD;
	at com.kms.katalon.core.main.WSVerificationExecutor.doExecute(WSVerificationExecutor.java:140)&#xD;
	at com.kms.katalon.core.main.WSVerificationExecutor.processExecutionPhase(WSVerificationExecutor.java:123)&#xD;
	at com.kms.katalon.core.main.WSVerificationExecutor.accessMainPhase(WSVerificationExecutor.java:115)&#xD;
	at com.kms.katalon.core.main.WSVerificationExecutor.execute(WSVerificationExecutor.java:103)&#xD;
	at com.kms.katalon.core.main.TestCaseMain.runWSVerificationScript(TestCaseMain.java:127)&#xD;
	at com.kms.katalon.core.webservice.keyword.builtin.SendRequestAndVerifyKeyword$_sendRequestAndVerify_closure1.doCall(SendRequestAndVerifyKeyword.groovy:55)&#xD;
	at com.kms.katalon.core.webservice.keyword.builtin.SendRequestAndVerifyKeyword$_sendRequestAndVerify_closure1.call(SendRequestAndVerifyKeyword.groovy)&#xD;
	at com.kms.katalon.core.keyword.internal.KeywordMain.runKeyword(KeywordMain.groovy:68)&#xD;
	at com.kms.katalon.core.webservice.keyword.builtin.SendRequestAndVerifyKeyword.sendRequestAndVerify(SendRequestAndVerifyKeyword.groovy:43)&#xD;
	at com.kms.katalon.core.webservice.keyword.builtin.SendRequestAndVerifyKeyword.execute(SendRequestAndVerifyKeyword.groovy:38)&#xD;
	at com.kms.katalon.core.keyword.internal.KeywordExecutor.executeKeywordForPlatform(KeywordExecutor.groovy:56)&#xD;
	at com.kms.katalon.core.webservice.keyword.WSBuiltInKeywords.sendRequestAndVerify(WSBuiltInKeywords.groovy:65)&#xD;
	at com.kms.katalon.core.webservice.keyword.WSBuiltInKeywords$sendRequestAndVerify$0.call(Unknown Source)&#xD;
	at RoleAccessUser_Test.run(RoleAccessUser_Test:18)&#xD;
	at com.kms.katalon.core.main.ScriptEngine.run(ScriptEngine.java:194)&#xD;
	at com.kms.katalon.core.main.ScriptEngine.runScriptAsRawText(ScriptEngine.java:119)&#xD;
	at com.kms.katalon.core.main.TestCaseExecutor.runScript(TestCaseExecutor.java:337)&#xD;
	at com.kms.katalon.core.main.TestCaseExecutor.doExecute(TestCaseExecutor.java:328)&#xD;
	at com.kms.katalon.core.main.TestCaseExecutor.processExecutionPhase(TestCaseExecutor.java:307)&#xD;
	at com.kms.katalon.core.main.TestCaseExecutor.accessMainPhase(TestCaseExecutor.java:299)&#xD;
	at com.kms.katalon.core.main.TestCaseExecutor.execute(TestCaseExecutor.java:233)&#xD;
	at com.kms.katalon.core.main.TestSuiteExecutor.accessTestCaseMainPhase(TestSuiteExecutor.java:169)&#xD;
	at com.kms.katalon.core.main.TestSuiteExecutor.accessTestSuiteMainPhase(TestSuiteExecutor.java:142)&#xD;
	at com.kms.katalon.core.main.TestSuiteExecutor.execute(TestSuiteExecutor.java:91)&#xD;
	at com.kms.katalon.core.main.TestCaseMain.startTestSuite(TestCaseMain.java:157)&#xD;
	at com.kms.katalon.core.main.TestCaseMain$startTestSuite$0.call(Unknown Source)&#xD;
	at TempTestSuite1568908277252.run(TempTestSuite1568908277252.groovy:35)&#xD;
&#xD;
&#xD;
2019-09-19 21:21:54 - [TEST_STEP][FAILED] - sendRequestAndVerify(findTestObject("Role Access By User", ["uniqueToken":uniquetoken, "userId":userid])): Unable to send request and verify the response (Root cause: com.kms.katalon.core.exception.StepFailedException: Verification failed&#xD;
	at com.kms.katalon.core.webservice.keyword.builtin.SendRequestAndVerifyKeyword$_sendRequestAndVerify_closure1.doCall(SendRequestAndVerifyKeyword.groovy:59)&#xD;
	at com.kms.katalon.core.webservice.keyword.builtin.SendRequestAndVerifyKeyword$_sendRequestAndVerify_closure1.call(SendRequestAndVerifyKeyword.groovy)&#xD;
	at com.kms.katalon.core.keyword.internal.KeywordMain.runKeyword(KeywordMain.groovy:68)&#xD;
	at com.kms.katalon.core.webservice.keyword.builtin.SendRequestAndVerifyKeyword.sendRequestAndVerify(SendRequestAndVerifyKeyword.groovy:43)&#xD;
	at com.kms.katalon.core.webservice.keyword.builtin.SendRequestAndVerifyKeyword.execute(SendRequestAndVerifyKeyword.groovy:38)&#xD;
	at com.kms.katalon.core.keyword.internal.KeywordExecutor.executeKeywordForPlatform(KeywordExecutor.groovy:56)&#xD;
	at com.kms.katalon.core.webservice.keyword.WSBuiltInKeywords.sendRequestAndVerify(WSBuiltInKeywords.groovy:65)&#xD;
	at com.kms.katalon.core.webservice.keyword.WSBuiltInKeywords$sendRequestAndVerify$0.call(Unknown Source)&#xD;
	at RoleAccessUser_Test.run(RoleAccessUser_Test:18)&#xD;
	at com.kms.katalon.core.main.ScriptEngine.run(ScriptEngine.java:194)&#xD;
	at com.kms.katalon.core.main.ScriptEngine.runScriptAsRawText(ScriptEngine.java:119)&#xD;
	at com.kms.katalon.core.main.TestCaseExecutor.runScript(TestCaseExecutor.java:337)&#xD;
	at com.kms.katalon.core.main.TestCaseExecutor.doExecute(TestCaseExecutor.java:328)&#xD;
	at com.kms.katalon.core.main.TestCaseExecutor.processExecutionPhase(TestCaseExecutor.java:307)&#xD;
	at com.kms.katalon.core.main.TestCaseExecutor.accessMainPhase(TestCaseExecutor.java:299)&#xD;
	at com.kms.katalon.core.main.TestCaseExecutor.execute(TestCaseExecutor.java:233)&#xD;
	at com.kms.katalon.core.main.TestSuiteExecutor.accessTestCaseMainPhase(TestSuiteExecutor.java:169)&#xD;
	at com.kms.katalon.core.main.TestSuiteExecutor.accessTestSuiteMainPhase(TestSuiteExecutor.java:142)&#xD;
	at com.kms.katalon.core.main.TestSuiteExecutor.execute(TestSuiteExecutor.java:91)&#xD;
	at com.kms.katalon.core.main.TestCaseMain.startTestSuite(TestCaseMain.java:157)&#xD;
	at com.kms.katalon.core.main.TestCaseMain$startTestSuite$0.call(Unknown Source)&#xD;
	at TempTestSuite1568908277252.run(TempTestSuite1568908277252.groovy:35)&#xD;
)&#xD;
&#xD;
2019-09-19 21:21:54 - [MESSAGE][INFO] - HAR: C:\Users\rajesh.veeranna\Katalon Studio\SmartIndonasia\Reports\20190919_212117\SMARTINDONASIA_API_SmokeTest\20190919_212117\requests\main\25.har&#xD;
&#xD;
2019-09-19 21:21:54 - [TEST_CASE][FAILED] - Start Test Case : Verification: Verification FAILED.
Reason:
com.kms.katalon.core.exception.StepFailedException: Expected status code is '200' but actual status code is '404'&#xD;
	at com.kms.katalon.core.keyword.internal.KeywordMain.stepFailed(KeywordMain.groovy:50)&#xD;
	at com.kms.katalon.core.webservice.keyword.builtin.VerifyResponseStatusCodeKeyword.verifyStatusCode(VerifyResponseStatusCodeKeyword.groovy:52)&#xD;
	at com.kms.katalon.core.webservice.keyword.builtin.VerifyResponseStatusCodeKeyword$_verifyResponseStatusCode_closure1.doCall(VerifyResponseStatusCodeKeyword.groovy:42)&#xD;
	at com.kms.katalon.core.webservice.keyword.builtin.VerifyResponseStatusCodeKeyword$_verifyResponseStatusCode_closure1.call(VerifyResponseStatusCodeKeyword.groovy)&#xD;
	at com.kms.katalon.core.keyword.internal.KeywordMain.runKeyword(KeywordMain.groovy:68)&#xD;
	at com.kms.katalon.core.webservice.keyword.builtin.VerifyResponseStatusCodeKeyword.verifyResponseStatusCode(VerifyResponseStatusCodeKeyword.groovy:37)&#xD;
	at com.kms.katalon.core.webservice.keyword.builtin.VerifyResponseStatusCodeKeyword.execute(VerifyResponseStatusCodeKeyword.groovy:32)&#xD;
	at com.kms.katalon.core.keyword.internal.KeywordExecutor.executeKeywordForPlatform(KeywordExecutor.groovy:56)&#xD;
	at com.kms.katalon.core.webservice.keyword.WSBuiltInKeywords.verifyResponseStatusCode(WSBuiltInKeywords.groovy:212)&#xD;
	at com.kms.katalon.core.webservice.keyword.WSBuiltInKeywords$verifyResponseStatusCode$1.call(Unknown Source)&#xD;
	at WSVerification1568908314793.run(WSVerification1568908314793:16)&#xD;
	at com.kms.katalon.core.main.ScriptEngine.run(ScriptEngine.java:194)&#xD;
	at com.kms.katalon.core.main.ScriptEngine.runScriptAsRawText(ScriptEngine.java:119)&#xD;
	at com.kms.katalon.core.main.WSVerificationExecutor.runScript(WSVerificationExecutor.java:146)&#xD;
	at com.kms.katalon.core.main.WSVerificationExecutor.doExecute(WSVerificationExecutor.java:140)&#xD;
	at com.kms.katalon.core.main.WSVerificationExecutor.processExecutionPhase(WSVerificationExecutor.java:123)&#xD;
	at com.kms.katalon.core.main.WSVerificationExecutor.accessMainPhase(WSVerificationExecutor.java:115)&#xD;
	at com.kms.katalon.core.main.WSVerificationExecutor.execute(WSVerificationExecutor.java:103)&#xD;
	at com.kms.katalon.core.main.TestCaseMain.runWSVerificationScript(TestCaseMain.java:127)&#xD;
	at com.kms.katalon.core.webservice.keyword.builtin.SendRequestAndVerifyKeyword$_sendRequestAndVerify_closure1.doCall(SendRequestAndVerifyKeyword.groovy:55)&#xD;
	at com.kms.katalon.core.webservice.keyword.builtin.SendRequestAndVerifyKeyword$_sendRequestAndVerify_closure1.call(SendRequestAndVerifyKeyword.groovy)&#xD;
	at com.kms.katalon.core.keyword.internal.KeywordMain.runKeyword(KeywordMain.groovy:68)&#xD;
	at com.kms.katalon.core.webservice.keyword.builtin.SendRequestAndVerifyKeyword.sendRequestAndVerify(SendRequestAndVerifyKeyword.groovy:43)&#xD;
	at com.kms.katalon.core.webservice.keyword.builtin.SendRequestAndVerifyKeyword.execute(SendRequestAndVerifyKeyword.groovy:38)&#xD;
	at com.kms.katalon.core.keyword.internal.KeywordExecutor.executeKeywordForPlatform(KeywordExecutor.groovy:56)&#xD;
	at com.kms.katalon.core.webservice.keyword.WSBuiltInKeywords.sendRequestAndVerify(WSBuiltInKeywords.groovy:65)&#xD;
	at com.kms.katalon.core.webservice.keyword.WSBuiltInKeywords$sendRequestAndVerify$0.call(Unknown Source)&#xD;
	at RoleAccessUser_Test.run(RoleAccessUser_Test:18)&#xD;
	at com.kms.katalon.core.main.ScriptEngine.run(ScriptEngine.java:194)&#xD;
	at com.kms.katalon.core.main.ScriptEngine.runScriptAsRawText(ScriptEngine.java:119)&#xD;
	at com.kms.katalon.core.main.TestCaseExecutor.runScript(TestCaseExecutor.java:337)&#xD;
	at com.kms.katalon.core.main.TestCaseExecutor.doExecute(TestCaseExecutor.java:328)&#xD;
	at com.kms.katalon.core.main.TestCaseExecutor.processExecutionPhase(TestCaseExecutor.java:307)&#xD;
	at com.kms.katalon.core.main.TestCaseExecutor.accessMainPhase(TestCaseExecutor.java:299)&#xD;
	at com.kms.katalon.core.main.TestCaseExecutor.execute(TestCaseExecutor.java:233)&#xD;
	at com.kms.katalon.core.main.TestSuiteExecutor.accessTestCaseMainPhase(TestSuiteExecutor.java:169)&#xD;
	at com.kms.katalon.core.main.TestSuiteExecutor.accessTestSuiteMainPhase(TestSuiteExecutor.java:142)&#xD;
	at com.kms.katalon.core.main.TestSuiteExecutor.execute(TestSuiteExecutor.java:91)&#xD;
	at com.kms.katalon.core.main.TestCaseMain.startTestSuite(TestCaseMain.java:157)&#xD;
	at com.kms.katalon.core.main.TestCaseMain$startTestSuite$0.call(Unknown Source)&#xD;
	at TempTestSuite1568908277252.run(TempTestSuite1568908277252.groovy:35)&#xD;
&#xD;
&#xD;
2019-09-19 21:21:54 - [TEST_STEP][PASSED] - request = getInstance().getCurrentRequest(): null&#xD;
&#xD;
2019-09-19 21:21:55 - [TEST_STEP][PASSED] - response = getInstance().getCurrentResponse(): null&#xD;
&#xD;
2019-09-19 21:21:55 - [TEST_STEP][FAILED] - verifyResponseStatusCode(response, 200): Unable to verify response status code (Root cause: com.kms.katalon.core.exception.StepFailedException: Expected status code is '200' but actual status code is '404'&#xD;
	at com.kms.katalon.core.keyword.internal.KeywordMain.stepFailed(KeywordMain.groovy:50)&#xD;
	at com.kms.katalon.core.webservice.keyword.builtin.VerifyResponseStatusCodeKeyword.verifyStatusCode(VerifyResponseStatusCodeKeyword.groovy:52)&#xD;
	at com.kms.katalon.core.webservice.keyword.builtin.VerifyResponseStatusCodeKeyword$_verifyResponseStatusCode_closure1.doCall(VerifyResponseStatusCodeKeyword.groovy:42)&#xD;
	at com.kms.katalon.core.webservice.keyword.builtin.VerifyResponseStatusCodeKeyword$_verifyResponseStatusCode_closure1.call(VerifyResponseStatusCodeKeyword.groovy)&#xD;
	at com.kms.katalon.core.keyword.internal.KeywordMain.runKeyword(KeywordMain.groovy:68)&#xD;
	at com.kms.katalon.core.webservice.keyword.builtin.VerifyResponseStatusCodeKeyword.verifyResponseStatusCode(VerifyResponseStatusCodeKeyword.groovy:37)&#xD;
	at com.kms.katalon.core.webservice.keyword.builtin.VerifyResponseStatusCodeKeyword.execute(VerifyResponseStatusCodeKeyword.groovy:32)&#xD;
	at com.kms.katalon.core.keyword.internal.KeywordExecutor.executeKeywordForPlatform(KeywordExecutor.groovy:56)&#xD;
	at com.kms.katalon.core.webservice.keyword.WSBuiltInKeywords.verifyResponseStatusCode(WSBuiltInKeywords.groovy:212)&#xD;
	at com.kms.katalon.core.webservice.keyword.WSBuiltInKeywords$verifyResponseStatusCode$1.call(Unknown Source)&#xD;
	at WSVerification1568908314793.run(WSVerification1568908314793:16)&#xD;
	at com.kms.katalon.core.main.ScriptEngine.run(ScriptEngine.java:194)&#xD;
	at com.kms.katalon.core.main.ScriptEngine.runScriptAsRawText(ScriptEngine.java:119)&#xD;
	at com.kms.katalon.core.main.WSVerificationExecutor.runScript(WSVerificationExecutor.java:146)&#xD;
	at com.kms.katalon.core.main.WSVerificationExecutor.doExecute(WSVerificationExecutor.java:140)&#xD;
	at com.kms.katalon.core.main.WSVerificationExecutor.processExecutionPhase(WSVerificationExecutor.java:123)&#xD;
	at com.kms.katalon.core.main.WSVerificationExecutor.accessMainPhase(WSVerificationExecutor.java:115)&#xD;
	at com.kms.katalon.core.main.WSVerificationExecutor.execute(WSVerificationExecutor.java:103)&#xD;
	at com.kms.katalon.core.main.TestCaseMain.runWSVerificationScript(TestCaseMain.java:127)&#xD;
	at com.kms.katalon.core.webservice.keyword.builtin.SendRequestAndVerifyKeyword$_sendRequestAndVerify_closure1.doCall(SendRequestAndVerifyKeyword.groovy:55)&#xD;
	at com.kms.katalon.core.webservice.keyword.builtin.SendRequestAndVerifyKeyword$_sendRequestAndVerify_closure1.call(SendRequestAndVerifyKeyword.groovy)&#xD;
	at com.kms.katalon.core.keyword.internal.KeywordMain.runKeyword(KeywordMain.groovy:68)&#xD;
	at com.kms.katalon.core.webservice.keyword.builtin.SendRequestAndVerifyKeyword.sendRequestAndVerify(SendRequestAndVerifyKeyword.groovy:43)&#xD;
	at com.kms.katalon.core.webservice.keyword.builtin.SendRequestAndVerifyKeyword.execute(SendRequestAndVerifyKeyword.groovy:38)&#xD;
	at com.kms.katalon.core.keyword.internal.KeywordExecutor.executeKeywordForPlatform(KeywordExecutor.groovy:56)&#xD;
	at com.kms.katalon.core.webservice.keyword.WSBuiltInKeywords.sendRequestAndVerify(WSBuiltInKeywords.groovy:65)&#xD;
	at com.kms.katalon.core.webservice.keyword.WSBuiltInKeywords$sendRequestAndVerify$0.call(Unknown Source)&#xD;
	at RoleAccessUser_Test.run(RoleAccessUser_Test:18)&#xD;
	at com.kms.katalon.core.main.ScriptEngine.run(ScriptEngine.java:194)&#xD;
	at com.kms.katalon.core.main.ScriptEngine.runScriptAsRawText(ScriptEngine.java:119)&#xD;
	at com.kms.katalon.core.main.TestCaseExecutor.runScript(TestCaseExecutor.java:337)&#xD;
	at com.kms.katalon.core.main.TestCaseExecutor.doExecute(TestCaseExecutor.java:328)&#xD;
	at com.kms.katalon.core.main.TestCaseExecutor.processExecutionPhase(TestCaseExecutor.java:307)&#xD;
	at com.kms.katalon.core.main.TestCaseExecutor.accessMainPhase(TestCaseExecutor.java:299)&#xD;
	at com.kms.katalon.core.main.TestCaseExecutor.execute(TestCaseExecutor.java:233)&#xD;
	at com.kms.katalon.core.main.TestSuiteExecutor.accessTestCaseMainPhase(TestSuiteExecutor.java:169)&#xD;
	at com.kms.katalon.core.main.TestSuiteExecutor.accessTestSuiteMainPhase(TestSuiteExecutor.java:142)&#xD;
	at com.kms.katalon.core.main.TestSuiteExecutor.execute(TestSuiteExecutor.java:91)&#xD;
	at com.kms.katalon.core.main.TestCaseMain.startTestSuite(TestCaseMain.java:157)&#xD;
	at com.kms.katalon.core.main.TestCaseMain$startTestSuite$0.call(Unknown Source)&#xD;
	at TempTestSuite1568908277252.run(TempTestSuite1568908277252.groovy:35)&#xD;
)&#xD;
&#xD;
2019-09-19 21:21:55 - [MESSAGE][FAILED] - Expected status code is '200' but actual status code is '404'&#xD;
&#xD;
2019-09-19 21:21:55 - [MESSAGE][FAILED] - Unable to verify response status code (Root cause: com.kms.katalon.core.exception.StepFailedException: Expected status code is '200' but actual status code is '404'&#xD;
	at com.kms.katalon.core.keyword.internal.KeywordMain.stepFailed(KeywordMain.groovy:50)&#xD;
	at com.kms.katalon.core.webservice.keyword.builtin.VerifyResponseStatusCodeKeyword.verifyStatusCode(VerifyResponseStatusCodeKeyword.groovy:52)&#xD;
	at com.kms.katalon.core.webservice.keyword.builtin.VerifyResponseStatusCodeKeyword$_verifyResponseStatusCode_closure1.doCall(VerifyResponseStatusCodeKeyword.groovy:42)&#xD;
	at com.kms.katalon.core.webservice.keyword.builtin.VerifyResponseStatusCodeKeyword$_verifyResponseStatusCode_closure1.call(VerifyResponseStatusCodeKeyword.groovy)&#xD;
	at com.kms.katalon.core.keyword.internal.KeywordMain.runKeyword(KeywordMain.groovy:68)&#xD;
	at com.kms.katalon.core.webservice.keyword.builtin.VerifyResponseStatusCodeKeyword.verifyResponseStatusCode(VerifyResponseStatusCodeKeyword.groovy:37)&#xD;
	at com.kms.katalon.core.webservice.keyword.builtin.VerifyResponseStatusCodeKeyword.execute(VerifyResponseStatusCodeKeyword.groovy:32)&#xD;
	at com.kms.katalon.core.keyword.internal.KeywordExecutor.executeKeywordForPlatform(KeywordExecutor.groovy:56)&#xD;
	at com.kms.katalon.core.webservice.keyword.WSBuiltInKeywords.verifyResponseStatusCode(WSBuiltInKeywords.groovy:212)&#xD;
	at com.kms.katalon.core.webservice.keyword.WSBuiltInKeywords$verifyResponseStatusCode$1.call(Unknown Source)&#xD;
	at WSVerification1568908314793.run(WSVerification1568908314793:16)&#xD;
	at com.kms.katalon.core.main.ScriptEngine.run(ScriptEngine.java:194)&#xD;
	at com.kms.katalon.core.main.ScriptEngine.runScriptAsRawText(ScriptEngine.java:119)&#xD;
	at com.kms.katalon.core.main.WSVerificationExecutor.runScript(WSVerificationExecutor.java:146)&#xD;
	at com.kms.katalon.core.main.WSVerificationExecutor.doExecute(WSVerificationExecutor.java:140)&#xD;
	at com.kms.katalon.core.main.WSVerificationExecutor.processExecutionPhase(WSVerificationExecutor.java:123)&#xD;
	at com.kms.katalon.core.main.WSVerificationExecutor.accessMainPhase(WSVerificationExecutor.java:115)&#xD;
	at com.kms.katalon.core.main.WSVerificationExecutor.execute(WSVerificationExecutor.java:103)&#xD;
	at com.kms.katalon.core.main.TestCaseMain.runWSVerificationScript(TestCaseMain.java:127)&#xD;
	at com.kms.katalon.core.webservice.keyword.builtin.SendRequestAndVerifyKeyword$_sendRequestAndVerify_closure1.doCall(SendRequestAndVerifyKeyword.groovy:55)&#xD;
	at com.kms.katalon.core.webservice.keyword.builtin.SendRequestAndVerifyKeyword$_sendRequestAndVerify_closure1.call(SendRequestAndVerifyKeyword.groovy)&#xD;
	at com.kms.katalon.core.keyword.internal.KeywordMain.runKeyword(KeywordMain.groovy:68)&#xD;
	at com.kms.katalon.core.webservice.keyword.builtin.SendRequestAndVerifyKeyword.sendRequestAndVerify(SendRequestAndVerifyKeyword.groovy:43)&#xD;
	at com.kms.katalon.core.webservice.keyword.builtin.SendRequestAndVerifyKeyword.execute(SendRequestAndVerifyKeyword.groovy:38)&#xD;
	at com.kms.katalon.core.keyword.internal.KeywordExecutor.executeKeywordForPlatform(KeywordExecutor.groovy:56)&#xD;
	at com.kms.katalon.core.webservice.keyword.WSBuiltInKeywords.sendRequestAndVerify(WSBuiltInKeywords.groovy:65)&#xD;
	at com.kms.katalon.core.webservice.keyword.WSBuiltInKeywords$sendRequestAndVerify$0.call(Unknown Source)&#xD;
	at RoleAccessUser_Test.run(RoleAccessUser_Test:18)&#xD;
	at com.kms.katalon.core.main.ScriptEngine.run(ScriptEngine.java:194)&#xD;
	at com.kms.katalon.core.main.ScriptEngine.runScriptAsRawText(ScriptEngine.java:119)&#xD;
	at com.kms.katalon.core.main.TestCaseExecutor.runScript(TestCaseExecutor.java:337)&#xD;
	at com.kms.katalon.core.main.TestCaseExecutor.doExecute(TestCaseExecutor.java:328)&#xD;
	at com.kms.katalon.core.main.TestCaseExecutor.processExecutionPhase(TestCaseExecutor.java:307)&#xD;
	at com.kms.katalon.core.main.TestCaseExecutor.accessMainPhase(TestCaseExecutor.java:299)&#xD;
	at com.kms.katalon.core.main.TestCaseExecutor.execute(TestCaseExecutor.java:233)&#xD;
	at com.kms.katalon.core.main.TestSuiteExecutor.accessTestCaseMainPhase(TestSuiteExecutor.java:169)&#xD;
	at com.kms.katalon.core.main.TestSuiteExecutor.accessTestSuiteMainPhase(TestSuiteExecutor.java:142)&#xD;
	at com.kms.katalon.core.main.TestSuiteExecutor.execute(TestSuiteExecutor.java:91)&#xD;
	at com.kms.katalon.core.main.TestCaseMain.startTestSuite(TestCaseMain.java:157)&#xD;
	at com.kms.katalon.core.main.TestCaseMain$startTestSuite$0.call(Unknown Source)&#xD;
	at TempTestSuite1568908277252.run(TempTestSuite1568908277252.groovy:35)&#xD;
)&#xD;
&#xD;
2019-09-19 21:21:55 - [MESSAGE][FAILED] - Unable to send request and verify the response (Root cause: com.kms.katalon.core.exception.StepFailedException: Verification failed&#xD;
	at com.kms.katalon.core.webservice.keyword.builtin.SendRequestAndVerifyKeyword$_sendRequestAndVerify_closure1.doCall(SendRequestAndVerifyKeyword.groovy:59)&#xD;
	at com.kms.katalon.core.webservice.keyword.builtin.SendRequestAndVerifyKeyword$_sendRequestAndVerify_closure1.call(SendRequestAndVerifyKeyword.groovy)&#xD;
	at com.kms.katalon.core.keyword.internal.KeywordMain.runKeyword(KeywordMain.groovy:68)&#xD;
	at com.kms.katalon.core.webservice.keyword.builtin.SendRequestAndVerifyKeyword.sendRequestAndVerify(SendRequestAndVerifyKeyword.groovy:43)&#xD;
	at com.kms.katalon.core.webservice.keyword.builtin.SendRequestAndVerifyKeyword.execute(SendRequestAndVerifyKeyword.groovy:38)&#xD;
	at com.kms.katalon.core.keyword.internal.KeywordExecutor.executeKeywordForPlatform(KeywordExecutor.groovy:56)&#xD;
	at com.kms.katalon.core.webservice.keyword.WSBuiltInKeywords.sendRequestAndVerify(WSBuiltInKeywords.groovy:65)&#xD;
	at com.kms.katalon.core.webservice.keyword.WSBuiltInKeywords$sendRequestAndVerify$0.call(Unknown Source)&#xD;
	at RoleAccessUser_Test.run(RoleAccessUser_Test:18)&#xD;
	at com.kms.katalon.core.main.ScriptEngine.run(ScriptEngine.java:194)&#xD;
	at com.kms.katalon.core.main.ScriptEngine.runScriptAsRawText(ScriptEngine.java:119)&#xD;
	at com.kms.katalon.core.main.TestCaseExecutor.runScript(TestCaseExecutor.java:337)&#xD;
	at com.kms.katalon.core.main.TestCaseExecutor.doExecute(TestCaseExecutor.java:328)&#xD;
	at com.kms.katalon.core.main.TestCaseExecutor.processExecutionPhase(TestCaseExecutor.java:307)&#xD;
	at com.kms.katalon.core.main.TestCaseExecutor.accessMainPhase(TestCaseExecutor.java:299)&#xD;
	at com.kms.katalon.core.main.TestCaseExecutor.execute(TestCaseExecutor.java:233)&#xD;
	at com.kms.katalon.core.main.TestSuiteExecutor.accessTestCaseMainPhase(TestSuiteExecutor.java:169)&#xD;
	at com.kms.katalon.core.main.TestSuiteExecutor.accessTestSuiteMainPhase(TestSuiteExecutor.java:142)&#xD;
	at com.kms.katalon.core.main.TestSuiteExecutor.execute(TestSuiteExecutor.java:91)&#xD;
	at com.kms.katalon.core.main.TestCaseMain.startTestSuite(TestCaseMain.java:157)&#xD;
	at com.kms.katalon.core.main.TestCaseMain$startTestSuite$0.call(Unknown Source)&#xD;
	at TempTestSuite1568908277252.run(TempTestSuite1568908277252.groovy:35)&#xD;
)</system-out>
            <system-err>2019-09-19 21:21:54 - [TEST_CASE][FAILED] - Test Cases/RoleAccessUser_Test: Test Cases/RoleAccessUser_Test FAILED.
Reason:
com.kms.katalon.core.exception.StepFailedException: Expected status code is '200' but actual status code is '404'&#xD;
	at com.kms.katalon.core.keyword.internal.KeywordMain.stepFailed(KeywordMain.groovy:50)&#xD;
	at com.kms.katalon.core.webservice.keyword.builtin.VerifyResponseStatusCodeKeyword.verifyStatusCode(VerifyResponseStatusCodeKeyword.groovy:52)&#xD;
	at com.kms.katalon.core.webservice.keyword.builtin.VerifyResponseStatusCodeKeyword$_verifyResponseStatusCode_closure1.doCall(VerifyResponseStatusCodeKeyword.groovy:42)&#xD;
	at com.kms.katalon.core.webservice.keyword.builtin.VerifyResponseStatusCodeKeyword$_verifyResponseStatusCode_closure1.call(VerifyResponseStatusCodeKeyword.groovy)&#xD;
	at com.kms.katalon.core.keyword.internal.KeywordMain.runKeyword(KeywordMain.groovy:68)&#xD;
	at com.kms.katalon.core.webservice.keyword.builtin.VerifyResponseStatusCodeKeyword.verifyResponseStatusCode(VerifyResponseStatusCodeKeyword.groovy:37)&#xD;
	at com.kms.katalon.core.webservice.keyword.builtin.VerifyResponseStatusCodeKeyword.execute(VerifyResponseStatusCodeKeyword.groovy:32)&#xD;
	at com.kms.katalon.core.keyword.internal.KeywordExecutor.executeKeywordForPlatform(KeywordExecutor.groovy:56)&#xD;
	at com.kms.katalon.core.webservice.keyword.WSBuiltInKeywords.verifyResponseStatusCode(WSBuiltInKeywords.groovy:212)&#xD;
	at com.kms.katalon.core.webservice.keyword.WSBuiltInKeywords$verifyResponseStatusCode$1.call(Unknown Source)&#xD;
	at WSVerification1568908314793.run(WSVerification1568908314793:16)&#xD;
	at com.kms.katalon.core.main.ScriptEngine.run(ScriptEngine.java:194)&#xD;
	at com.kms.katalon.core.main.ScriptEngine.runScriptAsRawText(ScriptEngine.java:119)&#xD;
	at com.kms.katalon.core.main.WSVerificationExecutor.runScript(WSVerificationExecutor.java:146)&#xD;
	at com.kms.katalon.core.main.WSVerificationExecutor.doExecute(WSVerificationExecutor.java:140)&#xD;
	at com.kms.katalon.core.main.WSVerificationExecutor.processExecutionPhase(WSVerificationExecutor.java:123)&#xD;
	at com.kms.katalon.core.main.WSVerificationExecutor.accessMainPhase(WSVerificationExecutor.java:115)&#xD;
	at com.kms.katalon.core.main.WSVerificationExecutor.execute(WSVerificationExecutor.java:103)&#xD;
	at com.kms.katalon.core.main.TestCaseMain.runWSVerificationScript(TestCaseMain.java:127)&#xD;
	at com.kms.katalon.core.webservice.keyword.builtin.SendRequestAndVerifyKeyword$_sendRequestAndVerify_closure1.doCall(SendRequestAndVerifyKeyword.groovy:55)&#xD;
	at com.kms.katalon.core.webservice.keyword.builtin.SendRequestAndVerifyKeyword$_sendRequestAndVerify_closure1.call(SendRequestAndVerifyKeyword.groovy)&#xD;
	at com.kms.katalon.core.keyword.internal.KeywordMain.runKeyword(KeywordMain.groovy:68)&#xD;
	at com.kms.katalon.core.webservice.keyword.builtin.SendRequestAndVerifyKeyword.sendRequestAndVerify(SendRequestAndVerifyKeyword.groovy:43)&#xD;
	at com.kms.katalon.core.webservice.keyword.builtin.SendRequestAndVerifyKeyword.execute(SendRequestAndVerifyKeyword.groovy:38)&#xD;
	at com.kms.katalon.core.keyword.internal.KeywordExecutor.executeKeywordForPlatform(KeywordExecutor.groovy:56)&#xD;
	at com.kms.katalon.core.webservice.keyword.WSBuiltInKeywords.sendRequestAndVerify(WSBuiltInKeywords.groovy:65)&#xD;
	at com.kms.katalon.core.webservice.keyword.WSBuiltInKeywords$sendRequestAndVerify$0.call(Unknown Source)&#xD;
	at RoleAccessUser_Test.run(RoleAccessUser_Test:18)&#xD;
	at com.kms.katalon.core.main.ScriptEngine.run(ScriptEngine.java:194)&#xD;
	at com.kms.katalon.core.main.ScriptEngine.runScriptAsRawText(ScriptEngine.java:119)&#xD;
	at com.kms.katalon.core.main.TestCaseExecutor.runScript(TestCaseExecutor.java:337)&#xD;
	at com.kms.katalon.core.main.TestCaseExecutor.doExecute(TestCaseExecutor.java:328)&#xD;
	at com.kms.katalon.core.main.TestCaseExecutor.processExecutionPhase(TestCaseExecutor.java:307)&#xD;
	at com.kms.katalon.core.main.TestCaseExecutor.accessMainPhase(TestCaseExecutor.java:299)&#xD;
	at com.kms.katalon.core.main.TestCaseExecutor.execute(TestCaseExecutor.java:233)&#xD;
	at com.kms.katalon.core.main.TestSuiteExecutor.accessTestCaseMainPhase(TestSuiteExecutor.java:169)&#xD;
	at com.kms.katalon.core.main.TestSuiteExecutor.accessTestSuiteMainPhase(TestSuiteExecutor.java:142)&#xD;
	at com.kms.katalon.core.main.TestSuiteExecutor.execute(TestSuiteExecutor.java:91)&#xD;
	at com.kms.katalon.core.main.TestCaseMain.startTestSuite(TestCaseMain.java:157)&#xD;
	at com.kms.katalon.core.main.TestCaseMain$startTestSuite$0.call(Unknown Source)&#xD;
	at TempTestSuite1568908277252.run(TempTestSuite1568908277252.groovy:35)</system-err>
        </testcase>
        <testcase name="Test Cases/sIncidentHistory_Test" classname="Test Cases/sIncidentHistory_Test" status="FAILED">
            <failure type="FAILED" message="Test Cases/sIncidentHistory_Test FAILED.&#xA;Reason:&#xA;com.kms.katalon.core.exception.StepFailedException: Expected status code is '200' but actual status code is '404'&#xD;&#xA;&#x9;at com.kms.katalon.core.keyword.internal.KeywordMain.stepFailed(KeywordMain.groovy:50)&#xD;&#xA;&#x9;at com.kms.katalon.core.webservice.keyword.builtin.VerifyResponseStatusCodeKeyword.verifyStatusCode(VerifyResponseStatusCodeKeyword.groovy:52)&#xD;&#xA;&#x9;at com.kms.katalon.core.webservice.keyword.builtin.VerifyResponseStatusCodeKeyword$_verifyResponseStatusCode_closure1.doCall(VerifyResponseStatusCodeKeyword.groovy:42)&#xD;&#xA;&#x9;at com.kms.katalon.core.webservice.keyword.builtin.VerifyResponseStatusCodeKeyword$_verifyResponseStatusCode_closure1.call(VerifyResponseStatusCodeKeyword.groovy)&#xD;&#xA;&#x9;at com.kms.katalon.core.keyword.internal.KeywordMain.runKeyword(KeywordMain.groovy:68)&#xD;&#xA;&#x9;at com.kms.katalon.core.webservice.keyword.builtin.VerifyResponseStatusCodeKeyword.verifyResponseStatusCode(VerifyResponseStatusCodeKeyword.groovy:37)&#xD;&#xA;&#x9;at com.kms.katalon.core.webservice.keyword.builtin.VerifyResponseStatusCodeKeyword.execute(VerifyResponseStatusCodeKeyword.groovy:32)&#xD;&#xA;&#x9;at com.kms.katalon.core.keyword.internal.KeywordExecutor.executeKeywordForPlatform(KeywordExecutor.groovy:56)&#xD;&#xA;&#x9;at com.kms.katalon.core.webservice.keyword.WSBuiltInKeywords.verifyResponseStatusCode(WSBuiltInKeywords.groovy:212)&#xD;&#xA;&#x9;at com.kms.katalon.core.webservice.keyword.WSBuiltInKeywords$verifyResponseStatusCode$1.call(Unknown Source)&#xD;&#xA;&#x9;at WSVerification1568908315869.run(WSVerification1568908315869:17)&#xD;&#xA;&#x9;at com.kms.katalon.core.main.ScriptEngine.run(ScriptEngine.java:194)&#xD;&#xA;&#x9;at com.kms.katalon.core.main.ScriptEngine.runScriptAsRawText(ScriptEngine.java:119)&#xD;&#xA;&#x9;at com.kms.katalon.core.main.WSVerificationExecutor.runScript(WSVerificationExecutor.java:146)&#xD;&#xA;&#x9;at com.kms.katalon.core.main.WSVerificationExecutor.doExecute(WSVerificationExecutor.java:140)&#xD;&#xA;&#x9;at com.kms.katalon.core.main.WSVerificationExecutor.processExecutionPhase(WSVerificationExecutor.java:123)&#xD;&#xA;&#x9;at com.kms.katalon.core.main.WSVerificationExecutor.accessMainPhase(WSVerificationExecutor.java:115)&#xD;&#xA;&#x9;at com.kms.katalon.core.main.WSVerificationExecutor.execute(WSVerificationExecutor.java:103)&#xD;&#xA;&#x9;at com.kms.katalon.core.main.TestCaseMain.runWSVerificationScript(TestCaseMain.java:127)&#xD;&#xA;&#x9;at com.kms.katalon.core.webservice.keyword.builtin.SendRequestAndVerifyKeyword$_sendRequestAndVerify_closure1.doCall(SendRequestAndVerifyKeyword.groovy:55)&#xD;&#xA;&#x9;at com.kms.katalon.core.webservice.keyword.builtin.SendRequestAndVerifyKeyword$_sendRequestAndVerify_closure1.call(SendRequestAndVerifyKeyword.groovy)&#xD;&#xA;&#x9;at com.kms.katalon.core.keyword.internal.KeywordMain.runKeyword(KeywordMain.groovy:68)&#xD;&#xA;&#x9;at com.kms.katalon.core.webservice.keyword.builtin.SendRequestAndVerifyKeyword.sendRequestAndVerify(SendRequestAndVerifyKeyword.groovy:43)&#xD;&#xA;&#x9;at com.kms.katalon.core.webservice.keyword.builtin.SendRequestAndVerifyKeyword.execute(SendRequestAndVerifyKeyword.groovy:38)&#xD;&#xA;&#x9;at com.kms.katalon.core.keyword.internal.KeywordExecutor.executeKeywordForPlatform(KeywordExecutor.groovy:56)&#xD;&#xA;&#x9;at com.kms.katalon.core.webservice.keyword.WSBuiltInKeywords.sendRequestAndVerify(WSBuiltInKeywords.groovy:65)&#xD;&#xA;&#x9;at com.kms.katalon.core.webservice.keyword.WSBuiltInKeywords$sendRequestAndVerify$0.call(Unknown Source)&#xD;&#xA;&#x9;at sIncidentHistory_Test.run(sIncidentHistory_Test:16)&#xD;&#xA;&#x9;at com.kms.katalon.core.main.ScriptEngine.run(ScriptEngine.java:194)&#xD;&#xA;&#x9;at com.kms.katalon.core.main.ScriptEngine.runScriptAsRawText(ScriptEngine.java:119)&#xD;&#xA;&#x9;at com.kms.katalon.core.main.TestCaseExecutor.runScript(TestCaseExecutor.java:337)&#xD;&#xA;&#x9;at com.kms.katalon.core.main.TestCaseExecutor.doExecute(TestCaseExecutor.java:328)&#xD;&#xA;&#x9;at com.kms.katalon.core.main.TestCaseExecutor.processExecutionPhase(TestCaseExecutor.java:307)&#xD;&#xA;&#x9;at com.kms.katalon.core.main.TestCaseExecutor.accessMainPhase(TestCaseExecutor.java:299)&#xD;&#xA;&#x9;at com.kms.katalon.core.main.TestCaseExecutor.execute(TestCaseExecutor.java:233)&#xD;&#xA;&#x9;at com.kms.katalon.core.main.TestSuiteExecutor.accessTestCaseMainPhase(TestSuiteExecutor.java:169)&#xD;&#xA;&#x9;at com.kms.katalon.core.main.TestSuiteExecutor.accessTestSuiteMainPhase(TestSuiteExecutor.java:142)&#xD;&#xA;&#x9;at com.kms.katalon.core.main.TestSuiteExecutor.execute(TestSuiteExecutor.java:91)&#xD;&#xA;&#x9;at com.kms.katalon.core.main.TestCaseMain.startTestSuite(TestCaseMain.java:157)&#xD;&#xA;&#x9;at com.kms.katalon.core.main.TestCaseMain$startTestSuite$0.call(Unknown Source)&#xD;&#xA;&#x9;at TempTestSuite1568908277252.run(TempTestSuite1568908277252.groovy:35)&#xD;&#xA;"/>
            <system-out>2019-09-19 21:21:55 - [TEST_CASE][FAILED] - Test Cases/sIncidentHistory_Test: Test Cases/sIncidentHistory_Test FAILED.
Reason:
com.kms.katalon.core.exception.StepFailedException: Expected status code is '200' but actual status code is '404'&#xD;
	at com.kms.katalon.core.keyword.internal.KeywordMain.stepFailed(KeywordMain.groovy:50)&#xD;
	at com.kms.katalon.core.webservice.keyword.builtin.VerifyResponseStatusCodeKeyword.verifyStatusCode(VerifyResponseStatusCodeKeyword.groovy:52)&#xD;
	at com.kms.katalon.core.webservice.keyword.builtin.VerifyResponseStatusCodeKeyword$_verifyResponseStatusCode_closure1.doCall(VerifyResponseStatusCodeKeyword.groovy:42)&#xD;
	at com.kms.katalon.core.webservice.keyword.builtin.VerifyResponseStatusCodeKeyword$_verifyResponseStatusCode_closure1.call(VerifyResponseStatusCodeKeyword.groovy)&#xD;
	at com.kms.katalon.core.keyword.internal.KeywordMain.runKeyword(KeywordMain.groovy:68)&#xD;
	at com.kms.katalon.core.webservice.keyword.builtin.VerifyResponseStatusCodeKeyword.verifyResponseStatusCode(VerifyResponseStatusCodeKeyword.groovy:37)&#xD;
	at com.kms.katalon.core.webservice.keyword.builtin.VerifyResponseStatusCodeKeyword.execute(VerifyResponseStatusCodeKeyword.groovy:32)&#xD;
	at com.kms.katalon.core.keyword.internal.KeywordExecutor.executeKeywordForPlatform(KeywordExecutor.groovy:56)&#xD;
	at com.kms.katalon.core.webservice.keyword.WSBuiltInKeywords.verifyResponseStatusCode(WSBuiltInKeywords.groovy:212)&#xD;
	at com.kms.katalon.core.webservice.keyword.WSBuiltInKeywords$verifyResponseStatusCode$1.call(Unknown Source)&#xD;
	at WSVerification1568908315869.run(WSVerification1568908315869:17)&#xD;
	at com.kms.katalon.core.main.ScriptEngine.run(ScriptEngine.java:194)&#xD;
	at com.kms.katalon.core.main.ScriptEngine.runScriptAsRawText(ScriptEngine.java:119)&#xD;
	at com.kms.katalon.core.main.WSVerificationExecutor.runScript(WSVerificationExecutor.java:146)&#xD;
	at com.kms.katalon.core.main.WSVerificationExecutor.doExecute(WSVerificationExecutor.java:140)&#xD;
	at com.kms.katalon.core.main.WSVerificationExecutor.processExecutionPhase(WSVerificationExecutor.java:123)&#xD;
	at com.kms.katalon.core.main.WSVerificationExecutor.accessMainPhase(WSVerificationExecutor.java:115)&#xD;
	at com.kms.katalon.core.main.WSVerificationExecutor.execute(WSVerificationExecutor.java:103)&#xD;
	at com.kms.katalon.core.main.TestCaseMain.runWSVerificationScript(TestCaseMain.java:127)&#xD;
	at com.kms.katalon.core.webservice.keyword.builtin.SendRequestAndVerifyKeyword$_sendRequestAndVerify_closure1.doCall(SendRequestAndVerifyKeyword.groovy:55)&#xD;
	at com.kms.katalon.core.webservice.keyword.builtin.SendRequestAndVerifyKeyword$_sendRequestAndVerify_closure1.call(SendRequestAndVerifyKeyword.groovy)&#xD;
	at com.kms.katalon.core.keyword.internal.KeywordMain.runKeyword(KeywordMain.groovy:68)&#xD;
	at com.kms.katalon.core.webservice.keyword.builtin.SendRequestAndVerifyKeyword.sendRequestAndVerify(SendRequestAndVerifyKeyword.groovy:43)&#xD;
	at com.kms.katalon.core.webservice.keyword.builtin.SendRequestAndVerifyKeyword.execute(SendRequestAndVerifyKeyword.groovy:38)&#xD;
	at com.kms.katalon.core.keyword.internal.KeywordExecutor.executeKeywordForPlatform(KeywordExecutor.groovy:56)&#xD;
	at com.kms.katalon.core.webservice.keyword.WSBuiltInKeywords.sendRequestAndVerify(WSBuiltInKeywords.groovy:65)&#xD;
	at com.kms.katalon.core.webservice.keyword.WSBuiltInKeywords$sendRequestAndVerify$0.call(Unknown Source)&#xD;
	at sIncidentHistory_Test.run(sIncidentHistory_Test:16)&#xD;
	at com.kms.katalon.core.main.ScriptEngine.run(ScriptEngine.java:194)&#xD;
	at com.kms.katalon.core.main.ScriptEngine.runScriptAsRawText(ScriptEngine.java:119)&#xD;
	at com.kms.katalon.core.main.TestCaseExecutor.runScript(TestCaseExecutor.java:337)&#xD;
	at com.kms.katalon.core.main.TestCaseExecutor.doExecute(TestCaseExecutor.java:328)&#xD;
	at com.kms.katalon.core.main.TestCaseExecutor.processExecutionPhase(TestCaseExecutor.java:307)&#xD;
	at com.kms.katalon.core.main.TestCaseExecutor.accessMainPhase(TestCaseExecutor.java:299)&#xD;
	at com.kms.katalon.core.main.TestCaseExecutor.execute(TestCaseExecutor.java:233)&#xD;
	at com.kms.katalon.core.main.TestSuiteExecutor.accessTestCaseMainPhase(TestSuiteExecutor.java:169)&#xD;
	at com.kms.katalon.core.main.TestSuiteExecutor.accessTestSuiteMainPhase(TestSuiteExecutor.java:142)&#xD;
	at com.kms.katalon.core.main.TestSuiteExecutor.execute(TestSuiteExecutor.java:91)&#xD;
	at com.kms.katalon.core.main.TestCaseMain.startTestSuite(TestCaseMain.java:157)&#xD;
	at com.kms.katalon.core.main.TestCaseMain$startTestSuite$0.call(Unknown Source)&#xD;
	at TempTestSuite1568908277252.run(TempTestSuite1568908277252.groovy:35)&#xD;
&#xD;
&#xD;
2019-09-19 21:21:55 - [TEST_STEP][FAILED] - sendRequestAndVerify(findTestObject("sIncident History", ["uniqueToken":uniquetoken, "userId":userid])): Unable to send request and verify the response (Root cause: com.kms.katalon.core.exception.StepFailedException: Verification failed&#xD;
	at com.kms.katalon.core.webservice.keyword.builtin.SendRequestAndVerifyKeyword$_sendRequestAndVerify_closure1.doCall(SendRequestAndVerifyKeyword.groovy:59)&#xD;
	at com.kms.katalon.core.webservice.keyword.builtin.SendRequestAndVerifyKeyword$_sendRequestAndVerify_closure1.call(SendRequestAndVerifyKeyword.groovy)&#xD;
	at com.kms.katalon.core.keyword.internal.KeywordMain.runKeyword(KeywordMain.groovy:68)&#xD;
	at com.kms.katalon.core.webservice.keyword.builtin.SendRequestAndVerifyKeyword.sendRequestAndVerify(SendRequestAndVerifyKeyword.groovy:43)&#xD;
	at com.kms.katalon.core.webservice.keyword.builtin.SendRequestAndVerifyKeyword.execute(SendRequestAndVerifyKeyword.groovy:38)&#xD;
	at com.kms.katalon.core.keyword.internal.KeywordExecutor.executeKeywordForPlatform(KeywordExecutor.groovy:56)&#xD;
	at com.kms.katalon.core.webservice.keyword.WSBuiltInKeywords.sendRequestAndVerify(WSBuiltInKeywords.groovy:65)&#xD;
	at com.kms.katalon.core.webservice.keyword.WSBuiltInKeywords$sendRequestAndVerify$0.call(Unknown Source)&#xD;
	at sIncidentHistory_Test.run(sIncidentHistory_Test:16)&#xD;
	at com.kms.katalon.core.main.ScriptEngine.run(ScriptEngine.java:194)&#xD;
	at com.kms.katalon.core.main.ScriptEngine.runScriptAsRawText(ScriptEngine.java:119)&#xD;
	at com.kms.katalon.core.main.TestCaseExecutor.runScript(TestCaseExecutor.java:337)&#xD;
	at com.kms.katalon.core.main.TestCaseExecutor.doExecute(TestCaseExecutor.java:328)&#xD;
	at com.kms.katalon.core.main.TestCaseExecutor.processExecutionPhase(TestCaseExecutor.java:307)&#xD;
	at com.kms.katalon.core.main.TestCaseExecutor.accessMainPhase(TestCaseExecutor.java:299)&#xD;
	at com.kms.katalon.core.main.TestCaseExecutor.execute(TestCaseExecutor.java:233)&#xD;
	at com.kms.katalon.core.main.TestSuiteExecutor.accessTestCaseMainPhase(TestSuiteExecutor.java:169)&#xD;
	at com.kms.katalon.core.main.TestSuiteExecutor.accessTestSuiteMainPhase(TestSuiteExecutor.java:142)&#xD;
	at com.kms.katalon.core.main.TestSuiteExecutor.execute(TestSuiteExecutor.java:91)&#xD;
	at com.kms.katalon.core.main.TestCaseMain.startTestSuite(TestCaseMain.java:157)&#xD;
	at com.kms.katalon.core.main.TestCaseMain$startTestSuite$0.call(Unknown Source)&#xD;
	at TempTestSuite1568908277252.run(TempTestSuite1568908277252.groovy:35)&#xD;
)&#xD;
&#xD;
2019-09-19 21:21:55 - [MESSAGE][INFO] - HAR: C:\Users\rajesh.veeranna\Katalon Studio\SmartIndonasia\Reports\20190919_212117\SMARTINDONASIA_API_SmokeTest\20190919_212117\requests\main\26.har&#xD;
&#xD;
2019-09-19 21:21:55 - [TEST_CASE][FAILED] - Start Test Case : Verification: Verification FAILED.
Reason:
com.kms.katalon.core.exception.StepFailedException: Expected status code is '200' but actual status code is '404'&#xD;
	at com.kms.katalon.core.keyword.internal.KeywordMain.stepFailed(KeywordMain.groovy:50)&#xD;
	at com.kms.katalon.core.webservice.keyword.builtin.VerifyResponseStatusCodeKeyword.verifyStatusCode(VerifyResponseStatusCodeKeyword.groovy:52)&#xD;
	at com.kms.katalon.core.webservice.keyword.builtin.VerifyResponseStatusCodeKeyword$_verifyResponseStatusCode_closure1.doCall(VerifyResponseStatusCodeKeyword.groovy:42)&#xD;
	at com.kms.katalon.core.webservice.keyword.builtin.VerifyResponseStatusCodeKeyword$_verifyResponseStatusCode_closure1.call(VerifyResponseStatusCodeKeyword.groovy)&#xD;
	at com.kms.katalon.core.keyword.internal.KeywordMain.runKeyword(KeywordMain.groovy:68)&#xD;
	at com.kms.katalon.core.webservice.keyword.builtin.VerifyResponseStatusCodeKeyword.verifyResponseStatusCode(VerifyResponseStatusCodeKeyword.groovy:37)&#xD;
	at com.kms.katalon.core.webservice.keyword.builtin.VerifyResponseStatusCodeKeyword.execute(VerifyResponseStatusCodeKeyword.groovy:32)&#xD;
	at com.kms.katalon.core.keyword.internal.KeywordExecutor.executeKeywordForPlatform(KeywordExecutor.groovy:56)&#xD;
	at com.kms.katalon.core.webservice.keyword.WSBuiltInKeywords.verifyResponseStatusCode(WSBuiltInKeywords.groovy:212)&#xD;
	at com.kms.katalon.core.webservice.keyword.WSBuiltInKeywords$verifyResponseStatusCode$1.call(Unknown Source)&#xD;
	at WSVerification1568908315869.run(WSVerification1568908315869:17)&#xD;
	at com.kms.katalon.core.main.ScriptEngine.run(ScriptEngine.java:194)&#xD;
	at com.kms.katalon.core.main.ScriptEngine.runScriptAsRawText(ScriptEngine.java:119)&#xD;
	at com.kms.katalon.core.main.WSVerificationExecutor.runScript(WSVerificationExecutor.java:146)&#xD;
	at com.kms.katalon.core.main.WSVerificationExecutor.doExecute(WSVerificationExecutor.java:140)&#xD;
	at com.kms.katalon.core.main.WSVerificationExecutor.processExecutionPhase(WSVerificationExecutor.java:123)&#xD;
	at com.kms.katalon.core.main.WSVerificationExecutor.accessMainPhase(WSVerificationExecutor.java:115)&#xD;
	at com.kms.katalon.core.main.WSVerificationExecutor.execute(WSVerificationExecutor.java:103)&#xD;
	at com.kms.katalon.core.main.TestCaseMain.runWSVerificationScript(TestCaseMain.java:127)&#xD;
	at com.kms.katalon.core.webservice.keyword.builtin.SendRequestAndVerifyKeyword$_sendRequestAndVerify_closure1.doCall(SendRequestAndVerifyKeyword.groovy:55)&#xD;
	at com.kms.katalon.core.webservice.keyword.builtin.SendRequestAndVerifyKeyword$_sendRequestAndVerify_closure1.call(SendRequestAndVerifyKeyword.groovy)&#xD;
	at com.kms.katalon.core.keyword.internal.KeywordMain.runKeyword(KeywordMain.groovy:68)&#xD;
	at com.kms.katalon.core.webservice.keyword.builtin.SendRequestAndVerifyKeyword.sendRequestAndVerify(SendRequestAndVerifyKeyword.groovy:43)&#xD;
	at com.kms.katalon.core.webservice.keyword.builtin.SendRequestAndVerifyKeyword.execute(SendRequestAndVerifyKeyword.groovy:38)&#xD;
	at com.kms.katalon.core.keyword.internal.KeywordExecutor.executeKeywordForPlatform(KeywordExecutor.groovy:56)&#xD;
	at com.kms.katalon.core.webservice.keyword.WSBuiltInKeywords.sendRequestAndVerify(WSBuiltInKeywords.groovy:65)&#xD;
	at com.kms.katalon.core.webservice.keyword.WSBuiltInKeywords$sendRequestAndVerify$0.call(Unknown Source)&#xD;
	at sIncidentHistory_Test.run(sIncidentHistory_Test:16)&#xD;
	at com.kms.katalon.core.main.ScriptEngine.run(ScriptEngine.java:194)&#xD;
	at com.kms.katalon.core.main.ScriptEngine.runScriptAsRawText(ScriptEngine.java:119)&#xD;
	at com.kms.katalon.core.main.TestCaseExecutor.runScript(TestCaseExecutor.java:337)&#xD;
	at com.kms.katalon.core.main.TestCaseExecutor.doExecute(TestCaseExecutor.java:328)&#xD;
	at com.kms.katalon.core.main.TestCaseExecutor.processExecutionPhase(TestCaseExecutor.java:307)&#xD;
	at com.kms.katalon.core.main.TestCaseExecutor.accessMainPhase(TestCaseExecutor.java:299)&#xD;
	at com.kms.katalon.core.main.TestCaseExecutor.execute(TestCaseExecutor.java:233)&#xD;
	at com.kms.katalon.core.main.TestSuiteExecutor.accessTestCaseMainPhase(TestSuiteExecutor.java:169)&#xD;
	at com.kms.katalon.core.main.TestSuiteExecutor.accessTestSuiteMainPhase(TestSuiteExecutor.java:142)&#xD;
	at com.kms.katalon.core.main.TestSuiteExecutor.execute(TestSuiteExecutor.java:91)&#xD;
	at com.kms.katalon.core.main.TestCaseMain.startTestSuite(TestCaseMain.java:157)&#xD;
	at com.kms.katalon.core.main.TestCaseMain$startTestSuite$0.call(Unknown Source)&#xD;
	at TempTestSuite1568908277252.run(TempTestSuite1568908277252.groovy:35)&#xD;
&#xD;
&#xD;
2019-09-19 21:21:55 - [TEST_STEP][PASSED] - request = getInstance().getCurrentRequest(): null&#xD;
&#xD;
2019-09-19 21:21:56 - [TEST_STEP][PASSED] - response = getInstance().getCurrentResponse(): null&#xD;
&#xD;
2019-09-19 21:21:56 - [TEST_STEP][FAILED] - verifyResponseStatusCode(response, 200): Unable to verify response status code (Root cause: com.kms.katalon.core.exception.StepFailedException: Expected status code is '200' but actual status code is '404'&#xD;
	at com.kms.katalon.core.keyword.internal.KeywordMain.stepFailed(KeywordMain.groovy:50)&#xD;
	at com.kms.katalon.core.webservice.keyword.builtin.VerifyResponseStatusCodeKeyword.verifyStatusCode(VerifyResponseStatusCodeKeyword.groovy:52)&#xD;
	at com.kms.katalon.core.webservice.keyword.builtin.VerifyResponseStatusCodeKeyword$_verifyResponseStatusCode_closure1.doCall(VerifyResponseStatusCodeKeyword.groovy:42)&#xD;
	at com.kms.katalon.core.webservice.keyword.builtin.VerifyResponseStatusCodeKeyword$_verifyResponseStatusCode_closure1.call(VerifyResponseStatusCodeKeyword.groovy)&#xD;
	at com.kms.katalon.core.keyword.internal.KeywordMain.runKeyword(KeywordMain.groovy:68)&#xD;
	at com.kms.katalon.core.webservice.keyword.builtin.VerifyResponseStatusCodeKeyword.verifyResponseStatusCode(VerifyResponseStatusCodeKeyword.groovy:37)&#xD;
	at com.kms.katalon.core.webservice.keyword.builtin.VerifyResponseStatusCodeKeyword.execute(VerifyResponseStatusCodeKeyword.groovy:32)&#xD;
	at com.kms.katalon.core.keyword.internal.KeywordExecutor.executeKeywordForPlatform(KeywordExecutor.groovy:56)&#xD;
	at com.kms.katalon.core.webservice.keyword.WSBuiltInKeywords.verifyResponseStatusCode(WSBuiltInKeywords.groovy:212)&#xD;
	at com.kms.katalon.core.webservice.keyword.WSBuiltInKeywords$verifyResponseStatusCode$1.call(Unknown Source)&#xD;
	at WSVerification1568908315869.run(WSVerification1568908315869:17)&#xD;
	at com.kms.katalon.core.main.ScriptEngine.run(ScriptEngine.java:194)&#xD;
	at com.kms.katalon.core.main.ScriptEngine.runScriptAsRawText(ScriptEngine.java:119)&#xD;
	at com.kms.katalon.core.main.WSVerificationExecutor.runScript(WSVerificationExecutor.java:146)&#xD;
	at com.kms.katalon.core.main.WSVerificationExecutor.doExecute(WSVerificationExecutor.java:140)&#xD;
	at com.kms.katalon.core.main.WSVerificationExecutor.processExecutionPhase(WSVerificationExecutor.java:123)&#xD;
	at com.kms.katalon.core.main.WSVerificationExecutor.accessMainPhase(WSVerificationExecutor.java:115)&#xD;
	at com.kms.katalon.core.main.WSVerificationExecutor.execute(WSVerificationExecutor.java:103)&#xD;
	at com.kms.katalon.core.main.TestCaseMain.runWSVerificationScript(TestCaseMain.java:127)&#xD;
	at com.kms.katalon.core.webservice.keyword.builtin.SendRequestAndVerifyKeyword$_sendRequestAndVerify_closure1.doCall(SendRequestAndVerifyKeyword.groovy:55)&#xD;
	at com.kms.katalon.core.webservice.keyword.builtin.SendRequestAndVerifyKeyword$_sendRequestAndVerify_closure1.call(SendRequestAndVerifyKeyword.groovy)&#xD;
	at com.kms.katalon.core.keyword.internal.KeywordMain.runKeyword(KeywordMain.groovy:68)&#xD;
	at com.kms.katalon.core.webservice.keyword.builtin.SendRequestAndVerifyKeyword.sendRequestAndVerify(SendRequestAndVerifyKeyword.groovy:43)&#xD;
	at com.kms.katalon.core.webservice.keyword.builtin.SendRequestAndVerifyKeyword.execute(SendRequestAndVerifyKeyword.groovy:38)&#xD;
	at com.kms.katalon.core.keyword.internal.KeywordExecutor.executeKeywordForPlatform(KeywordExecutor.groovy:56)&#xD;
	at com.kms.katalon.core.webservice.keyword.WSBuiltInKeywords.sendRequestAndVerify(WSBuiltInKeywords.groovy:65)&#xD;
	at com.kms.katalon.core.webservice.keyword.WSBuiltInKeywords$sendRequestAndVerify$0.call(Unknown Source)&#xD;
	at sIncidentHistory_Test.run(sIncidentHistory_Test:16)&#xD;
	at com.kms.katalon.core.main.ScriptEngine.run(ScriptEngine.java:194)&#xD;
	at com.kms.katalon.core.main.ScriptEngine.runScriptAsRawText(ScriptEngine.java:119)&#xD;
	at com.kms.katalon.core.main.TestCaseExecutor.runScript(TestCaseExecutor.java:337)&#xD;
	at com.kms.katalon.core.main.TestCaseExecutor.doExecute(TestCaseExecutor.java:328)&#xD;
	at com.kms.katalon.core.main.TestCaseExecutor.processExecutionPhase(TestCaseExecutor.java:307)&#xD;
	at com.kms.katalon.core.main.TestCaseExecutor.accessMainPhase(TestCaseExecutor.java:299)&#xD;
	at com.kms.katalon.core.main.TestCaseExecutor.execute(TestCaseExecutor.java:233)&#xD;
	at com.kms.katalon.core.main.TestSuiteExecutor.accessTestCaseMainPhase(TestSuiteExecutor.java:169)&#xD;
	at com.kms.katalon.core.main.TestSuiteExecutor.accessTestSuiteMainPhase(TestSuiteExecutor.java:142)&#xD;
	at com.kms.katalon.core.main.TestSuiteExecutor.execute(TestSuiteExecutor.java:91)&#xD;
	at com.kms.katalon.core.main.TestCaseMain.startTestSuite(TestCaseMain.java:157)&#xD;
	at com.kms.katalon.core.main.TestCaseMain$startTestSuite$0.call(Unknown Source)&#xD;
	at TempTestSuite1568908277252.run(TempTestSuite1568908277252.groovy:35)&#xD;
)&#xD;
&#xD;
2019-09-19 21:21:56 - [MESSAGE][FAILED] - Expected status code is '200' but actual status code is '404'&#xD;
&#xD;
2019-09-19 21:21:56 - [MESSAGE][FAILED] - Unable to verify response status code (Root cause: com.kms.katalon.core.exception.StepFailedException: Expected status code is '200' but actual status code is '404'&#xD;
	at com.kms.katalon.core.keyword.internal.KeywordMain.stepFailed(KeywordMain.groovy:50)&#xD;
	at com.kms.katalon.core.webservice.keyword.builtin.VerifyResponseStatusCodeKeyword.verifyStatusCode(VerifyResponseStatusCodeKeyword.groovy:52)&#xD;
	at com.kms.katalon.core.webservice.keyword.builtin.VerifyResponseStatusCodeKeyword$_verifyResponseStatusCode_closure1.doCall(VerifyResponseStatusCodeKeyword.groovy:42)&#xD;
	at com.kms.katalon.core.webservice.keyword.builtin.VerifyResponseStatusCodeKeyword$_verifyResponseStatusCode_closure1.call(VerifyResponseStatusCodeKeyword.groovy)&#xD;
	at com.kms.katalon.core.keyword.internal.KeywordMain.runKeyword(KeywordMain.groovy:68)&#xD;
	at com.kms.katalon.core.webservice.keyword.builtin.VerifyResponseStatusCodeKeyword.verifyResponseStatusCode(VerifyResponseStatusCodeKeyword.groovy:37)&#xD;
	at com.kms.katalon.core.webservice.keyword.builtin.VerifyResponseStatusCodeKeyword.execute(VerifyResponseStatusCodeKeyword.groovy:32)&#xD;
	at com.kms.katalon.core.keyword.internal.KeywordExecutor.executeKeywordForPlatform(KeywordExecutor.groovy:56)&#xD;
	at com.kms.katalon.core.webservice.keyword.WSBuiltInKeywords.verifyResponseStatusCode(WSBuiltInKeywords.groovy:212)&#xD;
	at com.kms.katalon.core.webservice.keyword.WSBuiltInKeywords$verifyResponseStatusCode$1.call(Unknown Source)&#xD;
	at WSVerification1568908315869.run(WSVerification1568908315869:17)&#xD;
	at com.kms.katalon.core.main.ScriptEngine.run(ScriptEngine.java:194)&#xD;
	at com.kms.katalon.core.main.ScriptEngine.runScriptAsRawText(ScriptEngine.java:119)&#xD;
	at com.kms.katalon.core.main.WSVerificationExecutor.runScript(WSVerificationExecutor.java:146)&#xD;
	at com.kms.katalon.core.main.WSVerificationExecutor.doExecute(WSVerificationExecutor.java:140)&#xD;
	at com.kms.katalon.core.main.WSVerificationExecutor.processExecutionPhase(WSVerificationExecutor.java:123)&#xD;
	at com.kms.katalon.core.main.WSVerificationExecutor.accessMainPhase(WSVerificationExecutor.java:115)&#xD;
	at com.kms.katalon.core.main.WSVerificationExecutor.execute(WSVerificationExecutor.java:103)&#xD;
	at com.kms.katalon.core.main.TestCaseMain.runWSVerificationScript(TestCaseMain.java:127)&#xD;
	at com.kms.katalon.core.webservice.keyword.builtin.SendRequestAndVerifyKeyword$_sendRequestAndVerify_closure1.doCall(SendRequestAndVerifyKeyword.groovy:55)&#xD;
	at com.kms.katalon.core.webservice.keyword.builtin.SendRequestAndVerifyKeyword$_sendRequestAndVerify_closure1.call(SendRequestAndVerifyKeyword.groovy)&#xD;
	at com.kms.katalon.core.keyword.internal.KeywordMain.runKeyword(KeywordMain.groovy:68)&#xD;
	at com.kms.katalon.core.webservice.keyword.builtin.SendRequestAndVerifyKeyword.sendRequestAndVerify(SendRequestAndVerifyKeyword.groovy:43)&#xD;
	at com.kms.katalon.core.webservice.keyword.builtin.SendRequestAndVerifyKeyword.execute(SendRequestAndVerifyKeyword.groovy:38)&#xD;
	at com.kms.katalon.core.keyword.internal.KeywordExecutor.executeKeywordForPlatform(KeywordExecutor.groovy:56)&#xD;
	at com.kms.katalon.core.webservice.keyword.WSBuiltInKeywords.sendRequestAndVerify(WSBuiltInKeywords.groovy:65)&#xD;
	at com.kms.katalon.core.webservice.keyword.WSBuiltInKeywords$sendRequestAndVerify$0.call(Unknown Source)&#xD;
	at sIncidentHistory_Test.run(sIncidentHistory_Test:16)&#xD;
	at com.kms.katalon.core.main.ScriptEngine.run(ScriptEngine.java:194)&#xD;
	at com.kms.katalon.core.main.ScriptEngine.runScriptAsRawText(ScriptEngine.java:119)&#xD;
	at com.kms.katalon.core.main.TestCaseExecutor.runScript(TestCaseExecutor.java:337)&#xD;
	at com.kms.katalon.core.main.TestCaseExecutor.doExecute(TestCaseExecutor.java:328)&#xD;
	at com.kms.katalon.core.main.TestCaseExecutor.processExecutionPhase(TestCaseExecutor.java:307)&#xD;
	at com.kms.katalon.core.main.TestCaseExecutor.accessMainPhase(TestCaseExecutor.java:299)&#xD;
	at com.kms.katalon.core.main.TestCaseExecutor.execute(TestCaseExecutor.java:233)&#xD;
	at com.kms.katalon.core.main.TestSuiteExecutor.accessTestCaseMainPhase(TestSuiteExecutor.java:169)&#xD;
	at com.kms.katalon.core.main.TestSuiteExecutor.accessTestSuiteMainPhase(TestSuiteExecutor.java:142)&#xD;
	at com.kms.katalon.core.main.TestSuiteExecutor.execute(TestSuiteExecutor.java:91)&#xD;
	at com.kms.katalon.core.main.TestCaseMain.startTestSuite(TestCaseMain.java:157)&#xD;
	at com.kms.katalon.core.main.TestCaseMain$startTestSuite$0.call(Unknown Source)&#xD;
	at TempTestSuite1568908277252.run(TempTestSuite1568908277252.groovy:35)&#xD;
)&#xD;
&#xD;
2019-09-19 21:21:56 - [MESSAGE][FAILED] - Unable to send request and verify the response (Root cause: com.kms.katalon.core.exception.StepFailedException: Verification failed&#xD;
	at com.kms.katalon.core.webservice.keyword.builtin.SendRequestAndVerifyKeyword$_sendRequestAndVerify_closure1.doCall(SendRequestAndVerifyKeyword.groovy:59)&#xD;
	at com.kms.katalon.core.webservice.keyword.builtin.SendRequestAndVerifyKeyword$_sendRequestAndVerify_closure1.call(SendRequestAndVerifyKeyword.groovy)&#xD;
	at com.kms.katalon.core.keyword.internal.KeywordMain.runKeyword(KeywordMain.groovy:68)&#xD;
	at com.kms.katalon.core.webservice.keyword.builtin.SendRequestAndVerifyKeyword.sendRequestAndVerify(SendRequestAndVerifyKeyword.groovy:43)&#xD;
	at com.kms.katalon.core.webservice.keyword.builtin.SendRequestAndVerifyKeyword.execute(SendRequestAndVerifyKeyword.groovy:38)&#xD;
	at com.kms.katalon.core.keyword.internal.KeywordExecutor.executeKeywordForPlatform(KeywordExecutor.groovy:56)&#xD;
	at com.kms.katalon.core.webservice.keyword.WSBuiltInKeywords.sendRequestAndVerify(WSBuiltInKeywords.groovy:65)&#xD;
	at com.kms.katalon.core.webservice.keyword.WSBuiltInKeywords$sendRequestAndVerify$0.call(Unknown Source)&#xD;
	at sIncidentHistory_Test.run(sIncidentHistory_Test:16)&#xD;
	at com.kms.katalon.core.main.ScriptEngine.run(ScriptEngine.java:194)&#xD;
	at com.kms.katalon.core.main.ScriptEngine.runScriptAsRawText(ScriptEngine.java:119)&#xD;
	at com.kms.katalon.core.main.TestCaseExecutor.runScript(TestCaseExecutor.java:337)&#xD;
	at com.kms.katalon.core.main.TestCaseExecutor.doExecute(TestCaseExecutor.java:328)&#xD;
	at com.kms.katalon.core.main.TestCaseExecutor.processExecutionPhase(TestCaseExecutor.java:307)&#xD;
	at com.kms.katalon.core.main.TestCaseExecutor.accessMainPhase(TestCaseExecutor.java:299)&#xD;
	at com.kms.katalon.core.main.TestCaseExecutor.execute(TestCaseExecutor.java:233)&#xD;
	at com.kms.katalon.core.main.TestSuiteExecutor.accessTestCaseMainPhase(TestSuiteExecutor.java:169)&#xD;
	at com.kms.katalon.core.main.TestSuiteExecutor.accessTestSuiteMainPhase(TestSuiteExecutor.java:142)&#xD;
	at com.kms.katalon.core.main.TestSuiteExecutor.execute(TestSuiteExecutor.java:91)&#xD;
	at com.kms.katalon.core.main.TestCaseMain.startTestSuite(TestCaseMain.java:157)&#xD;
	at com.kms.katalon.core.main.TestCaseMain$startTestSuite$0.call(Unknown Source)&#xD;
	at TempTestSuite1568908277252.run(TempTestSuite1568908277252.groovy:35)&#xD;
)</system-out>
            <system-err>2019-09-19 21:21:55 - [TEST_CASE][FAILED] - Test Cases/sIncidentHistory_Test: Test Cases/sIncidentHistory_Test FAILED.
Reason:
com.kms.katalon.core.exception.StepFailedException: Expected status code is '200' but actual status code is '404'&#xD;
	at com.kms.katalon.core.keyword.internal.KeywordMain.stepFailed(KeywordMain.groovy:50)&#xD;
	at com.kms.katalon.core.webservice.keyword.builtin.VerifyResponseStatusCodeKeyword.verifyStatusCode(VerifyResponseStatusCodeKeyword.groovy:52)&#xD;
	at com.kms.katalon.core.webservice.keyword.builtin.VerifyResponseStatusCodeKeyword$_verifyResponseStatusCode_closure1.doCall(VerifyResponseStatusCodeKeyword.groovy:42)&#xD;
	at com.kms.katalon.core.webservice.keyword.builtin.VerifyResponseStatusCodeKeyword$_verifyResponseStatusCode_closure1.call(VerifyResponseStatusCodeKeyword.groovy)&#xD;
	at com.kms.katalon.core.keyword.internal.KeywordMain.runKeyword(KeywordMain.groovy:68)&#xD;
	at com.kms.katalon.core.webservice.keyword.builtin.VerifyResponseStatusCodeKeyword.verifyResponseStatusCode(VerifyResponseStatusCodeKeyword.groovy:37)&#xD;
	at com.kms.katalon.core.webservice.keyword.builtin.VerifyResponseStatusCodeKeyword.execute(VerifyResponseStatusCodeKeyword.groovy:32)&#xD;
	at com.kms.katalon.core.keyword.internal.KeywordExecutor.executeKeywordForPlatform(KeywordExecutor.groovy:56)&#xD;
	at com.kms.katalon.core.webservice.keyword.WSBuiltInKeywords.verifyResponseStatusCode(WSBuiltInKeywords.groovy:212)&#xD;
	at com.kms.katalon.core.webservice.keyword.WSBuiltInKeywords$verifyResponseStatusCode$1.call(Unknown Source)&#xD;
	at WSVerification1568908315869.run(WSVerification1568908315869:17)&#xD;
	at com.kms.katalon.core.main.ScriptEngine.run(ScriptEngine.java:194)&#xD;
	at com.kms.katalon.core.main.ScriptEngine.runScriptAsRawText(ScriptEngine.java:119)&#xD;
	at com.kms.katalon.core.main.WSVerificationExecutor.runScript(WSVerificationExecutor.java:146)&#xD;
	at com.kms.katalon.core.main.WSVerificationExecutor.doExecute(WSVerificationExecutor.java:140)&#xD;
	at com.kms.katalon.core.main.WSVerificationExecutor.processExecutionPhase(WSVerificationExecutor.java:123)&#xD;
	at com.kms.katalon.core.main.WSVerificationExecutor.accessMainPhase(WSVerificationExecutor.java:115)&#xD;
	at com.kms.katalon.core.main.WSVerificationExecutor.execute(WSVerificationExecutor.java:103)&#xD;
	at com.kms.katalon.core.main.TestCaseMain.runWSVerificationScript(TestCaseMain.java:127)&#xD;
	at com.kms.katalon.core.webservice.keyword.builtin.SendRequestAndVerifyKeyword$_sendRequestAndVerify_closure1.doCall(SendRequestAndVerifyKeyword.groovy:55)&#xD;
	at com.kms.katalon.core.webservice.keyword.builtin.SendRequestAndVerifyKeyword$_sendRequestAndVerify_closure1.call(SendRequestAndVerifyKeyword.groovy)&#xD;
	at com.kms.katalon.core.keyword.internal.KeywordMain.runKeyword(KeywordMain.groovy:68)&#xD;
	at com.kms.katalon.core.webservice.keyword.builtin.SendRequestAndVerifyKeyword.sendRequestAndVerify(SendRequestAndVerifyKeyword.groovy:43)&#xD;
	at com.kms.katalon.core.webservice.keyword.builtin.SendRequestAndVerifyKeyword.execute(SendRequestAndVerifyKeyword.groovy:38)&#xD;
	at com.kms.katalon.core.keyword.internal.KeywordExecutor.executeKeywordForPlatform(KeywordExecutor.groovy:56)&#xD;
	at com.kms.katalon.core.webservice.keyword.WSBuiltInKeywords.sendRequestAndVerify(WSBuiltInKeywords.groovy:65)&#xD;
	at com.kms.katalon.core.webservice.keyword.WSBuiltInKeywords$sendRequestAndVerify$0.call(Unknown Source)&#xD;
	at sIncidentHistory_Test.run(sIncidentHistory_Test:16)&#xD;
	at com.kms.katalon.core.main.ScriptEngine.run(ScriptEngine.java:194)&#xD;
	at com.kms.katalon.core.main.ScriptEngine.runScriptAsRawText(ScriptEngine.java:119)&#xD;
	at com.kms.katalon.core.main.TestCaseExecutor.runScript(TestCaseExecutor.java:337)&#xD;
	at com.kms.katalon.core.main.TestCaseExecutor.doExecute(TestCaseExecutor.java:328)&#xD;
	at com.kms.katalon.core.main.TestCaseExecutor.processExecutionPhase(TestCaseExecutor.java:307)&#xD;
	at com.kms.katalon.core.main.TestCaseExecutor.accessMainPhase(TestCaseExecutor.java:299)&#xD;
	at com.kms.katalon.core.main.TestCaseExecutor.execute(TestCaseExecutor.java:233)&#xD;
	at com.kms.katalon.core.main.TestSuiteExecutor.accessTestCaseMainPhase(TestSuiteExecutor.java:169)&#xD;
	at com.kms.katalon.core.main.TestSuiteExecutor.accessTestSuiteMainPhase(TestSuiteExecutor.java:142)&#xD;
	at com.kms.katalon.core.main.TestSuiteExecutor.execute(TestSuiteExecutor.java:91)&#xD;
	at com.kms.katalon.core.main.TestCaseMain.startTestSuite(TestCaseMain.java:157)&#xD;
	at com.kms.katalon.core.main.TestCaseMain$startTestSuite$0.call(Unknown Source)&#xD;
	at TempTestSuite1568908277252.run(TempTestSuite1568908277252.groovy:35)</system-err>
        </testcase>
        <testcase name="Test Cases/tMergeContactDetail_Test" classname="Test Cases/tMergeContactDetail_Test" status="FAILED">
            <failure type="FAILED" message="Test Cases/tMergeContactDetail_Test FAILED.&#xA;Reason:&#xA;com.kms.katalon.core.exception.StepFailedException: Expected status code is '200' but actual status code is '404'&#xD;&#xA;&#x9;at com.kms.katalon.core.keyword.internal.KeywordMain.stepFailed(KeywordMain.groovy:50)&#xD;&#xA;&#x9;at com.kms.katalon.core.webservice.keyword.builtin.VerifyResponseStatusCodeKeyword.verifyStatusCode(VerifyResponseStatusCodeKeyword.groovy:52)&#xD;&#xA;&#x9;at com.kms.katalon.core.webservice.keyword.builtin.VerifyResponseStatusCodeKeyword$_verifyResponseStatusCode_closure1.doCall(VerifyResponseStatusCodeKeyword.groovy:42)&#xD;&#xA;&#x9;at com.kms.katalon.core.webservice.keyword.builtin.VerifyResponseStatusCodeKeyword$_verifyResponseStatusCode_closure1.call(VerifyResponseStatusCodeKeyword.groovy)&#xD;&#xA;&#x9;at com.kms.katalon.core.keyword.internal.KeywordMain.runKeyword(KeywordMain.groovy:68)&#xD;&#xA;&#x9;at com.kms.katalon.core.webservice.keyword.builtin.VerifyResponseStatusCodeKeyword.verifyResponseStatusCode(VerifyResponseStatusCodeKeyword.groovy:37)&#xD;&#xA;&#x9;at com.kms.katalon.core.webservice.keyword.builtin.VerifyResponseStatusCodeKeyword.execute(VerifyResponseStatusCodeKeyword.groovy:32)&#xD;&#xA;&#x9;at com.kms.katalon.core.keyword.internal.KeywordExecutor.executeKeywordForPlatform(KeywordExecutor.groovy:56)&#xD;&#xA;&#x9;at com.kms.katalon.core.webservice.keyword.WSBuiltInKeywords.verifyResponseStatusCode(WSBuiltInKeywords.groovy:212)&#xD;&#xA;&#x9;at com.kms.katalon.core.webservice.keyword.WSBuiltInKeywords$verifyResponseStatusCode$1.call(Unknown Source)&#xD;&#xA;&#x9;at WSVerification1568908317176.run(WSVerification1568908317176:16)&#xD;&#xA;&#x9;at com.kms.katalon.core.main.ScriptEngine.run(ScriptEngine.java:194)&#xD;&#xA;&#x9;at com.kms.katalon.core.main.ScriptEngine.runScriptAsRawText(ScriptEngine.java:119)&#xD;&#xA;&#x9;at com.kms.katalon.core.main.WSVerificationExecutor.runScript(WSVerificationExecutor.java:146)&#xD;&#xA;&#x9;at com.kms.katalon.core.main.WSVerificationExecutor.doExecute(WSVerificationExecutor.java:140)&#xD;&#xA;&#x9;at com.kms.katalon.core.main.WSVerificationExecutor.processExecutionPhase(WSVerificationExecutor.java:123)&#xD;&#xA;&#x9;at com.kms.katalon.core.main.WSVerificationExecutor.accessMainPhase(WSVerificationExecutor.java:115)&#xD;&#xA;&#x9;at com.kms.katalon.core.main.WSVerificationExecutor.execute(WSVerificationExecutor.java:103)&#xD;&#xA;&#x9;at com.kms.katalon.core.main.TestCaseMain.runWSVerificationScript(TestCaseMain.java:127)&#xD;&#xA;&#x9;at com.kms.katalon.core.webservice.keyword.builtin.SendRequestAndVerifyKeyword$_sendRequestAndVerify_closure1.doCall(SendRequestAndVerifyKeyword.groovy:55)&#xD;&#xA;&#x9;at com.kms.katalon.core.webservice.keyword.builtin.SendRequestAndVerifyKeyword$_sendRequestAndVerify_closure1.call(SendRequestAndVerifyKeyword.groovy)&#xD;&#xA;&#x9;at com.kms.katalon.core.keyword.internal.KeywordMain.runKeyword(KeywordMain.groovy:68)&#xD;&#xA;&#x9;at com.kms.katalon.core.webservice.keyword.builtin.SendRequestAndVerifyKeyword.sendRequestAndVerify(SendRequestAndVerifyKeyword.groovy:43)&#xD;&#xA;&#x9;at com.kms.katalon.core.webservice.keyword.builtin.SendRequestAndVerifyKeyword.execute(SendRequestAndVerifyKeyword.groovy:38)&#xD;&#xA;&#x9;at com.kms.katalon.core.keyword.internal.KeywordExecutor.executeKeywordForPlatform(KeywordExecutor.groovy:56)&#xD;&#xA;&#x9;at com.kms.katalon.core.webservice.keyword.WSBuiltInKeywords.sendRequestAndVerify(WSBuiltInKeywords.groovy:65)&#xD;&#xA;&#x9;at com.kms.katalon.core.webservice.keyword.WSBuiltInKeywords$sendRequestAndVerify$0.call(Unknown Source)&#xD;&#xA;&#x9;at tMergeContactDetail_Test.run(tMergeContactDetail_Test:16)&#xD;&#xA;&#x9;at com.kms.katalon.core.main.ScriptEngine.run(ScriptEngine.java:194)&#xD;&#xA;&#x9;at com.kms.katalon.core.main.ScriptEngine.runScriptAsRawText(ScriptEngine.java:119)&#xD;&#xA;&#x9;at com.kms.katalon.core.main.TestCaseExecutor.runScript(TestCaseExecutor.java:337)&#xD;&#xA;&#x9;at com.kms.katalon.core.main.TestCaseExecutor.doExecute(TestCaseExecutor.java:328)&#xD;&#xA;&#x9;at com.kms.katalon.core.main.TestCaseExecutor.processExecutionPhase(TestCaseExecutor.java:307)&#xD;&#xA;&#x9;at com.kms.katalon.core.main.TestCaseExecutor.accessMainPhase(TestCaseExecutor.java:299)&#xD;&#xA;&#x9;at com.kms.katalon.core.main.TestCaseExecutor.execute(TestCaseExecutor.java:233)&#xD;&#xA;&#x9;at com.kms.katalon.core.main.TestSuiteExecutor.accessTestCaseMainPhase(TestSuiteExecutor.java:169)&#xD;&#xA;&#x9;at com.kms.katalon.core.main.TestSuiteExecutor.accessTestSuiteMainPhase(TestSuiteExecutor.java:142)&#xD;&#xA;&#x9;at com.kms.katalon.core.main.TestSuiteExecutor.execute(TestSuiteExecutor.java:91)&#xD;&#xA;&#x9;at com.kms.katalon.core.main.TestCaseMain.startTestSuite(TestCaseMain.java:157)&#xD;&#xA;&#x9;at com.kms.katalon.core.main.TestCaseMain$startTestSuite$0.call(Unknown Source)&#xD;&#xA;&#x9;at TempTestSuite1568908277252.run(TempTestSuite1568908277252.groovy:35)&#xD;&#xA;"/>
            <system-out>2019-09-19 21:21:56 - [TEST_CASE][FAILED] - Test Cases/tMergeContactDetail_Test: Test Cases/tMergeContactDetail_Test FAILED.
Reason:
com.kms.katalon.core.exception.StepFailedException: Expected status code is '200' but actual status code is '404'&#xD;
	at com.kms.katalon.core.keyword.internal.KeywordMain.stepFailed(KeywordMain.groovy:50)&#xD;
	at com.kms.katalon.core.webservice.keyword.builtin.VerifyResponseStatusCodeKeyword.verifyStatusCode(VerifyResponseStatusCodeKeyword.groovy:52)&#xD;
	at com.kms.katalon.core.webservice.keyword.builtin.VerifyResponseStatusCodeKeyword$_verifyResponseStatusCode_closure1.doCall(VerifyResponseStatusCodeKeyword.groovy:42)&#xD;
	at com.kms.katalon.core.webservice.keyword.builtin.VerifyResponseStatusCodeKeyword$_verifyResponseStatusCode_closure1.call(VerifyResponseStatusCodeKeyword.groovy)&#xD;
	at com.kms.katalon.core.keyword.internal.KeywordMain.runKeyword(KeywordMain.groovy:68)&#xD;
	at com.kms.katalon.core.webservice.keyword.builtin.VerifyResponseStatusCodeKeyword.verifyResponseStatusCode(VerifyResponseStatusCodeKeyword.groovy:37)&#xD;
	at com.kms.katalon.core.webservice.keyword.builtin.VerifyResponseStatusCodeKeyword.execute(VerifyResponseStatusCodeKeyword.groovy:32)&#xD;
	at com.kms.katalon.core.keyword.internal.KeywordExecutor.executeKeywordForPlatform(KeywordExecutor.groovy:56)&#xD;
	at com.kms.katalon.core.webservice.keyword.WSBuiltInKeywords.verifyResponseStatusCode(WSBuiltInKeywords.groovy:212)&#xD;
	at com.kms.katalon.core.webservice.keyword.WSBuiltInKeywords$verifyResponseStatusCode$1.call(Unknown Source)&#xD;
	at WSVerification1568908317176.run(WSVerification1568908317176:16)&#xD;
	at com.kms.katalon.core.main.ScriptEngine.run(ScriptEngine.java:194)&#xD;
	at com.kms.katalon.core.main.ScriptEngine.runScriptAsRawText(ScriptEngine.java:119)&#xD;
	at com.kms.katalon.core.main.WSVerificationExecutor.runScript(WSVerificationExecutor.java:146)&#xD;
	at com.kms.katalon.core.main.WSVerificationExecutor.doExecute(WSVerificationExecutor.java:140)&#xD;
	at com.kms.katalon.core.main.WSVerificationExecutor.processExecutionPhase(WSVerificationExecutor.java:123)&#xD;
	at com.kms.katalon.core.main.WSVerificationExecutor.accessMainPhase(WSVerificationExecutor.java:115)&#xD;
	at com.kms.katalon.core.main.WSVerificationExecutor.execute(WSVerificationExecutor.java:103)&#xD;
	at com.kms.katalon.core.main.TestCaseMain.runWSVerificationScript(TestCaseMain.java:127)&#xD;
	at com.kms.katalon.core.webservice.keyword.builtin.SendRequestAndVerifyKeyword$_sendRequestAndVerify_closure1.doCall(SendRequestAndVerifyKeyword.groovy:55)&#xD;
	at com.kms.katalon.core.webservice.keyword.builtin.SendRequestAndVerifyKeyword$_sendRequestAndVerify_closure1.call(SendRequestAndVerifyKeyword.groovy)&#xD;
	at com.kms.katalon.core.keyword.internal.KeywordMain.runKeyword(KeywordMain.groovy:68)&#xD;
	at com.kms.katalon.core.webservice.keyword.builtin.SendRequestAndVerifyKeyword.sendRequestAndVerify(SendRequestAndVerifyKeyword.groovy:43)&#xD;
	at com.kms.katalon.core.webservice.keyword.builtin.SendRequestAndVerifyKeyword.execute(SendRequestAndVerifyKeyword.groovy:38)&#xD;
	at com.kms.katalon.core.keyword.internal.KeywordExecutor.executeKeywordForPlatform(KeywordExecutor.groovy:56)&#xD;
	at com.kms.katalon.core.webservice.keyword.WSBuiltInKeywords.sendRequestAndVerify(WSBuiltInKeywords.groovy:65)&#xD;
	at com.kms.katalon.core.webservice.keyword.WSBuiltInKeywords$sendRequestAndVerify$0.call(Unknown Source)&#xD;
	at tMergeContactDetail_Test.run(tMergeContactDetail_Test:16)&#xD;
	at com.kms.katalon.core.main.ScriptEngine.run(ScriptEngine.java:194)&#xD;
	at com.kms.katalon.core.main.ScriptEngine.runScriptAsRawText(ScriptEngine.java:119)&#xD;
	at com.kms.katalon.core.main.TestCaseExecutor.runScript(TestCaseExecutor.java:337)&#xD;
	at com.kms.katalon.core.main.TestCaseExecutor.doExecute(TestCaseExecutor.java:328)&#xD;
	at com.kms.katalon.core.main.TestCaseExecutor.processExecutionPhase(TestCaseExecutor.java:307)&#xD;
	at com.kms.katalon.core.main.TestCaseExecutor.accessMainPhase(TestCaseExecutor.java:299)&#xD;
	at com.kms.katalon.core.main.TestCaseExecutor.execute(TestCaseExecutor.java:233)&#xD;
	at com.kms.katalon.core.main.TestSuiteExecutor.accessTestCaseMainPhase(TestSuiteExecutor.java:169)&#xD;
	at com.kms.katalon.core.main.TestSuiteExecutor.accessTestSuiteMainPhase(TestSuiteExecutor.java:142)&#xD;
	at com.kms.katalon.core.main.TestSuiteExecutor.execute(TestSuiteExecutor.java:91)&#xD;
	at com.kms.katalon.core.main.TestCaseMain.startTestSuite(TestCaseMain.java:157)&#xD;
	at com.kms.katalon.core.main.TestCaseMain$startTestSuite$0.call(Unknown Source)&#xD;
	at TempTestSuite1568908277252.run(TempTestSuite1568908277252.groovy:35)&#xD;
&#xD;
&#xD;
2019-09-19 21:21:57 - [TEST_STEP][FAILED] - sendRequestAndVerify(findTestObject("tMerge Contact Detail", ["countryID":countryID, "uniqueToken":uniquetoken, "userId":userid])): Unable to send request and verify the response (Root cause: com.kms.katalon.core.exception.StepFailedException: Verification failed&#xD;
	at com.kms.katalon.core.webservice.keyword.builtin.SendRequestAndVerifyKeyword$_sendRequestAndVerify_closure1.doCall(SendRequestAndVerifyKeyword.groovy:59)&#xD;
	at com.kms.katalon.core.webservice.keyword.builtin.SendRequestAndVerifyKeyword$_sendRequestAndVerify_closure1.call(SendRequestAndVerifyKeyword.groovy)&#xD;
	at com.kms.katalon.core.keyword.internal.KeywordMain.runKeyword(KeywordMain.groovy:68)&#xD;
	at com.kms.katalon.core.webservice.keyword.builtin.SendRequestAndVerifyKeyword.sendRequestAndVerify(SendRequestAndVerifyKeyword.groovy:43)&#xD;
	at com.kms.katalon.core.webservice.keyword.builtin.SendRequestAndVerifyKeyword.execute(SendRequestAndVerifyKeyword.groovy:38)&#xD;
	at com.kms.katalon.core.keyword.internal.KeywordExecutor.executeKeywordForPlatform(KeywordExecutor.groovy:56)&#xD;
	at com.kms.katalon.core.webservice.keyword.WSBuiltInKeywords.sendRequestAndVerify(WSBuiltInKeywords.groovy:65)&#xD;
	at com.kms.katalon.core.webservice.keyword.WSBuiltInKeywords$sendRequestAndVerify$0.call(Unknown Source)&#xD;
	at tMergeContactDetail_Test.run(tMergeContactDetail_Test:16)&#xD;
	at com.kms.katalon.core.main.ScriptEngine.run(ScriptEngine.java:194)&#xD;
	at com.kms.katalon.core.main.ScriptEngine.runScriptAsRawText(ScriptEngine.java:119)&#xD;
	at com.kms.katalon.core.main.TestCaseExecutor.runScript(TestCaseExecutor.java:337)&#xD;
	at com.kms.katalon.core.main.TestCaseExecutor.doExecute(TestCaseExecutor.java:328)&#xD;
	at com.kms.katalon.core.main.TestCaseExecutor.processExecutionPhase(TestCaseExecutor.java:307)&#xD;
	at com.kms.katalon.core.main.TestCaseExecutor.accessMainPhase(TestCaseExecutor.java:299)&#xD;
	at com.kms.katalon.core.main.TestCaseExecutor.execute(TestCaseExecutor.java:233)&#xD;
	at com.kms.katalon.core.main.TestSuiteExecutor.accessTestCaseMainPhase(TestSuiteExecutor.java:169)&#xD;
	at com.kms.katalon.core.main.TestSuiteExecutor.accessTestSuiteMainPhase(TestSuiteExecutor.java:142)&#xD;
	at com.kms.katalon.core.main.TestSuiteExecutor.execute(TestSuiteExecutor.java:91)&#xD;
	at com.kms.katalon.core.main.TestCaseMain.startTestSuite(TestCaseMain.java:157)&#xD;
	at com.kms.katalon.core.main.TestCaseMain$startTestSuite$0.call(Unknown Source)&#xD;
	at TempTestSuite1568908277252.run(TempTestSuite1568908277252.groovy:35)&#xD;
)&#xD;
&#xD;
2019-09-19 21:21:57 - [MESSAGE][INFO] - HAR: C:\Users\rajesh.veeranna\Katalon Studio\SmartIndonasia\Reports\20190919_212117\SMARTINDONASIA_API_SmokeTest\20190919_212117\requests\main\27.har&#xD;
&#xD;
2019-09-19 21:21:57 - [TEST_CASE][FAILED] - Start Test Case : Verification: Verification FAILED.
Reason:
com.kms.katalon.core.exception.StepFailedException: Expected status code is '200' but actual status code is '404'&#xD;
	at com.kms.katalon.core.keyword.internal.KeywordMain.stepFailed(KeywordMain.groovy:50)&#xD;
	at com.kms.katalon.core.webservice.keyword.builtin.VerifyResponseStatusCodeKeyword.verifyStatusCode(VerifyResponseStatusCodeKeyword.groovy:52)&#xD;
	at com.kms.katalon.core.webservice.keyword.builtin.VerifyResponseStatusCodeKeyword$_verifyResponseStatusCode_closure1.doCall(VerifyResponseStatusCodeKeyword.groovy:42)&#xD;
	at com.kms.katalon.core.webservice.keyword.builtin.VerifyResponseStatusCodeKeyword$_verifyResponseStatusCode_closure1.call(VerifyResponseStatusCodeKeyword.groovy)&#xD;
	at com.kms.katalon.core.keyword.internal.KeywordMain.runKeyword(KeywordMain.groovy:68)&#xD;
	at com.kms.katalon.core.webservice.keyword.builtin.VerifyResponseStatusCodeKeyword.verifyResponseStatusCode(VerifyResponseStatusCodeKeyword.groovy:37)&#xD;
	at com.kms.katalon.core.webservice.keyword.builtin.VerifyResponseStatusCodeKeyword.execute(VerifyResponseStatusCodeKeyword.groovy:32)&#xD;
	at com.kms.katalon.core.keyword.internal.KeywordExecutor.executeKeywordForPlatform(KeywordExecutor.groovy:56)&#xD;
	at com.kms.katalon.core.webservice.keyword.WSBuiltInKeywords.verifyResponseStatusCode(WSBuiltInKeywords.groovy:212)&#xD;
	at com.kms.katalon.core.webservice.keyword.WSBuiltInKeywords$verifyResponseStatusCode$1.call(Unknown Source)&#xD;
	at WSVerification1568908317176.run(WSVerification1568908317176:16)&#xD;
	at com.kms.katalon.core.main.ScriptEngine.run(ScriptEngine.java:194)&#xD;
	at com.kms.katalon.core.main.ScriptEngine.runScriptAsRawText(ScriptEngine.java:119)&#xD;
	at com.kms.katalon.core.main.WSVerificationExecutor.runScript(WSVerificationExecutor.java:146)&#xD;
	at com.kms.katalon.core.main.WSVerificationExecutor.doExecute(WSVerificationExecutor.java:140)&#xD;
	at com.kms.katalon.core.main.WSVerificationExecutor.processExecutionPhase(WSVerificationExecutor.java:123)&#xD;
	at com.kms.katalon.core.main.WSVerificationExecutor.accessMainPhase(WSVerificationExecutor.java:115)&#xD;
	at com.kms.katalon.core.main.WSVerificationExecutor.execute(WSVerificationExecutor.java:103)&#xD;
	at com.kms.katalon.core.main.TestCaseMain.runWSVerificationScript(TestCaseMain.java:127)&#xD;
	at com.kms.katalon.core.webservice.keyword.builtin.SendRequestAndVerifyKeyword$_sendRequestAndVerify_closure1.doCall(SendRequestAndVerifyKeyword.groovy:55)&#xD;
	at com.kms.katalon.core.webservice.keyword.builtin.SendRequestAndVerifyKeyword$_sendRequestAndVerify_closure1.call(SendRequestAndVerifyKeyword.groovy)&#xD;
	at com.kms.katalon.core.keyword.internal.KeywordMain.runKeyword(KeywordMain.groovy:68)&#xD;
	at com.kms.katalon.core.webservice.keyword.builtin.SendRequestAndVerifyKeyword.sendRequestAndVerify(SendRequestAndVerifyKeyword.groovy:43)&#xD;
	at com.kms.katalon.core.webservice.keyword.builtin.SendRequestAndVerifyKeyword.execute(SendRequestAndVerifyKeyword.groovy:38)&#xD;
	at com.kms.katalon.core.keyword.internal.KeywordExecutor.executeKeywordForPlatform(KeywordExecutor.groovy:56)&#xD;
	at com.kms.katalon.core.webservice.keyword.WSBuiltInKeywords.sendRequestAndVerify(WSBuiltInKeywords.groovy:65)&#xD;
	at com.kms.katalon.core.webservice.keyword.WSBuiltInKeywords$sendRequestAndVerify$0.call(Unknown Source)&#xD;
	at tMergeContactDetail_Test.run(tMergeContactDetail_Test:16)&#xD;
	at com.kms.katalon.core.main.ScriptEngine.run(ScriptEngine.java:194)&#xD;
	at com.kms.katalon.core.main.ScriptEngine.runScriptAsRawText(ScriptEngine.java:119)&#xD;
	at com.kms.katalon.core.main.TestCaseExecutor.runScript(TestCaseExecutor.java:337)&#xD;
	at com.kms.katalon.core.main.TestCaseExecutor.doExecute(TestCaseExecutor.java:328)&#xD;
	at com.kms.katalon.core.main.TestCaseExecutor.processExecutionPhase(TestCaseExecutor.java:307)&#xD;
	at com.kms.katalon.core.main.TestCaseExecutor.accessMainPhase(TestCaseExecutor.java:299)&#xD;
	at com.kms.katalon.core.main.TestCaseExecutor.execute(TestCaseExecutor.java:233)&#xD;
	at com.kms.katalon.core.main.TestSuiteExecutor.accessTestCaseMainPhase(TestSuiteExecutor.java:169)&#xD;
	at com.kms.katalon.core.main.TestSuiteExecutor.accessTestSuiteMainPhase(TestSuiteExecutor.java:142)&#xD;
	at com.kms.katalon.core.main.TestSuiteExecutor.execute(TestSuiteExecutor.java:91)&#xD;
	at com.kms.katalon.core.main.TestCaseMain.startTestSuite(TestCaseMain.java:157)&#xD;
	at com.kms.katalon.core.main.TestCaseMain$startTestSuite$0.call(Unknown Source)&#xD;
	at TempTestSuite1568908277252.run(TempTestSuite1568908277252.groovy:35)&#xD;
&#xD;
&#xD;
2019-09-19 21:21:57 - [TEST_STEP][PASSED] - request = getInstance().getCurrentRequest(): null&#xD;
&#xD;
2019-09-19 21:21:57 - [TEST_STEP][PASSED] - response = getInstance().getCurrentResponse(): null&#xD;
&#xD;
2019-09-19 21:21:57 - [TEST_STEP][FAILED] - verifyResponseStatusCode(response, 200): Unable to verify response status code (Root cause: com.kms.katalon.core.exception.StepFailedException: Expected status code is '200' but actual status code is '404'&#xD;
	at com.kms.katalon.core.keyword.internal.KeywordMain.stepFailed(KeywordMain.groovy:50)&#xD;
	at com.kms.katalon.core.webservice.keyword.builtin.VerifyResponseStatusCodeKeyword.verifyStatusCode(VerifyResponseStatusCodeKeyword.groovy:52)&#xD;
	at com.kms.katalon.core.webservice.keyword.builtin.VerifyResponseStatusCodeKeyword$_verifyResponseStatusCode_closure1.doCall(VerifyResponseStatusCodeKeyword.groovy:42)&#xD;
	at com.kms.katalon.core.webservice.keyword.builtin.VerifyResponseStatusCodeKeyword$_verifyResponseStatusCode_closure1.call(VerifyResponseStatusCodeKeyword.groovy)&#xD;
	at com.kms.katalon.core.keyword.internal.KeywordMain.runKeyword(KeywordMain.groovy:68)&#xD;
	at com.kms.katalon.core.webservice.keyword.builtin.VerifyResponseStatusCodeKeyword.verifyResponseStatusCode(VerifyResponseStatusCodeKeyword.groovy:37)&#xD;
	at com.kms.katalon.core.webservice.keyword.builtin.VerifyResponseStatusCodeKeyword.execute(VerifyResponseStatusCodeKeyword.groovy:32)&#xD;
	at com.kms.katalon.core.keyword.internal.KeywordExecutor.executeKeywordForPlatform(KeywordExecutor.groovy:56)&#xD;
	at com.kms.katalon.core.webservice.keyword.WSBuiltInKeywords.verifyResponseStatusCode(WSBuiltInKeywords.groovy:212)&#xD;
	at com.kms.katalon.core.webservice.keyword.WSBuiltInKeywords$verifyResponseStatusCode$1.call(Unknown Source)&#xD;
	at WSVerification1568908317176.run(WSVerification1568908317176:16)&#xD;
	at com.kms.katalon.core.main.ScriptEngine.run(ScriptEngine.java:194)&#xD;
	at com.kms.katalon.core.main.ScriptEngine.runScriptAsRawText(ScriptEngine.java:119)&#xD;
	at com.kms.katalon.core.main.WSVerificationExecutor.runScript(WSVerificationExecutor.java:146)&#xD;
	at com.kms.katalon.core.main.WSVerificationExecutor.doExecute(WSVerificationExecutor.java:140)&#xD;
	at com.kms.katalon.core.main.WSVerificationExecutor.processExecutionPhase(WSVerificationExecutor.java:123)&#xD;
	at com.kms.katalon.core.main.WSVerificationExecutor.accessMainPhase(WSVerificationExecutor.java:115)&#xD;
	at com.kms.katalon.core.main.WSVerificationExecutor.execute(WSVerificationExecutor.java:103)&#xD;
	at com.kms.katalon.core.main.TestCaseMain.runWSVerificationScript(TestCaseMain.java:127)&#xD;
	at com.kms.katalon.core.webservice.keyword.builtin.SendRequestAndVerifyKeyword$_sendRequestAndVerify_closure1.doCall(SendRequestAndVerifyKeyword.groovy:55)&#xD;
	at com.kms.katalon.core.webservice.keyword.builtin.SendRequestAndVerifyKeyword$_sendRequestAndVerify_closure1.call(SendRequestAndVerifyKeyword.groovy)&#xD;
	at com.kms.katalon.core.keyword.internal.KeywordMain.runKeyword(KeywordMain.groovy:68)&#xD;
	at com.kms.katalon.core.webservice.keyword.builtin.SendRequestAndVerifyKeyword.sendRequestAndVerify(SendRequestAndVerifyKeyword.groovy:43)&#xD;
	at com.kms.katalon.core.webservice.keyword.builtin.SendRequestAndVerifyKeyword.execute(SendRequestAndVerifyKeyword.groovy:38)&#xD;
	at com.kms.katalon.core.keyword.internal.KeywordExecutor.executeKeywordForPlatform(KeywordExecutor.groovy:56)&#xD;
	at com.kms.katalon.core.webservice.keyword.WSBuiltInKeywords.sendRequestAndVerify(WSBuiltInKeywords.groovy:65)&#xD;
	at com.kms.katalon.core.webservice.keyword.WSBuiltInKeywords$sendRequestAndVerify$0.call(Unknown Source)&#xD;
	at tMergeContactDetail_Test.run(tMergeContactDetail_Test:16)&#xD;
	at com.kms.katalon.core.main.ScriptEngine.run(ScriptEngine.java:194)&#xD;
	at com.kms.katalon.core.main.ScriptEngine.runScriptAsRawText(ScriptEngine.java:119)&#xD;
	at com.kms.katalon.core.main.TestCaseExecutor.runScript(TestCaseExecutor.java:337)&#xD;
	at com.kms.katalon.core.main.TestCaseExecutor.doExecute(TestCaseExecutor.java:328)&#xD;
	at com.kms.katalon.core.main.TestCaseExecutor.processExecutionPhase(TestCaseExecutor.java:307)&#xD;
	at com.kms.katalon.core.main.TestCaseExecutor.accessMainPhase(TestCaseExecutor.java:299)&#xD;
	at com.kms.katalon.core.main.TestCaseExecutor.execute(TestCaseExecutor.java:233)&#xD;
	at com.kms.katalon.core.main.TestSuiteExecutor.accessTestCaseMainPhase(TestSuiteExecutor.java:169)&#xD;
	at com.kms.katalon.core.main.TestSuiteExecutor.accessTestSuiteMainPhase(TestSuiteExecutor.java:142)&#xD;
	at com.kms.katalon.core.main.TestSuiteExecutor.execute(TestSuiteExecutor.java:91)&#xD;
	at com.kms.katalon.core.main.TestCaseMain.startTestSuite(TestCaseMain.java:157)&#xD;
	at com.kms.katalon.core.main.TestCaseMain$startTestSuite$0.call(Unknown Source)&#xD;
	at TempTestSuite1568908277252.run(TempTestSuite1568908277252.groovy:35)&#xD;
)&#xD;
&#xD;
2019-09-19 21:21:57 - [MESSAGE][FAILED] - Expected status code is '200' but actual status code is '404'&#xD;
&#xD;
2019-09-19 21:21:57 - [MESSAGE][FAILED] - Unable to verify response status code (Root cause: com.kms.katalon.core.exception.StepFailedException: Expected status code is '200' but actual status code is '404'&#xD;
	at com.kms.katalon.core.keyword.internal.KeywordMain.stepFailed(KeywordMain.groovy:50)&#xD;
	at com.kms.katalon.core.webservice.keyword.builtin.VerifyResponseStatusCodeKeyword.verifyStatusCode(VerifyResponseStatusCodeKeyword.groovy:52)&#xD;
	at com.kms.katalon.core.webservice.keyword.builtin.VerifyResponseStatusCodeKeyword$_verifyResponseStatusCode_closure1.doCall(VerifyResponseStatusCodeKeyword.groovy:42)&#xD;
	at com.kms.katalon.core.webservice.keyword.builtin.VerifyResponseStatusCodeKeyword$_verifyResponseStatusCode_closure1.call(VerifyResponseStatusCodeKeyword.groovy)&#xD;
	at com.kms.katalon.core.keyword.internal.KeywordMain.runKeyword(KeywordMain.groovy:68)&#xD;
	at com.kms.katalon.core.webservice.keyword.builtin.VerifyResponseStatusCodeKeyword.verifyResponseStatusCode(VerifyResponseStatusCodeKeyword.groovy:37)&#xD;
	at com.kms.katalon.core.webservice.keyword.builtin.VerifyResponseStatusCodeKeyword.execute(VerifyResponseStatusCodeKeyword.groovy:32)&#xD;
	at com.kms.katalon.core.keyword.internal.KeywordExecutor.executeKeywordForPlatform(KeywordExecutor.groovy:56)&#xD;
	at com.kms.katalon.core.webservice.keyword.WSBuiltInKeywords.verifyResponseStatusCode(WSBuiltInKeywords.groovy:212)&#xD;
	at com.kms.katalon.core.webservice.keyword.WSBuiltInKeywords$verifyResponseStatusCode$1.call(Unknown Source)&#xD;
	at WSVerification1568908317176.run(WSVerification1568908317176:16)&#xD;
	at com.kms.katalon.core.main.ScriptEngine.run(ScriptEngine.java:194)&#xD;
	at com.kms.katalon.core.main.ScriptEngine.runScriptAsRawText(ScriptEngine.java:119)&#xD;
	at com.kms.katalon.core.main.WSVerificationExecutor.runScript(WSVerificationExecutor.java:146)&#xD;
	at com.kms.katalon.core.main.WSVerificationExecutor.doExecute(WSVerificationExecutor.java:140)&#xD;
	at com.kms.katalon.core.main.WSVerificationExecutor.processExecutionPhase(WSVerificationExecutor.java:123)&#xD;
	at com.kms.katalon.core.main.WSVerificationExecutor.accessMainPhase(WSVerificationExecutor.java:115)&#xD;
	at com.kms.katalon.core.main.WSVerificationExecutor.execute(WSVerificationExecutor.java:103)&#xD;
	at com.kms.katalon.core.main.TestCaseMain.runWSVerificationScript(TestCaseMain.java:127)&#xD;
	at com.kms.katalon.core.webservice.keyword.builtin.SendRequestAndVerifyKeyword$_sendRequestAndVerify_closure1.doCall(SendRequestAndVerifyKeyword.groovy:55)&#xD;
	at com.kms.katalon.core.webservice.keyword.builtin.SendRequestAndVerifyKeyword$_sendRequestAndVerify_closure1.call(SendRequestAndVerifyKeyword.groovy)&#xD;
	at com.kms.katalon.core.keyword.internal.KeywordMain.runKeyword(KeywordMain.groovy:68)&#xD;
	at com.kms.katalon.core.webservice.keyword.builtin.SendRequestAndVerifyKeyword.sendRequestAndVerify(SendRequestAndVerifyKeyword.groovy:43)&#xD;
	at com.kms.katalon.core.webservice.keyword.builtin.SendRequestAndVerifyKeyword.execute(SendRequestAndVerifyKeyword.groovy:38)&#xD;
	at com.kms.katalon.core.keyword.internal.KeywordExecutor.executeKeywordForPlatform(KeywordExecutor.groovy:56)&#xD;
	at com.kms.katalon.core.webservice.keyword.WSBuiltInKeywords.sendRequestAndVerify(WSBuiltInKeywords.groovy:65)&#xD;
	at com.kms.katalon.core.webservice.keyword.WSBuiltInKeywords$sendRequestAndVerify$0.call(Unknown Source)&#xD;
	at tMergeContactDetail_Test.run(tMergeContactDetail_Test:16)&#xD;
	at com.kms.katalon.core.main.ScriptEngine.run(ScriptEngine.java:194)&#xD;
	at com.kms.katalon.core.main.ScriptEngine.runScriptAsRawText(ScriptEngine.java:119)&#xD;
	at com.kms.katalon.core.main.TestCaseExecutor.runScript(TestCaseExecutor.java:337)&#xD;
	at com.kms.katalon.core.main.TestCaseExecutor.doExecute(TestCaseExecutor.java:328)&#xD;
	at com.kms.katalon.core.main.TestCaseExecutor.processExecutionPhase(TestCaseExecutor.java:307)&#xD;
	at com.kms.katalon.core.main.TestCaseExecutor.accessMainPhase(TestCaseExecutor.java:299)&#xD;
	at com.kms.katalon.core.main.TestCaseExecutor.execute(TestCaseExecutor.java:233)&#xD;
	at com.kms.katalon.core.main.TestSuiteExecutor.accessTestCaseMainPhase(TestSuiteExecutor.java:169)&#xD;
	at com.kms.katalon.core.main.TestSuiteExecutor.accessTestSuiteMainPhase(TestSuiteExecutor.java:142)&#xD;
	at com.kms.katalon.core.main.TestSuiteExecutor.execute(TestSuiteExecutor.java:91)&#xD;
	at com.kms.katalon.core.main.TestCaseMain.startTestSuite(TestCaseMain.java:157)&#xD;
	at com.kms.katalon.core.main.TestCaseMain$startTestSuite$0.call(Unknown Source)&#xD;
	at TempTestSuite1568908277252.run(TempTestSuite1568908277252.groovy:35)&#xD;
)&#xD;
&#xD;
2019-09-19 21:21:57 - [MESSAGE][FAILED] - Unable to send request and verify the response (Root cause: com.kms.katalon.core.exception.StepFailedException: Verification failed&#xD;
	at com.kms.katalon.core.webservice.keyword.builtin.SendRequestAndVerifyKeyword$_sendRequestAndVerify_closure1.doCall(SendRequestAndVerifyKeyword.groovy:59)&#xD;
	at com.kms.katalon.core.webservice.keyword.builtin.SendRequestAndVerifyKeyword$_sendRequestAndVerify_closure1.call(SendRequestAndVerifyKeyword.groovy)&#xD;
	at com.kms.katalon.core.keyword.internal.KeywordMain.runKeyword(KeywordMain.groovy:68)&#xD;
	at com.kms.katalon.core.webservice.keyword.builtin.SendRequestAndVerifyKeyword.sendRequestAndVerify(SendRequestAndVerifyKeyword.groovy:43)&#xD;
	at com.kms.katalon.core.webservice.keyword.builtin.SendRequestAndVerifyKeyword.execute(SendRequestAndVerifyKeyword.groovy:38)&#xD;
	at com.kms.katalon.core.keyword.internal.KeywordExecutor.executeKeywordForPlatform(KeywordExecutor.groovy:56)&#xD;
	at com.kms.katalon.core.webservice.keyword.WSBuiltInKeywords.sendRequestAndVerify(WSBuiltInKeywords.groovy:65)&#xD;
	at com.kms.katalon.core.webservice.keyword.WSBuiltInKeywords$sendRequestAndVerify$0.call(Unknown Source)&#xD;
	at tMergeContactDetail_Test.run(tMergeContactDetail_Test:16)&#xD;
	at com.kms.katalon.core.main.ScriptEngine.run(ScriptEngine.java:194)&#xD;
	at com.kms.katalon.core.main.ScriptEngine.runScriptAsRawText(ScriptEngine.java:119)&#xD;
	at com.kms.katalon.core.main.TestCaseExecutor.runScript(TestCaseExecutor.java:337)&#xD;
	at com.kms.katalon.core.main.TestCaseExecutor.doExecute(TestCaseExecutor.java:328)&#xD;
	at com.kms.katalon.core.main.TestCaseExecutor.processExecutionPhase(TestCaseExecutor.java:307)&#xD;
	at com.kms.katalon.core.main.TestCaseExecutor.accessMainPhase(TestCaseExecutor.java:299)&#xD;
	at com.kms.katalon.core.main.TestCaseExecutor.execute(TestCaseExecutor.java:233)&#xD;
	at com.kms.katalon.core.main.TestSuiteExecutor.accessTestCaseMainPhase(TestSuiteExecutor.java:169)&#xD;
	at com.kms.katalon.core.main.TestSuiteExecutor.accessTestSuiteMainPhase(TestSuiteExecutor.java:142)&#xD;
	at com.kms.katalon.core.main.TestSuiteExecutor.execute(TestSuiteExecutor.java:91)&#xD;
	at com.kms.katalon.core.main.TestCaseMain.startTestSuite(TestCaseMain.java:157)&#xD;
	at com.kms.katalon.core.main.TestCaseMain$startTestSuite$0.call(Unknown Source)&#xD;
	at TempTestSuite1568908277252.run(TempTestSuite1568908277252.groovy:35)&#xD;
)</system-out>
            <system-err>2019-09-19 21:21:56 - [TEST_CASE][FAILED] - Test Cases/tMergeContactDetail_Test: Test Cases/tMergeContactDetail_Test FAILED.
Reason:
com.kms.katalon.core.exception.StepFailedException: Expected status code is '200' but actual status code is '404'&#xD;
	at com.kms.katalon.core.keyword.internal.KeywordMain.stepFailed(KeywordMain.groovy:50)&#xD;
	at com.kms.katalon.core.webservice.keyword.builtin.VerifyResponseStatusCodeKeyword.verifyStatusCode(VerifyResponseStatusCodeKeyword.groovy:52)&#xD;
	at com.kms.katalon.core.webservice.keyword.builtin.VerifyResponseStatusCodeKeyword$_verifyResponseStatusCode_closure1.doCall(VerifyResponseStatusCodeKeyword.groovy:42)&#xD;
	at com.kms.katalon.core.webservice.keyword.builtin.VerifyResponseStatusCodeKeyword$_verifyResponseStatusCode_closure1.call(VerifyResponseStatusCodeKeyword.groovy)&#xD;
	at com.kms.katalon.core.keyword.internal.KeywordMain.runKeyword(KeywordMain.groovy:68)&#xD;
	at com.kms.katalon.core.webservice.keyword.builtin.VerifyResponseStatusCodeKeyword.verifyResponseStatusCode(VerifyResponseStatusCodeKeyword.groovy:37)&#xD;
	at com.kms.katalon.core.webservice.keyword.builtin.VerifyResponseStatusCodeKeyword.execute(VerifyResponseStatusCodeKeyword.groovy:32)&#xD;
	at com.kms.katalon.core.keyword.internal.KeywordExecutor.executeKeywordForPlatform(KeywordExecutor.groovy:56)&#xD;
	at com.kms.katalon.core.webservice.keyword.WSBuiltInKeywords.verifyResponseStatusCode(WSBuiltInKeywords.groovy:212)&#xD;
	at com.kms.katalon.core.webservice.keyword.WSBuiltInKeywords$verifyResponseStatusCode$1.call(Unknown Source)&#xD;
	at WSVerification1568908317176.run(WSVerification1568908317176:16)&#xD;
	at com.kms.katalon.core.main.ScriptEngine.run(ScriptEngine.java:194)&#xD;
	at com.kms.katalon.core.main.ScriptEngine.runScriptAsRawText(ScriptEngine.java:119)&#xD;
	at com.kms.katalon.core.main.WSVerificationExecutor.runScript(WSVerificationExecutor.java:146)&#xD;
	at com.kms.katalon.core.main.WSVerificationExecutor.doExecute(WSVerificationExecutor.java:140)&#xD;
	at com.kms.katalon.core.main.WSVerificationExecutor.processExecutionPhase(WSVerificationExecutor.java:123)&#xD;
	at com.kms.katalon.core.main.WSVerificationExecutor.accessMainPhase(WSVerificationExecutor.java:115)&#xD;
	at com.kms.katalon.core.main.WSVerificationExecutor.execute(WSVerificationExecutor.java:103)&#xD;
	at com.kms.katalon.core.main.TestCaseMain.runWSVerificationScript(TestCaseMain.java:127)&#xD;
	at com.kms.katalon.core.webservice.keyword.builtin.SendRequestAndVerifyKeyword$_sendRequestAndVerify_closure1.doCall(SendRequestAndVerifyKeyword.groovy:55)&#xD;
	at com.kms.katalon.core.webservice.keyword.builtin.SendRequestAndVerifyKeyword$_sendRequestAndVerify_closure1.call(SendRequestAndVerifyKeyword.groovy)&#xD;
	at com.kms.katalon.core.keyword.internal.KeywordMain.runKeyword(KeywordMain.groovy:68)&#xD;
	at com.kms.katalon.core.webservice.keyword.builtin.SendRequestAndVerifyKeyword.sendRequestAndVerify(SendRequestAndVerifyKeyword.groovy:43)&#xD;
	at com.kms.katalon.core.webservice.keyword.builtin.SendRequestAndVerifyKeyword.execute(SendRequestAndVerifyKeyword.groovy:38)&#xD;
	at com.kms.katalon.core.keyword.internal.KeywordExecutor.executeKeywordForPlatform(KeywordExecutor.groovy:56)&#xD;
	at com.kms.katalon.core.webservice.keyword.WSBuiltInKeywords.sendRequestAndVerify(WSBuiltInKeywords.groovy:65)&#xD;
	at com.kms.katalon.core.webservice.keyword.WSBuiltInKeywords$sendRequestAndVerify$0.call(Unknown Source)&#xD;
	at tMergeContactDetail_Test.run(tMergeContactDetail_Test:16)&#xD;
	at com.kms.katalon.core.main.ScriptEngine.run(ScriptEngine.java:194)&#xD;
	at com.kms.katalon.core.main.ScriptEngine.runScriptAsRawText(ScriptEngine.java:119)&#xD;
	at com.kms.katalon.core.main.TestCaseExecutor.runScript(TestCaseExecutor.java:337)&#xD;
	at com.kms.katalon.core.main.TestCaseExecutor.doExecute(TestCaseExecutor.java:328)&#xD;
	at com.kms.katalon.core.main.TestCaseExecutor.processExecutionPhase(TestCaseExecutor.java:307)&#xD;
	at com.kms.katalon.core.main.TestCaseExecutor.accessMainPhase(TestCaseExecutor.java:299)&#xD;
	at com.kms.katalon.core.main.TestCaseExecutor.execute(TestCaseExecutor.java:233)&#xD;
	at com.kms.katalon.core.main.TestSuiteExecutor.accessTestCaseMainPhase(TestSuiteExecutor.java:169)&#xD;
	at com.kms.katalon.core.main.TestSuiteExecutor.accessTestSuiteMainPhase(TestSuiteExecutor.java:142)&#xD;
	at com.kms.katalon.core.main.TestSuiteExecutor.execute(TestSuiteExecutor.java:91)&#xD;
	at com.kms.katalon.core.main.TestCaseMain.startTestSuite(TestCaseMain.java:157)&#xD;
	at com.kms.katalon.core.main.TestCaseMain$startTestSuite$0.call(Unknown Source)&#xD;
	at TempTestSuite1568908277252.run(TempTestSuite1568908277252.groovy:35)</system-err>
        </testcase>
        <testcase name="Test Cases/vInsertIncident_Test" classname="Test Cases/vInsertIncident_Test" status="FAILED">
            <failure type="FAILED" message="Test Cases/vInsertIncident_Test FAILED.&#xA;Reason:&#xA;com.kms.katalon.core.exception.StepFailedException: Expected status code is '200' but actual status code is '404'&#xD;&#xA;&#x9;at com.kms.katalon.core.keyword.internal.KeywordMain.stepFailed(KeywordMain.groovy:50)&#xD;&#xA;&#x9;at com.kms.katalon.core.webservice.keyword.builtin.VerifyResponseStatusCodeKeyword.verifyStatusCode(VerifyResponseStatusCodeKeyword.groovy:52)&#xD;&#xA;&#x9;at com.kms.katalon.core.webservice.keyword.builtin.VerifyResponseStatusCodeKeyword$_verifyResponseStatusCode_closure1.doCall(VerifyResponseStatusCodeKeyword.groovy:42)&#xD;&#xA;&#x9;at com.kms.katalon.core.webservice.keyword.builtin.VerifyResponseStatusCodeKeyword$_verifyResponseStatusCode_closure1.call(VerifyResponseStatusCodeKeyword.groovy)&#xD;&#xA;&#x9;at com.kms.katalon.core.keyword.internal.KeywordMain.runKeyword(KeywordMain.groovy:68)&#xD;&#xA;&#x9;at com.kms.katalon.core.webservice.keyword.builtin.VerifyResponseStatusCodeKeyword.verifyResponseStatusCode(VerifyResponseStatusCodeKeyword.groovy:37)&#xD;&#xA;&#x9;at com.kms.katalon.core.webservice.keyword.builtin.VerifyResponseStatusCodeKeyword.execute(VerifyResponseStatusCodeKeyword.groovy:32)&#xD;&#xA;&#x9;at com.kms.katalon.core.keyword.internal.KeywordExecutor.executeKeywordForPlatform(KeywordExecutor.groovy:56)&#xD;&#xA;&#x9;at com.kms.katalon.core.webservice.keyword.WSBuiltInKeywords.verifyResponseStatusCode(WSBuiltInKeywords.groovy:212)&#xD;&#xA;&#x9;at com.kms.katalon.core.webservice.keyword.WSBuiltInKeywords$verifyResponseStatusCode$1.call(Unknown Source)&#xD;&#xA;&#x9;at WSVerification1568908318766.run(WSVerification1568908318766:17)&#xD;&#xA;&#x9;at com.kms.katalon.core.main.ScriptEngine.run(ScriptEngine.java:194)&#xD;&#xA;&#x9;at com.kms.katalon.core.main.ScriptEngine.runScriptAsRawText(ScriptEngine.java:119)&#xD;&#xA;&#x9;at com.kms.katalon.core.main.WSVerificationExecutor.runScript(WSVerificationExecutor.java:146)&#xD;&#xA;&#x9;at com.kms.katalon.core.main.WSVerificationExecutor.doExecute(WSVerificationExecutor.java:140)&#xD;&#xA;&#x9;at com.kms.katalon.core.main.WSVerificationExecutor.processExecutionPhase(WSVerificationExecutor.java:123)&#xD;&#xA;&#x9;at com.kms.katalon.core.main.WSVerificationExecutor.accessMainPhase(WSVerificationExecutor.java:115)&#xD;&#xA;&#x9;at com.kms.katalon.core.main.WSVerificationExecutor.execute(WSVerificationExecutor.java:103)&#xD;&#xA;&#x9;at com.kms.katalon.core.main.TestCaseMain.runWSVerificationScript(TestCaseMain.java:127)&#xD;&#xA;&#x9;at com.kms.katalon.core.webservice.keyword.builtin.SendRequestAndVerifyKeyword$_sendRequestAndVerify_closure1.doCall(SendRequestAndVerifyKeyword.groovy:55)&#xD;&#xA;&#x9;at com.kms.katalon.core.webservice.keyword.builtin.SendRequestAndVerifyKeyword$_sendRequestAndVerify_closure1.call(SendRequestAndVerifyKeyword.groovy)&#xD;&#xA;&#x9;at com.kms.katalon.core.keyword.internal.KeywordMain.runKeyword(KeywordMain.groovy:68)&#xD;&#xA;&#x9;at com.kms.katalon.core.webservice.keyword.builtin.SendRequestAndVerifyKeyword.sendRequestAndVerify(SendRequestAndVerifyKeyword.groovy:43)&#xD;&#xA;&#x9;at com.kms.katalon.core.webservice.keyword.builtin.SendRequestAndVerifyKeyword.execute(SendRequestAndVerifyKeyword.groovy:38)&#xD;&#xA;&#x9;at com.kms.katalon.core.keyword.internal.KeywordExecutor.executeKeywordForPlatform(KeywordExecutor.groovy:56)&#xD;&#xA;&#x9;at com.kms.katalon.core.webservice.keyword.WSBuiltInKeywords.sendRequestAndVerify(WSBuiltInKeywords.groovy:65)&#xD;&#xA;&#x9;at com.kms.katalon.core.webservice.keyword.WSBuiltInKeywords$sendRequestAndVerify$0.call(Unknown Source)&#xD;&#xA;&#x9;at vInsertIncident_Test.run(vInsertIncident_Test:29)&#xD;&#xA;&#x9;at com.kms.katalon.core.main.ScriptEngine.run(ScriptEngine.java:194)&#xD;&#xA;&#x9;at com.kms.katalon.core.main.ScriptEngine.runScriptAsRawText(ScriptEngine.java:119)&#xD;&#xA;&#x9;at com.kms.katalon.core.main.TestCaseExecutor.runScript(TestCaseExecutor.java:337)&#xD;&#xA;&#x9;at com.kms.katalon.core.main.TestCaseExecutor.doExecute(TestCaseExecutor.java:328)&#xD;&#xA;&#x9;at com.kms.katalon.core.main.TestCaseExecutor.processExecutionPhase(TestCaseExecutor.java:307)&#xD;&#xA;&#x9;at com.kms.katalon.core.main.TestCaseExecutor.accessMainPhase(TestCaseExecutor.java:299)&#xD;&#xA;&#x9;at com.kms.katalon.core.main.TestCaseExecutor.execute(TestCaseExecutor.java:233)&#xD;&#xA;&#x9;at com.kms.katalon.core.main.TestSuiteExecutor.accessTestCaseMainPhase(TestSuiteExecutor.java:169)&#xD;&#xA;&#x9;at com.kms.katalon.core.main.TestSuiteExecutor.accessTestSuiteMainPhase(TestSuiteExecutor.java:142)&#xD;&#xA;&#x9;at com.kms.katalon.core.main.TestSuiteExecutor.execute(TestSuiteExecutor.java:91)&#xD;&#xA;&#x9;at com.kms.katalon.core.main.TestCaseMain.startTestSuite(TestCaseMain.java:157)&#xD;&#xA;&#x9;at com.kms.katalon.core.main.TestCaseMain$startTestSuite$0.call(Unknown Source)&#xD;&#xA;&#x9;at TempTestSuite1568908277252.run(TempTestSuite1568908277252.groovy:35)&#xD;&#xA;"/>
            <system-out>2019-09-19 21:21:58 - [TEST_CASE][FAILED] - Test Cases/vInsertIncident_Test: Test Cases/vInsertIncident_Test FAILED.
Reason:
com.kms.katalon.core.exception.StepFailedException: Expected status code is '200' but actual status code is '404'&#xD;
	at com.kms.katalon.core.keyword.internal.KeywordMain.stepFailed(KeywordMain.groovy:50)&#xD;
	at com.kms.katalon.core.webservice.keyword.builtin.VerifyResponseStatusCodeKeyword.verifyStatusCode(VerifyResponseStatusCodeKeyword.groovy:52)&#xD;
	at com.kms.katalon.core.webservice.keyword.builtin.VerifyResponseStatusCodeKeyword$_verifyResponseStatusCode_closure1.doCall(VerifyResponseStatusCodeKeyword.groovy:42)&#xD;
	at com.kms.katalon.core.webservice.keyword.builtin.VerifyResponseStatusCodeKeyword$_verifyResponseStatusCode_closure1.call(VerifyResponseStatusCodeKeyword.groovy)&#xD;
	at com.kms.katalon.core.keyword.internal.KeywordMain.runKeyword(KeywordMain.groovy:68)&#xD;
	at com.kms.katalon.core.webservice.keyword.builtin.VerifyResponseStatusCodeKeyword.verifyResponseStatusCode(VerifyResponseStatusCodeKeyword.groovy:37)&#xD;
	at com.kms.katalon.core.webservice.keyword.builtin.VerifyResponseStatusCodeKeyword.execute(VerifyResponseStatusCodeKeyword.groovy:32)&#xD;
	at com.kms.katalon.core.keyword.internal.KeywordExecutor.executeKeywordForPlatform(KeywordExecutor.groovy:56)&#xD;
	at com.kms.katalon.core.webservice.keyword.WSBuiltInKeywords.verifyResponseStatusCode(WSBuiltInKeywords.groovy:212)&#xD;
	at com.kms.katalon.core.webservice.keyword.WSBuiltInKeywords$verifyResponseStatusCode$1.call(Unknown Source)&#xD;
	at WSVerification1568908318766.run(WSVerification1568908318766:17)&#xD;
	at com.kms.katalon.core.main.ScriptEngine.run(ScriptEngine.java:194)&#xD;
	at com.kms.katalon.core.main.ScriptEngine.runScriptAsRawText(ScriptEngine.java:119)&#xD;
	at com.kms.katalon.core.main.WSVerificationExecutor.runScript(WSVerificationExecutor.java:146)&#xD;
	at com.kms.katalon.core.main.WSVerificationExecutor.doExecute(WSVerificationExecutor.java:140)&#xD;
	at com.kms.katalon.core.main.WSVerificationExecutor.processExecutionPhase(WSVerificationExecutor.java:123)&#xD;
	at com.kms.katalon.core.main.WSVerificationExecutor.accessMainPhase(WSVerificationExecutor.java:115)&#xD;
	at com.kms.katalon.core.main.WSVerificationExecutor.execute(WSVerificationExecutor.java:103)&#xD;
	at com.kms.katalon.core.main.TestCaseMain.runWSVerificationScript(TestCaseMain.java:127)&#xD;
	at com.kms.katalon.core.webservice.keyword.builtin.SendRequestAndVerifyKeyword$_sendRequestAndVerify_closure1.doCall(SendRequestAndVerifyKeyword.groovy:55)&#xD;
	at com.kms.katalon.core.webservice.keyword.builtin.SendRequestAndVerifyKeyword$_sendRequestAndVerify_closure1.call(SendRequestAndVerifyKeyword.groovy)&#xD;
	at com.kms.katalon.core.keyword.internal.KeywordMain.runKeyword(KeywordMain.groovy:68)&#xD;
	at com.kms.katalon.core.webservice.keyword.builtin.SendRequestAndVerifyKeyword.sendRequestAndVerify(SendRequestAndVerifyKeyword.groovy:43)&#xD;
	at com.kms.katalon.core.webservice.keyword.builtin.SendRequestAndVerifyKeyword.execute(SendRequestAndVerifyKeyword.groovy:38)&#xD;
	at com.kms.katalon.core.keyword.internal.KeywordExecutor.executeKeywordForPlatform(KeywordExecutor.groovy:56)&#xD;
	at com.kms.katalon.core.webservice.keyword.WSBuiltInKeywords.sendRequestAndVerify(WSBuiltInKeywords.groovy:65)&#xD;
	at com.kms.katalon.core.webservice.keyword.WSBuiltInKeywords$sendRequestAndVerify$0.call(Unknown Source)&#xD;
	at vInsertIncident_Test.run(vInsertIncident_Test:29)&#xD;
	at com.kms.katalon.core.main.ScriptEngine.run(ScriptEngine.java:194)&#xD;
	at com.kms.katalon.core.main.ScriptEngine.runScriptAsRawText(ScriptEngine.java:119)&#xD;
	at com.kms.katalon.core.main.TestCaseExecutor.runScript(TestCaseExecutor.java:337)&#xD;
	at com.kms.katalon.core.main.TestCaseExecutor.doExecute(TestCaseExecutor.java:328)&#xD;
	at com.kms.katalon.core.main.TestCaseExecutor.processExecutionPhase(TestCaseExecutor.java:307)&#xD;
	at com.kms.katalon.core.main.TestCaseExecutor.accessMainPhase(TestCaseExecutor.java:299)&#xD;
	at com.kms.katalon.core.main.TestCaseExecutor.execute(TestCaseExecutor.java:233)&#xD;
	at com.kms.katalon.core.main.TestSuiteExecutor.accessTestCaseMainPhase(TestSuiteExecutor.java:169)&#xD;
	at com.kms.katalon.core.main.TestSuiteExecutor.accessTestSuiteMainPhase(TestSuiteExecutor.java:142)&#xD;
	at com.kms.katalon.core.main.TestSuiteExecutor.execute(TestSuiteExecutor.java:91)&#xD;
	at com.kms.katalon.core.main.TestCaseMain.startTestSuite(TestCaseMain.java:157)&#xD;
	at com.kms.katalon.core.main.TestCaseMain$startTestSuite$0.call(Unknown Source)&#xD;
	at TempTestSuite1568908277252.run(TempTestSuite1568908277252.groovy:35)&#xD;
&#xD;
&#xD;
2019-09-19 21:21:58 - [TEST_STEP][PASSED] - incidenTID = toUpperCase().replace("-", ""): null&#xD;
&#xD;
2019-09-19 21:21:58 - [TEST_STEP][PASSED] - println(incidenTID): null&#xD;
&#xD;
2019-09-19 21:21:58 - [TEST_STEP][PASSED] - now = new java.util.Date(): null&#xD;
&#xD;
2019-09-19 21:21:58 - [TEST_STEP][PASSED] - incidenTDate = now.format("dd-MM-YYYY HH:mm:ss +5:30"): null&#xD;
&#xD;
2019-09-19 21:21:58 - [TEST_STEP][PASSED] - println(incidenTDate): null&#xD;
&#xD;
2019-09-19 21:21:58 - [TEST_STEP][PASSED] - sendRequest(findTestObject("vInsert Incident", ["userId":userid, "uniqueToken":uniquetoken, "incidentID":incidenTID, "incidentDate":incidenTDate, "checkInLocality":checkInLocality, ... ])): Send request successfully&#xD;
&#xD;
2019-09-19 21:21:58 - [MESSAGE][INFO] - HAR: C:\Users\rajesh.veeranna\Katalon Studio\SmartIndonasia\Reports\20190919_212117\SMARTINDONASIA_API_SmokeTest\20190919_212117\requests\main\28.har&#xD;
&#xD;
2019-09-19 21:21:58 - [MESSAGE][PASSED] - Send request successfully&#xD;
&#xD;
2019-09-19 21:21:58 - [TEST_STEP][FAILED] - responsev = sendRequestAndVerify(findTestObject("vInsert Incident", ["userId":userid, "uniqueToken":uniquetoken, "incidentID":incidenTID, "incidentDate":incidenTDate, "checkInLocality":checkInLocality, ... ])): Unable to send request and verify the response (Root cause: com.kms.katalon.core.exception.StepFailedException: Verification failed&#xD;
	at com.kms.katalon.core.webservice.keyword.builtin.SendRequestAndVerifyKeyword$_sendRequestAndVerify_closure1.doCall(SendRequestAndVerifyKeyword.groovy:59)&#xD;
	at com.kms.katalon.core.webservice.keyword.builtin.SendRequestAndVerifyKeyword$_sendRequestAndVerify_closure1.call(SendRequestAndVerifyKeyword.groovy)&#xD;
	at com.kms.katalon.core.keyword.internal.KeywordMain.runKeyword(KeywordMain.groovy:68)&#xD;
	at com.kms.katalon.core.webservice.keyword.builtin.SendRequestAndVerifyKeyword.sendRequestAndVerify(SendRequestAndVerifyKeyword.groovy:43)&#xD;
	at com.kms.katalon.core.webservice.keyword.builtin.SendRequestAndVerifyKeyword.execute(SendRequestAndVerifyKeyword.groovy:38)&#xD;
	at com.kms.katalon.core.keyword.internal.KeywordExecutor.executeKeywordForPlatform(KeywordExecutor.groovy:56)&#xD;
	at com.kms.katalon.core.webservice.keyword.WSBuiltInKeywords.sendRequestAndVerify(WSBuiltInKeywords.groovy:65)&#xD;
	at com.kms.katalon.core.webservice.keyword.WSBuiltInKeywords$sendRequestAndVerify$0.call(Unknown Source)&#xD;
	at vInsertIncident_Test.run(vInsertIncident_Test:29)&#xD;
	at com.kms.katalon.core.main.ScriptEngine.run(ScriptEngine.java:194)&#xD;
	at com.kms.katalon.core.main.ScriptEngine.runScriptAsRawText(ScriptEngine.java:119)&#xD;
	at com.kms.katalon.core.main.TestCaseExecutor.runScript(TestCaseExecutor.java:337)&#xD;
	at com.kms.katalon.core.main.TestCaseExecutor.doExecute(TestCaseExecutor.java:328)&#xD;
	at com.kms.katalon.core.main.TestCaseExecutor.processExecutionPhase(TestCaseExecutor.java:307)&#xD;
	at com.kms.katalon.core.main.TestCaseExecutor.accessMainPhase(TestCaseExecutor.java:299)&#xD;
	at com.kms.katalon.core.main.TestCaseExecutor.execute(TestCaseExecutor.java:233)&#xD;
	at com.kms.katalon.core.main.TestSuiteExecutor.accessTestCaseMainPhase(TestSuiteExecutor.java:169)&#xD;
	at com.kms.katalon.core.main.TestSuiteExecutor.accessTestSuiteMainPhase(TestSuiteExecutor.java:142)&#xD;
	at com.kms.katalon.core.main.TestSuiteExecutor.execute(TestSuiteExecutor.java:91)&#xD;
	at com.kms.katalon.core.main.TestCaseMain.startTestSuite(TestCaseMain.java:157)&#xD;
	at com.kms.katalon.core.main.TestCaseMain$startTestSuite$0.call(Unknown Source)&#xD;
	at TempTestSuite1568908277252.run(TempTestSuite1568908277252.groovy:35)&#xD;
)&#xD;
&#xD;
2019-09-19 21:21:58 - [MESSAGE][INFO] - HAR: C:\Users\rajesh.veeranna\Katalon Studio\SmartIndonasia\Reports\20190919_212117\SMARTINDONASIA_API_SmokeTest\20190919_212117\requests\main\29.har&#xD;
&#xD;
2019-09-19 21:21:58 - [TEST_CASE][FAILED] - Start Test Case : Verification: Verification FAILED.
Reason:
com.kms.katalon.core.exception.StepFailedException: Expected status code is '200' but actual status code is '404'&#xD;
	at com.kms.katalon.core.keyword.internal.KeywordMain.stepFailed(KeywordMain.groovy:50)&#xD;
	at com.kms.katalon.core.webservice.keyword.builtin.VerifyResponseStatusCodeKeyword.verifyStatusCode(VerifyResponseStatusCodeKeyword.groovy:52)&#xD;
	at com.kms.katalon.core.webservice.keyword.builtin.VerifyResponseStatusCodeKeyword$_verifyResponseStatusCode_closure1.doCall(VerifyResponseStatusCodeKeyword.groovy:42)&#xD;
	at com.kms.katalon.core.webservice.keyword.builtin.VerifyResponseStatusCodeKeyword$_verifyResponseStatusCode_closure1.call(VerifyResponseStatusCodeKeyword.groovy)&#xD;
	at com.kms.katalon.core.keyword.internal.KeywordMain.runKeyword(KeywordMain.groovy:68)&#xD;
	at com.kms.katalon.core.webservice.keyword.builtin.VerifyResponseStatusCodeKeyword.verifyResponseStatusCode(VerifyResponseStatusCodeKeyword.groovy:37)&#xD;
	at com.kms.katalon.core.webservice.keyword.builtin.VerifyResponseStatusCodeKeyword.execute(VerifyResponseStatusCodeKeyword.groovy:32)&#xD;
	at com.kms.katalon.core.keyword.internal.KeywordExecutor.executeKeywordForPlatform(KeywordExecutor.groovy:56)&#xD;
	at com.kms.katalon.core.webservice.keyword.WSBuiltInKeywords.verifyResponseStatusCode(WSBuiltInKeywords.groovy:212)&#xD;
	at com.kms.katalon.core.webservice.keyword.WSBuiltInKeywords$verifyResponseStatusCode$1.call(Unknown Source)&#xD;
	at WSVerification1568908318766.run(WSVerification1568908318766:17)&#xD;
	at com.kms.katalon.core.main.ScriptEngine.run(ScriptEngine.java:194)&#xD;
	at com.kms.katalon.core.main.ScriptEngine.runScriptAsRawText(ScriptEngine.java:119)&#xD;
	at com.kms.katalon.core.main.WSVerificationExecutor.runScript(WSVerificationExecutor.java:146)&#xD;
	at com.kms.katalon.core.main.WSVerificationExecutor.doExecute(WSVerificationExecutor.java:140)&#xD;
	at com.kms.katalon.core.main.WSVerificationExecutor.processExecutionPhase(WSVerificationExecutor.java:123)&#xD;
	at com.kms.katalon.core.main.WSVerificationExecutor.accessMainPhase(WSVerificationExecutor.java:115)&#xD;
	at com.kms.katalon.core.main.WSVerificationExecutor.execute(WSVerificationExecutor.java:103)&#xD;
	at com.kms.katalon.core.main.TestCaseMain.runWSVerificationScript(TestCaseMain.java:127)&#xD;
	at com.kms.katalon.core.webservice.keyword.builtin.SendRequestAndVerifyKeyword$_sendRequestAndVerify_closure1.doCall(SendRequestAndVerifyKeyword.groovy:55)&#xD;
	at com.kms.katalon.core.webservice.keyword.builtin.SendRequestAndVerifyKeyword$_sendRequestAndVerify_closure1.call(SendRequestAndVerifyKeyword.groovy)&#xD;
	at com.kms.katalon.core.keyword.internal.KeywordMain.runKeyword(KeywordMain.groovy:68)&#xD;
	at com.kms.katalon.core.webservice.keyword.builtin.SendRequestAndVerifyKeyword.sendRequestAndVerify(SendRequestAndVerifyKeyword.groovy:43)&#xD;
	at com.kms.katalon.core.webservice.keyword.builtin.SendRequestAndVerifyKeyword.execute(SendRequestAndVerifyKeyword.groovy:38)&#xD;
	at com.kms.katalon.core.keyword.internal.KeywordExecutor.executeKeywordForPlatform(KeywordExecutor.groovy:56)&#xD;
	at com.kms.katalon.core.webservice.keyword.WSBuiltInKeywords.sendRequestAndVerify(WSBuiltInKeywords.groovy:65)&#xD;
	at com.kms.katalon.core.webservice.keyword.WSBuiltInKeywords$sendRequestAndVerify$0.call(Unknown Source)&#xD;
	at vInsertIncident_Test.run(vInsertIncident_Test:29)&#xD;
	at com.kms.katalon.core.main.ScriptEngine.run(ScriptEngine.java:194)&#xD;
	at com.kms.katalon.core.main.ScriptEngine.runScriptAsRawText(ScriptEngine.java:119)&#xD;
	at com.kms.katalon.core.main.TestCaseExecutor.runScript(TestCaseExecutor.java:337)&#xD;
	at com.kms.katalon.core.main.TestCaseExecutor.doExecute(TestCaseExecutor.java:328)&#xD;
	at com.kms.katalon.core.main.TestCaseExecutor.processExecutionPhase(TestCaseExecutor.java:307)&#xD;
	at com.kms.katalon.core.main.TestCaseExecutor.accessMainPhase(TestCaseExecutor.java:299)&#xD;
	at com.kms.katalon.core.main.TestCaseExecutor.execute(TestCaseExecutor.java:233)&#xD;
	at com.kms.katalon.core.main.TestSuiteExecutor.accessTestCaseMainPhase(TestSuiteExecutor.java:169)&#xD;
	at com.kms.katalon.core.main.TestSuiteExecutor.accessTestSuiteMainPhase(TestSuiteExecutor.java:142)&#xD;
	at com.kms.katalon.core.main.TestSuiteExecutor.execute(TestSuiteExecutor.java:91)&#xD;
	at com.kms.katalon.core.main.TestCaseMain.startTestSuite(TestCaseMain.java:157)&#xD;
	at com.kms.katalon.core.main.TestCaseMain$startTestSuite$0.call(Unknown Source)&#xD;
	at TempTestSuite1568908277252.run(TempTestSuite1568908277252.groovy:35)&#xD;
&#xD;
&#xD;
2019-09-19 21:21:58 - [TEST_STEP][PASSED] - request = getInstance().getCurrentRequest(): null&#xD;
&#xD;
2019-09-19 21:21:59 - [TEST_STEP][PASSED] - response = getInstance().getCurrentResponse(): null&#xD;
&#xD;
2019-09-19 21:21:59 - [TEST_STEP][FAILED] - verifyResponseStatusCode(response, 200): Unable to verify response status code (Root cause: com.kms.katalon.core.exception.StepFailedException: Expected status code is '200' but actual status code is '404'&#xD;
	at com.kms.katalon.core.keyword.internal.KeywordMain.stepFailed(KeywordMain.groovy:50)&#xD;
	at com.kms.katalon.core.webservice.keyword.builtin.VerifyResponseStatusCodeKeyword.verifyStatusCode(VerifyResponseStatusCodeKeyword.groovy:52)&#xD;
	at com.kms.katalon.core.webservice.keyword.builtin.VerifyResponseStatusCodeKeyword$_verifyResponseStatusCode_closure1.doCall(VerifyResponseStatusCodeKeyword.groovy:42)&#xD;
	at com.kms.katalon.core.webservice.keyword.builtin.VerifyResponseStatusCodeKeyword$_verifyResponseStatusCode_closure1.call(VerifyResponseStatusCodeKeyword.groovy)&#xD;
	at com.kms.katalon.core.keyword.internal.KeywordMain.runKeyword(KeywordMain.groovy:68)&#xD;
	at com.kms.katalon.core.webservice.keyword.builtin.VerifyResponseStatusCodeKeyword.verifyResponseStatusCode(VerifyResponseStatusCodeKeyword.groovy:37)&#xD;
	at com.kms.katalon.core.webservice.keyword.builtin.VerifyResponseStatusCodeKeyword.execute(VerifyResponseStatusCodeKeyword.groovy:32)&#xD;
	at com.kms.katalon.core.keyword.internal.KeywordExecutor.executeKeywordForPlatform(KeywordExecutor.groovy:56)&#xD;
	at com.kms.katalon.core.webservice.keyword.WSBuiltInKeywords.verifyResponseStatusCode(WSBuiltInKeywords.groovy:212)&#xD;
	at com.kms.katalon.core.webservice.keyword.WSBuiltInKeywords$verifyResponseStatusCode$1.call(Unknown Source)&#xD;
	at WSVerification1568908318766.run(WSVerification1568908318766:17)&#xD;
	at com.kms.katalon.core.main.ScriptEngine.run(ScriptEngine.java:194)&#xD;
	at com.kms.katalon.core.main.ScriptEngine.runScriptAsRawText(ScriptEngine.java:119)&#xD;
	at com.kms.katalon.core.main.WSVerificationExecutor.runScript(WSVerificationExecutor.java:146)&#xD;
	at com.kms.katalon.core.main.WSVerificationExecutor.doExecute(WSVerificationExecutor.java:140)&#xD;
	at com.kms.katalon.core.main.WSVerificationExecutor.processExecutionPhase(WSVerificationExecutor.java:123)&#xD;
	at com.kms.katalon.core.main.WSVerificationExecutor.accessMainPhase(WSVerificationExecutor.java:115)&#xD;
	at com.kms.katalon.core.main.WSVerificationExecutor.execute(WSVerificationExecutor.java:103)&#xD;
	at com.kms.katalon.core.main.TestCaseMain.runWSVerificationScript(TestCaseMain.java:127)&#xD;
	at com.kms.katalon.core.webservice.keyword.builtin.SendRequestAndVerifyKeyword$_sendRequestAndVerify_closure1.doCall(SendRequestAndVerifyKeyword.groovy:55)&#xD;
	at com.kms.katalon.core.webservice.keyword.builtin.SendRequestAndVerifyKeyword$_sendRequestAndVerify_closure1.call(SendRequestAndVerifyKeyword.groovy)&#xD;
	at com.kms.katalon.core.keyword.internal.KeywordMain.runKeyword(KeywordMain.groovy:68)&#xD;
	at com.kms.katalon.core.webservice.keyword.builtin.SendRequestAndVerifyKeyword.sendRequestAndVerify(SendRequestAndVerifyKeyword.groovy:43)&#xD;
	at com.kms.katalon.core.webservice.keyword.builtin.SendRequestAndVerifyKeyword.execute(SendRequestAndVerifyKeyword.groovy:38)&#xD;
	at com.kms.katalon.core.keyword.internal.KeywordExecutor.executeKeywordForPlatform(KeywordExecutor.groovy:56)&#xD;
	at com.kms.katalon.core.webservice.keyword.WSBuiltInKeywords.sendRequestAndVerify(WSBuiltInKeywords.groovy:65)&#xD;
	at com.kms.katalon.core.webservice.keyword.WSBuiltInKeywords$sendRequestAndVerify$0.call(Unknown Source)&#xD;
	at vInsertIncident_Test.run(vInsertIncident_Test:29)&#xD;
	at com.kms.katalon.core.main.ScriptEngine.run(ScriptEngine.java:194)&#xD;
	at com.kms.katalon.core.main.ScriptEngine.runScriptAsRawText(ScriptEngine.java:119)&#xD;
	at com.kms.katalon.core.main.TestCaseExecutor.runScript(TestCaseExecutor.java:337)&#xD;
	at com.kms.katalon.core.main.TestCaseExecutor.doExecute(TestCaseExecutor.java:328)&#xD;
	at com.kms.katalon.core.main.TestCaseExecutor.processExecutionPhase(TestCaseExecutor.java:307)&#xD;
	at com.kms.katalon.core.main.TestCaseExecutor.accessMainPhase(TestCaseExecutor.java:299)&#xD;
	at com.kms.katalon.core.main.TestCaseExecutor.execute(TestCaseExecutor.java:233)&#xD;
	at com.kms.katalon.core.main.TestSuiteExecutor.accessTestCaseMainPhase(TestSuiteExecutor.java:169)&#xD;
	at com.kms.katalon.core.main.TestSuiteExecutor.accessTestSuiteMainPhase(TestSuiteExecutor.java:142)&#xD;
	at com.kms.katalon.core.main.TestSuiteExecutor.execute(TestSuiteExecutor.java:91)&#xD;
	at com.kms.katalon.core.main.TestCaseMain.startTestSuite(TestCaseMain.java:157)&#xD;
	at com.kms.katalon.core.main.TestCaseMain$startTestSuite$0.call(Unknown Source)&#xD;
	at TempTestSuite1568908277252.run(TempTestSuite1568908277252.groovy:35)&#xD;
)&#xD;
&#xD;
2019-09-19 21:21:59 - [MESSAGE][FAILED] - Expected status code is '200' but actual status code is '404'&#xD;
&#xD;
2019-09-19 21:21:59 - [MESSAGE][FAILED] - Unable to verify response status code (Root cause: com.kms.katalon.core.exception.StepFailedException: Expected status code is '200' but actual status code is '404'&#xD;
	at com.kms.katalon.core.keyword.internal.KeywordMain.stepFailed(KeywordMain.groovy:50)&#xD;
	at com.kms.katalon.core.webservice.keyword.builtin.VerifyResponseStatusCodeKeyword.verifyStatusCode(VerifyResponseStatusCodeKeyword.groovy:52)&#xD;
	at com.kms.katalon.core.webservice.keyword.builtin.VerifyResponseStatusCodeKeyword$_verifyResponseStatusCode_closure1.doCall(VerifyResponseStatusCodeKeyword.groovy:42)&#xD;
	at com.kms.katalon.core.webservice.keyword.builtin.VerifyResponseStatusCodeKeyword$_verifyResponseStatusCode_closure1.call(VerifyResponseStatusCodeKeyword.groovy)&#xD;
	at com.kms.katalon.core.keyword.internal.KeywordMain.runKeyword(KeywordMain.groovy:68)&#xD;
	at com.kms.katalon.core.webservice.keyword.builtin.VerifyResponseStatusCodeKeyword.verifyResponseStatusCode(VerifyResponseStatusCodeKeyword.groovy:37)&#xD;
	at com.kms.katalon.core.webservice.keyword.builtin.VerifyResponseStatusCodeKeyword.execute(VerifyResponseStatusCodeKeyword.groovy:32)&#xD;
	at com.kms.katalon.core.keyword.internal.KeywordExecutor.executeKeywordForPlatform(KeywordExecutor.groovy:56)&#xD;
	at com.kms.katalon.core.webservice.keyword.WSBuiltInKeywords.verifyResponseStatusCode(WSBuiltInKeywords.groovy:212)&#xD;
	at com.kms.katalon.core.webservice.keyword.WSBuiltInKeywords$verifyResponseStatusCode$1.call(Unknown Source)&#xD;
	at WSVerification1568908318766.run(WSVerification1568908318766:17)&#xD;
	at com.kms.katalon.core.main.ScriptEngine.run(ScriptEngine.java:194)&#xD;
	at com.kms.katalon.core.main.ScriptEngine.runScriptAsRawText(ScriptEngine.java:119)&#xD;
	at com.kms.katalon.core.main.WSVerificationExecutor.runScript(WSVerificationExecutor.java:146)&#xD;
	at com.kms.katalon.core.main.WSVerificationExecutor.doExecute(WSVerificationExecutor.java:140)&#xD;
	at com.kms.katalon.core.main.WSVerificationExecutor.processExecutionPhase(WSVerificationExecutor.java:123)&#xD;
	at com.kms.katalon.core.main.WSVerificationExecutor.accessMainPhase(WSVerificationExecutor.java:115)&#xD;
	at com.kms.katalon.core.main.WSVerificationExecutor.execute(WSVerificationExecutor.java:103)&#xD;
	at com.kms.katalon.core.main.TestCaseMain.runWSVerificationScript(TestCaseMain.java:127)&#xD;
	at com.kms.katalon.core.webservice.keyword.builtin.SendRequestAndVerifyKeyword$_sendRequestAndVerify_closure1.doCall(SendRequestAndVerifyKeyword.groovy:55)&#xD;
	at com.kms.katalon.core.webservice.keyword.builtin.SendRequestAndVerifyKeyword$_sendRequestAndVerify_closure1.call(SendRequestAndVerifyKeyword.groovy)&#xD;
	at com.kms.katalon.core.keyword.internal.KeywordMain.runKeyword(KeywordMain.groovy:68)&#xD;
	at com.kms.katalon.core.webservice.keyword.builtin.SendRequestAndVerifyKeyword.sendRequestAndVerify(SendRequestAndVerifyKeyword.groovy:43)&#xD;
	at com.kms.katalon.core.webservice.keyword.builtin.SendRequestAndVerifyKeyword.execute(SendRequestAndVerifyKeyword.groovy:38)&#xD;
	at com.kms.katalon.core.keyword.internal.KeywordExecutor.executeKeywordForPlatform(KeywordExecutor.groovy:56)&#xD;
	at com.kms.katalon.core.webservice.keyword.WSBuiltInKeywords.sendRequestAndVerify(WSBuiltInKeywords.groovy:65)&#xD;
	at com.kms.katalon.core.webservice.keyword.WSBuiltInKeywords$sendRequestAndVerify$0.call(Unknown Source)&#xD;
	at vInsertIncident_Test.run(vInsertIncident_Test:29)&#xD;
	at com.kms.katalon.core.main.ScriptEngine.run(ScriptEngine.java:194)&#xD;
	at com.kms.katalon.core.main.ScriptEngine.runScriptAsRawText(ScriptEngine.java:119)&#xD;
	at com.kms.katalon.core.main.TestCaseExecutor.runScript(TestCaseExecutor.java:337)&#xD;
	at com.kms.katalon.core.main.TestCaseExecutor.doExecute(TestCaseExecutor.java:328)&#xD;
	at com.kms.katalon.core.main.TestCaseExecutor.processExecutionPhase(TestCaseExecutor.java:307)&#xD;
	at com.kms.katalon.core.main.TestCaseExecutor.accessMainPhase(TestCaseExecutor.java:299)&#xD;
	at com.kms.katalon.core.main.TestCaseExecutor.execute(TestCaseExecutor.java:233)&#xD;
	at com.kms.katalon.core.main.TestSuiteExecutor.accessTestCaseMainPhase(TestSuiteExecutor.java:169)&#xD;
	at com.kms.katalon.core.main.TestSuiteExecutor.accessTestSuiteMainPhase(TestSuiteExecutor.java:142)&#xD;
	at com.kms.katalon.core.main.TestSuiteExecutor.execute(TestSuiteExecutor.java:91)&#xD;
	at com.kms.katalon.core.main.TestCaseMain.startTestSuite(TestCaseMain.java:157)&#xD;
	at com.kms.katalon.core.main.TestCaseMain$startTestSuite$0.call(Unknown Source)&#xD;
	at TempTestSuite1568908277252.run(TempTestSuite1568908277252.groovy:35)&#xD;
)&#xD;
&#xD;
2019-09-19 21:22:00 - [MESSAGE][FAILED] - Unable to send request and verify the response (Root cause: com.kms.katalon.core.exception.StepFailedException: Verification failed&#xD;
	at com.kms.katalon.core.webservice.keyword.builtin.SendRequestAndVerifyKeyword$_sendRequestAndVerify_closure1.doCall(SendRequestAndVerifyKeyword.groovy:59)&#xD;
	at com.kms.katalon.core.webservice.keyword.builtin.SendRequestAndVerifyKeyword$_sendRequestAndVerify_closure1.call(SendRequestAndVerifyKeyword.groovy)&#xD;
	at com.kms.katalon.core.keyword.internal.KeywordMain.runKeyword(KeywordMain.groovy:68)&#xD;
	at com.kms.katalon.core.webservice.keyword.builtin.SendRequestAndVerifyKeyword.sendRequestAndVerify(SendRequestAndVerifyKeyword.groovy:43)&#xD;
	at com.kms.katalon.core.webservice.keyword.builtin.SendRequestAndVerifyKeyword.execute(SendRequestAndVerifyKeyword.groovy:38)&#xD;
	at com.kms.katalon.core.keyword.internal.KeywordExecutor.executeKeywordForPlatform(KeywordExecutor.groovy:56)&#xD;
	at com.kms.katalon.core.webservice.keyword.WSBuiltInKeywords.sendRequestAndVerify(WSBuiltInKeywords.groovy:65)&#xD;
	at com.kms.katalon.core.webservice.keyword.WSBuiltInKeywords$sendRequestAndVerify$0.call(Unknown Source)&#xD;
	at vInsertIncident_Test.run(vInsertIncident_Test:29)&#xD;
	at com.kms.katalon.core.main.ScriptEngine.run(ScriptEngine.java:194)&#xD;
	at com.kms.katalon.core.main.ScriptEngine.runScriptAsRawText(ScriptEngine.java:119)&#xD;
	at com.kms.katalon.core.main.TestCaseExecutor.runScript(TestCaseExecutor.java:337)&#xD;
	at com.kms.katalon.core.main.TestCaseExecutor.doExecute(TestCaseExecutor.java:328)&#xD;
	at com.kms.katalon.core.main.TestCaseExecutor.processExecutionPhase(TestCaseExecutor.java:307)&#xD;
	at com.kms.katalon.core.main.TestCaseExecutor.accessMainPhase(TestCaseExecutor.java:299)&#xD;
	at com.kms.katalon.core.main.TestCaseExecutor.execute(TestCaseExecutor.java:233)&#xD;
	at com.kms.katalon.core.main.TestSuiteExecutor.accessTestCaseMainPhase(TestSuiteExecutor.java:169)&#xD;
	at com.kms.katalon.core.main.TestSuiteExecutor.accessTestSuiteMainPhase(TestSuiteExecutor.java:142)&#xD;
	at com.kms.katalon.core.main.TestSuiteExecutor.execute(TestSuiteExecutor.java:91)&#xD;
	at com.kms.katalon.core.main.TestCaseMain.startTestSuite(TestCaseMain.java:157)&#xD;
	at com.kms.katalon.core.main.TestCaseMain$startTestSuite$0.call(Unknown Source)&#xD;
	at TempTestSuite1568908277252.run(TempTestSuite1568908277252.groovy:35)&#xD;
)</system-out>
            <system-err>2019-09-19 21:21:58 - [TEST_CASE][FAILED] - Test Cases/vInsertIncident_Test: Test Cases/vInsertIncident_Test FAILED.
Reason:
com.kms.katalon.core.exception.StepFailedException: Expected status code is '200' but actual status code is '404'&#xD;
	at com.kms.katalon.core.keyword.internal.KeywordMain.stepFailed(KeywordMain.groovy:50)&#xD;
	at com.kms.katalon.core.webservice.keyword.builtin.VerifyResponseStatusCodeKeyword.verifyStatusCode(VerifyResponseStatusCodeKeyword.groovy:52)&#xD;
	at com.kms.katalon.core.webservice.keyword.builtin.VerifyResponseStatusCodeKeyword$_verifyResponseStatusCode_closure1.doCall(VerifyResponseStatusCodeKeyword.groovy:42)&#xD;
	at com.kms.katalon.core.webservice.keyword.builtin.VerifyResponseStatusCodeKeyword$_verifyResponseStatusCode_closure1.call(VerifyResponseStatusCodeKeyword.groovy)&#xD;
	at com.kms.katalon.core.keyword.internal.KeywordMain.runKeyword(KeywordMain.groovy:68)&#xD;
	at com.kms.katalon.core.webservice.keyword.builtin.VerifyResponseStatusCodeKeyword.verifyResponseStatusCode(VerifyResponseStatusCodeKeyword.groovy:37)&#xD;
	at com.kms.katalon.core.webservice.keyword.builtin.VerifyResponseStatusCodeKeyword.execute(VerifyResponseStatusCodeKeyword.groovy:32)&#xD;
	at com.kms.katalon.core.keyword.internal.KeywordExecutor.executeKeywordForPlatform(KeywordExecutor.groovy:56)&#xD;
	at com.kms.katalon.core.webservice.keyword.WSBuiltInKeywords.verifyResponseStatusCode(WSBuiltInKeywords.groovy:212)&#xD;
	at com.kms.katalon.core.webservice.keyword.WSBuiltInKeywords$verifyResponseStatusCode$1.call(Unknown Source)&#xD;
	at WSVerification1568908318766.run(WSVerification1568908318766:17)&#xD;
	at com.kms.katalon.core.main.ScriptEngine.run(ScriptEngine.java:194)&#xD;
	at com.kms.katalon.core.main.ScriptEngine.runScriptAsRawText(ScriptEngine.java:119)&#xD;
	at com.kms.katalon.core.main.WSVerificationExecutor.runScript(WSVerificationExecutor.java:146)&#xD;
	at com.kms.katalon.core.main.WSVerificationExecutor.doExecute(WSVerificationExecutor.java:140)&#xD;
	at com.kms.katalon.core.main.WSVerificationExecutor.processExecutionPhase(WSVerificationExecutor.java:123)&#xD;
	at com.kms.katalon.core.main.WSVerificationExecutor.accessMainPhase(WSVerificationExecutor.java:115)&#xD;
	at com.kms.katalon.core.main.WSVerificationExecutor.execute(WSVerificationExecutor.java:103)&#xD;
	at com.kms.katalon.core.main.TestCaseMain.runWSVerificationScript(TestCaseMain.java:127)&#xD;
	at com.kms.katalon.core.webservice.keyword.builtin.SendRequestAndVerifyKeyword$_sendRequestAndVerify_closure1.doCall(SendRequestAndVerifyKeyword.groovy:55)&#xD;
	at com.kms.katalon.core.webservice.keyword.builtin.SendRequestAndVerifyKeyword$_sendRequestAndVerify_closure1.call(SendRequestAndVerifyKeyword.groovy)&#xD;
	at com.kms.katalon.core.keyword.internal.KeywordMain.runKeyword(KeywordMain.groovy:68)&#xD;
	at com.kms.katalon.core.webservice.keyword.builtin.SendRequestAndVerifyKeyword.sendRequestAndVerify(SendRequestAndVerifyKeyword.groovy:43)&#xD;
	at com.kms.katalon.core.webservice.keyword.builtin.SendRequestAndVerifyKeyword.execute(SendRequestAndVerifyKeyword.groovy:38)&#xD;
	at com.kms.katalon.core.keyword.internal.KeywordExecutor.executeKeywordForPlatform(KeywordExecutor.groovy:56)&#xD;
	at com.kms.katalon.core.webservice.keyword.WSBuiltInKeywords.sendRequestAndVerify(WSBuiltInKeywords.groovy:65)&#xD;
	at com.kms.katalon.core.webservice.keyword.WSBuiltInKeywords$sendRequestAndVerify$0.call(Unknown Source)&#xD;
	at vInsertIncident_Test.run(vInsertIncident_Test:29)&#xD;
	at com.kms.katalon.core.main.ScriptEngine.run(ScriptEngine.java:194)&#xD;
	at com.kms.katalon.core.main.ScriptEngine.runScriptAsRawText(ScriptEngine.java:119)&#xD;
	at com.kms.katalon.core.main.TestCaseExecutor.runScript(TestCaseExecutor.java:337)&#xD;
	at com.kms.katalon.core.main.TestCaseExecutor.doExecute(TestCaseExecutor.java:328)&#xD;
	at com.kms.katalon.core.main.TestCaseExecutor.processExecutionPhase(TestCaseExecutor.java:307)&#xD;
	at com.kms.katalon.core.main.TestCaseExecutor.accessMainPhase(TestCaseExecutor.java:299)&#xD;
	at com.kms.katalon.core.main.TestCaseExecutor.execute(TestCaseExecutor.java:233)&#xD;
	at com.kms.katalon.core.main.TestSuiteExecutor.accessTestCaseMainPhase(TestSuiteExecutor.java:169)&#xD;
	at com.kms.katalon.core.main.TestSuiteExecutor.accessTestSuiteMainPhase(TestSuiteExecutor.java:142)&#xD;
	at com.kms.katalon.core.main.TestSuiteExecutor.execute(TestSuiteExecutor.java:91)&#xD;
	at com.kms.katalon.core.main.TestCaseMain.startTestSuite(TestCaseMain.java:157)&#xD;
	at com.kms.katalon.core.main.TestCaseMain$startTestSuite$0.call(Unknown Source)&#xD;
	at TempTestSuite1568908277252.run(TempTestSuite1568908277252.groovy:35)</system-err>
        </testcase>
        <testcase name="Test Cases/xDasboard_Test" classname="Test Cases/xDasboard_Test" status="FAILED">
            <failure type="FAILED" message="Test Cases/xDasboard_Test FAILED.&#xA;Reason:&#xA;com.kms.katalon.core.exception.StepFailedException: Expected status code is '200' but actual status code is '404'&#xD;&#xA;&#x9;at com.kms.katalon.core.keyword.internal.KeywordMain.stepFailed(KeywordMain.groovy:50)&#xD;&#xA;&#x9;at com.kms.katalon.core.webservice.keyword.builtin.VerifyResponseStatusCodeKeyword.verifyStatusCode(VerifyResponseStatusCodeKeyword.groovy:52)&#xD;&#xA;&#x9;at com.kms.katalon.core.webservice.keyword.builtin.VerifyResponseStatusCodeKeyword$_verifyResponseStatusCode_closure1.doCall(VerifyResponseStatusCodeKeyword.groovy:42)&#xD;&#xA;&#x9;at com.kms.katalon.core.webservice.keyword.builtin.VerifyResponseStatusCodeKeyword$_verifyResponseStatusCode_closure1.call(VerifyResponseStatusCodeKeyword.groovy)&#xD;&#xA;&#x9;at com.kms.katalon.core.keyword.internal.KeywordMain.runKeyword(KeywordMain.groovy:68)&#xD;&#xA;&#x9;at com.kms.katalon.core.webservice.keyword.builtin.VerifyResponseStatusCodeKeyword.verifyResponseStatusCode(VerifyResponseStatusCodeKeyword.groovy:37)&#xD;&#xA;&#x9;at com.kms.katalon.core.webservice.keyword.builtin.VerifyResponseStatusCodeKeyword.execute(VerifyResponseStatusCodeKeyword.groovy:32)&#xD;&#xA;&#x9;at com.kms.katalon.core.keyword.internal.KeywordExecutor.executeKeywordForPlatform(KeywordExecutor.groovy:56)&#xD;&#xA;&#x9;at com.kms.katalon.core.webservice.keyword.WSBuiltInKeywords.verifyResponseStatusCode(WSBuiltInKeywords.groovy:212)&#xD;&#xA;&#x9;at com.kms.katalon.core.webservice.keyword.WSBuiltInKeywords$verifyResponseStatusCode$1.call(Unknown Source)&#xD;&#xA;&#x9;at WSVerification1568908320928.run(WSVerification1568908320928:17)&#xD;&#xA;&#x9;at com.kms.katalon.core.main.ScriptEngine.run(ScriptEngine.java:194)&#xD;&#xA;&#x9;at com.kms.katalon.core.main.ScriptEngine.runScriptAsRawText(ScriptEngine.java:119)&#xD;&#xA;&#x9;at com.kms.katalon.core.main.WSVerificationExecutor.runScript(WSVerificationExecutor.java:146)&#xD;&#xA;&#x9;at com.kms.katalon.core.main.WSVerificationExecutor.doExecute(WSVerificationExecutor.java:140)&#xD;&#xA;&#x9;at com.kms.katalon.core.main.WSVerificationExecutor.processExecutionPhase(WSVerificationExecutor.java:123)&#xD;&#xA;&#x9;at com.kms.katalon.core.main.WSVerificationExecutor.accessMainPhase(WSVerificationExecutor.java:115)&#xD;&#xA;&#x9;at com.kms.katalon.core.main.WSVerificationExecutor.execute(WSVerificationExecutor.java:103)&#xD;&#xA;&#x9;at com.kms.katalon.core.main.TestCaseMain.runWSVerificationScript(TestCaseMain.java:127)&#xD;&#xA;&#x9;at com.kms.katalon.core.webservice.keyword.builtin.SendRequestAndVerifyKeyword$_sendRequestAndVerify_closure1.doCall(SendRequestAndVerifyKeyword.groovy:55)&#xD;&#xA;&#x9;at com.kms.katalon.core.webservice.keyword.builtin.SendRequestAndVerifyKeyword$_sendRequestAndVerify_closure1.call(SendRequestAndVerifyKeyword.groovy)&#xD;&#xA;&#x9;at com.kms.katalon.core.keyword.internal.KeywordMain.runKeyword(KeywordMain.groovy:68)&#xD;&#xA;&#x9;at com.kms.katalon.core.webservice.keyword.builtin.SendRequestAndVerifyKeyword.sendRequestAndVerify(SendRequestAndVerifyKeyword.groovy:43)&#xD;&#xA;&#x9;at com.kms.katalon.core.webservice.keyword.builtin.SendRequestAndVerifyKeyword.execute(SendRequestAndVerifyKeyword.groovy:38)&#xD;&#xA;&#x9;at com.kms.katalon.core.keyword.internal.KeywordExecutor.executeKeywordForPlatform(KeywordExecutor.groovy:56)&#xD;&#xA;&#x9;at com.kms.katalon.core.webservice.keyword.WSBuiltInKeywords.sendRequestAndVerify(WSBuiltInKeywords.groovy:65)&#xD;&#xA;&#x9;at com.kms.katalon.core.webservice.keyword.WSBuiltInKeywords$sendRequestAndVerify$0.call(Unknown Source)&#xD;&#xA;&#x9;at xDasboard_Test.run(xDasboard_Test:30)&#xD;&#xA;&#x9;at com.kms.katalon.core.main.ScriptEngine.run(ScriptEngine.java:194)&#xD;&#xA;&#x9;at com.kms.katalon.core.main.ScriptEngine.runScriptAsRawText(ScriptEngine.java:119)&#xD;&#xA;&#x9;at com.kms.katalon.core.main.TestCaseExecutor.runScript(TestCaseExecutor.java:337)&#xD;&#xA;&#x9;at com.kms.katalon.core.main.TestCaseExecutor.doExecute(TestCaseExecutor.java:328)&#xD;&#xA;&#x9;at com.kms.katalon.core.main.TestCaseExecutor.processExecutionPhase(TestCaseExecutor.java:307)&#xD;&#xA;&#x9;at com.kms.katalon.core.main.TestCaseExecutor.accessMainPhase(TestCaseExecutor.java:299)&#xD;&#xA;&#x9;at com.kms.katalon.core.main.TestCaseExecutor.execute(TestCaseExecutor.java:233)&#xD;&#xA;&#x9;at com.kms.katalon.core.main.TestSuiteExecutor.accessTestCaseMainPhase(TestSuiteExecutor.java:169)&#xD;&#xA;&#x9;at com.kms.katalon.core.main.TestSuiteExecutor.accessTestSuiteMainPhase(TestSuiteExecutor.java:142)&#xD;&#xA;&#x9;at com.kms.katalon.core.main.TestSuiteExecutor.execute(TestSuiteExecutor.java:91)&#xD;&#xA;&#x9;at com.kms.katalon.core.main.TestCaseMain.startTestSuite(TestCaseMain.java:157)&#xD;&#xA;&#x9;at com.kms.katalon.core.main.TestCaseMain$startTestSuite$0.call(Unknown Source)&#xD;&#xA;&#x9;at TempTestSuite1568908277252.run(TempTestSuite1568908277252.groovy:35)&#xD;&#xA;"/>
            <system-out>2019-09-19 21:22:00 - [TEST_CASE][FAILED] - Test Cases/xDasboard_Test: Test Cases/xDasboard_Test FAILED.
Reason:
com.kms.katalon.core.exception.StepFailedException: Expected status code is '200' but actual status code is '404'&#xD;
	at com.kms.katalon.core.keyword.internal.KeywordMain.stepFailed(KeywordMain.groovy:50)&#xD;
	at com.kms.katalon.core.webservice.keyword.builtin.VerifyResponseStatusCodeKeyword.verifyStatusCode(VerifyResponseStatusCodeKeyword.groovy:52)&#xD;
	at com.kms.katalon.core.webservice.keyword.builtin.VerifyResponseStatusCodeKeyword$_verifyResponseStatusCode_closure1.doCall(VerifyResponseStatusCodeKeyword.groovy:42)&#xD;
	at com.kms.katalon.core.webservice.keyword.builtin.VerifyResponseStatusCodeKeyword$_verifyResponseStatusCode_closure1.call(VerifyResponseStatusCodeKeyword.groovy)&#xD;
	at com.kms.katalon.core.keyword.internal.KeywordMain.runKeyword(KeywordMain.groovy:68)&#xD;
	at com.kms.katalon.core.webservice.keyword.builtin.VerifyResponseStatusCodeKeyword.verifyResponseStatusCode(VerifyResponseStatusCodeKeyword.groovy:37)&#xD;
	at com.kms.katalon.core.webservice.keyword.builtin.VerifyResponseStatusCodeKeyword.execute(VerifyResponseStatusCodeKeyword.groovy:32)&#xD;
	at com.kms.katalon.core.keyword.internal.KeywordExecutor.executeKeywordForPlatform(KeywordExecutor.groovy:56)&#xD;
	at com.kms.katalon.core.webservice.keyword.WSBuiltInKeywords.verifyResponseStatusCode(WSBuiltInKeywords.groovy:212)&#xD;
	at com.kms.katalon.core.webservice.keyword.WSBuiltInKeywords$verifyResponseStatusCode$1.call(Unknown Source)&#xD;
	at WSVerification1568908320928.run(WSVerification1568908320928:17)&#xD;
	at com.kms.katalon.core.main.ScriptEngine.run(ScriptEngine.java:194)&#xD;
	at com.kms.katalon.core.main.ScriptEngine.runScriptAsRawText(ScriptEngine.java:119)&#xD;
	at com.kms.katalon.core.main.WSVerificationExecutor.runScript(WSVerificationExecutor.java:146)&#xD;
	at com.kms.katalon.core.main.WSVerificationExecutor.doExecute(WSVerificationExecutor.java:140)&#xD;
	at com.kms.katalon.core.main.WSVerificationExecutor.processExecutionPhase(WSVerificationExecutor.java:123)&#xD;
	at com.kms.katalon.core.main.WSVerificationExecutor.accessMainPhase(WSVerificationExecutor.java:115)&#xD;
	at com.kms.katalon.core.main.WSVerificationExecutor.execute(WSVerificationExecutor.java:103)&#xD;
	at com.kms.katalon.core.main.TestCaseMain.runWSVerificationScript(TestCaseMain.java:127)&#xD;
	at com.kms.katalon.core.webservice.keyword.builtin.SendRequestAndVerifyKeyword$_sendRequestAndVerify_closure1.doCall(SendRequestAndVerifyKeyword.groovy:55)&#xD;
	at com.kms.katalon.core.webservice.keyword.builtin.SendRequestAndVerifyKeyword$_sendRequestAndVerify_closure1.call(SendRequestAndVerifyKeyword.groovy)&#xD;
	at com.kms.katalon.core.keyword.internal.KeywordMain.runKeyword(KeywordMain.groovy:68)&#xD;
	at com.kms.katalon.core.webservice.keyword.builtin.SendRequestAndVerifyKeyword.sendRequestAndVerify(SendRequestAndVerifyKeyword.groovy:43)&#xD;
	at com.kms.katalon.core.webservice.keyword.builtin.SendRequestAndVerifyKeyword.execute(SendRequestAndVerifyKeyword.groovy:38)&#xD;
	at com.kms.katalon.core.keyword.internal.KeywordExecutor.executeKeywordForPlatform(KeywordExecutor.groovy:56)&#xD;
	at com.kms.katalon.core.webservice.keyword.WSBuiltInKeywords.sendRequestAndVerify(WSBuiltInKeywords.groovy:65)&#xD;
	at com.kms.katalon.core.webservice.keyword.WSBuiltInKeywords$sendRequestAndVerify$0.call(Unknown Source)&#xD;
	at xDasboard_Test.run(xDasboard_Test:30)&#xD;
	at com.kms.katalon.core.main.ScriptEngine.run(ScriptEngine.java:194)&#xD;
	at com.kms.katalon.core.main.ScriptEngine.runScriptAsRawText(ScriptEngine.java:119)&#xD;
	at com.kms.katalon.core.main.TestCaseExecutor.runScript(TestCaseExecutor.java:337)&#xD;
	at com.kms.katalon.core.main.TestCaseExecutor.doExecute(TestCaseExecutor.java:328)&#xD;
	at com.kms.katalon.core.main.TestCaseExecutor.processExecutionPhase(TestCaseExecutor.java:307)&#xD;
	at com.kms.katalon.core.main.TestCaseExecutor.accessMainPhase(TestCaseExecutor.java:299)&#xD;
	at com.kms.katalon.core.main.TestCaseExecutor.execute(TestCaseExecutor.java:233)&#xD;
	at com.kms.katalon.core.main.TestSuiteExecutor.accessTestCaseMainPhase(TestSuiteExecutor.java:169)&#xD;
	at com.kms.katalon.core.main.TestSuiteExecutor.accessTestSuiteMainPhase(TestSuiteExecutor.java:142)&#xD;
	at com.kms.katalon.core.main.TestSuiteExecutor.execute(TestSuiteExecutor.java:91)&#xD;
	at com.kms.katalon.core.main.TestCaseMain.startTestSuite(TestCaseMain.java:157)&#xD;
	at com.kms.katalon.core.main.TestCaseMain$startTestSuite$0.call(Unknown Source)&#xD;
	at TempTestSuite1568908277252.run(TempTestSuite1568908277252.groovy:35)&#xD;
&#xD;
&#xD;
2019-09-19 21:22:00 - [TEST_STEP][PASSED] - now = new java.util.Date(): null&#xD;
&#xD;
2019-09-19 21:22:00 - [TEST_STEP][PASSED] - fromDatE = now.format("dd-MM-YYYY HH:mm:ss +5:30"): null&#xD;
&#xD;
2019-09-19 21:22:00 - [TEST_STEP][PASSED] - println(fromDatE): null&#xD;
&#xD;
2019-09-19 21:22:00 - [TEST_STEP][PASSED] - toDatE = now.format("dd-MM-YYYY HH:mm:ss +5:30"): null&#xD;
&#xD;
2019-09-19 21:22:00 - [TEST_STEP][PASSED] - println(toDatE): null&#xD;
&#xD;
2019-09-19 21:22:00 - [TEST_STEP][PASSED] - sendRequest(findTestObject("xDashboard", ["uniqueToken":uniquetoken, "userId":userid, "fromDatE":fromDatE, "toDatE":toDatE])): Send request successfully&#xD;
&#xD;
2019-09-19 21:22:00 - [MESSAGE][INFO] - HAR: C:\Users\rajesh.veeranna\Katalon Studio\SmartIndonasia\Reports\20190919_212117\SMARTINDONASIA_API_SmokeTest\20190919_212117\requests\main\30.har&#xD;
&#xD;
2019-09-19 21:22:00 - [MESSAGE][PASSED] - Send request successfully&#xD;
&#xD;
2019-09-19 21:22:00 - [TEST_STEP][FAILED] - responsex = sendRequestAndVerify(findTestObject("xDashboard", ["uniqueToken":uniquetoken, "userId":userid, "fromDatE":fromDatE, "toDatE":toDatE])): Unable to send request and verify the response (Root cause: com.kms.katalon.core.exception.StepFailedException: Verification failed&#xD;
	at com.kms.katalon.core.webservice.keyword.builtin.SendRequestAndVerifyKeyword$_sendRequestAndVerify_closure1.doCall(SendRequestAndVerifyKeyword.groovy:59)&#xD;
	at com.kms.katalon.core.webservice.keyword.builtin.SendRequestAndVerifyKeyword$_sendRequestAndVerify_closure1.call(SendRequestAndVerifyKeyword.groovy)&#xD;
	at com.kms.katalon.core.keyword.internal.KeywordMain.runKeyword(KeywordMain.groovy:68)&#xD;
	at com.kms.katalon.core.webservice.keyword.builtin.SendRequestAndVerifyKeyword.sendRequestAndVerify(SendRequestAndVerifyKeyword.groovy:43)&#xD;
	at com.kms.katalon.core.webservice.keyword.builtin.SendRequestAndVerifyKeyword.execute(SendRequestAndVerifyKeyword.groovy:38)&#xD;
	at com.kms.katalon.core.keyword.internal.KeywordExecutor.executeKeywordForPlatform(KeywordExecutor.groovy:56)&#xD;
	at com.kms.katalon.core.webservice.keyword.WSBuiltInKeywords.sendRequestAndVerify(WSBuiltInKeywords.groovy:65)&#xD;
	at com.kms.katalon.core.webservice.keyword.WSBuiltInKeywords$sendRequestAndVerify$0.call(Unknown Source)&#xD;
	at xDasboard_Test.run(xDasboard_Test:30)&#xD;
	at com.kms.katalon.core.main.ScriptEngine.run(ScriptEngine.java:194)&#xD;
	at com.kms.katalon.core.main.ScriptEngine.runScriptAsRawText(ScriptEngine.java:119)&#xD;
	at com.kms.katalon.core.main.TestCaseExecutor.runScript(TestCaseExecutor.java:337)&#xD;
	at com.kms.katalon.core.main.TestCaseExecutor.doExecute(TestCaseExecutor.java:328)&#xD;
	at com.kms.katalon.core.main.TestCaseExecutor.processExecutionPhase(TestCaseExecutor.java:307)&#xD;
	at com.kms.katalon.core.main.TestCaseExecutor.accessMainPhase(TestCaseExecutor.java:299)&#xD;
	at com.kms.katalon.core.main.TestCaseExecutor.execute(TestCaseExecutor.java:233)&#xD;
	at com.kms.katalon.core.main.TestSuiteExecutor.accessTestCaseMainPhase(TestSuiteExecutor.java:169)&#xD;
	at com.kms.katalon.core.main.TestSuiteExecutor.accessTestSuiteMainPhase(TestSuiteExecutor.java:142)&#xD;
	at com.kms.katalon.core.main.TestSuiteExecutor.execute(TestSuiteExecutor.java:91)&#xD;
	at com.kms.katalon.core.main.TestCaseMain.startTestSuite(TestCaseMain.java:157)&#xD;
	at com.kms.katalon.core.main.TestCaseMain$startTestSuite$0.call(Unknown Source)&#xD;
	at TempTestSuite1568908277252.run(TempTestSuite1568908277252.groovy:35)&#xD;
)&#xD;
&#xD;
2019-09-19 21:22:00 - [MESSAGE][INFO] - HAR: C:\Users\rajesh.veeranna\Katalon Studio\SmartIndonasia\Reports\20190919_212117\SMARTINDONASIA_API_SmokeTest\20190919_212117\requests\main\31.har&#xD;
&#xD;
2019-09-19 21:22:00 - [TEST_CASE][FAILED] - Start Test Case : Verification: Verification FAILED.
Reason:
com.kms.katalon.core.exception.StepFailedException: Expected status code is '200' but actual status code is '404'&#xD;
	at com.kms.katalon.core.keyword.internal.KeywordMain.stepFailed(KeywordMain.groovy:50)&#xD;
	at com.kms.katalon.core.webservice.keyword.builtin.VerifyResponseStatusCodeKeyword.verifyStatusCode(VerifyResponseStatusCodeKeyword.groovy:52)&#xD;
	at com.kms.katalon.core.webservice.keyword.builtin.VerifyResponseStatusCodeKeyword$_verifyResponseStatusCode_closure1.doCall(VerifyResponseStatusCodeKeyword.groovy:42)&#xD;
	at com.kms.katalon.core.webservice.keyword.builtin.VerifyResponseStatusCodeKeyword$_verifyResponseStatusCode_closure1.call(VerifyResponseStatusCodeKeyword.groovy)&#xD;
	at com.kms.katalon.core.keyword.internal.KeywordMain.runKeyword(KeywordMain.groovy:68)&#xD;
	at com.kms.katalon.core.webservice.keyword.builtin.VerifyResponseStatusCodeKeyword.verifyResponseStatusCode(VerifyResponseStatusCodeKeyword.groovy:37)&#xD;
	at com.kms.katalon.core.webservice.keyword.builtin.VerifyResponseStatusCodeKeyword.execute(VerifyResponseStatusCodeKeyword.groovy:32)&#xD;
	at com.kms.katalon.core.keyword.internal.KeywordExecutor.executeKeywordForPlatform(KeywordExecutor.groovy:56)&#xD;
	at com.kms.katalon.core.webservice.keyword.WSBuiltInKeywords.verifyResponseStatusCode(WSBuiltInKeywords.groovy:212)&#xD;
	at com.kms.katalon.core.webservice.keyword.WSBuiltInKeywords$verifyResponseStatusCode$1.call(Unknown Source)&#xD;
	at WSVerification1568908320928.run(WSVerification1568908320928:17)&#xD;
	at com.kms.katalon.core.main.ScriptEngine.run(ScriptEngine.java:194)&#xD;
	at com.kms.katalon.core.main.ScriptEngine.runScriptAsRawText(ScriptEngine.java:119)&#xD;
	at com.kms.katalon.core.main.WSVerificationExecutor.runScript(WSVerificationExecutor.java:146)&#xD;
	at com.kms.katalon.core.main.WSVerificationExecutor.doExecute(WSVerificationExecutor.java:140)&#xD;
	at com.kms.katalon.core.main.WSVerificationExecutor.processExecutionPhase(WSVerificationExecutor.java:123)&#xD;
	at com.kms.katalon.core.main.WSVerificationExecutor.accessMainPhase(WSVerificationExecutor.java:115)&#xD;
	at com.kms.katalon.core.main.WSVerificationExecutor.execute(WSVerificationExecutor.java:103)&#xD;
	at com.kms.katalon.core.main.TestCaseMain.runWSVerificationScript(TestCaseMain.java:127)&#xD;
	at com.kms.katalon.core.webservice.keyword.builtin.SendRequestAndVerifyKeyword$_sendRequestAndVerify_closure1.doCall(SendRequestAndVerifyKeyword.groovy:55)&#xD;
	at com.kms.katalon.core.webservice.keyword.builtin.SendRequestAndVerifyKeyword$_sendRequestAndVerify_closure1.call(SendRequestAndVerifyKeyword.groovy)&#xD;
	at com.kms.katalon.core.keyword.internal.KeywordMain.runKeyword(KeywordMain.groovy:68)&#xD;
	at com.kms.katalon.core.webservice.keyword.builtin.SendRequestAndVerifyKeyword.sendRequestAndVerify(SendRequestAndVerifyKeyword.groovy:43)&#xD;
	at com.kms.katalon.core.webservice.keyword.builtin.SendRequestAndVerifyKeyword.execute(SendRequestAndVerifyKeyword.groovy:38)&#xD;
	at com.kms.katalon.core.keyword.internal.KeywordExecutor.executeKeywordForPlatform(KeywordExecutor.groovy:56)&#xD;
	at com.kms.katalon.core.webservice.keyword.WSBuiltInKeywords.sendRequestAndVerify(WSBuiltInKeywords.groovy:65)&#xD;
	at com.kms.katalon.core.webservice.keyword.WSBuiltInKeywords$sendRequestAndVerify$0.call(Unknown Source)&#xD;
	at xDasboard_Test.run(xDasboard_Test:30)&#xD;
	at com.kms.katalon.core.main.ScriptEngine.run(ScriptEngine.java:194)&#xD;
	at com.kms.katalon.core.main.ScriptEngine.runScriptAsRawText(ScriptEngine.java:119)&#xD;
	at com.kms.katalon.core.main.TestCaseExecutor.runScript(TestCaseExecutor.java:337)&#xD;
	at com.kms.katalon.core.main.TestCaseExecutor.doExecute(TestCaseExecutor.java:328)&#xD;
	at com.kms.katalon.core.main.TestCaseExecutor.processExecutionPhase(TestCaseExecutor.java:307)&#xD;
	at com.kms.katalon.core.main.TestCaseExecutor.accessMainPhase(TestCaseExecutor.java:299)&#xD;
	at com.kms.katalon.core.main.TestCaseExecutor.execute(TestCaseExecutor.java:233)&#xD;
	at com.kms.katalon.core.main.TestSuiteExecutor.accessTestCaseMainPhase(TestSuiteExecutor.java:169)&#xD;
	at com.kms.katalon.core.main.TestSuiteExecutor.accessTestSuiteMainPhase(TestSuiteExecutor.java:142)&#xD;
	at com.kms.katalon.core.main.TestSuiteExecutor.execute(TestSuiteExecutor.java:91)&#xD;
	at com.kms.katalon.core.main.TestCaseMain.startTestSuite(TestCaseMain.java:157)&#xD;
	at com.kms.katalon.core.main.TestCaseMain$startTestSuite$0.call(Unknown Source)&#xD;
	at TempTestSuite1568908277252.run(TempTestSuite1568908277252.groovy:35)&#xD;
&#xD;
&#xD;
2019-09-19 21:22:01 - [TEST_STEP][PASSED] - request = getInstance().getCurrentRequest(): null&#xD;
&#xD;
2019-09-19 21:22:01 - [TEST_STEP][PASSED] - response = getInstance().getCurrentResponse(): null&#xD;
&#xD;
2019-09-19 21:22:01 - [TEST_STEP][FAILED] - verifyResponseStatusCode(response, 200): Unable to verify response status code (Root cause: com.kms.katalon.core.exception.StepFailedException: Expected status code is '200' but actual status code is '404'&#xD;
	at com.kms.katalon.core.keyword.internal.KeywordMain.stepFailed(KeywordMain.groovy:50)&#xD;
	at com.kms.katalon.core.webservice.keyword.builtin.VerifyResponseStatusCodeKeyword.verifyStatusCode(VerifyResponseStatusCodeKeyword.groovy:52)&#xD;
	at com.kms.katalon.core.webservice.keyword.builtin.VerifyResponseStatusCodeKeyword$_verifyResponseStatusCode_closure1.doCall(VerifyResponseStatusCodeKeyword.groovy:42)&#xD;
	at com.kms.katalon.core.webservice.keyword.builtin.VerifyResponseStatusCodeKeyword$_verifyResponseStatusCode_closure1.call(VerifyResponseStatusCodeKeyword.groovy)&#xD;
	at com.kms.katalon.core.keyword.internal.KeywordMain.runKeyword(KeywordMain.groovy:68)&#xD;
	at com.kms.katalon.core.webservice.keyword.builtin.VerifyResponseStatusCodeKeyword.verifyResponseStatusCode(VerifyResponseStatusCodeKeyword.groovy:37)&#xD;
	at com.kms.katalon.core.webservice.keyword.builtin.VerifyResponseStatusCodeKeyword.execute(VerifyResponseStatusCodeKeyword.groovy:32)&#xD;
	at com.kms.katalon.core.keyword.internal.KeywordExecutor.executeKeywordForPlatform(KeywordExecutor.groovy:56)&#xD;
	at com.kms.katalon.core.webservice.keyword.WSBuiltInKeywords.verifyResponseStatusCode(WSBuiltInKeywords.groovy:212)&#xD;
	at com.kms.katalon.core.webservice.keyword.WSBuiltInKeywords$verifyResponseStatusCode$1.call(Unknown Source)&#xD;
	at WSVerification1568908320928.run(WSVerification1568908320928:17)&#xD;
	at com.kms.katalon.core.main.ScriptEngine.run(ScriptEngine.java:194)&#xD;
	at com.kms.katalon.core.main.ScriptEngine.runScriptAsRawText(ScriptEngine.java:119)&#xD;
	at com.kms.katalon.core.main.WSVerificationExecutor.runScript(WSVerificationExecutor.java:146)&#xD;
	at com.kms.katalon.core.main.WSVerificationExecutor.doExecute(WSVerificationExecutor.java:140)&#xD;
	at com.kms.katalon.core.main.WSVerificationExecutor.processExecutionPhase(WSVerificationExecutor.java:123)&#xD;
	at com.kms.katalon.core.main.WSVerificationExecutor.accessMainPhase(WSVerificationExecutor.java:115)&#xD;
	at com.kms.katalon.core.main.WSVerificationExecutor.execute(WSVerificationExecutor.java:103)&#xD;
	at com.kms.katalon.core.main.TestCaseMain.runWSVerificationScript(TestCaseMain.java:127)&#xD;
	at com.kms.katalon.core.webservice.keyword.builtin.SendRequestAndVerifyKeyword$_sendRequestAndVerify_closure1.doCall(SendRequestAndVerifyKeyword.groovy:55)&#xD;
	at com.kms.katalon.core.webservice.keyword.builtin.SendRequestAndVerifyKeyword$_sendRequestAndVerify_closure1.call(SendRequestAndVerifyKeyword.groovy)&#xD;
	at com.kms.katalon.core.keyword.internal.KeywordMain.runKeyword(KeywordMain.groovy:68)&#xD;
	at com.kms.katalon.core.webservice.keyword.builtin.SendRequestAndVerifyKeyword.sendRequestAndVerify(SendRequestAndVerifyKeyword.groovy:43)&#xD;
	at com.kms.katalon.core.webservice.keyword.builtin.SendRequestAndVerifyKeyword.execute(SendRequestAndVerifyKeyword.groovy:38)&#xD;
	at com.kms.katalon.core.keyword.internal.KeywordExecutor.executeKeywordForPlatform(KeywordExecutor.groovy:56)&#xD;
	at com.kms.katalon.core.webservice.keyword.WSBuiltInKeywords.sendRequestAndVerify(WSBuiltInKeywords.groovy:65)&#xD;
	at com.kms.katalon.core.webservice.keyword.WSBuiltInKeywords$sendRequestAndVerify$0.call(Unknown Source)&#xD;
	at xDasboard_Test.run(xDasboard_Test:30)&#xD;
	at com.kms.katalon.core.main.ScriptEngine.run(ScriptEngine.java:194)&#xD;
	at com.kms.katalon.core.main.ScriptEngine.runScriptAsRawText(ScriptEngine.java:119)&#xD;
	at com.kms.katalon.core.main.TestCaseExecutor.runScript(TestCaseExecutor.java:337)&#xD;
	at com.kms.katalon.core.main.TestCaseExecutor.doExecute(TestCaseExecutor.java:328)&#xD;
	at com.kms.katalon.core.main.TestCaseExecutor.processExecutionPhase(TestCaseExecutor.java:307)&#xD;
	at com.kms.katalon.core.main.TestCaseExecutor.accessMainPhase(TestCaseExecutor.java:299)&#xD;
	at com.kms.katalon.core.main.TestCaseExecutor.execute(TestCaseExecutor.java:233)&#xD;
	at com.kms.katalon.core.main.TestSuiteExecutor.accessTestCaseMainPhase(TestSuiteExecutor.java:169)&#xD;
	at com.kms.katalon.core.main.TestSuiteExecutor.accessTestSuiteMainPhase(TestSuiteExecutor.java:142)&#xD;
	at com.kms.katalon.core.main.TestSuiteExecutor.execute(TestSuiteExecutor.java:91)&#xD;
	at com.kms.katalon.core.main.TestCaseMain.startTestSuite(TestCaseMain.java:157)&#xD;
	at com.kms.katalon.core.main.TestCaseMain$startTestSuite$0.call(Unknown Source)&#xD;
	at TempTestSuite1568908277252.run(TempTestSuite1568908277252.groovy:35)&#xD;
)&#xD;
&#xD;
2019-09-19 21:22:01 - [MESSAGE][FAILED] - Expected status code is '200' but actual status code is '404'&#xD;
&#xD;
2019-09-19 21:22:01 - [MESSAGE][FAILED] - Unable to verify response status code (Root cause: com.kms.katalon.core.exception.StepFailedException: Expected status code is '200' but actual status code is '404'&#xD;
	at com.kms.katalon.core.keyword.internal.KeywordMain.stepFailed(KeywordMain.groovy:50)&#xD;
	at com.kms.katalon.core.webservice.keyword.builtin.VerifyResponseStatusCodeKeyword.verifyStatusCode(VerifyResponseStatusCodeKeyword.groovy:52)&#xD;
	at com.kms.katalon.core.webservice.keyword.builtin.VerifyResponseStatusCodeKeyword$_verifyResponseStatusCode_closure1.doCall(VerifyResponseStatusCodeKeyword.groovy:42)&#xD;
	at com.kms.katalon.core.webservice.keyword.builtin.VerifyResponseStatusCodeKeyword$_verifyResponseStatusCode_closure1.call(VerifyResponseStatusCodeKeyword.groovy)&#xD;
	at com.kms.katalon.core.keyword.internal.KeywordMain.runKeyword(KeywordMain.groovy:68)&#xD;
	at com.kms.katalon.core.webservice.keyword.builtin.VerifyResponseStatusCodeKeyword.verifyResponseStatusCode(VerifyResponseStatusCodeKeyword.groovy:37)&#xD;
	at com.kms.katalon.core.webservice.keyword.builtin.VerifyResponseStatusCodeKeyword.execute(VerifyResponseStatusCodeKeyword.groovy:32)&#xD;
	at com.kms.katalon.core.keyword.internal.KeywordExecutor.executeKeywordForPlatform(KeywordExecutor.groovy:56)&#xD;
	at com.kms.katalon.core.webservice.keyword.WSBuiltInKeywords.verifyResponseStatusCode(WSBuiltInKeywords.groovy:212)&#xD;
	at com.kms.katalon.core.webservice.keyword.WSBuiltInKeywords$verifyResponseStatusCode$1.call(Unknown Source)&#xD;
	at WSVerification1568908320928.run(WSVerification1568908320928:17)&#xD;
	at com.kms.katalon.core.main.ScriptEngine.run(ScriptEngine.java:194)&#xD;
	at com.kms.katalon.core.main.ScriptEngine.runScriptAsRawText(ScriptEngine.java:119)&#xD;
	at com.kms.katalon.core.main.WSVerificationExecutor.runScript(WSVerificationExecutor.java:146)&#xD;
	at com.kms.katalon.core.main.WSVerificationExecutor.doExecute(WSVerificationExecutor.java:140)&#xD;
	at com.kms.katalon.core.main.WSVerificationExecutor.processExecutionPhase(WSVerificationExecutor.java:123)&#xD;
	at com.kms.katalon.core.main.WSVerificationExecutor.accessMainPhase(WSVerificationExecutor.java:115)&#xD;
	at com.kms.katalon.core.main.WSVerificationExecutor.execute(WSVerificationExecutor.java:103)&#xD;
	at com.kms.katalon.core.main.TestCaseMain.runWSVerificationScript(TestCaseMain.java:127)&#xD;
	at com.kms.katalon.core.webservice.keyword.builtin.SendRequestAndVerifyKeyword$_sendRequestAndVerify_closure1.doCall(SendRequestAndVerifyKeyword.groovy:55)&#xD;
	at com.kms.katalon.core.webservice.keyword.builtin.SendRequestAndVerifyKeyword$_sendRequestAndVerify_closure1.call(SendRequestAndVerifyKeyword.groovy)&#xD;
	at com.kms.katalon.core.keyword.internal.KeywordMain.runKeyword(KeywordMain.groovy:68)&#xD;
	at com.kms.katalon.core.webservice.keyword.builtin.SendRequestAndVerifyKeyword.sendRequestAndVerify(SendRequestAndVerifyKeyword.groovy:43)&#xD;
	at com.kms.katalon.core.webservice.keyword.builtin.SendRequestAndVerifyKeyword.execute(SendRequestAndVerifyKeyword.groovy:38)&#xD;
	at com.kms.katalon.core.keyword.internal.KeywordExecutor.executeKeywordForPlatform(KeywordExecutor.groovy:56)&#xD;
	at com.kms.katalon.core.webservice.keyword.WSBuiltInKeywords.sendRequestAndVerify(WSBuiltInKeywords.groovy:65)&#xD;
	at com.kms.katalon.core.webservice.keyword.WSBuiltInKeywords$sendRequestAndVerify$0.call(Unknown Source)&#xD;
	at xDasboard_Test.run(xDasboard_Test:30)&#xD;
	at com.kms.katalon.core.main.ScriptEngine.run(ScriptEngine.java:194)&#xD;
	at com.kms.katalon.core.main.ScriptEngine.runScriptAsRawText(ScriptEngine.java:119)&#xD;
	at com.kms.katalon.core.main.TestCaseExecutor.runScript(TestCaseExecutor.java:337)&#xD;
	at com.kms.katalon.core.main.TestCaseExecutor.doExecute(TestCaseExecutor.java:328)&#xD;
	at com.kms.katalon.core.main.TestCaseExecutor.processExecutionPhase(TestCaseExecutor.java:307)&#xD;
	at com.kms.katalon.core.main.TestCaseExecutor.accessMainPhase(TestCaseExecutor.java:299)&#xD;
	at com.kms.katalon.core.main.TestCaseExecutor.execute(TestCaseExecutor.java:233)&#xD;
	at com.kms.katalon.core.main.TestSuiteExecutor.accessTestCaseMainPhase(TestSuiteExecutor.java:169)&#xD;
	at com.kms.katalon.core.main.TestSuiteExecutor.accessTestSuiteMainPhase(TestSuiteExecutor.java:142)&#xD;
	at com.kms.katalon.core.main.TestSuiteExecutor.execute(TestSuiteExecutor.java:91)&#xD;
	at com.kms.katalon.core.main.TestCaseMain.startTestSuite(TestCaseMain.java:157)&#xD;
	at com.kms.katalon.core.main.TestCaseMain$startTestSuite$0.call(Unknown Source)&#xD;
	at TempTestSuite1568908277252.run(TempTestSuite1568908277252.groovy:35)&#xD;
)&#xD;
&#xD;
2019-09-19 21:22:02 - [MESSAGE][FAILED] - Unable to send request and verify the response (Root cause: com.kms.katalon.core.exception.StepFailedException: Verification failed&#xD;
	at com.kms.katalon.core.webservice.keyword.builtin.SendRequestAndVerifyKeyword$_sendRequestAndVerify_closure1.doCall(SendRequestAndVerifyKeyword.groovy:59)&#xD;
	at com.kms.katalon.core.webservice.keyword.builtin.SendRequestAndVerifyKeyword$_sendRequestAndVerify_closure1.call(SendRequestAndVerifyKeyword.groovy)&#xD;
	at com.kms.katalon.core.keyword.internal.KeywordMain.runKeyword(KeywordMain.groovy:68)&#xD;
	at com.kms.katalon.core.webservice.keyword.builtin.SendRequestAndVerifyKeyword.sendRequestAndVerify(SendRequestAndVerifyKeyword.groovy:43)&#xD;
	at com.kms.katalon.core.webservice.keyword.builtin.SendRequestAndVerifyKeyword.execute(SendRequestAndVerifyKeyword.groovy:38)&#xD;
	at com.kms.katalon.core.keyword.internal.KeywordExecutor.executeKeywordForPlatform(KeywordExecutor.groovy:56)&#xD;
	at com.kms.katalon.core.webservice.keyword.WSBuiltInKeywords.sendRequestAndVerify(WSBuiltInKeywords.groovy:65)&#xD;
	at com.kms.katalon.core.webservice.keyword.WSBuiltInKeywords$sendRequestAndVerify$0.call(Unknown Source)&#xD;
	at xDasboard_Test.run(xDasboard_Test:30)&#xD;
	at com.kms.katalon.core.main.ScriptEngine.run(ScriptEngine.java:194)&#xD;
	at com.kms.katalon.core.main.ScriptEngine.runScriptAsRawText(ScriptEngine.java:119)&#xD;
	at com.kms.katalon.core.main.TestCaseExecutor.runScript(TestCaseExecutor.java:337)&#xD;
	at com.kms.katalon.core.main.TestCaseExecutor.doExecute(TestCaseExecutor.java:328)&#xD;
	at com.kms.katalon.core.main.TestCaseExecutor.processExecutionPhase(TestCaseExecutor.java:307)&#xD;
	at com.kms.katalon.core.main.TestCaseExecutor.accessMainPhase(TestCaseExecutor.java:299)&#xD;
	at com.kms.katalon.core.main.TestCaseExecutor.execute(TestCaseExecutor.java:233)&#xD;
	at com.kms.katalon.core.main.TestSuiteExecutor.accessTestCaseMainPhase(TestSuiteExecutor.java:169)&#xD;
	at com.kms.katalon.core.main.TestSuiteExecutor.accessTestSuiteMainPhase(TestSuiteExecutor.java:142)&#xD;
	at com.kms.katalon.core.main.TestSuiteExecutor.execute(TestSuiteExecutor.java:91)&#xD;
	at com.kms.katalon.core.main.TestCaseMain.startTestSuite(TestCaseMain.java:157)&#xD;
	at com.kms.katalon.core.main.TestCaseMain$startTestSuite$0.call(Unknown Source)&#xD;
	at TempTestSuite1568908277252.run(TempTestSuite1568908277252.groovy:35)&#xD;
)</system-out>
            <system-err>2019-09-19 21:22:00 - [TEST_CASE][FAILED] - Test Cases/xDasboard_Test: Test Cases/xDasboard_Test FAILED.
Reason:
com.kms.katalon.core.exception.StepFailedException: Expected status code is '200' but actual status code is '404'&#xD;
	at com.kms.katalon.core.keyword.internal.KeywordMain.stepFailed(KeywordMain.groovy:50)&#xD;
	at com.kms.katalon.core.webservice.keyword.builtin.VerifyResponseStatusCodeKeyword.verifyStatusCode(VerifyResponseStatusCodeKeyword.groovy:52)&#xD;
	at com.kms.katalon.core.webservice.keyword.builtin.VerifyResponseStatusCodeKeyword$_verifyResponseStatusCode_closure1.doCall(VerifyResponseStatusCodeKeyword.groovy:42)&#xD;
	at com.kms.katalon.core.webservice.keyword.builtin.VerifyResponseStatusCodeKeyword$_verifyResponseStatusCode_closure1.call(VerifyResponseStatusCodeKeyword.groovy)&#xD;
	at com.kms.katalon.core.keyword.internal.KeywordMain.runKeyword(KeywordMain.groovy:68)&#xD;
	at com.kms.katalon.core.webservice.keyword.builtin.VerifyResponseStatusCodeKeyword.verifyResponseStatusCode(VerifyResponseStatusCodeKeyword.groovy:37)&#xD;
	at com.kms.katalon.core.webservice.keyword.builtin.VerifyResponseStatusCodeKeyword.execute(VerifyResponseStatusCodeKeyword.groovy:32)&#xD;
	at com.kms.katalon.core.keyword.internal.KeywordExecutor.executeKeywordForPlatform(KeywordExecutor.groovy:56)&#xD;
	at com.kms.katalon.core.webservice.keyword.WSBuiltInKeywords.verifyResponseStatusCode(WSBuiltInKeywords.groovy:212)&#xD;
	at com.kms.katalon.core.webservice.keyword.WSBuiltInKeywords$verifyResponseStatusCode$1.call(Unknown Source)&#xD;
	at WSVerification1568908320928.run(WSVerification1568908320928:17)&#xD;
	at com.kms.katalon.core.main.ScriptEngine.run(ScriptEngine.java:194)&#xD;
	at com.kms.katalon.core.main.ScriptEngine.runScriptAsRawText(ScriptEngine.java:119)&#xD;
	at com.kms.katalon.core.main.WSVerificationExecutor.runScript(WSVerificationExecutor.java:146)&#xD;
	at com.kms.katalon.core.main.WSVerificationExecutor.doExecute(WSVerificationExecutor.java:140)&#xD;
	at com.kms.katalon.core.main.WSVerificationExecutor.processExecutionPhase(WSVerificationExecutor.java:123)&#xD;
	at com.kms.katalon.core.main.WSVerificationExecutor.accessMainPhase(WSVerificationExecutor.java:115)&#xD;
	at com.kms.katalon.core.main.WSVerificationExecutor.execute(WSVerificationExecutor.java:103)&#xD;
	at com.kms.katalon.core.main.TestCaseMain.runWSVerificationScript(TestCaseMain.java:127)&#xD;
	at com.kms.katalon.core.webservice.keyword.builtin.SendRequestAndVerifyKeyword$_sendRequestAndVerify_closure1.doCall(SendRequestAndVerifyKeyword.groovy:55)&#xD;
	at com.kms.katalon.core.webservice.keyword.builtin.SendRequestAndVerifyKeyword$_sendRequestAndVerify_closure1.call(SendRequestAndVerifyKeyword.groovy)&#xD;
	at com.kms.katalon.core.keyword.internal.KeywordMain.runKeyword(KeywordMain.groovy:68)&#xD;
	at com.kms.katalon.core.webservice.keyword.builtin.SendRequestAndVerifyKeyword.sendRequestAndVerify(SendRequestAndVerifyKeyword.groovy:43)&#xD;
	at com.kms.katalon.core.webservice.keyword.builtin.SendRequestAndVerifyKeyword.execute(SendRequestAndVerifyKeyword.groovy:38)&#xD;
	at com.kms.katalon.core.keyword.internal.KeywordExecutor.executeKeywordForPlatform(KeywordExecutor.groovy:56)&#xD;
	at com.kms.katalon.core.webservice.keyword.WSBuiltInKeywords.sendRequestAndVerify(WSBuiltInKeywords.groovy:65)&#xD;
	at com.kms.katalon.core.webservice.keyword.WSBuiltInKeywords$sendRequestAndVerify$0.call(Unknown Source)&#xD;
	at xDasboard_Test.run(xDasboard_Test:30)&#xD;
	at com.kms.katalon.core.main.ScriptEngine.run(ScriptEngine.java:194)&#xD;
	at com.kms.katalon.core.main.ScriptEngine.runScriptAsRawText(ScriptEngine.java:119)&#xD;
	at com.kms.katalon.core.main.TestCaseExecutor.runScript(TestCaseExecutor.java:337)&#xD;
	at com.kms.katalon.core.main.TestCaseExecutor.doExecute(TestCaseExecutor.java:328)&#xD;
	at com.kms.katalon.core.main.TestCaseExecutor.processExecutionPhase(TestCaseExecutor.java:307)&#xD;
	at com.kms.katalon.core.main.TestCaseExecutor.accessMainPhase(TestCaseExecutor.java:299)&#xD;
	at com.kms.katalon.core.main.TestCaseExecutor.execute(TestCaseExecutor.java:233)&#xD;
	at com.kms.katalon.core.main.TestSuiteExecutor.accessTestCaseMainPhase(TestSuiteExecutor.java:169)&#xD;
	at com.kms.katalon.core.main.TestSuiteExecutor.accessTestSuiteMainPhase(TestSuiteExecutor.java:142)&#xD;
	at com.kms.katalon.core.main.TestSuiteExecutor.execute(TestSuiteExecutor.java:91)&#xD;
	at com.kms.katalon.core.main.TestCaseMain.startTestSuite(TestCaseMain.java:157)&#xD;
	at com.kms.katalon.core.main.TestCaseMain$startTestSuite$0.call(Unknown Source)&#xD;
	at TempTestSuite1568908277252.run(TempTestSuite1568908277252.groovy:35)</system-err>
        </testcase>
        <testcase name="Test Cases/wDiseaseMaster_Test" classname="Test Cases/wDiseaseMaster_Test" status="FAILED">
            <failure type="FAILED" message="Test Cases/wDiseaseMaster_Test FAILED.&#xA;Reason:&#xA;com.kms.katalon.core.exception.StepFailedException: Expected status code is '200' but actual status code is '404'&#xD;&#xA;&#x9;at com.kms.katalon.core.keyword.internal.KeywordMain.stepFailed(KeywordMain.groovy:50)&#xD;&#xA;&#x9;at com.kms.katalon.core.webservice.keyword.builtin.VerifyResponseStatusCodeKeyword.verifyStatusCode(VerifyResponseStatusCodeKeyword.groovy:52)&#xD;&#xA;&#x9;at com.kms.katalon.core.webservice.keyword.builtin.VerifyResponseStatusCodeKeyword$_verifyResponseStatusCode_closure1.doCall(VerifyResponseStatusCodeKeyword.groovy:42)&#xD;&#xA;&#x9;at com.kms.katalon.core.webservice.keyword.builtin.VerifyResponseStatusCodeKeyword$_verifyResponseStatusCode_closure1.call(VerifyResponseStatusCodeKeyword.groovy)&#xD;&#xA;&#x9;at com.kms.katalon.core.keyword.internal.KeywordMain.runKeyword(KeywordMain.groovy:68)&#xD;&#xA;&#x9;at com.kms.katalon.core.webservice.keyword.builtin.VerifyResponseStatusCodeKeyword.verifyResponseStatusCode(VerifyResponseStatusCodeKeyword.groovy:37)&#xD;&#xA;&#x9;at com.kms.katalon.core.webservice.keyword.builtin.VerifyResponseStatusCodeKeyword.execute(VerifyResponseStatusCodeKeyword.groovy:32)&#xD;&#xA;&#x9;at com.kms.katalon.core.keyword.internal.KeywordExecutor.executeKeywordForPlatform(KeywordExecutor.groovy:56)&#xD;&#xA;&#x9;at com.kms.katalon.core.webservice.keyword.WSBuiltInKeywords.verifyResponseStatusCode(WSBuiltInKeywords.groovy:212)&#xD;&#xA;&#x9;at com.kms.katalon.core.webservice.keyword.WSBuiltInKeywords$verifyResponseStatusCode$1.call(Unknown Source)&#xD;&#xA;&#x9;at WSVerification1568908322927.run(WSVerification1568908322927:16)&#xD;&#xA;&#x9;at com.kms.katalon.core.main.ScriptEngine.run(ScriptEngine.java:194)&#xD;&#xA;&#x9;at com.kms.katalon.core.main.ScriptEngine.runScriptAsRawText(ScriptEngine.java:119)&#xD;&#xA;&#x9;at com.kms.katalon.core.main.WSVerificationExecutor.runScript(WSVerificationExecutor.java:146)&#xD;&#xA;&#x9;at com.kms.katalon.core.main.WSVerificationExecutor.doExecute(WSVerificationExecutor.java:140)&#xD;&#xA;&#x9;at com.kms.katalon.core.main.WSVerificationExecutor.processExecutionPhase(WSVerificationExecutor.java:123)&#xD;&#xA;&#x9;at com.kms.katalon.core.main.WSVerificationExecutor.accessMainPhase(WSVerificationExecutor.java:115)&#xD;&#xA;&#x9;at com.kms.katalon.core.main.WSVerificationExecutor.execute(WSVerificationExecutor.java:103)&#xD;&#xA;&#x9;at com.kms.katalon.core.main.TestCaseMain.runWSVerificationScript(TestCaseMain.java:127)&#xD;&#xA;&#x9;at com.kms.katalon.core.webservice.keyword.builtin.SendRequestAndVerifyKeyword$_sendRequestAndVerify_closure1.doCall(SendRequestAndVerifyKeyword.groovy:55)&#xD;&#xA;&#x9;at com.kms.katalon.core.webservice.keyword.builtin.SendRequestAndVerifyKeyword$_sendRequestAndVerify_closure1.call(SendRequestAndVerifyKeyword.groovy)&#xD;&#xA;&#x9;at com.kms.katalon.core.keyword.internal.KeywordMain.runKeyword(KeywordMain.groovy:68)&#xD;&#xA;&#x9;at com.kms.katalon.core.webservice.keyword.builtin.SendRequestAndVerifyKeyword.sendRequestAndVerify(SendRequestAndVerifyKeyword.groovy:43)&#xD;&#xA;&#x9;at com.kms.katalon.core.webservice.keyword.builtin.SendRequestAndVerifyKeyword.execute(SendRequestAndVerifyKeyword.groovy:38)&#xD;&#xA;&#x9;at com.kms.katalon.core.keyword.internal.KeywordExecutor.executeKeywordForPlatform(KeywordExecutor.groovy:56)&#xD;&#xA;&#x9;at com.kms.katalon.core.webservice.keyword.WSBuiltInKeywords.sendRequestAndVerify(WSBuiltInKeywords.groovy:65)&#xD;&#xA;&#x9;at com.kms.katalon.core.webservice.keyword.WSBuiltInKeywords$sendRequestAndVerify$0.call(Unknown Source)&#xD;&#xA;&#x9;at wDiseaseMaster_Test.run(wDiseaseMaster_Test:19)&#xD;&#xA;&#x9;at com.kms.katalon.core.main.ScriptEngine.run(ScriptEngine.java:194)&#xD;&#xA;&#x9;at com.kms.katalon.core.main.ScriptEngine.runScriptAsRawText(ScriptEngine.java:119)&#xD;&#xA;&#x9;at com.kms.katalon.core.main.TestCaseExecutor.runScript(TestCaseExecutor.java:337)&#xD;&#xA;&#x9;at com.kms.katalon.core.main.TestCaseExecutor.doExecute(TestCaseExecutor.java:328)&#xD;&#xA;&#x9;at com.kms.katalon.core.main.TestCaseExecutor.processExecutionPhase(TestCaseExecutor.java:307)&#xD;&#xA;&#x9;at com.kms.katalon.core.main.TestCaseExecutor.accessMainPhase(TestCaseExecutor.java:299)&#xD;&#xA;&#x9;at com.kms.katalon.core.main.TestCaseExecutor.execute(TestCaseExecutor.java:233)&#xD;&#xA;&#x9;at com.kms.katalon.core.main.TestSuiteExecutor.accessTestCaseMainPhase(TestSuiteExecutor.java:169)&#xD;&#xA;&#x9;at com.kms.katalon.core.main.TestSuiteExecutor.accessTestSuiteMainPhase(TestSuiteExecutor.java:142)&#xD;&#xA;&#x9;at com.kms.katalon.core.main.TestSuiteExecutor.execute(TestSuiteExecutor.java:91)&#xD;&#xA;&#x9;at com.kms.katalon.core.main.TestCaseMain.startTestSuite(TestCaseMain.java:157)&#xD;&#xA;&#x9;at com.kms.katalon.core.main.TestCaseMain$startTestSuite$0.call(Unknown Source)&#xD;&#xA;&#x9;at TempTestSuite1568908277252.run(TempTestSuite1568908277252.groovy:35)&#xD;&#xA;"/>
            <system-out>2019-09-19 21:22:02 - [TEST_CASE][FAILED] - Test Cases/wDiseaseMaster_Test: Test Cases/wDiseaseMaster_Test FAILED.
Reason:
com.kms.katalon.core.exception.StepFailedException: Expected status code is '200' but actual status code is '404'&#xD;
	at com.kms.katalon.core.keyword.internal.KeywordMain.stepFailed(KeywordMain.groovy:50)&#xD;
	at com.kms.katalon.core.webservice.keyword.builtin.VerifyResponseStatusCodeKeyword.verifyStatusCode(VerifyResponseStatusCodeKeyword.groovy:52)&#xD;
	at com.kms.katalon.core.webservice.keyword.builtin.VerifyResponseStatusCodeKeyword$_verifyResponseStatusCode_closure1.doCall(VerifyResponseStatusCodeKeyword.groovy:42)&#xD;
	at com.kms.katalon.core.webservice.keyword.builtin.VerifyResponseStatusCodeKeyword$_verifyResponseStatusCode_closure1.call(VerifyResponseStatusCodeKeyword.groovy)&#xD;
	at com.kms.katalon.core.keyword.internal.KeywordMain.runKeyword(KeywordMain.groovy:68)&#xD;
	at com.kms.katalon.core.webservice.keyword.builtin.VerifyResponseStatusCodeKeyword.verifyResponseStatusCode(VerifyResponseStatusCodeKeyword.groovy:37)&#xD;
	at com.kms.katalon.core.webservice.keyword.builtin.VerifyResponseStatusCodeKeyword.execute(VerifyResponseStatusCodeKeyword.groovy:32)&#xD;
	at com.kms.katalon.core.keyword.internal.KeywordExecutor.executeKeywordForPlatform(KeywordExecutor.groovy:56)&#xD;
	at com.kms.katalon.core.webservice.keyword.WSBuiltInKeywords.verifyResponseStatusCode(WSBuiltInKeywords.groovy:212)&#xD;
	at com.kms.katalon.core.webservice.keyword.WSBuiltInKeywords$verifyResponseStatusCode$1.call(Unknown Source)&#xD;
	at WSVerification1568908322927.run(WSVerification1568908322927:16)&#xD;
	at com.kms.katalon.core.main.ScriptEngine.run(ScriptEngine.java:194)&#xD;
	at com.kms.katalon.core.main.ScriptEngine.runScriptAsRawText(ScriptEngine.java:119)&#xD;
	at com.kms.katalon.core.main.WSVerificationExecutor.runScript(WSVerificationExecutor.java:146)&#xD;
	at com.kms.katalon.core.main.WSVerificationExecutor.doExecute(WSVerificationExecutor.java:140)&#xD;
	at com.kms.katalon.core.main.WSVerificationExecutor.processExecutionPhase(WSVerificationExecutor.java:123)&#xD;
	at com.kms.katalon.core.main.WSVerificationExecutor.accessMainPhase(WSVerificationExecutor.java:115)&#xD;
	at com.kms.katalon.core.main.WSVerificationExecutor.execute(WSVerificationExecutor.java:103)&#xD;
	at com.kms.katalon.core.main.TestCaseMain.runWSVerificationScript(TestCaseMain.java:127)&#xD;
	at com.kms.katalon.core.webservice.keyword.builtin.SendRequestAndVerifyKeyword$_sendRequestAndVerify_closure1.doCall(SendRequestAndVerifyKeyword.groovy:55)&#xD;
	at com.kms.katalon.core.webservice.keyword.builtin.SendRequestAndVerifyKeyword$_sendRequestAndVerify_closure1.call(SendRequestAndVerifyKeyword.groovy)&#xD;
	at com.kms.katalon.core.keyword.internal.KeywordMain.runKeyword(KeywordMain.groovy:68)&#xD;
	at com.kms.katalon.core.webservice.keyword.builtin.SendRequestAndVerifyKeyword.sendRequestAndVerify(SendRequestAndVerifyKeyword.groovy:43)&#xD;
	at com.kms.katalon.core.webservice.keyword.builtin.SendRequestAndVerifyKeyword.execute(SendRequestAndVerifyKeyword.groovy:38)&#xD;
	at com.kms.katalon.core.keyword.internal.KeywordExecutor.executeKeywordForPlatform(KeywordExecutor.groovy:56)&#xD;
	at com.kms.katalon.core.webservice.keyword.WSBuiltInKeywords.sendRequestAndVerify(WSBuiltInKeywords.groovy:65)&#xD;
	at com.kms.katalon.core.webservice.keyword.WSBuiltInKeywords$sendRequestAndVerify$0.call(Unknown Source)&#xD;
	at wDiseaseMaster_Test.run(wDiseaseMaster_Test:19)&#xD;
	at com.kms.katalon.core.main.ScriptEngine.run(ScriptEngine.java:194)&#xD;
	at com.kms.katalon.core.main.ScriptEngine.runScriptAsRawText(ScriptEngine.java:119)&#xD;
	at com.kms.katalon.core.main.TestCaseExecutor.runScript(TestCaseExecutor.java:337)&#xD;
	at com.kms.katalon.core.main.TestCaseExecutor.doExecute(TestCaseExecutor.java:328)&#xD;
	at com.kms.katalon.core.main.TestCaseExecutor.processExecutionPhase(TestCaseExecutor.java:307)&#xD;
	at com.kms.katalon.core.main.TestCaseExecutor.accessMainPhase(TestCaseExecutor.java:299)&#xD;
	at com.kms.katalon.core.main.TestCaseExecutor.execute(TestCaseExecutor.java:233)&#xD;
	at com.kms.katalon.core.main.TestSuiteExecutor.accessTestCaseMainPhase(TestSuiteExecutor.java:169)&#xD;
	at com.kms.katalon.core.main.TestSuiteExecutor.accessTestSuiteMainPhase(TestSuiteExecutor.java:142)&#xD;
	at com.kms.katalon.core.main.TestSuiteExecutor.execute(TestSuiteExecutor.java:91)&#xD;
	at com.kms.katalon.core.main.TestCaseMain.startTestSuite(TestCaseMain.java:157)&#xD;
	at com.kms.katalon.core.main.TestCaseMain$startTestSuite$0.call(Unknown Source)&#xD;
	at TempTestSuite1568908277252.run(TempTestSuite1568908277252.groovy:35)&#xD;
&#xD;
&#xD;
2019-09-19 21:22:02 - [TEST_STEP][PASSED] - sendRequest(findTestObject("wDisease Master", ["uniqueToken":uniquetoken, "userId":userid, "versionTableId":versionTableId])): Send request successfully&#xD;
&#xD;
2019-09-19 21:22:02 - [MESSAGE][INFO] - HAR: C:\Users\rajesh.veeranna\Katalon Studio\SmartIndonasia\Reports\20190919_212117\SMARTINDONASIA_API_SmokeTest\20190919_212117\requests\main\32.har&#xD;
&#xD;
2019-09-19 21:22:02 - [MESSAGE][PASSED] - Send request successfully&#xD;
&#xD;
2019-09-19 21:22:02 - [TEST_STEP][FAILED] - responsew = sendRequestAndVerify(findTestObject("wDisease Master", ["uniqueToken":uniquetoken, "userId":userid, "versionTableId":versionTableId])): Unable to send request and verify the response (Root cause: com.kms.katalon.core.exception.StepFailedException: Verification failed&#xD;
	at com.kms.katalon.core.webservice.keyword.builtin.SendRequestAndVerifyKeyword$_sendRequestAndVerify_closure1.doCall(SendRequestAndVerifyKeyword.groovy:59)&#xD;
	at com.kms.katalon.core.webservice.keyword.builtin.SendRequestAndVerifyKeyword$_sendRequestAndVerify_closure1.call(SendRequestAndVerifyKeyword.groovy)&#xD;
	at com.kms.katalon.core.keyword.internal.KeywordMain.runKeyword(KeywordMain.groovy:68)&#xD;
	at com.kms.katalon.core.webservice.keyword.builtin.SendRequestAndVerifyKeyword.sendRequestAndVerify(SendRequestAndVerifyKeyword.groovy:43)&#xD;
	at com.kms.katalon.core.webservice.keyword.builtin.SendRequestAndVerifyKeyword.execute(SendRequestAndVerifyKeyword.groovy:38)&#xD;
	at com.kms.katalon.core.keyword.internal.KeywordExecutor.executeKeywordForPlatform(KeywordExecutor.groovy:56)&#xD;
	at com.kms.katalon.core.webservice.keyword.WSBuiltInKeywords.sendRequestAndVerify(WSBuiltInKeywords.groovy:65)&#xD;
	at com.kms.katalon.core.webservice.keyword.WSBuiltInKeywords$sendRequestAndVerify$0.call(Unknown Source)&#xD;
	at wDiseaseMaster_Test.run(wDiseaseMaster_Test:19)&#xD;
	at com.kms.katalon.core.main.ScriptEngine.run(ScriptEngine.java:194)&#xD;
	at com.kms.katalon.core.main.ScriptEngine.runScriptAsRawText(ScriptEngine.java:119)&#xD;
	at com.kms.katalon.core.main.TestCaseExecutor.runScript(TestCaseExecutor.java:337)&#xD;
	at com.kms.katalon.core.main.TestCaseExecutor.doExecute(TestCaseExecutor.java:328)&#xD;
	at com.kms.katalon.core.main.TestCaseExecutor.processExecutionPhase(TestCaseExecutor.java:307)&#xD;
	at com.kms.katalon.core.main.TestCaseExecutor.accessMainPhase(TestCaseExecutor.java:299)&#xD;
	at com.kms.katalon.core.main.TestCaseExecutor.execute(TestCaseExecutor.java:233)&#xD;
	at com.kms.katalon.core.main.TestSuiteExecutor.accessTestCaseMainPhase(TestSuiteExecutor.java:169)&#xD;
	at com.kms.katalon.core.main.TestSuiteExecutor.accessTestSuiteMainPhase(TestSuiteExecutor.java:142)&#xD;
	at com.kms.katalon.core.main.TestSuiteExecutor.execute(TestSuiteExecutor.java:91)&#xD;
	at com.kms.katalon.core.main.TestCaseMain.startTestSuite(TestCaseMain.java:157)&#xD;
	at com.kms.katalon.core.main.TestCaseMain$startTestSuite$0.call(Unknown Source)&#xD;
	at TempTestSuite1568908277252.run(TempTestSuite1568908277252.groovy:35)&#xD;
)&#xD;
&#xD;
2019-09-19 21:22:02 - [MESSAGE][INFO] - HAR: C:\Users\rajesh.veeranna\Katalon Studio\SmartIndonasia\Reports\20190919_212117\SMARTINDONASIA_API_SmokeTest\20190919_212117\requests\main\33.har&#xD;
&#xD;
2019-09-19 21:22:02 - [TEST_CASE][FAILED] - Start Test Case : Verification: Verification FAILED.
Reason:
com.kms.katalon.core.exception.StepFailedException: Expected status code is '200' but actual status code is '404'&#xD;
	at com.kms.katalon.core.keyword.internal.KeywordMain.stepFailed(KeywordMain.groovy:50)&#xD;
	at com.kms.katalon.core.webservice.keyword.builtin.VerifyResponseStatusCodeKeyword.verifyStatusCode(VerifyResponseStatusCodeKeyword.groovy:52)&#xD;
	at com.kms.katalon.core.webservice.keyword.builtin.VerifyResponseStatusCodeKeyword$_verifyResponseStatusCode_closure1.doCall(VerifyResponseStatusCodeKeyword.groovy:42)&#xD;
	at com.kms.katalon.core.webservice.keyword.builtin.VerifyResponseStatusCodeKeyword$_verifyResponseStatusCode_closure1.call(VerifyResponseStatusCodeKeyword.groovy)&#xD;
	at com.kms.katalon.core.keyword.internal.KeywordMain.runKeyword(KeywordMain.groovy:68)&#xD;
	at com.kms.katalon.core.webservice.keyword.builtin.VerifyResponseStatusCodeKeyword.verifyResponseStatusCode(VerifyResponseStatusCodeKeyword.groovy:37)&#xD;
	at com.kms.katalon.core.webservice.keyword.builtin.VerifyResponseStatusCodeKeyword.execute(VerifyResponseStatusCodeKeyword.groovy:32)&#xD;
	at com.kms.katalon.core.keyword.internal.KeywordExecutor.executeKeywordForPlatform(KeywordExecutor.groovy:56)&#xD;
	at com.kms.katalon.core.webservice.keyword.WSBuiltInKeywords.verifyResponseStatusCode(WSBuiltInKeywords.groovy:212)&#xD;
	at com.kms.katalon.core.webservice.keyword.WSBuiltInKeywords$verifyResponseStatusCode$1.call(Unknown Source)&#xD;
	at WSVerification1568908322927.run(WSVerification1568908322927:16)&#xD;
	at com.kms.katalon.core.main.ScriptEngine.run(ScriptEngine.java:194)&#xD;
	at com.kms.katalon.core.main.ScriptEngine.runScriptAsRawText(ScriptEngine.java:119)&#xD;
	at com.kms.katalon.core.main.WSVerificationExecutor.runScript(WSVerificationExecutor.java:146)&#xD;
	at com.kms.katalon.core.main.WSVerificationExecutor.doExecute(WSVerificationExecutor.java:140)&#xD;
	at com.kms.katalon.core.main.WSVerificationExecutor.processExecutionPhase(WSVerificationExecutor.java:123)&#xD;
	at com.kms.katalon.core.main.WSVerificationExecutor.accessMainPhase(WSVerificationExecutor.java:115)&#xD;
	at com.kms.katalon.core.main.WSVerificationExecutor.execute(WSVerificationExecutor.java:103)&#xD;
	at com.kms.katalon.core.main.TestCaseMain.runWSVerificationScript(TestCaseMain.java:127)&#xD;
	at com.kms.katalon.core.webservice.keyword.builtin.SendRequestAndVerifyKeyword$_sendRequestAndVerify_closure1.doCall(SendRequestAndVerifyKeyword.groovy:55)&#xD;
	at com.kms.katalon.core.webservice.keyword.builtin.SendRequestAndVerifyKeyword$_sendRequestAndVerify_closure1.call(SendRequestAndVerifyKeyword.groovy)&#xD;
	at com.kms.katalon.core.keyword.internal.KeywordMain.runKeyword(KeywordMain.groovy:68)&#xD;
	at com.kms.katalon.core.webservice.keyword.builtin.SendRequestAndVerifyKeyword.sendRequestAndVerify(SendRequestAndVerifyKeyword.groovy:43)&#xD;
	at com.kms.katalon.core.webservice.keyword.builtin.SendRequestAndVerifyKeyword.execute(SendRequestAndVerifyKeyword.groovy:38)&#xD;
	at com.kms.katalon.core.keyword.internal.KeywordExecutor.executeKeywordForPlatform(KeywordExecutor.groovy:56)&#xD;
	at com.kms.katalon.core.webservice.keyword.WSBuiltInKeywords.sendRequestAndVerify(WSBuiltInKeywords.groovy:65)&#xD;
	at com.kms.katalon.core.webservice.keyword.WSBuiltInKeywords$sendRequestAndVerify$0.call(Unknown Source)&#xD;
	at wDiseaseMaster_Test.run(wDiseaseMaster_Test:19)&#xD;
	at com.kms.katalon.core.main.ScriptEngine.run(ScriptEngine.java:194)&#xD;
	at com.kms.katalon.core.main.ScriptEngine.runScriptAsRawText(ScriptEngine.java:119)&#xD;
	at com.kms.katalon.core.main.TestCaseExecutor.runScript(TestCaseExecutor.java:337)&#xD;
	at com.kms.katalon.core.main.TestCaseExecutor.doExecute(TestCaseExecutor.java:328)&#xD;
	at com.kms.katalon.core.main.TestCaseExecutor.processExecutionPhase(TestCaseExecutor.java:307)&#xD;
	at com.kms.katalon.core.main.TestCaseExecutor.accessMainPhase(TestCaseExecutor.java:299)&#xD;
	at com.kms.katalon.core.main.TestCaseExecutor.execute(TestCaseExecutor.java:233)&#xD;
	at com.kms.katalon.core.main.TestSuiteExecutor.accessTestCaseMainPhase(TestSuiteExecutor.java:169)&#xD;
	at com.kms.katalon.core.main.TestSuiteExecutor.accessTestSuiteMainPhase(TestSuiteExecutor.java:142)&#xD;
	at com.kms.katalon.core.main.TestSuiteExecutor.execute(TestSuiteExecutor.java:91)&#xD;
	at com.kms.katalon.core.main.TestCaseMain.startTestSuite(TestCaseMain.java:157)&#xD;
	at com.kms.katalon.core.main.TestCaseMain$startTestSuite$0.call(Unknown Source)&#xD;
	at TempTestSuite1568908277252.run(TempTestSuite1568908277252.groovy:35)&#xD;
&#xD;
&#xD;
2019-09-19 21:22:03 - [TEST_STEP][PASSED] - request = getInstance().getCurrentRequest(): null&#xD;
&#xD;
2019-09-19 21:22:03 - [TEST_STEP][PASSED] - response = getInstance().getCurrentResponse(): null&#xD;
&#xD;
2019-09-19 21:22:03 - [TEST_STEP][FAILED] - verifyResponseStatusCode(response, 200): Unable to verify response status code (Root cause: com.kms.katalon.core.exception.StepFailedException: Expected status code is '200' but actual status code is '404'&#xD;
	at com.kms.katalon.core.keyword.internal.KeywordMain.stepFailed(KeywordMain.groovy:50)&#xD;
	at com.kms.katalon.core.webservice.keyword.builtin.VerifyResponseStatusCodeKeyword.verifyStatusCode(VerifyResponseStatusCodeKeyword.groovy:52)&#xD;
	at com.kms.katalon.core.webservice.keyword.builtin.VerifyResponseStatusCodeKeyword$_verifyResponseStatusCode_closure1.doCall(VerifyResponseStatusCodeKeyword.groovy:42)&#xD;
	at com.kms.katalon.core.webservice.keyword.builtin.VerifyResponseStatusCodeKeyword$_verifyResponseStatusCode_closure1.call(VerifyResponseStatusCodeKeyword.groovy)&#xD;
	at com.kms.katalon.core.keyword.internal.KeywordMain.runKeyword(KeywordMain.groovy:68)&#xD;
	at com.kms.katalon.core.webservice.keyword.builtin.VerifyResponseStatusCodeKeyword.verifyResponseStatusCode(VerifyResponseStatusCodeKeyword.groovy:37)&#xD;
	at com.kms.katalon.core.webservice.keyword.builtin.VerifyResponseStatusCodeKeyword.execute(VerifyResponseStatusCodeKeyword.groovy:32)&#xD;
	at com.kms.katalon.core.keyword.internal.KeywordExecutor.executeKeywordForPlatform(KeywordExecutor.groovy:56)&#xD;
	at com.kms.katalon.core.webservice.keyword.WSBuiltInKeywords.verifyResponseStatusCode(WSBuiltInKeywords.groovy:212)&#xD;
	at com.kms.katalon.core.webservice.keyword.WSBuiltInKeywords$verifyResponseStatusCode$1.call(Unknown Source)&#xD;
	at WSVerification1568908322927.run(WSVerification1568908322927:16)&#xD;
	at com.kms.katalon.core.main.ScriptEngine.run(ScriptEngine.java:194)&#xD;
	at com.kms.katalon.core.main.ScriptEngine.runScriptAsRawText(ScriptEngine.java:119)&#xD;
	at com.kms.katalon.core.main.WSVerificationExecutor.runScript(WSVerificationExecutor.java:146)&#xD;
	at com.kms.katalon.core.main.WSVerificationExecutor.doExecute(WSVerificationExecutor.java:140)&#xD;
	at com.kms.katalon.core.main.WSVerificationExecutor.processExecutionPhase(WSVerificationExecutor.java:123)&#xD;
	at com.kms.katalon.core.main.WSVerificationExecutor.accessMainPhase(WSVerificationExecutor.java:115)&#xD;
	at com.kms.katalon.core.main.WSVerificationExecutor.execute(WSVerificationExecutor.java:103)&#xD;
	at com.kms.katalon.core.main.TestCaseMain.runWSVerificationScript(TestCaseMain.java:127)&#xD;
	at com.kms.katalon.core.webservice.keyword.builtin.SendRequestAndVerifyKeyword$_sendRequestAndVerify_closure1.doCall(SendRequestAndVerifyKeyword.groovy:55)&#xD;
	at com.kms.katalon.core.webservice.keyword.builtin.SendRequestAndVerifyKeyword$_sendRequestAndVerify_closure1.call(SendRequestAndVerifyKeyword.groovy)&#xD;
	at com.kms.katalon.core.keyword.internal.KeywordMain.runKeyword(KeywordMain.groovy:68)&#xD;
	at com.kms.katalon.core.webservice.keyword.builtin.SendRequestAndVerifyKeyword.sendRequestAndVerify(SendRequestAndVerifyKeyword.groovy:43)&#xD;
	at com.kms.katalon.core.webservice.keyword.builtin.SendRequestAndVerifyKeyword.execute(SendRequestAndVerifyKeyword.groovy:38)&#xD;
	at com.kms.katalon.core.keyword.internal.KeywordExecutor.executeKeywordForPlatform(KeywordExecutor.groovy:56)&#xD;
	at com.kms.katalon.core.webservice.keyword.WSBuiltInKeywords.sendRequestAndVerify(WSBuiltInKeywords.groovy:65)&#xD;
	at com.kms.katalon.core.webservice.keyword.WSBuiltInKeywords$sendRequestAndVerify$0.call(Unknown Source)&#xD;
	at wDiseaseMaster_Test.run(wDiseaseMaster_Test:19)&#xD;
	at com.kms.katalon.core.main.ScriptEngine.run(ScriptEngine.java:194)&#xD;
	at com.kms.katalon.core.main.ScriptEngine.runScriptAsRawText(ScriptEngine.java:119)&#xD;
	at com.kms.katalon.core.main.TestCaseExecutor.runScript(TestCaseExecutor.java:337)&#xD;
	at com.kms.katalon.core.main.TestCaseExecutor.doExecute(TestCaseExecutor.java:328)&#xD;
	at com.kms.katalon.core.main.TestCaseExecutor.processExecutionPhase(TestCaseExecutor.java:307)&#xD;
	at com.kms.katalon.core.main.TestCaseExecutor.accessMainPhase(TestCaseExecutor.java:299)&#xD;
	at com.kms.katalon.core.main.TestCaseExecutor.execute(TestCaseExecutor.java:233)&#xD;
	at com.kms.katalon.core.main.TestSuiteExecutor.accessTestCaseMainPhase(TestSuiteExecutor.java:169)&#xD;
	at com.kms.katalon.core.main.TestSuiteExecutor.accessTestSuiteMainPhase(TestSuiteExecutor.java:142)&#xD;
	at com.kms.katalon.core.main.TestSuiteExecutor.execute(TestSuiteExecutor.java:91)&#xD;
	at com.kms.katalon.core.main.TestCaseMain.startTestSuite(TestCaseMain.java:157)&#xD;
	at com.kms.katalon.core.main.TestCaseMain$startTestSuite$0.call(Unknown Source)&#xD;
	at TempTestSuite1568908277252.run(TempTestSuite1568908277252.groovy:35)&#xD;
)&#xD;
&#xD;
2019-09-19 21:22:03 - [MESSAGE][FAILED] - Expected status code is '200' but actual status code is '404'&#xD;
&#xD;
2019-09-19 21:22:03 - [MESSAGE][FAILED] - Unable to verify response status code (Root cause: com.kms.katalon.core.exception.StepFailedException: Expected status code is '200' but actual status code is '404'&#xD;
	at com.kms.katalon.core.keyword.internal.KeywordMain.stepFailed(KeywordMain.groovy:50)&#xD;
	at com.kms.katalon.core.webservice.keyword.builtin.VerifyResponseStatusCodeKeyword.verifyStatusCode(VerifyResponseStatusCodeKeyword.groovy:52)&#xD;
	at com.kms.katalon.core.webservice.keyword.builtin.VerifyResponseStatusCodeKeyword$_verifyResponseStatusCode_closure1.doCall(VerifyResponseStatusCodeKeyword.groovy:42)&#xD;
	at com.kms.katalon.core.webservice.keyword.builtin.VerifyResponseStatusCodeKeyword$_verifyResponseStatusCode_closure1.call(VerifyResponseStatusCodeKeyword.groovy)&#xD;
	at com.kms.katalon.core.keyword.internal.KeywordMain.runKeyword(KeywordMain.groovy:68)&#xD;
	at com.kms.katalon.core.webservice.keyword.builtin.VerifyResponseStatusCodeKeyword.verifyResponseStatusCode(VerifyResponseStatusCodeKeyword.groovy:37)&#xD;
	at com.kms.katalon.core.webservice.keyword.builtin.VerifyResponseStatusCodeKeyword.execute(VerifyResponseStatusCodeKeyword.groovy:32)&#xD;
	at com.kms.katalon.core.keyword.internal.KeywordExecutor.executeKeywordForPlatform(KeywordExecutor.groovy:56)&#xD;
	at com.kms.katalon.core.webservice.keyword.WSBuiltInKeywords.verifyResponseStatusCode(WSBuiltInKeywords.groovy:212)&#xD;
	at com.kms.katalon.core.webservice.keyword.WSBuiltInKeywords$verifyResponseStatusCode$1.call(Unknown Source)&#xD;
	at WSVerification1568908322927.run(WSVerification1568908322927:16)&#xD;
	at com.kms.katalon.core.main.ScriptEngine.run(ScriptEngine.java:194)&#xD;
	at com.kms.katalon.core.main.ScriptEngine.runScriptAsRawText(ScriptEngine.java:119)&#xD;
	at com.kms.katalon.core.main.WSVerificationExecutor.runScript(WSVerificationExecutor.java:146)&#xD;
	at com.kms.katalon.core.main.WSVerificationExecutor.doExecute(WSVerificationExecutor.java:140)&#xD;
	at com.kms.katalon.core.main.WSVerificationExecutor.processExecutionPhase(WSVerificationExecutor.java:123)&#xD;
	at com.kms.katalon.core.main.WSVerificationExecutor.accessMainPhase(WSVerificationExecutor.java:115)&#xD;
	at com.kms.katalon.core.main.WSVerificationExecutor.execute(WSVerificationExecutor.java:103)&#xD;
	at com.kms.katalon.core.main.TestCaseMain.runWSVerificationScript(TestCaseMain.java:127)&#xD;
	at com.kms.katalon.core.webservice.keyword.builtin.SendRequestAndVerifyKeyword$_sendRequestAndVerify_closure1.doCall(SendRequestAndVerifyKeyword.groovy:55)&#xD;
	at com.kms.katalon.core.webservice.keyword.builtin.SendRequestAndVerifyKeyword$_sendRequestAndVerify_closure1.call(SendRequestAndVerifyKeyword.groovy)&#xD;
	at com.kms.katalon.core.keyword.internal.KeywordMain.runKeyword(KeywordMain.groovy:68)&#xD;
	at com.kms.katalon.core.webservice.keyword.builtin.SendRequestAndVerifyKeyword.sendRequestAndVerify(SendRequestAndVerifyKeyword.groovy:43)&#xD;
	at com.kms.katalon.core.webservice.keyword.builtin.SendRequestAndVerifyKeyword.execute(SendRequestAndVerifyKeyword.groovy:38)&#xD;
	at com.kms.katalon.core.keyword.internal.KeywordExecutor.executeKeywordForPlatform(KeywordExecutor.groovy:56)&#xD;
	at com.kms.katalon.core.webservice.keyword.WSBuiltInKeywords.sendRequestAndVerify(WSBuiltInKeywords.groovy:65)&#xD;
	at com.kms.katalon.core.webservice.keyword.WSBuiltInKeywords$sendRequestAndVerify$0.call(Unknown Source)&#xD;
	at wDiseaseMaster_Test.run(wDiseaseMaster_Test:19)&#xD;
	at com.kms.katalon.core.main.ScriptEngine.run(ScriptEngine.java:194)&#xD;
	at com.kms.katalon.core.main.ScriptEngine.runScriptAsRawText(ScriptEngine.java:119)&#xD;
	at com.kms.katalon.core.main.TestCaseExecutor.runScript(TestCaseExecutor.java:337)&#xD;
	at com.kms.katalon.core.main.TestCaseExecutor.doExecute(TestCaseExecutor.java:328)&#xD;
	at com.kms.katalon.core.main.TestCaseExecutor.processExecutionPhase(TestCaseExecutor.java:307)&#xD;
	at com.kms.katalon.core.main.TestCaseExecutor.accessMainPhase(TestCaseExecutor.java:299)&#xD;
	at com.kms.katalon.core.main.TestCaseExecutor.execute(TestCaseExecutor.java:233)&#xD;
	at com.kms.katalon.core.main.TestSuiteExecutor.accessTestCaseMainPhase(TestSuiteExecutor.java:169)&#xD;
	at com.kms.katalon.core.main.TestSuiteExecutor.accessTestSuiteMainPhase(TestSuiteExecutor.java:142)&#xD;
	at com.kms.katalon.core.main.TestSuiteExecutor.execute(TestSuiteExecutor.java:91)&#xD;
	at com.kms.katalon.core.main.TestCaseMain.startTestSuite(TestCaseMain.java:157)&#xD;
	at com.kms.katalon.core.main.TestCaseMain$startTestSuite$0.call(Unknown Source)&#xD;
	at TempTestSuite1568908277252.run(TempTestSuite1568908277252.groovy:35)&#xD;
)&#xD;
&#xD;
2019-09-19 21:22:03 - [MESSAGE][FAILED] - Unable to send request and verify the response (Root cause: com.kms.katalon.core.exception.StepFailedException: Verification failed&#xD;
	at com.kms.katalon.core.webservice.keyword.builtin.SendRequestAndVerifyKeyword$_sendRequestAndVerify_closure1.doCall(SendRequestAndVerifyKeyword.groovy:59)&#xD;
	at com.kms.katalon.core.webservice.keyword.builtin.SendRequestAndVerifyKeyword$_sendRequestAndVerify_closure1.call(SendRequestAndVerifyKeyword.groovy)&#xD;
	at com.kms.katalon.core.keyword.internal.KeywordMain.runKeyword(KeywordMain.groovy:68)&#xD;
	at com.kms.katalon.core.webservice.keyword.builtin.SendRequestAndVerifyKeyword.sendRequestAndVerify(SendRequestAndVerifyKeyword.groovy:43)&#xD;
	at com.kms.katalon.core.webservice.keyword.builtin.SendRequestAndVerifyKeyword.execute(SendRequestAndVerifyKeyword.groovy:38)&#xD;
	at com.kms.katalon.core.keyword.internal.KeywordExecutor.executeKeywordForPlatform(KeywordExecutor.groovy:56)&#xD;
	at com.kms.katalon.core.webservice.keyword.WSBuiltInKeywords.sendRequestAndVerify(WSBuiltInKeywords.groovy:65)&#xD;
	at com.kms.katalon.core.webservice.keyword.WSBuiltInKeywords$sendRequestAndVerify$0.call(Unknown Source)&#xD;
	at wDiseaseMaster_Test.run(wDiseaseMaster_Test:19)&#xD;
	at com.kms.katalon.core.main.ScriptEngine.run(ScriptEngine.java:194)&#xD;
	at com.kms.katalon.core.main.ScriptEngine.runScriptAsRawText(ScriptEngine.java:119)&#xD;
	at com.kms.katalon.core.main.TestCaseExecutor.runScript(TestCaseExecutor.java:337)&#xD;
	at com.kms.katalon.core.main.TestCaseExecutor.doExecute(TestCaseExecutor.java:328)&#xD;
	at com.kms.katalon.core.main.TestCaseExecutor.processExecutionPhase(TestCaseExecutor.java:307)&#xD;
	at com.kms.katalon.core.main.TestCaseExecutor.accessMainPhase(TestCaseExecutor.java:299)&#xD;
	at com.kms.katalon.core.main.TestCaseExecutor.execute(TestCaseExecutor.java:233)&#xD;
	at com.kms.katalon.core.main.TestSuiteExecutor.accessTestCaseMainPhase(TestSuiteExecutor.java:169)&#xD;
	at com.kms.katalon.core.main.TestSuiteExecutor.accessTestSuiteMainPhase(TestSuiteExecutor.java:142)&#xD;
	at com.kms.katalon.core.main.TestSuiteExecutor.execute(TestSuiteExecutor.java:91)&#xD;
	at com.kms.katalon.core.main.TestCaseMain.startTestSuite(TestCaseMain.java:157)&#xD;
	at com.kms.katalon.core.main.TestCaseMain$startTestSuite$0.call(Unknown Source)&#xD;
	at TempTestSuite1568908277252.run(TempTestSuite1568908277252.groovy:35)&#xD;
)</system-out>
            <system-err>2019-09-19 21:22:02 - [TEST_CASE][FAILED] - Test Cases/wDiseaseMaster_Test: Test Cases/wDiseaseMaster_Test FAILED.
Reason:
com.kms.katalon.core.exception.StepFailedException: Expected status code is '200' but actual status code is '404'&#xD;
	at com.kms.katalon.core.keyword.internal.KeywordMain.stepFailed(KeywordMain.groovy:50)&#xD;
	at com.kms.katalon.core.webservice.keyword.builtin.VerifyResponseStatusCodeKeyword.verifyStatusCode(VerifyResponseStatusCodeKeyword.groovy:52)&#xD;
	at com.kms.katalon.core.webservice.keyword.builtin.VerifyResponseStatusCodeKeyword$_verifyResponseStatusCode_closure1.doCall(VerifyResponseStatusCodeKeyword.groovy:42)&#xD;
	at com.kms.katalon.core.webservice.keyword.builtin.VerifyResponseStatusCodeKeyword$_verifyResponseStatusCode_closure1.call(VerifyResponseStatusCodeKeyword.groovy)&#xD;
	at com.kms.katalon.core.keyword.internal.KeywordMain.runKeyword(KeywordMain.groovy:68)&#xD;
	at com.kms.katalon.core.webservice.keyword.builtin.VerifyResponseStatusCodeKeyword.verifyResponseStatusCode(VerifyResponseStatusCodeKeyword.groovy:37)&#xD;
	at com.kms.katalon.core.webservice.keyword.builtin.VerifyResponseStatusCodeKeyword.execute(VerifyResponseStatusCodeKeyword.groovy:32)&#xD;
	at com.kms.katalon.core.keyword.internal.KeywordExecutor.executeKeywordForPlatform(KeywordExecutor.groovy:56)&#xD;
	at com.kms.katalon.core.webservice.keyword.WSBuiltInKeywords.verifyResponseStatusCode(WSBuiltInKeywords.groovy:212)&#xD;
	at com.kms.katalon.core.webservice.keyword.WSBuiltInKeywords$verifyResponseStatusCode$1.call(Unknown Source)&#xD;
	at WSVerification1568908322927.run(WSVerification1568908322927:16)&#xD;
	at com.kms.katalon.core.main.ScriptEngine.run(ScriptEngine.java:194)&#xD;
	at com.kms.katalon.core.main.ScriptEngine.runScriptAsRawText(ScriptEngine.java:119)&#xD;
	at com.kms.katalon.core.main.WSVerificationExecutor.runScript(WSVerificationExecutor.java:146)&#xD;
	at com.kms.katalon.core.main.WSVerificationExecutor.doExecute(WSVerificationExecutor.java:140)&#xD;
	at com.kms.katalon.core.main.WSVerificationExecutor.processExecutionPhase(WSVerificationExecutor.java:123)&#xD;
	at com.kms.katalon.core.main.WSVerificationExecutor.accessMainPhase(WSVerificationExecutor.java:115)&#xD;
	at com.kms.katalon.core.main.WSVerificationExecutor.execute(WSVerificationExecutor.java:103)&#xD;
	at com.kms.katalon.core.main.TestCaseMain.runWSVerificationScript(TestCaseMain.java:127)&#xD;
	at com.kms.katalon.core.webservice.keyword.builtin.SendRequestAndVerifyKeyword$_sendRequestAndVerify_closure1.doCall(SendRequestAndVerifyKeyword.groovy:55)&#xD;
	at com.kms.katalon.core.webservice.keyword.builtin.SendRequestAndVerifyKeyword$_sendRequestAndVerify_closure1.call(SendRequestAndVerifyKeyword.groovy)&#xD;
	at com.kms.katalon.core.keyword.internal.KeywordMain.runKeyword(KeywordMain.groovy:68)&#xD;
	at com.kms.katalon.core.webservice.keyword.builtin.SendRequestAndVerifyKeyword.sendRequestAndVerify(SendRequestAndVerifyKeyword.groovy:43)&#xD;
	at com.kms.katalon.core.webservice.keyword.builtin.SendRequestAndVerifyKeyword.execute(SendRequestAndVerifyKeyword.groovy:38)&#xD;
	at com.kms.katalon.core.keyword.internal.KeywordExecutor.executeKeywordForPlatform(KeywordExecutor.groovy:56)&#xD;
	at com.kms.katalon.core.webservice.keyword.WSBuiltInKeywords.sendRequestAndVerify(WSBuiltInKeywords.groovy:65)&#xD;
	at com.kms.katalon.core.webservice.keyword.WSBuiltInKeywords$sendRequestAndVerify$0.call(Unknown Source)&#xD;
	at wDiseaseMaster_Test.run(wDiseaseMaster_Test:19)&#xD;
	at com.kms.katalon.core.main.ScriptEngine.run(ScriptEngine.java:194)&#xD;
	at com.kms.katalon.core.main.ScriptEngine.runScriptAsRawText(ScriptEngine.java:119)&#xD;
	at com.kms.katalon.core.main.TestCaseExecutor.runScript(TestCaseExecutor.java:337)&#xD;
	at com.kms.katalon.core.main.TestCaseExecutor.doExecute(TestCaseExecutor.java:328)&#xD;
	at com.kms.katalon.core.main.TestCaseExecutor.processExecutionPhase(TestCaseExecutor.java:307)&#xD;
	at com.kms.katalon.core.main.TestCaseExecutor.accessMainPhase(TestCaseExecutor.java:299)&#xD;
	at com.kms.katalon.core.main.TestCaseExecutor.execute(TestCaseExecutor.java:233)&#xD;
	at com.kms.katalon.core.main.TestSuiteExecutor.accessTestCaseMainPhase(TestSuiteExecutor.java:169)&#xD;
	at com.kms.katalon.core.main.TestSuiteExecutor.accessTestSuiteMainPhase(TestSuiteExecutor.java:142)&#xD;
	at com.kms.katalon.core.main.TestSuiteExecutor.execute(TestSuiteExecutor.java:91)&#xD;
	at com.kms.katalon.core.main.TestCaseMain.startTestSuite(TestCaseMain.java:157)&#xD;
	at com.kms.katalon.core.main.TestCaseMain$startTestSuite$0.call(Unknown Source)&#xD;
	at TempTestSuite1568908277252.run(TempTestSuite1568908277252.groovy:35)</system-err>
        </testcase>
        <testcase name="Test Cases/zMobileAppVersion_Test" classname="Test Cases/zMobileAppVersion_Test" status="PASSED">
            <system-out>2019-09-19 21:22:03 - [TEST_CASE][PASSED] - Test Cases/zMobileAppVersion_Test: Test Cases/zMobileAppVersion_Test&#xD;
&#xD;
2019-09-19 21:22:04 - [TEST_STEP][PASSED] - sendRequest(findTestObject("zMobile App Version", ["uniqueToken":uniquetoken, "oparatingSystem":oparatingSystem, "versionNumber":versionNumber])): Send request successfully&#xD;
&#xD;
2019-09-19 21:22:04 - [MESSAGE][INFO] - HAR: C:\Users\rajesh.veeranna\Katalon Studio\SmartIndonasia\Reports\20190919_212117\SMARTINDONASIA_API_SmokeTest\20190919_212117\requests\main\34.har&#xD;
&#xD;
2019-09-19 21:22:04 - [MESSAGE][PASSED] - Send request successfully&#xD;
&#xD;
2019-09-19 21:22:04 - [TEST_STEP][PASSED] - responsez = sendRequestAndVerify(findTestObject("zMobile App Version", ["uniqueToken":uniquetoken, "oparatingSystem":oparatingSystem, "versionNumber":versionNumber])): Send request and verify the response successfully&#xD;
&#xD;
2019-09-19 21:22:04 - [MESSAGE][INFO] - HAR: C:\Users\rajesh.veeranna\Katalon Studio\SmartIndonasia\Reports\20190919_212117\SMARTINDONASIA_API_SmokeTest\20190919_212117\requests\main\35.har&#xD;
&#xD;
2019-09-19 21:22:04 - [TEST_CASE][PASSED] - Start Test Case : Verification: Verification accomplished successfully&#xD;
&#xD;
2019-09-19 21:22:04 - [TEST_STEP][PASSED] - request = getInstance().getCurrentRequest(): null&#xD;
&#xD;
2019-09-19 21:22:04 - [TEST_STEP][PASSED] - response = getInstance().getCurrentResponse(): null&#xD;
&#xD;
2019-09-19 21:22:04 - [TEST_STEP][PASSED] - verifyResponseStatusCode(response, 200): Verify response status code successfully&#xD;
&#xD;
2019-09-19 21:22:04 - [MESSAGE][PASSED] - Verify response status code successfully&#xD;
&#xD;
2019-09-19 21:22:04 - [TEST_STEP][PASSED] - getStatusCode()).isEqualTo(200): null&#xD;
&#xD;
2019-09-19 21:22:04 - [MESSAGE][PASSED] - Verify response successfully&#xD;
&#xD;
2019-09-19 21:22:04 - [MESSAGE][PASSED] - Send request and verify the response successfully&#xD;
&#xD;
2019-09-19 21:22:04 - [TEST_STEP][PASSED] - slurperz = new groovy.json.JsonSlurper(): null&#xD;
&#xD;
2019-09-19 21:22:04 - [TEST_STEP][PASSED] - resultz = slurperz.parseText(responsez.getResponseText()): null&#xD;
&#xD;
2019-09-19 21:22:04 - [TEST_STEP][PASSED] - println("***************************************"): null&#xD;
&#xD;
2019-09-19 21:22:04 - [TEST_STEP][PASSED] - println("THIS IS THE RESPONSE FROM MOBILE APP VERSION TEST CASE = " + resultz): null&#xD;
&#xD;
2019-09-19 21:22:04 - [TEST_STEP][PASSED] - println("***************************************"): null</system-out>
            <system-err></system-err>
        </testcase>
        <system-out>2019-09-19 21:21:20 - [TEST_SUITE][INCOMPLETE] - SMARTINDONASIA_API_SmokeTest: null</system-out>
        <system-err>2019-09-19 21:21:20 - [TEST_SUITE][INCOMPLETE] - SMARTINDONASIA_API_SmokeTest: null</system-err>
    </testsuite>
</testsuites>
