<?xml version="1.0" encoding="UTF-8" standalone="yes"?>
<testsuites name="SMARTINDONASIA_API_SmokeTest" time="10" tests="4" failures="0" errors="0">
    <testsuite name="SMARTINDONASIA_API_SmokeTest" tests="4" failures="0" errors="0" time="10" timestamp="2019-09-09 17:07:25" hostname="Rajesh.Veeranna - VSPLBLRLT0060.visionetsystems.com" id="Test Suites/SMARTINDONASIA_API_SmokeTest">
        <properties>
            <property name="deviceName" value=""/>
            <property name="devicePlatform" value=""/>
            <property name="logFolder" value="C:\\Users\\rajesh.veeranna\\Katalon Studio\\SmartIndonasia\\Reports\\20190909_170722\\SMARTINDONASIA_API_SmokeTest\\20190909_170722"/>
            <property name="logFiles" value="C:\\Users\\rajesh.veeranna\\Katalon Studio\\SmartIndonasia\\Reports\\20190909_170722\\SMARTINDONASIA_API_SmokeTest\\20190909_170722\\execution0.log"/>
            <property name="attachments" value=""/>
            <property name="hostName" value="Rajesh.Veeranna - VSPLBLRLT0060.visionetsystems.com"/>
            <property name="hostAddress" value="10.130.3.183"/>
            <property name="os" value="Windows 7 64bit"/>
            <property name="katalonVersion" value="6.3.3.11"/>
        </properties>
        <testcase name="Test Cases/aValidateMobileNumberTest" classname="Test Cases/aValidateMobileNumberTest" status="PASSED">
            <system-out>2019-09-09 17:07:26 - [TEST_CASE][PASSED] - Test Cases/aValidateMobileNumberTest: Test Cases/aValidateMobileNumberTest&#xD;
&#xD;
2019-09-09 17:07:26 - [TEST_STEP][PASSED] - response = sendRequestAndVerify(findTestObject("avalidate_mobile_number")): Send request and verify the response successfully&#xD;
&#xD;
2019-09-09 17:07:29 - [MESSAGE][INFO] - HAR: C:\Users\rajesh.veeranna\Katalon Studio\SmartIndonasia\Reports\20190909_170722\SMARTINDONASIA_API_SmokeTest\20190909_170722\requests\main\0.har&#xD;
&#xD;
2019-09-09 17:07:29 - [TEST_CASE][PASSED] - Start Test Case : Verification: Verification accomplished successfully&#xD;
&#xD;
2019-09-09 17:07:29 - [TEST_STEP][PASSED] - request = getInstance().getCurrentRequest(): null&#xD;
&#xD;
2019-09-09 17:07:29 - [TEST_STEP][PASSED] - response = getInstance().getCurrentResponse(): null&#xD;
&#xD;
2019-09-09 17:07:29 - [TEST_STEP][PASSED] - verifyResponseStatusCode(response, 200): Verify response status code successfully&#xD;
&#xD;
2019-09-09 17:07:29 - [MESSAGE][PASSED] - Verify response status code successfully&#xD;
&#xD;
2019-09-09 17:07:29 - [TEST_STEP][PASSED] - getStatusCode()).isEqualTo(200): null&#xD;
&#xD;
2019-09-09 17:07:30 - [MESSAGE][PASSED] - Verify response successfully&#xD;
&#xD;
2019-09-09 17:07:30 - [MESSAGE][PASSED] - Send request and verify the response successfully&#xD;
&#xD;
2019-09-09 17:07:30 - [TEST_STEP][PASSED] - slurper = new groovy.json.JsonSlurper(): null&#xD;
&#xD;
2019-09-09 17:07:30 - [TEST_STEP][PASSED] - result = slurper.parseText(response.getResponseText()): null&#xD;
&#xD;
2019-09-09 17:07:30 - [TEST_STEP][PASSED] - println("***************************************"): null&#xD;
&#xD;
2019-09-09 17:07:30 - [TEST_STEP][PASSED] - println("THIS IS THE RESPONSE FROM VALIDATEMOBILENUMBER TEST CASE = " + result): null&#xD;
&#xD;
2019-09-09 17:07:30 - [TEST_STEP][PASSED] - println("***************************************"): null&#xD;
&#xD;
2019-09-09 17:07:30 - [TEST_STEP][PASSED] - value = uniqueTokenCode: null&#xD;
&#xD;
2019-09-09 17:07:30 - [TEST_STEP][PASSED] - println(value): null&#xD;
&#xD;
2019-09-09 17:07:30 - [TEST_STEP][PASSED] - uniquetoken = value: null&#xD;
&#xD;
2019-09-09 17:07:30 - [TEST_STEP][PASSED] - println("***************************************"): null&#xD;
&#xD;
2019-09-09 17:07:30 - [TEST_STEP][PASSED] - println("UNIQ TOKEN ID IS GENARATED  = " + uniquetoken): null&#xD;
&#xD;
2019-09-09 17:07:30 - [TEST_STEP][PASSED] - println("***************************************"): null</system-out>
            <system-err></system-err>
        </testcase>
        <testcase name="Test Cases/bValidate_OTPTest" classname="Test Cases/bValidate_OTPTest" status="PASSED">
            <system-out>2019-09-09 17:07:30 - [TEST_CASE][PASSED] - Test Cases/bValidate_OTPTest: Test Cases/bValidate_OTPTest&#xD;
&#xD;
2019-09-09 17:07:30 - [TEST_STEP][PASSED] - sendRequestAndVerify(findTestObject("bvalidate_OTP", ["uniqueToken":uniquetoken, "userId":userid])): Send request and verify the response successfully&#xD;
&#xD;
2019-09-09 17:07:31 - [MESSAGE][INFO] - HAR: C:\Users\rajesh.veeranna\Katalon Studio\SmartIndonasia\Reports\20190909_170722\SMARTINDONASIA_API_SmokeTest\20190909_170722\requests\main\1.har&#xD;
&#xD;
2019-09-09 17:07:31 - [TEST_CASE][PASSED] - Start Test Case : Verification: Verification accomplished successfully&#xD;
&#xD;
2019-09-09 17:07:31 - [TEST_STEP][PASSED] - request = getInstance().getCurrentRequest(): null&#xD;
&#xD;
2019-09-09 17:07:32 - [TEST_STEP][PASSED] - response = getInstance().getCurrentResponse(): null&#xD;
&#xD;
2019-09-09 17:07:32 - [MESSAGE][PASSED] - Verify response successfully&#xD;
&#xD;
2019-09-09 17:07:32 - [MESSAGE][PASSED] - Send request and verify the response successfully&#xD;
&#xD;
2019-09-09 17:07:32 - [TEST_STEP][PASSED] - response1 = sendRequestAndVerify(findTestObject("avalidate_mobile_number")): Send request and verify the response successfully&#xD;
&#xD;
2019-09-09 17:07:32 - [MESSAGE][INFO] - HAR: C:\Users\rajesh.veeranna\Katalon Studio\SmartIndonasia\Reports\20190909_170722\SMARTINDONASIA_API_SmokeTest\20190909_170722\requests\main\2.har&#xD;
&#xD;
2019-09-09 17:07:32 - [TEST_CASE][PASSED] - Start Test Case : Verification: Verification accomplished successfully&#xD;
&#xD;
2019-09-09 17:07:32 - [TEST_STEP][PASSED] - request = getInstance().getCurrentRequest(): null&#xD;
&#xD;
2019-09-09 17:07:32 - [TEST_STEP][PASSED] - response = getInstance().getCurrentResponse(): null&#xD;
&#xD;
2019-09-09 17:07:32 - [TEST_STEP][PASSED] - verifyResponseStatusCode(response, 200): Verify response status code successfully&#xD;
&#xD;
2019-09-09 17:07:32 - [MESSAGE][PASSED] - Verify response status code successfully&#xD;
&#xD;
2019-09-09 17:07:32 - [TEST_STEP][PASSED] - getStatusCode()).isEqualTo(200): null&#xD;
&#xD;
2019-09-09 17:07:32 - [MESSAGE][PASSED] - Verify response successfully&#xD;
&#xD;
2019-09-09 17:07:32 - [MESSAGE][PASSED] - Send request and verify the response successfully&#xD;
&#xD;
2019-09-09 17:07:32 - [TEST_STEP][PASSED] - slurper1 = new groovy.json.JsonSlurper(): null&#xD;
&#xD;
2019-09-09 17:07:32 - [TEST_STEP][PASSED] - result1 = slurper1.parseText(response1.getResponseText()): null&#xD;
&#xD;
2019-09-09 17:07:32 - [TEST_STEP][PASSED] - println("***************************************"): null&#xD;
&#xD;
2019-09-09 17:07:32 - [TEST_STEP][PASSED] - println("THIS IS THE RESPONSE FROM VALIDATEOTP TEST CASE = " + result1): null&#xD;
&#xD;
2019-09-09 17:07:32 - [TEST_STEP][PASSED] - println("***************************************"): null&#xD;
&#xD;
2019-09-09 17:07:32 - [TEST_STEP][PASSED] - value1 = userId: null&#xD;
&#xD;
2019-09-09 17:07:32 - [TEST_STEP][PASSED] - userid = value1: null&#xD;
&#xD;
2019-09-09 17:07:32 - [TEST_STEP][PASSED] - println("***************************************"): null&#xD;
&#xD;
2019-09-09 17:07:32 - [TEST_STEP][PASSED] - println("THE USER ID IS GENARATED  = " + userid): null&#xD;
&#xD;
2019-09-09 17:07:32 - [TEST_STEP][PASSED] - println("***************************************"): null</system-out>
            <system-err></system-err>
        </testcase>
        <testcase name="Test Cases/cInsertTripDetailsTest" classname="Test Cases/cInsertTripDetailsTest" status="PASSED">
            <system-out>2019-09-09 17:07:33 - [TEST_CASE][PASSED] - Test Cases/cInsertTripDetailsTest: Test Cases/cInsertTripDetailsTest&#xD;
&#xD;
2019-09-09 17:07:33 - [TEST_STEP][PASSED] - sendRequestAndVerify(findTestObject("bvalidate_OTP", ["uniqueToken":uniquetoken, "userId":userid])): Send request and verify the response successfully&#xD;
&#xD;
2019-09-09 17:07:34 - [MESSAGE][INFO] - HAR: C:\Users\rajesh.veeranna\Katalon Studio\SmartIndonasia\Reports\20190909_170722\SMARTINDONASIA_API_SmokeTest\20190909_170722\requests\main\3.har&#xD;
&#xD;
2019-09-09 17:07:34 - [TEST_CASE][PASSED] - Start Test Case : Verification: Verification accomplished successfully&#xD;
&#xD;
2019-09-09 17:07:34 - [TEST_STEP][PASSED] - request = getInstance().getCurrentRequest(): null&#xD;
&#xD;
2019-09-09 17:07:34 - [TEST_STEP][PASSED] - response = getInstance().getCurrentResponse(): null&#xD;
&#xD;
2019-09-09 17:07:34 - [MESSAGE][PASSED] - Verify response successfully&#xD;
&#xD;
2019-09-09 17:07:34 - [MESSAGE][PASSED] - Send request and verify the response successfully&#xD;
&#xD;
2019-09-09 17:07:34 - [TEST_STEP][PASSED] - triPID = toString().toUpperCase(): null&#xD;
&#xD;
2019-09-09 17:07:34 - [TEST_STEP][PASSED] - println(triPID): null&#xD;
&#xD;
2019-09-09 17:07:34 - [TEST_STEP][PASSED] - now = new java.util.Date(): null&#xD;
&#xD;
2019-09-09 17:07:34 - [TEST_STEP][PASSED] - tiMe = now.format("dd:MM:YYYY-HH:mm:ss +5:30"): null&#xD;
&#xD;
2019-09-09 17:07:34 - [TEST_STEP][PASSED] - println(tiMe): null&#xD;
&#xD;
2019-09-09 17:07:34 - [TEST_STEP][PASSED] - resp2 = sendRequest(findTestObject("insert_trip_detail", ["uniqueToken":uniquetoken, "userId":userid, "tripid":triPID, "startriptime":tiMe, "startripLocality":startripLocality])): Send request successfully&#xD;
&#xD;
2019-09-09 17:07:35 - [MESSAGE][INFO] - HAR: C:\Users\rajesh.veeranna\Katalon Studio\SmartIndonasia\Reports\20190909_170722\SMARTINDONASIA_API_SmokeTest\20190909_170722\requests\main\4.har&#xD;
&#xD;
2019-09-09 17:07:35 - [MESSAGE][PASSED] - Send request successfully&#xD;
&#xD;
2019-09-09 17:07:35 - [TEST_STEP][PASSED] - slurper2 = new groovy.json.JsonSlurper(): null&#xD;
&#xD;
2019-09-09 17:07:35 - [TEST_STEP][PASSED] - result2 = slurper2.parseText(resp2.getResponseText()): null&#xD;
&#xD;
2019-09-09 17:07:35 - [TEST_STEP][PASSED] - println("***************************************
"): null&#xD;
&#xD;
2019-09-09 17:07:35 - [TEST_STEP][PASSED] - println("THIS IS THE RESPONSE FROM INSERT TRIP DETAILS  TEST CASE = " + result2): null&#xD;
&#xD;
2019-09-09 17:07:35 - [TEST_STEP][PASSED] - println("***************************************
"): null&#xD;
&#xD;
2019-09-09 17:07:35 - [TEST_STEP][PASSED] - toString().split(triPID, 0): null&#xD;
&#xD;
2019-09-09 17:07:35 - [TEST_STEP][PASSED] - value2 = toString().substring(25, 61): null&#xD;
&#xD;
2019-09-09 17:07:35 - [TEST_STEP][PASSED] - println(value2): null&#xD;
&#xD;
2019-09-09 17:07:35 - [TEST_STEP][PASSED] - println("THE TRIP iD IS   = " + value2): null&#xD;
&#xD;
2019-09-09 17:07:35 - [TEST_STEP][PASSED] - f = new java.io.File(D:\InsertTripDetails_ID.txt): null&#xD;
&#xD;
2019-09-09 17:07:35 - [TEST_STEP][PASSED] - f.write(value2): null</system-out>
            <system-err></system-err>
        </testcase>
        <testcase name="Test Cases/dUpdateTripDetails" classname="Test Cases/dUpdateTripDetails" status="PASSED">
            <system-out>2019-09-09 17:07:35 - [TEST_CASE][PASSED] - Test Cases/dUpdateTripDetails: Test Cases/dUpdateTripDetails&#xD;
&#xD;
2019-09-09 17:07:35 - [TEST_STEP][PASSED] - file1 = new java.io.File(D:\InsertTripDetails_ID.txt): null&#xD;
&#xD;
2019-09-09 17:07:35 - [TEST_STEP][PASSED] - triPID = file1.readLines(): null&#xD;
&#xD;
2019-09-09 17:07:35 - [TEST_STEP][PASSED] - println("--------------&gt;" + triPID): null&#xD;
&#xD;
2019-09-09 17:07:35 - [TEST_STEP][PASSED] - sendRequest(findTestObject("bvalidate_OTP", ["uniqueToken":uniquetoken, "userId":userid])): Send request successfully&#xD;
&#xD;
2019-09-09 17:07:35 - [MESSAGE][INFO] - HAR: C:\Users\rajesh.veeranna\Katalon Studio\SmartIndonasia\Reports\20190909_170722\SMARTINDONASIA_API_SmokeTest\20190909_170722\requests\main\5.har&#xD;
&#xD;
2019-09-09 17:07:35 - [MESSAGE][PASSED] - Send request successfully&#xD;
&#xD;
2019-09-09 17:07:35 - [TEST_STEP][PASSED] - sendRequest(findTestObject("update_trip_detail", ["uptripiD":uptripiD, "userId":userid])): Send request successfully&#xD;
&#xD;
2019-09-09 17:07:36 - [MESSAGE][INFO] - HAR: C:\Users\rajesh.veeranna\Katalon Studio\SmartIndonasia\Reports\20190909_170722\SMARTINDONASIA_API_SmokeTest\20190909_170722\requests\main\6.har&#xD;
&#xD;
2019-09-09 17:07:36 - [MESSAGE][PASSED] - Send request successfully</system-out>
            <system-err></system-err>
        </testcase>
        <system-out>2019-09-09 17:07:25 - [TEST_SUITE][INCOMPLETE] - SMARTINDONASIA_API_SmokeTest: null</system-out>
        <system-err>2019-09-09 17:07:25 - [TEST_SUITE][INCOMPLETE] - SMARTINDONASIA_API_SmokeTest: null</system-err>
    </testsuite>
</testsuites>
