<?xml version="1.0" encoding="UTF-8" standalone="yes"?>
<testsuites name="SMARTINDONASIA_API_SmokeTest" time="12" tests="8" failures="0" errors="0">
    <testsuite name="SMARTINDONASIA_API_SmokeTest" tests="8" failures="0" errors="0" time="12" timestamp="2019-09-10 21:08:59" hostname="Rajesh.Veeranna - VSPLBLRLT0060.visionetsystems.com" id="Test Suites/SMARTINDONASIA_API_SmokeTest">
        <properties>
            <property name="deviceName" value=""/>
            <property name="devicePlatform" value=""/>
            <property name="logFolder" value="C:\\Users\\rajesh.veeranna\\Katalon Studio\\SmartIndonasia\\Reports\\20190910_210856\\SMARTINDONASIA_API_SmokeTest\\20190910_210856"/>
            <property name="logFiles" value="C:\\Users\\rajesh.veeranna\\Katalon Studio\\SmartIndonasia\\Reports\\20190910_210856\\SMARTINDONASIA_API_SmokeTest\\20190910_210856\\execution0.log"/>
            <property name="attachments" value=""/>
            <property name="hostName" value="Rajesh.Veeranna - VSPLBLRLT0060.visionetsystems.com"/>
            <property name="hostAddress" value="10.130.3.183"/>
            <property name="os" value="Windows 7 64bit"/>
            <property name="katalonVersion" value="6.3.3.11"/>
        </properties>
        <testcase name="Test Cases/a.ValidateMobileNumberTest" classname="Test Cases/a.ValidateMobileNumberTest" status="PASSED">
            <system-out>2019-09-10 21:09:00 - [TEST_CASE][PASSED] - Test Cases/a.ValidateMobileNumberTest: Test Cases/a.ValidateMobileNumberTest&#xD;
&#xD;
2019-09-10 21:09:00 - [TEST_STEP][PASSED] - response = sendRequestAndVerify(findTestObject("avalidate_mobile_number")): Send request and verify the response successfully&#xD;
&#xD;
2019-09-10 21:09:03 - [MESSAGE][INFO] - HAR: C:\Users\rajesh.veeranna\Katalon Studio\SmartIndonasia\Reports\20190910_210856\SMARTINDONASIA_API_SmokeTest\20190910_210856\requests\main\0.har&#xD;
&#xD;
2019-09-10 21:09:03 - [TEST_CASE][PASSED] - Start Test Case : Verification: Verification accomplished successfully&#xD;
&#xD;
2019-09-10 21:09:04 - [TEST_STEP][PASSED] - request = getInstance().getCurrentRequest(): null&#xD;
&#xD;
2019-09-10 21:09:04 - [TEST_STEP][PASSED] - response = getInstance().getCurrentResponse(): null&#xD;
&#xD;
2019-09-10 21:09:04 - [TEST_STEP][PASSED] - verifyResponseStatusCode(response, 200): Verify response status code successfully&#xD;
&#xD;
2019-09-10 21:09:04 - [MESSAGE][PASSED] - Verify response status code successfully&#xD;
&#xD;
2019-09-10 21:09:04 - [TEST_STEP][PASSED] - getStatusCode()).isEqualTo(200): null&#xD;
&#xD;
2019-09-10 21:09:04 - [MESSAGE][PASSED] - Verify response successfully&#xD;
&#xD;
2019-09-10 21:09:04 - [MESSAGE][PASSED] - Send request and verify the response successfully&#xD;
&#xD;
2019-09-10 21:09:04 - [TEST_STEP][PASSED] - slurper = new groovy.json.JsonSlurper(): null&#xD;
&#xD;
2019-09-10 21:09:04 - [TEST_STEP][PASSED] - result = slurper.parseText(response.getResponseText()): null&#xD;
&#xD;
2019-09-10 21:09:04 - [TEST_STEP][PASSED] - println("***************************************"): null&#xD;
&#xD;
2019-09-10 21:09:04 - [TEST_STEP][PASSED] - println("THIS IS THE RESPONSE FROM VALIDATEMOBILENUMBER TEST CASE = " + result): null&#xD;
&#xD;
2019-09-10 21:09:04 - [TEST_STEP][PASSED] - println("***************************************"): null&#xD;
&#xD;
2019-09-10 21:09:04 - [TEST_STEP][PASSED] - value = uniqueTokenCode: null&#xD;
&#xD;
2019-09-10 21:09:04 - [TEST_STEP][PASSED] - println(value): null&#xD;
&#xD;
2019-09-10 21:09:04 - [TEST_STEP][PASSED] - uniquetoken = value: null&#xD;
&#xD;
2019-09-10 21:09:04 - [TEST_STEP][PASSED] - println("***************************************"): null&#xD;
&#xD;
2019-09-10 21:09:04 - [TEST_STEP][PASSED] - println("UNIQ TOKEN ID IS GENARATED  = " + uniquetoken): null&#xD;
&#xD;
2019-09-10 21:09:04 - [TEST_STEP][PASSED] - println("***************************************"): null</system-out>
            <system-err></system-err>
        </testcase>
        <testcase name="Test Cases/aValidate_OTPTest" classname="Test Cases/aValidate_OTPTest" status="PASSED">
            <system-out>2019-09-10 21:09:04 - [TEST_CASE][PASSED] - Test Cases/aValidate_OTPTest: Test Cases/aValidate_OTPTest&#xD;
&#xD;
2019-09-10 21:09:05 - [TEST_STEP][PASSED] - sendRequestAndVerify(findTestObject("avalidate_OTP", ["uniqueToken":uniquetoken, "userId":userid])): Send request and verify the response successfully&#xD;
&#xD;
2019-09-10 21:09:05 - [MESSAGE][INFO] - HAR: C:\Users\rajesh.veeranna\Katalon Studio\SmartIndonasia\Reports\20190910_210856\SMARTINDONASIA_API_SmokeTest\20190910_210856\requests\main\1.har&#xD;
&#xD;
2019-09-10 21:09:05 - [TEST_CASE][PASSED] - Start Test Case : Verification: Verification accomplished successfully&#xD;
&#xD;
2019-09-10 21:09:05 - [TEST_STEP][PASSED] - request = getInstance().getCurrentRequest(): null&#xD;
&#xD;
2019-09-10 21:09:05 - [TEST_STEP][PASSED] - response = getInstance().getCurrentResponse(): null&#xD;
&#xD;
2019-09-10 21:09:05 - [MESSAGE][PASSED] - Verify response successfully&#xD;
&#xD;
2019-09-10 21:09:05 - [MESSAGE][PASSED] - Send request and verify the response successfully&#xD;
&#xD;
2019-09-10 21:09:05 - [TEST_STEP][PASSED] - response1 = sendRequestAndVerify(findTestObject("avalidate_mobile_number")): Send request and verify the response successfully&#xD;
&#xD;
2019-09-10 21:09:05 - [MESSAGE][INFO] - HAR: C:\Users\rajesh.veeranna\Katalon Studio\SmartIndonasia\Reports\20190910_210856\SMARTINDONASIA_API_SmokeTest\20190910_210856\requests\main\2.har&#xD;
&#xD;
2019-09-10 21:09:06 - [TEST_CASE][PASSED] - Start Test Case : Verification: Verification accomplished successfully&#xD;
&#xD;
2019-09-10 21:09:06 - [TEST_STEP][PASSED] - request = getInstance().getCurrentRequest(): null&#xD;
&#xD;
2019-09-10 21:09:06 - [TEST_STEP][PASSED] - response = getInstance().getCurrentResponse(): null&#xD;
&#xD;
2019-09-10 21:09:06 - [TEST_STEP][PASSED] - verifyResponseStatusCode(response, 200): Verify response status code successfully&#xD;
&#xD;
2019-09-10 21:09:06 - [MESSAGE][PASSED] - Verify response status code successfully&#xD;
&#xD;
2019-09-10 21:09:06 - [TEST_STEP][PASSED] - getStatusCode()).isEqualTo(200): null&#xD;
&#xD;
2019-09-10 21:09:06 - [MESSAGE][PASSED] - Verify response successfully&#xD;
&#xD;
2019-09-10 21:09:06 - [MESSAGE][PASSED] - Send request and verify the response successfully&#xD;
&#xD;
2019-09-10 21:09:06 - [TEST_STEP][PASSED] - slurper1 = new groovy.json.JsonSlurper(): null&#xD;
&#xD;
2019-09-10 21:09:06 - [TEST_STEP][PASSED] - result1 = slurper1.parseText(response1.getResponseText()): null&#xD;
&#xD;
2019-09-10 21:09:06 - [TEST_STEP][PASSED] - println("***************************************"): null&#xD;
&#xD;
2019-09-10 21:09:06 - [TEST_STEP][PASSED] - println("THIS IS THE RESPONSE FROM VALIDATEOTP TEST CASE = " + result1): null&#xD;
&#xD;
2019-09-10 21:09:06 - [TEST_STEP][PASSED] - println("***************************************"): null&#xD;
&#xD;
2019-09-10 21:09:06 - [TEST_STEP][PASSED] - value1 = userId: null&#xD;
&#xD;
2019-09-10 21:09:06 - [TEST_STEP][PASSED] - userid = value1: null&#xD;
&#xD;
2019-09-10 21:09:06 - [TEST_STEP][PASSED] - println("***************************************"): null&#xD;
&#xD;
2019-09-10 21:09:06 - [TEST_STEP][PASSED] - println("THE USER ID IS GENARATED  = " + userid): null&#xD;
&#xD;
2019-09-10 21:09:06 - [TEST_STEP][PASSED] - println("***************************************"): null</system-out>
            <system-err></system-err>
        </testcase>
        <testcase name="Test Cases/bInsertUser_CheckIn" classname="Test Cases/bInsertUser_CheckIn" status="PASSED">
            <system-out>2019-09-10 21:09:06 - [TEST_CASE][PASSED] - Test Cases/bInsertUser_CheckIn: Test Cases/bInsertUser_CheckIn&#xD;
&#xD;
2019-09-10 21:09:06 - [TEST_STEP][PASSED] - chkInID = toString().toUpperCase(): null&#xD;
&#xD;
2019-09-10 21:09:06 - [TEST_STEP][PASSED] - println(chkInID): null&#xD;
&#xD;
2019-09-10 21:09:06 - [TEST_STEP][PASSED] - now = new java.util.Date(): null&#xD;
&#xD;
2019-09-10 21:09:06 - [TEST_STEP][PASSED] - chkInTime = now.format("dd-MM-YYYY HH:mm:ss +5:30"): null&#xD;
&#xD;
2019-09-10 21:09:06 - [TEST_STEP][PASSED] - println(chkInTime): null&#xD;
&#xD;
2019-09-10 21:09:06 - [TEST_STEP][PASSED] - resp3 = sendRequest(findTestObject("bInsertUserCheckIn", ["uniqueToken":uniquetoken, "userId":userid, "checkInTime":chkInTime, "checkInID":chkInID, "checkinLocality":checkinLocality])): Send request successfully&#xD;
&#xD;
2019-09-10 21:09:07 - [MESSAGE][INFO] - HAR: C:\Users\rajesh.veeranna\Katalon Studio\SmartIndonasia\Reports\20190910_210856\SMARTINDONASIA_API_SmokeTest\20190910_210856\requests\main\3.har&#xD;
&#xD;
2019-09-10 21:09:07 - [MESSAGE][PASSED] - Send request successfully&#xD;
&#xD;
2019-09-10 21:09:07 - [TEST_STEP][PASSED] - slurper3 = new groovy.json.JsonSlurper(): null&#xD;
&#xD;
2019-09-10 21:09:07 - [TEST_STEP][PASSED] - result3 = slurper3.parseText(resp3.getResponseText()): null&#xD;
&#xD;
2019-09-10 21:09:07 - [TEST_STEP][PASSED] - println("***************************************
"): null&#xD;
&#xD;
2019-09-10 21:09:07 - [TEST_STEP][PASSED] - println("THIS IS THE RESPONSE FROM USER_CHECKIN TEST CASE = " + result3): null&#xD;
&#xD;
2019-09-10 21:09:07 - [TEST_STEP][PASSED] - println("***************************************
"): null&#xD;
&#xD;
2019-09-10 21:09:07 - [TEST_STEP][PASSED] - toString().split(chkInID, 0): null&#xD;
&#xD;
2019-09-10 21:09:07 - [TEST_STEP][PASSED] - value3 = toString().substring(11, 47): null&#xD;
&#xD;
2019-09-10 21:09:07 - [TEST_STEP][PASSED] - println(value3): null&#xD;
&#xD;
2019-09-10 21:09:07 - [TEST_STEP][PASSED] - println("THE CHECKIN  iD IS   = " + value3): null&#xD;
&#xD;
2019-09-10 21:09:07 - [TEST_STEP][PASSED] - f = new java.io.File(D:\Checkin_ID.txt): null&#xD;
&#xD;
2019-09-10 21:09:07 - [TEST_STEP][PASSED] - f.write(value3): null</system-out>
            <system-err></system-err>
        </testcase>
        <testcase name="Test Cases/bUpdateUser_CheckIn" classname="Test Cases/bUpdateUser_CheckIn" status="PASSED">
            <system-out>2019-09-10 21:09:07 - [TEST_CASE][PASSED] - Test Cases/bUpdateUser_CheckIn: Test Cases/bUpdateUser_CheckIn&#xD;
&#xD;
2019-09-10 21:09:07 - [TEST_STEP][PASSED] - file3 = new java.io.File(D:\Checkin_ID.txt): null&#xD;
&#xD;
2019-09-10 21:09:07 - [TEST_STEP][PASSED] - checkinID = file3.readLines(): null&#xD;
&#xD;
2019-09-10 21:09:07 - [TEST_STEP][PASSED] - println("--------------&gt;" + checkinID): null&#xD;
&#xD;
2019-09-10 21:09:07 - [TEST_STEP][PASSED] - now1 = new java.util.Date(): null&#xD;
&#xD;
2019-09-10 21:09:07 - [TEST_STEP][PASSED] - chkOutTime = now1.format("dd-MM-YYYY HH:mm:ss +5:30"): null&#xD;
&#xD;
2019-09-10 21:09:07 - [TEST_STEP][PASSED] - println(chkOutTime): null&#xD;
&#xD;
2019-09-10 21:09:07 - [TEST_STEP][PASSED] - resp4 = sendRequest(findTestObject("bUpdateUserCheckIn", ["uniqueToken":uniquetoken, "userId":userid, "checkinID":checkinID, "checkedOutTime":chkOutTime])): Send request successfully&#xD;
&#xD;
2019-09-10 21:09:07 - [MESSAGE][INFO] - HAR: C:\Users\rajesh.veeranna\Katalon Studio\SmartIndonasia\Reports\20190910_210856\SMARTINDONASIA_API_SmokeTest\20190910_210856\requests\main\4.har&#xD;
&#xD;
2019-09-10 21:09:07 - [MESSAGE][PASSED] - Send request successfully</system-out>
            <system-err></system-err>
        </testcase>
        <testcase name="Test Cases/cInsertTripDetailsTest" classname="Test Cases/cInsertTripDetailsTest" status="PASSED">
            <system-out>2019-09-10 21:09:07 - [TEST_CASE][PASSED] - Test Cases/cInsertTripDetailsTest: Test Cases/cInsertTripDetailsTest&#xD;
&#xD;
2019-09-10 21:09:08 - [TEST_STEP][PASSED] - sendRequestAndVerify(findTestObject("avalidate_OTP", ["uniqueToken":uniquetoken, "userId":userid])): Send request and verify the response successfully&#xD;
&#xD;
2019-09-10 21:09:08 - [MESSAGE][INFO] - HAR: C:\Users\rajesh.veeranna\Katalon Studio\SmartIndonasia\Reports\20190910_210856\SMARTINDONASIA_API_SmokeTest\20190910_210856\requests\main\5.har&#xD;
&#xD;
2019-09-10 21:09:08 - [TEST_CASE][PASSED] - Start Test Case : Verification: Verification accomplished successfully&#xD;
&#xD;
2019-09-10 21:09:08 - [TEST_STEP][PASSED] - request = getInstance().getCurrentRequest(): null&#xD;
&#xD;
2019-09-10 21:09:09 - [TEST_STEP][PASSED] - response = getInstance().getCurrentResponse(): null&#xD;
&#xD;
2019-09-10 21:09:09 - [MESSAGE][PASSED] - Verify response successfully&#xD;
&#xD;
2019-09-10 21:09:09 - [MESSAGE][PASSED] - Send request and verify the response successfully&#xD;
&#xD;
2019-09-10 21:09:09 - [TEST_STEP][PASSED] - triPID = toString().toUpperCase(): null&#xD;
&#xD;
2019-09-10 21:09:09 - [TEST_STEP][PASSED] - println(triPID): null&#xD;
&#xD;
2019-09-10 21:09:09 - [TEST_STEP][PASSED] - now = new java.util.Date(): null&#xD;
&#xD;
2019-09-10 21:09:09 - [TEST_STEP][PASSED] - tiMe = now.format("dd-MM-YYYY HH:mm:ss +5:30"): null&#xD;
&#xD;
2019-09-10 21:09:09 - [TEST_STEP][PASSED] - println(tiMe): null&#xD;
&#xD;
2019-09-10 21:09:09 - [TEST_STEP][PASSED] - resp2 = sendRequest(findTestObject("cinsert_trip_detail", ["uniqueToken":uniquetoken, "userId":userid, "tripid":triPID, "startriptime":tiMe, "startripLocality":startripLocality])): Send request successfully&#xD;
&#xD;
2019-09-10 21:09:09 - [MESSAGE][INFO] - HAR: C:\Users\rajesh.veeranna\Katalon Studio\SmartIndonasia\Reports\20190910_210856\SMARTINDONASIA_API_SmokeTest\20190910_210856\requests\main\6.har&#xD;
&#xD;
2019-09-10 21:09:09 - [MESSAGE][PASSED] - Send request successfully&#xD;
&#xD;
2019-09-10 21:09:09 - [TEST_STEP][PASSED] - slurper2 = new groovy.json.JsonSlurper(): null&#xD;
&#xD;
2019-09-10 21:09:09 - [TEST_STEP][PASSED] - result2 = slurper2.parseText(resp2.getResponseText()): null&#xD;
&#xD;
2019-09-10 21:09:09 - [TEST_STEP][PASSED] - println("***************************************
"): null&#xD;
&#xD;
2019-09-10 21:09:09 - [TEST_STEP][PASSED] - println("THIS IS THE RESPONSE FROM INSERT TRIP DETAILS  TEST CASE = " + result2): null&#xD;
&#xD;
2019-09-10 21:09:09 - [TEST_STEP][PASSED] - println("***************************************
"): null&#xD;
&#xD;
2019-09-10 21:09:09 - [TEST_STEP][PASSED] - toString().split(triPID, 0): null&#xD;
&#xD;
2019-09-10 21:09:09 - [TEST_STEP][PASSED] - value2 = toString().substring(25, 61): null&#xD;
&#xD;
2019-09-10 21:09:09 - [TEST_STEP][PASSED] - println(value2): null&#xD;
&#xD;
2019-09-10 21:09:09 - [TEST_STEP][PASSED] - println("THE TRIP iD IS   = " + value2): null&#xD;
&#xD;
2019-09-10 21:09:09 - [TEST_STEP][PASSED] - f = new java.io.File(D:\InsertTripDetails_ID.txt): null&#xD;
&#xD;
2019-09-10 21:09:09 - [TEST_STEP][PASSED] - f.write(value2): null</system-out>
            <system-err></system-err>
        </testcase>
        <testcase name="Test Cases/cUpdateTripDetails" classname="Test Cases/cUpdateTripDetails" status="PASSED">
            <system-out>2019-09-10 21:09:09 - [TEST_CASE][PASSED] - Test Cases/cUpdateTripDetails: Test Cases/cUpdateTripDetails&#xD;
&#xD;
2019-09-10 21:09:09 - [TEST_STEP][PASSED] - file1 = new java.io.File(D:\InsertTripDetails_ID.txt): null&#xD;
&#xD;
2019-09-10 21:09:09 - [TEST_STEP][PASSED] - triPID = file1.readLines(): null&#xD;
&#xD;
2019-09-10 21:09:09 - [TEST_STEP][PASSED] - println("--------------&gt;" + triPID): null&#xD;
&#xD;
2019-09-10 21:09:09 - [TEST_STEP][PASSED] - sendRequest(findTestObject("avalidate_OTP", ["uniqueToken":uniquetoken, "userId":userid])): Send request successfully&#xD;
&#xD;
2019-09-10 21:09:09 - [MESSAGE][INFO] - HAR: C:\Users\rajesh.veeranna\Katalon Studio\SmartIndonasia\Reports\20190910_210856\SMARTINDONASIA_API_SmokeTest\20190910_210856\requests\main\7.har&#xD;
&#xD;
2019-09-10 21:09:09 - [MESSAGE][PASSED] - Send request successfully&#xD;
&#xD;
2019-09-10 21:09:09 - [TEST_STEP][PASSED] - sendRequest(findTestObject("cupdate_trip_detail", ["uptripiD":triPID, "userId":userid])): Send request successfully&#xD;
&#xD;
2019-09-10 21:09:10 - [MESSAGE][INFO] - HAR: C:\Users\rajesh.veeranna\Katalon Studio\SmartIndonasia\Reports\20190910_210856\SMARTINDONASIA_API_SmokeTest\20190910_210856\requests\main\8.har&#xD;
&#xD;
2019-09-10 21:09:10 - [MESSAGE][PASSED] - Send request successfully</system-out>
            <system-err></system-err>
        </testcase>
        <testcase name="Test Cases/d.VersionMaster" classname="Test Cases/d.VersionMaster" status="PASSED">
            <system-out>2019-09-10 21:09:10 - [TEST_CASE][PASSED] - Test Cases/d.VersionMaster: Test Cases/d.VersionMaster&#xD;
&#xD;
2019-09-10 21:09:10 - [TEST_STEP][PASSED] - sendRequestAndVerify(findTestObject("d.version-master", ["uniqueToken":uniquetoken])): Send request and verify the response successfully&#xD;
&#xD;
2019-09-10 21:09:10 - [MESSAGE][INFO] - HAR: C:\Users\rajesh.veeranna\Katalon Studio\SmartIndonasia\Reports\20190910_210856\SMARTINDONASIA_API_SmokeTest\20190910_210856\requests\main\9.har&#xD;
&#xD;
2019-09-10 21:09:10 - [TEST_CASE][PASSED] - Start Test Case : Verification: Verification accomplished successfully&#xD;
&#xD;
2019-09-10 21:09:10 - [TEST_STEP][PASSED] - request = getInstance().getCurrentRequest(): null&#xD;
&#xD;
2019-09-10 21:09:10 - [TEST_STEP][PASSED] - response = getInstance().getCurrentResponse(): null&#xD;
&#xD;
2019-09-10 21:09:10 - [TEST_STEP][PASSED] - verifyElementPropertyValue(response, "[3].versionTableId", "54b4256c-dc5d-410f-b79a-786233d0d5e6"): Verify element property value successfully&#xD;
&#xD;
2019-09-10 21:09:10 - [MESSAGE][PASSED] - Verify element property value successfully&#xD;
&#xD;
2019-09-10 21:09:10 - [TEST_STEP][PASSED] - verifyElementPropertyValue(response, "[3].tableName", "LeaveTypeMaster"): Verify element property value successfully&#xD;
&#xD;
2019-09-10 21:09:10 - [MESSAGE][PASSED] - Verify element property value successfully&#xD;
&#xD;
2019-09-10 21:09:10 - [TEST_STEP][PASSED] - verifyResponseStatusCode(response, 200): Verify response status code successfully&#xD;
&#xD;
2019-09-10 21:09:10 - [MESSAGE][PASSED] - Verify response status code successfully&#xD;
&#xD;
2019-09-10 21:09:10 - [TEST_STEP][PASSED] - getStatusCode()).isEqualTo(200): null&#xD;
&#xD;
2019-09-10 21:09:10 - [MESSAGE][PASSED] - Verify response successfully&#xD;
&#xD;
2019-09-10 21:09:10 - [MESSAGE][PASSED] - Send request and verify the response successfully</system-out>
            <system-err></system-err>
        </testcase>
        <testcase name="Test Cases/dLeave-Type" classname="Test Cases/dLeave-Type" status="PASSED">
            <system-out>2019-09-10 21:09:10 - [TEST_CASE][PASSED] - Test Cases/dLeave-Type: Test Cases/dLeave-Type&#xD;
&#xD;
2019-09-10 21:09:11 - [TEST_STEP][PASSED] - sendRequestAndVerify(findTestObject("dLeave-Type", ["versiontableId":versiontableId, "userId":userid, "uniqueToken":uniquetoken])): Send request and verify the response successfully&#xD;
&#xD;
2019-09-10 21:09:11 - [MESSAGE][INFO] - HAR: C:\Users\rajesh.veeranna\Katalon Studio\SmartIndonasia\Reports\20190910_210856\SMARTINDONASIA_API_SmokeTest\20190910_210856\requests\main\10.har&#xD;
&#xD;
2019-09-10 21:09:11 - [TEST_CASE][PASSED] - Start Test Case : Verification: Verification accomplished successfully&#xD;
&#xD;
2019-09-10 21:09:11 - [TEST_STEP][PASSED] - request = getInstance().getCurrentRequest(): null&#xD;
&#xD;
2019-09-10 21:09:11 - [TEST_STEP][PASSED] - response = getInstance().getCurrentResponse(): null&#xD;
&#xD;
2019-09-10 21:09:11 - [TEST_STEP][PASSED] - verifyElementPropertyValue(response, "leaveInfo[0].leaveTypeId", 1): Verify element property value successfully&#xD;
&#xD;
2019-09-10 21:09:11 - [MESSAGE][PASSED] - Verify element property value successfully&#xD;
&#xD;
2019-09-10 21:09:11 - [TEST_STEP][PASSED] - verifyElementPropertyValue(response, "leaveInfo[0].leaveType", "Annual Leave"): Verify element property value successfully&#xD;
&#xD;
2019-09-10 21:09:11 - [MESSAGE][PASSED] - Verify element property value successfully&#xD;
&#xD;
2019-09-10 21:09:11 - [TEST_STEP][PASSED] - verifyElementPropertyValue(response, "leaveInfo[1].leaveTypeId", 2): Verify element property value successfully&#xD;
&#xD;
2019-09-10 21:09:11 - [MESSAGE][PASSED] - Verify element property value successfully&#xD;
&#xD;
2019-09-10 21:09:11 - [TEST_STEP][PASSED] - verifyElementPropertyValue(response, "leaveInfo[1].leaveType", "Public Holiday"): Verify element property value successfully&#xD;
&#xD;
2019-09-10 21:09:11 - [MESSAGE][PASSED] - Verify element property value successfully&#xD;
&#xD;
2019-09-10 21:09:11 - [TEST_STEP][PASSED] - verifyElementPropertyValue(response, "leaveInfo[2].leaveTypeId", 3): Verify element property value successfully&#xD;
&#xD;
2019-09-10 21:09:11 - [MESSAGE][PASSED] - Verify element property value successfully&#xD;
&#xD;
2019-09-10 21:09:11 - [TEST_STEP][PASSED] - verifyElementPropertyValue(response, "leaveInfo[2].leaveType", "Sick Leave"): Verify element property value successfully&#xD;
&#xD;
2019-09-10 21:09:11 - [MESSAGE][PASSED] - Verify element property value successfully&#xD;
&#xD;
2019-09-10 21:09:11 - [TEST_STEP][PASSED] - verifyResponseStatusCode(response, 200): Verify response status code successfully&#xD;
&#xD;
2019-09-10 21:09:11 - [MESSAGE][PASSED] - Verify response status code successfully&#xD;
&#xD;
2019-09-10 21:09:11 - [TEST_STEP][PASSED] - getStatusCode()).isEqualTo(200): null&#xD;
&#xD;
2019-09-10 21:09:11 - [MESSAGE][PASSED] - Verify response successfully&#xD;
&#xD;
2019-09-10 21:09:11 - [MESSAGE][PASSED] - Send request and verify the response successfully</system-out>
            <system-err></system-err>
        </testcase>
        <system-out>2019-09-10 21:08:59 - [TEST_SUITE][INCOMPLETE] - SMARTINDONASIA_API_SmokeTest: null</system-out>
        <system-err>2019-09-10 21:08:59 - [TEST_SUITE][INCOMPLETE] - SMARTINDONASIA_API_SmokeTest: null</system-err>
    </testsuite>
</testsuites>
